  {
    "_index": "wazuh-alerts-4.x-2025.10.08",
    "_id": "noise-0039-7932",
    "_source": {
      "agent": {
        "name": "SCDC01",
        "id": "005",
        "ip": "172.16.200.50"
      },
      "rule": {
        "level": 3,
        "description": "A process was created.",
        "id": "67027"
      },
      "data": {
        "win": {
          "system": {
            "eventID": "4688",
            "systemTime": "2025-10-08T18:12:02Z",
            "providerName": "Microsoft-Windows-Security-Auditing"
          },
          "eventdata": {
            "subjectUserName": "Administrator",
            "newProcessName": "C:\\Windows\\System32\\calc.exe",
            "parentProcessName": "C:\\Windows\\explorer.exe",
            "targetLogonId": "0x0",
            "subjectDomainName": "INSIGHTNEXUS",
            "subjectLogonId": "0xf7e07"
          }
        }
      },
      "timestamp": "2025-10-08T18:12:02Z",
      "location": "EventChannel"
    }
  },
  {
    "_index": "wazuh-alerts-4.x-2025.10.08",
    "_id": "a7645c5f-8615-4498-a5c1-56c333a375ed",
    "_source": {
      "agent": {
        "name": "SCDC01",
        "id": "005",
        "ip": "172.16.200.50"
      },
      "rule": {
        "level": 3,
        "description": "A logon was successful.",
        "id": "67027"
      },
      "data": {
        "win": {
          "system": {
            "eventID": "4689",
            "systemTime": "2025-10-08T17:31:28.024488Z",
            "providerName": "Microsoft-Windows-Security-Auditing"
          },
          "eventdata": {
            "subjectUserName": "Administrator",
            "newProcessName": "C:\\Program Files\\Mozilla Firefox\\firefox.exe",
            "parentProcessName": "C:\\Windows\\System32\\svchost.exe",
            "targetLogonId": "0x0",
            "subjectDomainName": "INSIGHTNEXUS",
            "subjectLogonId": "0xacea0"
          }
        }
      },
      "timestamp": "2025-10-08T18:12:48.024492Z",
      "location": "EventChannel"
    }
  },
  {
    "_index": "wazuh-alerts-4.x-2025.10.08",
    "_id": "noise-0026-3621",
    "_source": {
      "agent": {
        "name": "SCDC01",
        "id": "005",
        "ip": "172.16.200.50"
      },
      "rule": {
        "level": 3,
        "description": "A logon was successful.",
        "id": "67027"
      },
      "data": {
        "win": {
          "system": {
            "eventID": "4624",
            "systemTime": "2025-10-08T18:25:40Z",
            "providerName": "Microsoft-Windows-Security-Auditing"
          },
          "eventdata": {
            "subjectUserName": "Administrator",
            "newProcessName": "C:\\Windows\\System32\\cmd.exe",
            "parentProcessName": "C:\\Windows\\explorer.exe",
            "targetLogonId": "0x0",
            "subjectDomainName": "INSIGHTNEXUS",
            "subjectLogonId": "0xcbc5b"
          }
        }
      },
      "timestamp": "2025-10-08T18:25:40Z",
      "location": "EventChannel"
    }
  },
  {
    "_index": "wazuh-alerts-4.x-2025.10.08",
    "_id": "noise-0046-8953",
    "_source": {
      "agent": {
        "name": "SCDC01",
        "id": "005",
        "ip": "172.16.200.50"
      },
      "rule": {
        "level": 3,
        "description": "A process was created.",
        "id": "67027"
      },
      "data": {
        "win": {
          "system": {
            "eventID": "4688",
            "systemTime": "2025-10-08T18:31:20Z",
            "providerName": "Microsoft-Windows-Security-Auditing"
          },
          "eventdata": {
            "subjectUserName": "Administrator",
            "newProcessName": "C:\\Windows\\System32\\notepad.exe",
            "parentProcessName": "C:\\Windows\\explorer.exe",
            "targetLogonId": "0x0",
            "subjectDomainName": "INSIGHTNEXUS",
            "subjectLogonId": "0x37d83"
          }
        }
      },
      "timestamp": "2025-10-08T18:31:20Z",
      "location": "EventChannel"
    }
  },
  {
    "_index": "wazuh-alerts-4.x-2025.10.08",
    "_id": "noise-0027-7304",
    "_source": {
      "agent": {
        "name": "SCDC01",
        "id": "005",
        "ip": "172.16.200.50"
      },
      "rule": {
        "level": 3,
        "description": "A process has exited.",
        "id": "67027"
      },
      "data": {
        "win": {
          "system": {
            "eventID": "4689",
            "systemTime": "2025-10-08T17:08:40Z",
            "providerName": "Microsoft-Windows-Security-Auditing"
          },
          "eventdata": {
            "subjectUserName": "Administrator",
            "newProcessName": "C:\\Windows\\System32\\taskmgr.exe",
            "parentProcessName": "C:\\Windows\\explorer.exe",
            "targetLogonId": "0x0",
            "subjectDomainName": "INSIGHTNEXUS",
            "subjectLogonId": "0x62b1c"
          }
        }
      },
      "timestamp": "2025-10-08T17:08:40Z",
      "location": "EventChannel"
    }
  },
  {
    "_index": "wazuh-alerts-4.x-2025.10.08",
    "_id": "noise-0014-8428",
    "_source": {
      "agent": {
        "name": "SCDC01",
        "id": "005",
        "ip": "172.16.200.50"
      },
      "rule": {
        "level": 3,
        "description": "A process was created.",
        "id": "67027"
      },
      "data": {
        "win": {
          "system": {
            "eventID": "4688",
            "systemTime": "2025-10-08T17:37:57Z",
            "providerName": "Microsoft-Windows-Security-Auditing"
          },
          "eventdata": {
            "subjectUserName": "Administrator",
            "newProcessName": "C:\\Windows\\System32\\cmd.exe",
            "parentProcessName": "C:\\Windows\\explorer.exe",
            "targetLogonId": "0x0",
            "subjectDomainName": "INSIGHTNEXUS",
            "subjectLogonId": "0xa3bc3"
          }
        }
      },
      "timestamp": "2025-10-08T17:37:57Z",
      "location": "EventChannel"
    }
  },
  {
    "_index": "wazuh-alerts-4.x-2025.10.08",
    "_id": "noise-0031-5315",
    "_source": {
      "agent": {
        "name": "SCDC01",
        "id": "005",
        "ip": "172.16.200.50"
      },
      "rule": {
        "level": 3,
        "description": "A logon was successful.",
        "id": "67027"
      },
      "data": {
        "win": {
          "system": {
            "eventID": "4624",
            "systemTime": "2025-10-08T18:38:35Z",
            "providerName": "Microsoft-Windows-Security-Auditing"
          },
          "eventdata": {
            "subjectUserName": "Administrator",
            "newProcessName": "C:\\Program Files\\Microsoft Office\\root\\Office16\\WINWORD.EXE",
            "parentProcessName": "C:\\Windows\\explorer.exe",
            "targetLogonId": "0x0",
            "subjectDomainName": "INSIGHTNEXUS",
            "subjectLogonId": "0xf9cda"
          }
        }
      },
      "timestamp": "2025-10-08T18:38:35Z",
      "location": "EventChannel"
    }
  },
  {
    "_index": "wazuh-alerts-4.x-2025.10.08",
    "_id": "9470b3ee-c870-45fd-b057-26a610ee2276",
    "_source": {
      "agent": {
        "name": "SCDC01",
        "id": "005",
        "ip": "172.16.200.50"
      },
      "rule": {
        "level": 3,
        "description": "A logon was successful.",
        "id": "67027"
      },
      "data": {
        "win": {
          "system": {
            "eventID": "4624",
            "systemTime": "2025-10-08T17:37:38.023959Z",
            "providerName": "Microsoft-Windows-Security-Auditing"
          },
          "eventdata": {
            "subjectUserName": "Administrator",
            "newProcessName": "C:\\Windows\\System32\\notepad.exe",
            "parentProcessName": "C:\\Windows\\explorer.exe",
            "targetLogonId": "0x0",
            "subjectDomainName": "INSIGHTNEXUS",
            "subjectLogonId": "0xd2247"
          }
        }
      },
      "timestamp": "2025-10-08T18:02:47.023972Z",
      "location": "EventChannel"
    }
  },
  {
    "_index": "wazuh-alerts-4.x-2025.10.08",
    "_id": "318211be-7f9f-41bc-b920-81c50ef7c862",
    "_source": {
      "agent": {
        "name": "SCDC01",
        "id": "005",
        "ip": "172.16.200.50"
      },
      "rule": {
        "level": 3,
        "description": "A logon was successful.",
        "id": "67027"
      },
      "data": {
        "win": {
          "system": {
            "eventID": "4689",
            "systemTime": "2025-10-08T18:02:59.024103Z",
            "providerName": "Microsoft-Windows-Security-Auditing"
          },
          "eventdata": {
            "subjectUserName": "Administrator",
            "newProcessName": "C:\\Windows\\System32\\notepad.exe",
            "parentProcessName": "C:\\Windows\\explorer.exe",
            "targetLogonId": "0x0",
            "subjectDomainName": "INSIGHTNEXUS",
            "subjectLogonId": "0x9419a"
          }
        }
      },
      "timestamp": "2025-10-08T17:52:10.024118Z",
      "location": "EventChannel"
    }
  },
  {
    "_index": "wazuh-alerts-4.x-2025.10.08",
    "_id": "noise-0045-6413",
    "_source": {
      "agent": {
        "name": "SCDC01",
        "id": "005",
        "ip": "172.16.200.50"
      },
      "rule": {
        "level": 3,
        "description": "A logon was successful.",
        "id": "67027"
      },
      "data": {
        "win": {
          "system": {
            "eventID": "4624",
            "systemTime": "2025-10-08T18:57:22Z",
            "providerName": "Microsoft-Windows-Security-Auditing"
          },
          "eventdata": {
            "subjectUserName": "Administrator",
            "newProcessName": "C:\\Windows\\System32\\cmd.exe",
            "parentProcessName": "C:\\Windows\\explorer.exe",
            "targetLogonId": "0x0",
            "subjectDomainName": "INSIGHTNEXUS",
            "subjectLogonId": "0x1323b"
          }
        }
      },
      "timestamp": "2025-10-08T18:57:22Z",
      "location": "EventChannel"
    }
  },
  {
    "_index": "wazuh-alerts-4.x-2025.10.08",
    "_id": "noise-0002-1520",
    "_source": {
      "agent": {
        "name": "SCDC01",
        "id": "005",
        "ip": "172.16.200.50"
      },
      "rule": {
        "level": 3,
        "description": "A process has exited.",
        "id": "67027"
      },
      "data": {
        "win": {
          "system": {
            "eventID": "4689",
            "systemTime": "2025-10-08T17:57:36Z",
            "providerName": "Microsoft-Windows-Security-Auditing"
          },
          "eventdata": {
            "subjectUserName": "Administrator",
            "newProcessName": "C:\\Windows\\System32\\cmd.exe",
            "parentProcessName": "C:\\Windows\\explorer.exe",
            "targetLogonId": "0x0",
            "subjectDomainName": "INSIGHTNEXUS",
            "subjectLogonId": "0x8a0c"
          }
        }
      },
      "timestamp": "2025-10-08T17:57:36Z",
      "location": "EventChannel"
    }
  },
  {
    "_index": "wazuh-alerts-4.x-2025.10.08",
    "_id": "noise-0005-5557",
    "_source": {
      "agent": {
        "name": "SCDC01",
        "id": "005",
        "ip": "172.16.200.50"
      },
      "rule": {
        "level": 3,
        "description": "A process was created.",
        "id": "67027"
      },
      "data": {
        "win": {
          "system": {
            "eventID": "4688",
            "systemTime": "2025-10-08T18:20:27Z",
            "providerName": "Microsoft-Windows-Security-Auditing"
          },
          "eventdata": {
            "subjectUserName": "Administrator",
            "newProcessName": "C:\\Windows\\System32\\notepad.exe",
            "parentProcessName": "C:\\Windows\\explorer.exe",
            "targetLogonId": "0x0",
            "subjectDomainName": "INSIGHTNEXUS",
            "subjectLogonId": "0xd036d"
          }
        }
      },
      "timestamp": "2025-10-08T18:20:27Z",
      "location": "EventChannel"
    }
  },
  {
    "_index": "wazuh-alerts-4.x-2025.10.08",
    "_id": "noise-0058-8454",
    "_source": {
      "agent": {
        "name": "SCDC01",
        "id": "005",
        "ip": "172.16.200.50"
      },
      "rule": {
        "level": 3,
        "description": "A process was created.",
        "id": "67027"
      },
      "data": {
        "win": {
          "system": {
            "eventID": "4688",
            "systemTime": "2025-10-08T18:47:03Z",
            "providerName": "Microsoft-Windows-Security-Auditing"
          },
          "eventdata": {
            "subjectUserName": "Administrator",
            "newProcessName": "C:\\Windows\\System32\\taskmgr.exe",
            "parentProcessName": "C:\\Windows\\explorer.exe",
            "targetLogonId": "0x0",
            "subjectDomainName": "INSIGHTNEXUS",
            "subjectLogonId": "0x4a061"
          }
        }
      },
      "timestamp": "2025-10-08T18:47:03Z",
      "location": "EventChannel"
    }
  },
  {
    "_index": "wazuh-alerts-4.x-2025.10.08",
    "_id": "noise-0011-6925",
    "_source": {
      "agent": {
        "name": "SCDC01",
        "id": "005",
        "ip": "172.16.200.50"
      },
      "rule": {
        "level": 3,
        "description": "A process has exited.",
        "id": "67027"
      },
      "data": {
        "win": {
          "system": {
            "eventID": "4689",
            "systemTime": "2025-10-08T18:24:26Z",
            "providerName": "Microsoft-Windows-Security-Auditing"
          },
          "eventdata": {
            "subjectUserName": "Administrator",
            "newProcessName": "C:\\Windows\\System32\\mspaint.exe",
            "parentProcessName": "C:\\Windows\\explorer.exe",
            "targetLogonId": "0x0",
            "subjectDomainName": "INSIGHTNEXUS",
            "subjectLogonId": "0x94cd5"
          }
        }
      },
      "timestamp": "2025-10-08T18:24:26Z",
      "location": "EventChannel"
    }
  },
  {
    "_index": "wazuh-alerts-4.x-2025.10.08",
    "_id": "noise-0022-3287",
    "_source": {
      "agent": {
        "name": "SCDC01",
        "id": "005",
        "ip": "172.16.200.50"
      },
      "rule": {
        "level": 3,
        "description": "A logon was successful.",
        "id": "67027"
      },
      "data": {
        "win": {
          "system": {
            "eventID": "4624",
            "systemTime": "2025-10-08T17:36:09Z",
            "providerName": "Microsoft-Windows-Security-Auditing"
          },
          "eventdata": {
            "subjectUserName": "Administrator",
            "newProcessName": "C:\\Program Files\\Microsoft Office\\root\\Office16\\WINWORD.EXE",
            "parentProcessName": "C:\\Windows\\explorer.exe",
            "targetLogonId": "0x0",
            "subjectDomainName": "INSIGHTNEXUS",
            "subjectLogonId": "0x4022f"
          }
        }
      },
      "timestamp": "2025-10-08T17:36:09Z",
      "location": "EventChannel"
    }
  },
  {
    "_index": "wazuh-alerts-4.x-2025.10.08",
    "_id": "noise-0042-4681",
    "_source": {
      "agent": {
        "name": "SCDC01",
        "id": "005",
        "ip": "172.16.200.50"
      },
      "rule": {
        "level": 3,
        "description": "A logon was successful.",
        "id": "67027"
      },
      "data": {
        "win": {
          "system": {
            "eventID": "4624",
            "systemTime": "2025-10-08T17:33:50Z",
            "providerName": "Microsoft-Windows-Security-Auditing"
          },
          "eventdata": {
            "subjectUserName": "Administrator",
            "newProcessName": "C:\\Program Files\\Microsoft Office\\root\\Office16\\WINWORD.EXE",
            "parentProcessName": "C:\\Windows\\explorer.exe",
            "targetLogonId": "0x0",
            "subjectDomainName": "INSIGHTNEXUS",
            "subjectLogonId": "0x11640"
          }
        }
      },
      "timestamp": "2025-10-08T17:33:50Z",
      "location": "EventChannel"
    }
  },
  {
    "_index": "wazuh-alerts-4.x-2025.10.08",
    "_id": "b648365f-86cd-4743-9705-48aefe7c6e72",
    "_source": {
      "agent": {
        "name": "SCDC01",
        "id": "005",
        "ip": "172.16.200.50"
      },
      "rule": {
        "level": 3,
        "description": "A process was created.",
        "id": "67027"
      },
      "data": {
        "win": {
          "system": {
            "eventID": "4688",
            "systemTime": "2025-10-08T17:48:21.023511Z",
            "providerName": "Microsoft-Windows-Security-Auditing"
          },
          "eventdata": {
            "subjectUserName": "Administrator",
            "newProcessName": "C:\\Windows\\System32\\calc.exe",
            "parentProcessName": "C:\\Windows\\explorer.exe",
            "targetLogonId": "0x0",
            "subjectDomainName": "INSIGHTNEXUS",
            "subjectLogonId": "0x9bea1"
          }
        }
      },
      "timestamp": "2025-10-08T18:00:36.023516Z",
      "location": "EventChannel"
    }
  },
  {
    "_index": "wazuh-alerts-4.x-2025.10.08",
    "_id": "noise-0000-5506",
    "_source": {
      "agent": {
        "name": "SCDC01",
        "id": "005",
        "ip": "172.16.200.50"
      },
      "rule": {
        "level": 3,
        "description": "A logon was successful.",
        "id": "67027"
      },
      "data": {
        "win": {
          "system": {
            "eventID": "4624",
            "systemTime": "2025-10-08T18:41:14Z",
            "providerName": "Microsoft-Windows-Security-Auditing"
          },
          "eventdata": {
            "subjectUserName": "Administrator",
            "newProcessName": "C:\\Windows\\System32\\cmd.exe",
            "parentProcessName": "C:\\Windows\\explorer.exe",
            "targetLogonId": "0x0",
            "subjectDomainName": "INSIGHTNEXUS",
            "subjectLogonId": "0x3fb13"
          }
        }
      },
      "timestamp": "2025-10-08T18:41:14Z",
      "location": "EventChannel"
    }
  },
  {
    "_index": "wazuh-alerts-4.x-2025.10.08",
    "_id": "061db33f-cf12-4ecb-bf5c-1b932a404e32",
    "_source": {
      "agent": {
        "name": "SCDC01",
        "id": "005",
        "ip": "172.16.200.50"
      },
      "rule": {
        "level": 3,
        "description": "A logon was successful.",
        "id": "67027"
      },
      "data": {
        "win": {
          "system": {
            "eventID": "4689",
            "systemTime": "2025-10-08T18:04:34.024041Z",
            "providerName": "Microsoft-Windows-Security-Auditing"
          },
          "eventdata": {
            "subjectUserName": "Administrator",
            "newProcessName": "C:\\Windows\\System32\\notepad.exe",
            "parentProcessName": "C:\\Windows\\explorer.exe",
            "targetLogonId": "0x0",
            "subjectDomainName": "INSIGHTNEXUS",
            "subjectLogonId": "0x49512"
          }
        }
      },
      "timestamp": "2025-10-08T17:53:35.024049Z",
      "location": "EventChannel"
    }
  },
  {
    "_index": "wazuh-alerts-4.x-2025.10.08",
    "_id": "noise-0020-2084",
    "_source": {
      "agent": {
        "name": "SCDC01",
        "id": "005",
        "ip": "172.16.200.50"
      },
      "rule": {
        "level": 3,
        "description": "A process was created.",
        "id": "67027"
      },
      "data": {
        "win": {
          "system": {
            "eventID": "4688",
            "systemTime": "2025-10-08T17:36:33Z",
            "providerName": "Microsoft-Windows-Security-Auditing"
          },
          "eventdata": {
            "subjectUserName": "Administrator",
            "newProcessName": "C:\\Program Files\\7-Zip\\7zFM.exe",
            "parentProcessName": "C:\\Windows\\explorer.exe",
            "targetLogonId": "0x0",
            "subjectDomainName": "INSIGHTNEXUS",
            "subjectLogonId": "0x3702f"
          }
        }
      },
      "timestamp": "2025-10-08T17:36:33Z",
      "location": "EventChannel"
    }
  },
  {
    "_index": "wazuh-alerts-4.x-2025.10.08",
    "_id": "5624f5cf-9a75-4610-9acc-b00203855297",
    "_source": {
      "agent": {
        "name": "SCDC01",
        "id": "005",
        "ip": "172.16.200.50"
      },
      "rule": {
        "level": 3,
        "description": "A process was created.",
        "id": "67027"
      },
      "data": {
        "win": {
          "system": {
            "eventID": "4688",
            "systemTime": "2025-10-08T17:43:27.024572Z",
            "providerName": "Microsoft-Windows-Security-Auditing"
          },
          "eventdata": {
            "subjectUserName": "Administrator",
            "newProcessName": "C:\\Windows\\System32\\calc.exe",
            "parentProcessName": "C:\\Windows\\explorer.exe",
            "targetLogonId": "0x0",
            "subjectDomainName": "INSIGHTNEXUS",
            "subjectLogonId": "0xcc2d4"
          }
        }
      },
      "timestamp": "2025-10-08T17:42:48.024581Z",
      "location": "EventChannel"
    }
  },
  {
    "_index": "wazuh-alerts-4.x-2025.10.08",
    "_id": "noise-0040-4295",
    "_source": {
      "agent": {
        "name": "SCDC01",
        "id": "005",
        "ip": "172.16.200.50"
      },
      "rule": {
        "level": 3,
        "description": "A process has exited.",
        "id": "67027"
      },
      "data": {
        "win": {
          "system": {
            "eventID": "4689",
            "systemTime": "2025-10-08T18:43:07Z",
            "providerName": "Microsoft-Windows-Security-Auditing"
          },
          "eventdata": {
            "subjectUserName": "Administrator",
            "newProcessName": "C:\\Windows\\System32\\notepad.exe",
            "parentProcessName": "C:\\Windows\\explorer.exe",
            "targetLogonId": "0x0",
            "subjectDomainName": "INSIGHTNEXUS",
            "subjectLogonId": "0xb783d"
          }
        }
      },
      "timestamp": "2025-10-08T18:43:07Z",
      "location": "EventChannel"
    }
  },
  {
    "_index": "wazuh-alerts-4.x-2025.10.08",
    "_id": "66125021-4b7e-42f6-aa15-e4a501a9f3c6",
    "_source": {
      "agent": {
        "name": "SCDC01",
        "id": "005",
        "ip": "172.16.200.50"
      },
      "rule": {
        "level": 3,
        "description": "A process was created.",
        "id": "67027"
      },
      "data": {
        "win": {
          "system": {
            "eventID": "4688",
            "systemTime": "2025-10-08T18:03:03.023819Z",
            "providerName": "Microsoft-Windows-Security-Auditing"
          },
          "eventdata": {
            "subjectUserName": "Administrator",
            "newProcessName": "C:\\Program Files\\Mozilla Firefox\\firefox.exe",
            "parentProcessName": "C:\\Windows\\System32\\svchost.exe",
            "targetLogonId": "0x0",
            "subjectDomainName": "INSIGHTNEXUS",
            "subjectLogonId": "0xf38bb"
          }
        }
      },
      "timestamp": "2025-10-08T17:30:00.023825Z",
      "location": "EventChannel"
    }
  },
  {
    "_index": "wazuh-alerts-4.x-2025.10.08",
    "_id": "c00e009d-d55b-4347-ac9d-12373aa88f1f",
    "_source": {
      "agent": {
        "name": "SCDC01",
        "id": "005",
        "ip": "172.16.200.50"
      },
      "rule": {
        "level": 3,
        "description": "A logon was successful.",
        "id": "67027"
      },
      "data": {
        "win": {
          "system": {
            "eventID": "4624",
            "systemTime": "2025-10-08T17:53:03.024436Z",
            "providerName": "Microsoft-Windows-Security-Auditing"
          },
          "eventdata": {
            "subjectUserName": "Administrator",
            "newProcessName": "C:\\Windows\\System32\\cmd.exe",
            "parentProcessName": "C:\\Windows\\explorer.exe",
            "targetLogonId": "0x0",
            "subjectDomainName": "INSIGHTNEXUS",
            "subjectLogonId": "0x42ed5"
          }
        }
      },
      "timestamp": "2025-10-08T17:47:04.024443Z",
      "location": "EventChannel"
    }
  },
  {
    "_index": "wazuh-alerts-4.x-2025.10.08",
    "_id": "c8bace6f-8a8a-4dbf-80b8-990d04a2cd01",
    "_source": {
      "agent": {
        "name": "SCDC01",
        "id": "005",
        "ip": "172.16.200.50"
      },
      "rule": {
        "level": 3,
        "description": "A process was created.",
        "id": "67027"
      },
      "data": {
        "win": {
          "system": {
            "eventID": "4688",
            "systemTime": "2025-10-08T18:09:07.023871Z",
            "providerName": "Microsoft-Windows-Security-Auditing"
          },
          "eventdata": {
            "subjectUserName": "Administrator",
            "newProcessName": "C:\\Program Files\\Mozilla Firefox\\firefox.exe",
            "parentProcessName": "C:\\Windows\\System32\\svchost.exe",
            "targetLogonId": "0x0",
            "subjectDomainName": "INSIGHTNEXUS",
            "subjectLogonId": "0x6b1cd"
          }
        }
      },
      "timestamp": "2025-10-08T17:58:45.023876Z",
      "location": "EventChannel"
    }
  },
  {
    "_index": "wazuh-alerts-4.x-2025.10.08",
    "_id": "noise-0034-9005",
    "_source": {
      "agent": {
        "name": "SCDC01",
        "id": "005",
        "ip": "172.16.200.50"
      },
      "rule": {
        "level": 3,
        "description": "A process has exited.",
        "id": "67027"
      },
      "data": {
        "win": {
          "system": {
            "eventID": "4689",
            "systemTime": "2025-10-08T17:44:15Z",
            "providerName": "Microsoft-Windows-Security-Auditing"
          },
          "eventdata": {
            "subjectUserName": "Administrator",
            "newProcessName": "C:\\Program Files\\Mozilla Firefox\\firefox.exe",
            "parentProcessName": "C:\\Windows\\System32\\svchost.exe",
            "targetLogonId": "0x0",
            "subjectDomainName": "INSIGHTNEXUS",
            "subjectLogonId": "0x5fc6"
          }
        }
      },
      "timestamp": "2025-10-08T17:44:15Z",
      "location": "EventChannel"
    }
  },
  {
    "_index": "wazuh-alerts-4.x-2025.10.08",
    "_id": "noise-0051-2790",
    "_source": {
      "agent": {
        "name": "SCDC01",
        "id": "005",
        "ip": "172.16.200.50"
      },
      "rule": {
        "level": 3,
        "description": "A process has exited.",
        "id": "67027"
      },
      "data": {
        "win": {
          "system": {
            "eventID": "4689",
            "systemTime": "2025-10-08T17:46:19Z",
            "providerName": "Microsoft-Windows-Security-Auditing"
          },
          "eventdata": {
            "subjectUserName": "Administrator",
            "newProcessName": "C:\\Windows\\System32\\taskmgr.exe",
            "parentProcessName": "C:\\Windows\\explorer.exe",
            "targetLogonId": "0x0",
            "subjectDomainName": "INSIGHTNEXUS",
            "subjectLogonId": "0x40a7f"
          }
        }
      },
      "timestamp": "2025-10-08T17:46:19Z",
      "location": "EventChannel"
    }
  },
  {
    "_index": "wazuh-alerts-4.x-2025.10.08",
    "_id": "66324dd2-6652-4bd8-b07e-548977f19600",
    "_source": {
      "agent": {
        "name": "SCDC01",
        "id": "005",
        "ip": "172.16.200.50"
      },
      "rule": {
        "level": 3,
        "description": "A logon was successful.",
        "id": "67027"
      },
      "data": {
        "win": {
          "system": {
            "eventID": "4624",
            "systemTime": "2025-10-08T17:53:48.024295Z",
            "providerName": "Microsoft-Windows-Security-Auditing"
          },
          "eventdata": {
            "subjectUserName": "Administrator",
            "newProcessName": "C:\\Program Files\\Mozilla Firefox\\firefox.exe",
            "parentProcessName": "C:\\Windows\\System32\\svchost.exe",
            "targetLogonId": "0x0",
            "subjectDomainName": "INSIGHTNEXUS",
            "subjectLogonId": "0x47a4b"
          }
        }
      },
      "timestamp": "2025-10-08T17:53:59.024303Z",
      "location": "EventChannel"
    }
  },
  {
    "_index": "wazuh-alerts-4.x-2025.10.08",
    "_id": "noise-0036-2290",
    "_source": {
      "agent": {
        "name": "SCDC01",
        "id": "005",
        "ip": "172.16.200.50"
      },
      "rule": {
        "level": 3,
        "description": "A logon was successful.",
        "id": "67027"
      },
      "data": {
        "win": {
          "system": {
            "eventID": "4624",
            "systemTime": "2025-10-08T18:59:52Z",
            "providerName": "Microsoft-Windows-Security-Auditing"
          },
          "eventdata": {
            "subjectUserName": "Administrator",
            "newProcessName": "C:\\Program Files\\Mozilla Firefox\\firefox.exe",
            "parentProcessName": "C:\\Windows\\System32\\svchost.exe",
            "targetLogonId": "0x0",
            "subjectDomainName": "INSIGHTNEXUS",
            "subjectLogonId": "0x16ed6"
          }
        }
      },
      "timestamp": "2025-10-08T18:59:52Z",
      "location": "EventChannel"
    }
  },
  {
    "_index": "wazuh-alerts-4.x-2025.10.08",
    "_id": "noise-0033-3646",
    "_source": {
      "agent": {
        "name": "SCDC01",
        "id": "005",
        "ip": "172.16.200.50"
      },
      "rule": {
        "level": 3,
        "description": "A logon was successful.",
        "id": "67027"
      },
      "data": {
        "win": {
          "system": {
            "eventID": "4624",
            "systemTime": "2025-10-08T17:51:03Z",
            "providerName": "Microsoft-Windows-Security-Auditing"
          },
          "eventdata": {
            "subjectUserName": "Administrator",
            "newProcessName": "C:\\Windows\\System32\\notepad.exe",
            "parentProcessName": "C:\\Windows\\explorer.exe",
            "targetLogonId": "0x0",
            "subjectDomainName": "INSIGHTNEXUS",
            "subjectLogonId": "0x8b14b"
          }
        }
      },
      "timestamp": "2025-10-08T17:51:03Z",
      "location": "EventChannel"
    }
  },
  {
    "_index": "wazuh-alerts-4.x-2025.10.08",
    "_id": "noise-0030-8123",
    "_source": {
      "agent": {
        "name": "SCDC01",
        "id": "005",
        "ip": "172.16.200.50"
      },
      "rule": {
        "level": 3,
        "description": "A logon was successful.",
        "id": "67027"
      },
      "data": {
        "win": {
          "system": {
            "eventID": "4624",
            "systemTime": "2025-10-08T17:40:04Z",
            "providerName": "Microsoft-Windows-Security-Auditing"
          },
          "eventdata": {
            "subjectUserName": "Administrator",
            "newProcessName": "C:\\Program Files\\7-Zip\\7zFM.exe",
            "parentProcessName": "C:\\Windows\\explorer.exe",
            "targetLogonId": "0x0",
            "subjectDomainName": "INSIGHTNEXUS",
            "subjectLogonId": "0x297d0"
          }
        }
      },
      "timestamp": "2025-10-08T17:40:04Z",
      "location": "EventChannel"
    }
  },
  {
    "_index": "wazuh-alerts-4.x-2025.10.08",
    "_id": "noise-0055-4872",
    "_source": {
      "agent": {
        "name": "SCDC01",
        "id": "005",
        "ip": "172.16.200.50"
      },
      "rule": {
        "level": 3,
        "description": "A logon was successful.",
        "id": "67027"
      },
      "data": {
        "win": {
          "system": {
            "eventID": "4624",
            "systemTime": "2025-10-08T18:42:53Z",
            "providerName": "Microsoft-Windows-Security-Auditing"
          },
          "eventdata": {
            "subjectUserName": "Administrator",
            "newProcessName": "C:\\Program Files\\Mozilla Firefox\\firefox.exe",
            "parentProcessName": "C:\\Windows\\System32\\svchost.exe",
            "targetLogonId": "0x0",
            "subjectDomainName": "INSIGHTNEXUS",
            "subjectLogonId": "0x2b935"
          }
        }
      },
      "timestamp": "2025-10-08T18:42:53Z",
      "location": "EventChannel"
    }
  },
  {
    "_index": "wazuh-alerts-4.x-2025.10.08",
    "_id": "ed0ac017-7d08-4c24-b5c9-d386110aa22d",
    "_source": {
      "agent": {
        "name": "SCDC01",
        "id": "005",
        "ip": "172.16.200.50"
      },
      "rule": {
        "level": 3,
        "description": "A logon was successful.",
        "id": "67027"
      },
      "data": {
        "win": {
          "system": {
            "eventID": "4624",
            "systemTime": "2025-10-08T17:58:45.023534Z",
            "providerName": "Microsoft-Windows-Security-Auditing"
          },
          "eventdata": {
            "subjectUserName": "Administrator",
            "newProcessName": "C:\\Windows\\System32\\cmd.exe",
            "parentProcessName": "C:\\Windows\\explorer.exe",
            "targetLogonId": "0x0",
            "subjectDomainName": "INSIGHTNEXUS",
            "subjectLogonId": "0x539e6"
          }
        }
      },
      "timestamp": "2025-10-08T18:21:05.023539Z",
      "location": "EventChannel"
    }
  },
  {
    "_index": "wazuh-alerts-4.x-2025.10.08",
    "_id": "noise-0053-8579",
    "_source": {
      "agent": {
        "name": "SCDC01",
        "id": "005",
        "ip": "172.16.200.50"
      },
      "rule": {
        "level": 3,
        "description": "A logon was successful.",
        "id": "67027"
      },
      "data": {
        "win": {
          "system": {
            "eventID": "4624",
            "systemTime": "2025-10-08T17:38:01Z",
            "providerName": "Microsoft-Windows-Security-Auditing"
          },
          "eventdata": {
            "subjectUserName": "Administrator",
            "newProcessName": "C:\\Windows\\System32\\taskmgr.exe",
            "parentProcessName": "C:\\Windows\\explorer.exe",
            "targetLogonId": "0x0",
            "subjectDomainName": "INSIGHTNEXUS",
            "subjectLogonId": "0x40f35"
          }
        }
      },
      "timestamp": "2025-10-08T17:38:01Z",
      "location": "EventChannel"
    }
  },
  {
    "_index": "wazuh-alerts-4.x-2025.10.08",
    "_id": "noise-0009-1711",
    "_source": {
      "agent": {
        "name": "SCDC01",
        "id": "005",
        "ip": "172.16.200.50"
      },
      "rule": {
        "level": 3,
        "description": "A process has exited.",
        "id": "67027"
      },
      "data": {
        "win": {
          "system": {
            "eventID": "4689",
            "systemTime": "2025-10-08T17:36:06Z",
            "providerName": "Microsoft-Windows-Security-Auditing"
          },
          "eventdata": {
            "subjectUserName": "Administrator",
            "newProcessName": "C:\\Program Files\\7-Zip\\7zFM.exe",
            "parentProcessName": "C:\\Windows\\explorer.exe",
            "targetLogonId": "0x0",
            "subjectDomainName": "INSIGHTNEXUS",
            "subjectLogonId": "0xbbcfb"
          }
        }
      },
      "timestamp": "2025-10-08T17:36:06Z",
      "location": "EventChannel"
    }
  },
  {
    "_index": "wazuh-alerts-4.x-2025.10.08",
    "_id": "noise-0056-4502",
    "_source": {
      "agent": {
        "name": "SCDC01",
        "id": "005",
        "ip": "172.16.200.50"
      },
      "rule": {
        "level": 3,
        "description": "A process was created.",
        "id": "67027"
      },
      "data": {
        "win": {
          "system": {
            "eventID": "4688",
            "systemTime": "2025-10-08T18:05:43Z",
            "providerName": "Microsoft-Windows-Security-Auditing"
          },
          "eventdata": {
            "subjectUserName": "Administrator",
            "newProcessName": "C:\\Windows\\System32\\taskmgr.exe",
            "parentProcessName": "C:\\Windows\\explorer.exe",
            "targetLogonId": "0x0",
            "subjectDomainName": "INSIGHTNEXUS",
            "subjectLogonId": "0xde59b"
          }
        }
      },
      "timestamp": "2025-10-08T18:05:43Z",
      "location": "EventChannel"
    }
  },
  {
    "_index": "wazuh-alerts-4.x-2025.10.08",
    "_id": "noise-0038-8787",
    "_source": {
      "agent": {
        "name": "SCDC01",
        "id": "005",
        "ip": "172.16.200.50"
      },
      "rule": {
        "level": 3,
        "description": "A logon was successful.",
        "id": "67027"
      },
      "data": {
        "win": {
          "system": {
            "eventID": "4624",
            "systemTime": "2025-10-08T18:30:04Z",
            "providerName": "Microsoft-Windows-Security-Auditing"
          },
          "eventdata": {
            "subjectUserName": "Administrator",
            "newProcessName": "C:\\Windows\\System32\\calc.exe",
            "parentProcessName": "C:\\Windows\\explorer.exe",
            "targetLogonId": "0x0",
            "subjectDomainName": "INSIGHTNEXUS",
            "subjectLogonId": "0xf364a"
          }
        }
      },
      "timestamp": "2025-10-08T18:30:04Z",
      "location": "EventChannel"
    }
  },
  {
    "_index": "wazuh-alerts-4.x-2025.10.08",
    "_id": "noise-0043-4770",
    "_source": {
      "agent": {
        "name": "SCDC01",
        "id": "005",
        "ip": "172.16.200.50"
      },
      "rule": {
        "level": 3,
        "description": "A logon was successful.",
        "id": "67027"
      },
      "data": {
        "win": {
          "system": {
            "eventID": "4624",
            "systemTime": "2025-10-08T18:20:19Z",
            "providerName": "Microsoft-Windows-Security-Auditing"
          },
          "eventdata": {
            "subjectUserName": "Administrator",
            "newProcessName": "C:\\Program Files\\7-Zip\\7zFM.exe",
            "parentProcessName": "C:\\Windows\\explorer.exe",
            "targetLogonId": "0x0",
            "subjectDomainName": "INSIGHTNEXUS",
            "subjectLogonId": "0x97a40"
          }
        }
      },
      "timestamp": "2025-10-08T18:20:19Z",
      "location": "EventChannel"
    }
  },
  {
    "_index": "wazuh-alerts-4.x-2025.10.08",
    "_id": "61fb4e6b-dc8c-4505-97ef-ebc620bc5d93",
    "_source": {
      "agent": {
        "name": "SCDC01",
        "id": "005",
        "ip": "172.16.200.50"
      },
      "rule": {
        "level": 3,
        "description": "A logon was successful.",
        "id": "67027"
      },
      "data": {
        "win": {
          "system": {
            "eventID": "4624",
            "systemTime": "2025-10-08T17:31:45.023786Z",
            "providerName": "Microsoft-Windows-Security-Auditing"
          },
          "eventdata": {
            "subjectUserName": "Administrator",
            "newProcessName": "C:\\Program Files\\Mozilla Firefox\\firefox.exe",
            "parentProcessName": "C:\\Windows\\System32\\svchost.exe",
            "targetLogonId": "0x0",
            "subjectDomainName": "INSIGHTNEXUS",
            "subjectLogonId": "0x38260"
          }
        }
      },
      "timestamp": "2025-10-08T18:22:55.023792Z",
      "location": "EventChannel"
    }
  },
  {
    "_index": "wazuh-alerts-4.x-2025.10.08",
    "_id": "fb7c7e24-2044-4018-ba35-47dad0717533",
    "_source": {
      "agent": {
        "name": "SCDC01",
        "id": "005",
        "ip": "172.16.200.50"
      },
      "rule": {
        "level": 3,
        "description": "A process was created.",
        "id": "92111"
      },
      "data": {
        "win": {
          "system": {
            "eventID": "4688",
            "systemTime": "2025-10-08T18:02:53.024615Z",
            "providerName": "Microsoft-Windows-Security-Auditing"
          },
          "eventdata": {
            "subjectUserName": "Administrator",
            "newProcessName": "C:\\\\Users\\\\Administrator\\\\Downloads\\\\mimikatz.exe",
            "parentProcessName": "C:\\\\Program Files\\\\Mozilla Firefox\\\\firefox.exe",
            "subjectDomainName": "INSIGHTNEXUS",
            "subjectLogonId": "0x457a5240"
          }
        }
      },
      "timestamp": "2025-10-08T18:25:36.024629Z",
      "location": "EventChannel"
    }
  },
  {
    "_index": "wazuh-alerts-4.x-2025.10.08",
    "_id": "noise-0006-7924",
    "_source": {
      "agent": {
        "name": "SCDC01",
        "id": "005",
        "ip": "172.16.200.50"
      },
      "rule": {
        "level": 3,
        "description": "A logon was successful.",
        "id": "67027"
      },
      "data": {
        "win": {
          "system": {
            "eventID": "4624",
            "systemTime": "2025-10-08T18:35:19Z",
            "providerName": "Microsoft-Windows-Security-Auditing"
          },
          "eventdata": {
            "subjectUserName": "Administrator",
            "newProcessName": "C:\\Program Files\\Mozilla Firefox\\firefox.exe",
            "parentProcessName": "C:\\Windows\\System32\\svchost.exe",
            "targetLogonId": "0x0",
            "subjectDomainName": "INSIGHTNEXUS",
            "subjectLogonId": "0x581aa"
          }
        }
      },
      "timestamp": "2025-10-08T18:35:19Z",
      "location": "EventChannel"
    }
  },
  {
    "_index": "wazuh-alerts-4.x-2025.10.08",
    "_id": "05bf8773-5156-4d50-8fd5-8884bf0537ce",
    "_source": {
      "agent": {
        "name": "SCDC01",
        "id": "005",
        "ip": "172.16.200.50"
      },
      "rule": {
        "level": 3,
        "description": "A logon was successful.",
        "id": "67027"
      },
      "data": {
        "win": {
          "system": {
            "eventID": "4624",
            "systemTime": "2025-10-08T18:02:33.024464Z",
            "providerName": "Microsoft-Windows-Security-Auditing"
          },
          "eventdata": {
            "subjectUserName": "Administrator",
            "newProcessName": "C:\\Windows\\System32\\notepad.exe",
            "parentProcessName": "C:\\Windows\\explorer.exe",
            "targetLogonId": "0x0",
            "subjectDomainName": "INSIGHTNEXUS",
            "subjectLogonId": "0x610c3"
          }
        }
      },
      "timestamp": "2025-10-08T18:28:15.024470Z",
      "location": "EventChannel"
    }
  }
]