{"index": {"_index": "wazuh-alerts-ctf-v3", "_id": "285b52f6-5548-4b4b-a3c5-35254b43cb90"}}
{"agent": {"name": "VICTIM-HOST-01.corp.local", "id": "vh01", "ip": "10.10.5.23"}, "rule": {"level": 3, "description": "A process was created.", "id": "34012"}, "data": {"win": {"system": {"eventID": "1", "systemTime": "2025-10-08T11:12:40.465895Z", "providerName": "Microsoft-Windows-Sysmon"}, "eventdata": {"ProcessGuid": "{6c4c9349-64ef-4ce0-a9b6-a0777f6bd411}", "ProcessId": "2862", "Image": "C:\\Program Files (x86)\\Microsoft\\Edge\\Application\\msedge.exe", "CommandLine": "msedge.exe", "ParentProcessId": "4981", "ParentImage": "C:\\Windows\\explorer.exe", "Hashes": "SHA256=2b1d4f9956434a55bd8081cef9a8fbe7dd5d23db180f45dd8e396c186d73a58a", "User": "CORP\\mreyes"}}}, "timestamp": "2025-10-08T11:12:40.465895Z", "location": "Sysmon"}
{"index": {"_index": "wazuh-alerts-ctf-v3", "_id": "f45b9754-f3f9-4828-92ad-8da570c683ca"}}
{"agent": {"name": "SCDC01", "id": "005", "ip": "172.16.200.50"}, "rule": {"level": 3, "description": "A logon was successful.", "id": "67027"}, "data": {"win": {"system": {"eventID": "4624", "systemTime": "2025-10-08T19:09:45.804851Z", "providerName": "Microsoft-Windows-Security-Auditing"}, "eventdata": {"subjectUserName": "Administrator", "newProcessName": "C:\\Windows\\System32\\cmd.exe", "parentProcessName": "C:\\Windows\\explorer.exe", "targetLogonId": "0x0", "subjectDomainName": "INSIGHTNEXUS", "subjectLogonId": "0x25654"}}}, "timestamp": "2025-10-08T19:09:45.804851Z", "location": "EventChannel"}
{"index": {"_index": "wazuh-alerts-ctf-v3", "_id": "b5d00620-1c41-4aba-8cf5-83f6889f0ba7"}}
{"agent": {"name": "SCDC01", "id": "005", "ip": "172.16.200.50"}, "rule": {"level": 3, "description": "A logon was successful.", "id": "67027"}, "data": {"win": {"system": {"eventID": "4624", "systemTime": "2025-10-08T18:15:42.772708Z", "providerName": "Microsoft-Windows-Security-Auditing"}, "eventdata": {"subjectUserName": "Administrator", "newProcessName": "C:\\Windows\\System32\\WerFault.exe", "parentProcessName": "C:\\Windows\\explorer.exe", "targetLogonId": "0x0", "subjectDomainName": "INSIGHTNEXUS", "subjectLogonId": "0xf4ed8"}}}, "timestamp": "2025-10-08T18:15:42.772708Z", "location": "EventChannel"}
{"index": {"_index": "wazuh-alerts-ctf-v3", "_id": "9390fcd5-e596-48ea-8f1d-e78368039af9"}}
{"agent": {"name": "FS01.corp.local", "id": "fs01", "ip": "10.10.5.40"}, "rule": {"level": 3, "description": "A process was created.", "id": "67027"}, "data": {"win": {"system": {"eventID": "4688", "systemTime": "2025-10-08T19:38:21.793481Z", "providerName": "Microsoft-Windows-Security-Auditing"}, "eventdata": {"subjectUserName": "Administrator", "newProcessName": "C:\\Windows\\System32\\cmd.exe", "parentProcessName": "C:\\Windows\\explorer.exe", "commandLine": "cmd.exe", "targetLogonId": "0x0", "subjectDomainName": "CORP", "subjectLogonId": "0x4723e"}}}, "timestamp": "2025-10-08T19:38:21.793481Z", "location": "EventChannel"}
{"index": {"_index": "wazuh-alerts-ctf-v3", "_id": "51f6f038-55d0-444f-988c-9b8671d67047"}}
{"agent": {"name": "FS01.corp.local", "id": "fs01", "ip": "10.10.5.40"}, "rule": {"level": 3, "description": "A process was created.", "id": "67027"}, "data": {"win": {"system": {"eventID": "4688", "systemTime": "2025-10-08T18:18:47.021000Z", "providerName": "Microsoft-Windows-Security-Auditing"}, "eventdata": {"subjectUserName": "adm.backup_svc", "newProcessName": "C:\\Windows\\System32\\WindowsPowerShell\\v1.0\\powershell.exe", "parentProcessName": "C:\\Windows\\System32\\cmd.exe", "commandLine": "powershell.exe -NoProfile -Command Compress-Archive -Path C:\\Windows\\Temp\\backup_staging\\* -DestinationPath C:\\Windows\\Temp\\update_cache.zip -Force", "targetLogonId": "0x0", "subjectDomainName": "CORP", "subjectLogonId": "0x9e429"}}}, "timestamp": "2025-10-08T18:18:47.021000Z", "location": "EventChannel"}
{"index": {"_index": "wazuh-alerts-ctf-v3", "_id": "noise-0018-9010"}}
{"agent": {"name": "VICTIM-HOST-01.corp.local", "id": "vh01", "ip": "10.10.5.23"}, "rule": {"level": 3, "description": "A process was created.", "id": "34012"}, "data": {"win": {"system": {"eventID": "1", "systemTime": "2025-10-08T12:31:18.016613Z", "providerName": "Microsoft-Windows-Sysmon"}, "eventdata": {"ProcessGuid": "{0dd08688-be1f-4cef-950a-501f6faedc84}", "ProcessId": "3436", "Image": "C:\\Program Files\\Zoom\\bin\\Zoom.exe", "CommandLine": "Zoom.exe", "ParentProcessId": "3427", "ParentImage": "C:\\Windows\\explorer.exe", "Hashes": "SHA256=d00b3f7828e24b0c93cdb52bf1d0cf2ff4233158bc9e432c9d6e01106494b88b", "User": "NT AUTHORITY\\SYSTEM"}}}, "timestamp": "2025-10-08T12:31:18.016613Z", "location": "Sysmon"}
{"index": {"_index": "wazuh-alerts-ctf-v3", "_id": "2ce44926-318f-40bb-97d5-5c49476456a9"}}
{"agent": {"name": "SCDC01", "id": "005", "ip": "172.16.200.50"}, "rule": {"level": 3, "description": "A logon was successful.", "id": "67027"}, "data": {"win": {"system": {"eventID": "4624", "systemTime": "2025-10-08T19:40:23.435007Z", "providerName": "Microsoft-Windows-Security-Auditing"}, "eventdata": {"subjectUserName": "Administrator", "newProcessName": "C:\\Windows\\System32\\notepad.exe", "parentProcessName": "C:\\Windows\\explorer.exe", "targetLogonId": "0x0", "subjectDomainName": "INSIGHTNEXUS", "subjectLogonId": "0x9ce44"}}}, "timestamp": "2025-10-08T19:40:23.435007Z", "location": "EventChannel"}
{"index": {"_index": "wazuh-alerts-ctf-v3", "_id": "57356ade-24da-4eb4-b1d1-7538ef356c6d"}}
{"agent": {"name": "FS01.corp.local", "id": "fs01", "ip": "10.10.5.40"}, "rule": {"level": 3, "description": "A process was created.", "id": "67027"}, "data": {"win": {"system": {"eventID": "4688", "systemTime": "2025-10-08T18:09:47.519619Z", "providerName": "Microsoft-Windows-Security-Auditing"}, "eventdata": {"subjectUserName": "Administrator", "newProcessName": "C:\\Windows\\System32\\cmd.exe", "parentProcessName": "C:\\Windows\\explorer.exe", "commandLine": "cmd.exe", "targetLogonId": "0x0", "subjectDomainName": "CORP", "subjectLogonId": "0x6163f"}}}, "timestamp": "2025-10-08T18:09:47.519619Z", "location": "EventChannel"}
{"index": {"_index": "wazuh-alerts-ctf-v3", "_id": "noise-0115-2603"}}
{"agent": {"name": "SCDC01", "id": "005", "ip": "172.16.200.50"}, "rule": {"level": 3, "description": "A process has exited.", "id": "67027"}, "data": {"win": {"system": {"eventID": "4689", "systemTime": "2025-10-08T19:23:19.304958Z", "providerName": "Microsoft-Windows-Security-Auditing"}, "eventdata": {"subjectUserName": "Administrator", "newProcessName": "C:\\Windows\\System32\\calc.exe", "parentProcessName": "C:\\Windows\\explorer.exe", "targetLogonId": "0x0", "subjectDomainName": "INSIGHTNEXUS", "subjectLogonId": "0xb567"}}}, "timestamp": "2025-10-08T19:23:19.304958Z", "location": "EventChannel"}
{"index": {"_index": "wazuh-alerts-ctf-v3", "_id": "3a22c463-068f-4aaf-af43-d8a399f9722d"}}
{"agent": {"name": "VICTIM-HOST-01.corp.local", "id": "vh01", "ip": "10.10.5.23"}, "rule": {"level": 3, "description": "A process was created.", "id": "34012"}, "data": {"win": {"system": {"eventID": "1", "systemTime": "2025-10-08T10:27:01.450673Z", "providerName": "Microsoft-Windows-Sysmon"}, "eventdata": {"ProcessGuid": "{1b924cbe-21c6-41e3-a7c3-d16cae32b26a}", "ProcessId": "4159", "Image": "C:\\Windows\\System32\\cmd.exe", "CommandLine": "cmd.exe", "ParentProcessId": "5517", "ParentImage": "C:\\Windows\\explorer.exe", "Hashes": "SHA256=097727b1fc02493da07ad4361d8c370a8ed8f4f9bf174c8e99d86e889fbdea02", "User": "NT AUTHORITY\\SYSTEM"}}}, "timestamp": "2025-10-08T10:27:01.450673Z", "location": "Sysmon"}
{"index": {"_index": "wazuh-alerts-ctf-v3", "_id": "noise-0044-8857"}}
{"agent": {"name": "VICTIM-HOST-01.corp.local", "id": "vh01", "ip": "10.10.5.23"}, "rule": {"level": 3, "description": "A process was created.", "id": "34012"}, "data": {"win": {"system": {"eventID": "1", "systemTime": "2025-10-08T08:48:23.471262Z", "providerName": "Microsoft-Windows-Sysmon"}, "eventdata": {"ProcessGuid": "{0e95dd10-dec1-407b-a99e-9f1f8d3ee9d0}", "ProcessId": "4802", "Image": "C:\\Program Files\\WindowsApps\\SlackTechnologies.Slack\\slack.exe", "CommandLine": "slack.exe", "ParentProcessId": "9613", "ParentImage": "C:\\Windows\\explorer.exe", "Hashes": "SHA256=59dbaa95292d4992aaeba7a287167cef5efed147f1c243509367e0e8f845c3a2", "User": "CORP\\mreyes"}}}, "timestamp": "2025-10-08T08:48:23.471262Z", "location": "Sysmon"}
{"index": {"_index": "wazuh-alerts-ctf-v3", "_id": "noise-0134-1387"}}
{"agent": {"name": "SCDC01", "id": "005", "ip": "172.16.200.50"}, "rule": {"level": 3, "description": "A process was created.", "id": "67027"}, "data": {"win": {"system": {"eventID": "4688", "systemTime": "2025-10-08T19:01:02.175484Z", "providerName": "Microsoft-Windows-Security-Auditing"}, "eventdata": {"subjectUserName": "Administrator", "newProcessName": "C:\\Windows\\System32\\calc.exe", "parentProcessName": "C:\\Windows\\explorer.exe", "targetLogonId": "0x0", "subjectDomainName": "INSIGHTNEXUS", "subjectLogonId": "0xf37e2"}}}, "timestamp": "2025-10-08T19:01:02.175484Z", "location": "EventChannel"}
{"index": {"_index": "wazuh-alerts-ctf-v3", "_id": "noise-0180-1692"}}
{"agent": {"name": "FS01.corp.local", "id": "fs01", "ip": "10.10.5.40"}, "rule": {"level": 3, "description": "A process was created.", "id": "67027"}, "data": {"win": {"system": {"eventID": "4688", "systemTime": "2025-10-08T18:02:42.676751Z", "providerName": "Microsoft-Windows-Security-Auditing"}, "eventdata": {"subjectUserName": "Administrator", "newProcessName": "C:\\Windows\\System32\\taskmgr.exe", "parentProcessName": "C:\\Windows\\explorer.exe", "commandLine": "taskmgr.exe", "targetLogonId": "0x0", "subjectDomainName": "CORP", "subjectLogonId": "0xab001"}}}, "timestamp": "2025-10-08T18:02:42.676751Z", "location": "EventChannel"}
{"index": {"_index": "wazuh-alerts-ctf-v3", "_id": "noise-0118-3474"}}
{"agent": {"name": "SCDC01", "id": "005", "ip": "172.16.200.50"}, "rule": {"level": 3, "description": "A logon was successful.", "id": "67027"}, "data": {"win": {"system": {"eventID": "4624", "systemTime": "2025-10-08T17:43:44.704917Z", "providerName": "Microsoft-Windows-Security-Auditing"}, "eventdata": {"subjectUserName": "Administrator", "newProcessName": "C:\\Windows\\System32\\SnippingTool.exe", "parentProcessName": "C:\\Windows\\explorer.exe", "targetLogonId": "0x0", "subjectDomainName": "INSIGHTNEXUS", "subjectLogonId": "0x62a0c"}}}, "timestamp": "2025-10-08T17:43:44.704917Z", "location": "EventChannel"}
{"index": {"_index": "wazuh-alerts-ctf-v3", "_id": "4379216e-6562-465d-b7fc-b1070e3e058f"}}
{"agent": {"name": "FS01.corp.local", "id": "fs01", "ip": "10.10.5.40"}, "rule": {"level": 3, "description": "A process was created.", "id": "67027"}, "data": {"win": {"system": {"eventID": "4688", "systemTime": "2025-10-08T18:28:26.535259Z", "providerName": "Microsoft-Windows-Security-Auditing"}, "eventdata": {"subjectUserName": "Administrator", "newProcessName": "C:\\Windows\\System32\\WindowsPowerShell\\v1.0\\powershell.exe", "parentProcessName": "C:\\Windows\\explorer.exe", "commandLine": "powershell.exe Get-ChildItem D:\\Shares", "targetLogonId": "0x0", "subjectDomainName": "CORP", "subjectLogonId": "0x938bf"}}}, "timestamp": "2025-10-08T18:28:26.535259Z", "location": "EventChannel"}
{"index": {"_index": "wazuh-alerts-ctf-v3", "_id": "noise-0139-7345"}}
{"agent": {"name": "SCDC01", "id": "005", "ip": "172.16.200.50"}, "rule": {"level": 3, "description": "A process has exited.", "id": "67027"}, "data": {"win": {"system": {"eventID": "4689", "systemTime": "2025-10-08T17:53:09.715779Z", "providerName": "Microsoft-Windows-Security-Auditing"}, "eventdata": {"subjectUserName": "Administrator", "newProcessName": "C:\\Program Files\\Windows NT\\Accessories\\wordpad.exe", "parentProcessName": "C:\\Windows\\explorer.exe", "targetLogonId": "0x0", "subjectDomainName": "INSIGHTNEXUS", "subjectLogonId": "0x97fef"}}}, "timestamp": "2025-10-08T17:53:09.715779Z", "location": "EventChannel"}
{"index": {"_index": "wazuh-alerts-ctf-v3", "_id": "noise-0187-3431"}}
{"agent": {"name": "FS01.corp.local", "id": "fs01", "ip": "10.10.5.40"}, "rule": {"level": 3, "description": "A process was created.", "id": "67027"}, "data": {"win": {"system": {"eventID": "4688", "systemTime": "2025-10-08T19:56:23.338824Z", "providerName": "Microsoft-Windows-Security-Auditing"}, "eventdata": {"subjectUserName": "Administrator", "newProcessName": "C:\\Windows\\System32\\xcopy.exe", "parentProcessName": "C:\\Windows\\System32\\cmd.exe", "commandLine": "xcopy.exe \"D:\\Shares\\HR\\Templates\" \"D:\\Shares\\HR\\Templates_bak\" /E", "targetLogonId": "0x0", "subjectDomainName": "CORP", "subjectLogonId": "0xf0c7a"}}}, "timestamp": "2025-10-08T19:56:23.338824Z", "location": "EventChannel"}
{"index": {"_index": "wazuh-alerts-ctf-v3", "_id": "noise-0152-6045"}}
{"agent": {"name": "SCDC01", "id": "005", "ip": "172.16.200.50"}, "rule": {"level": 3, "description": "A process was created.", "id": "67027"}, "data": {"win": {"system": {"eventID": "4688", "systemTime": "2025-10-08T17:02:02.657710Z", "providerName": "Microsoft-Windows-Security-Auditing"}, "eventdata": {"subjectUserName": "Administrator", "newProcessName": "C:\\Windows\\System32\\mspaint.exe", "parentProcessName": "C:\\Windows\\explorer.exe", "targetLogonId": "0x0", "subjectDomainName": "INSIGHTNEXUS", "subjectLogonId": "0x34022"}}}, "timestamp": "2025-10-08T17:02:02.657710Z", "location": "EventChannel"}
{"index": {"_index": "wazuh-alerts-ctf-v3", "_id": "noise-0009-5145"}}
{"agent": {"name": "VICTIM-HOST-01.corp.local", "id": "vh01", "ip": "10.10.5.23"}, "rule": {"level": 3, "description": "A process was created.", "id": "34012"}, "data": {"win": {"system": {"eventID": "1", "systemTime": "2025-10-08T08:57:10.331396Z", "providerName": "Microsoft-Windows-Sysmon"}, "eventdata": {"ProcessGuid": "{47966a57-fcb5-4e9a-829b-32755f0095ed}", "ProcessId": "2284", "Image": "C:\\Program Files (x86)\\Microsoft\\Teams\\current\\Teams.exe", "CommandLine": "Teams.exe", "ParentProcessId": "4143", "ParentImage": "C:\\Windows\\explorer.exe", "Hashes": "SHA256=eb56b7dd473947c5b9d984d4d924da66cc9fc81c01c1470499e53f9468cb3b87", "User": "NT AUTHORITY\\SYSTEM"}}}, "timestamp": "2025-10-08T08:57:10.331396Z", "location": "Sysmon"}
{"index": {"_index": "wazuh-alerts-ctf-v3", "_id": "noise-0035-4585"}}
{"agent": {"name": "VICTIM-HOST-01.corp.local", "id": "vh01", "ip": "10.10.5.23"}, "rule": {"level": 3, "description": "A process was created.", "id": "34012"}, "data": {"win": {"system": {"eventID": "1", "systemTime": "2025-10-08T12:59:15.238432Z", "providerName": "Microsoft-Windows-Sysmon"}, "eventdata": {"ProcessGuid": "{4f8598a2-d21f-48b4-ba9b-6e9dc64dc985}", "ProcessId": "7042", "Image": "C:\\Windows\\System32\\backgroundTaskHost.exe", "CommandLine": "backgroundTaskHost.exe", "ParentProcessId": "5344", "ParentImage": "C:\\Windows\\System32\\svchost.exe", "Hashes": "SHA256=b9b8c38e5d9842c5bed0f34e89589736591be153be424d5b9fc8782733baf7a5", "User": "CORP\\svc-backup"}}}, "timestamp": "2025-10-08T12:59:15.238432Z", "location": "Sysmon"}
{"index": {"_index": "wazuh-alerts-ctf-v3", "_id": "noise-0136-3706"}}
{"agent": {"name": "SCDC01", "id": "005", "ip": "172.16.200.50"}, "rule": {"level": 3, "description": "A process has exited.", "id": "67027"}, "data": {"win": {"system": {"eventID": "4689", "systemTime": "2025-10-08T18:07:20.541728Z", "providerName": "Microsoft-Windows-Security-Auditing"}, "eventdata": {"subjectUserName": "Administrator", "newProcessName": "C:\\Windows\\System32\\mspaint.exe", "parentProcessName": "C:\\Windows\\explorer.exe", "targetLogonId": "0x0", "subjectDomainName": "INSIGHTNEXUS", "subjectLogonId": "0x1b08f"}}}, "timestamp": "2025-10-08T18:07:20.541728Z", "location": "EventChannel"}
{"index": {"_index": "wazuh-alerts-ctf-v3", "_id": "800d5dab-dd6e-445f-9358-04c90e2bd4b0"}}
{"agent": {"name": "VICTIM-HOST-01.corp.local", "id": "vh01", "ip": "10.10.5.23"}, "rule": {"level": 3, "description": "Network connection detected.", "id": "34013"}, "data": {"win": {"system": {"eventID": "3", "systemTime": "2025-10-08T08:43:30.084937Z", "providerName": "Microsoft-Windows-Sysmon"}, "eventdata": {"ProcessGuid": "{d3076900-4bfc-49fb-be24-70ff3f42634a}", "ProcessId": "1865", "Image": "C:\\Program Files\\Microsoft Office\\root\\Office16\\EXCEL.EXE", "User": "CORP\\mreyes", "Protocol": "tcp", "SourceIp": "10.10.5.23", "SourcePort": "60615", "DestinationIp": "10.10.5.5", "DestinationPort": "8080", "Initiated": "true"}}}, "timestamp": "2025-10-08T08:43:30.084937Z", "location": "Sysmon"}
{"index": {"_index": "wazuh-alerts-ctf-v3", "_id": "7c4bdfe9-4255-41c6-a250-7ad979b4a546"}}
{"agent": {"name": "VICTIM-HOST-01.corp.local", "id": "vh01", "ip": "10.10.5.23"}, "rule": {"level": 3, "description": "Network connection detected.", "id": "34013"}, "data": {"win": {"system": {"eventID": "3", "systemTime": "2025-10-08T09:02:27.653853Z", "providerName": "Microsoft-Windows-Sysmon"}, "eventdata": {"ProcessGuid": "{ad42a162-c597-43f2-8330-39971b3c9c8f}", "ProcessId": "7609", "Image": "C:\\Program Files\\Microsoft Office\\root\\Office16\\WINWORD.EXE", "User": "CORP\\svc-backup", "Protocol": "tcp", "SourceIp": "10.10.5.23", "SourcePort": "65467", "DestinationIp": "52.96.166.2", "DestinationPort": "443", "Initiated": "true", "DestinationHostname": "outlook.office365.com"}}}, "timestamp": "2025-10-08T09:02:27.653853Z", "location": "Sysmon"}
{"index": {"_index": "wazuh-alerts-ctf-v3", "_id": "noise-0148-5831"}}
{"agent": {"name": "SCDC01", "id": "005", "ip": "172.16.200.50"}, "rule": {"level": 3, "description": "A process has exited.", "id": "67027"}, "data": {"win": {"system": {"eventID": "4689", "systemTime": "2025-10-08T17:39:28.143167Z", "providerName": "Microsoft-Windows-Security-Auditing"}, "eventdata": {"subjectUserName": "Administrator", "newProcessName": "C:\\Windows\\System32\\taskmgr.exe", "parentProcessName": "C:\\Windows\\explorer.exe", "targetLogonId": "0x0", "subjectDomainName": "INSIGHTNEXUS", "subjectLogonId": "0x33da2"}}}, "timestamp": "2025-10-08T17:39:28.143167Z", "location": "EventChannel"}
{"index": {"_index": "wazuh-alerts-ctf-v3", "_id": "d1870561-0cd0-40d8-b596-9fd0bc513b2c"}}
{"agent": {"name": "VICTIM-HOST-01.corp.local", "id": "vh01", "ip": "10.10.5.23"}, "rule": {"level": 3, "description": "Network connection detected.", "id": "34013"}, "data": {"win": {"system": {"eventID": "3", "systemTime": "2025-10-08T10:49:00.923738Z", "providerName": "Microsoft-Windows-Sysmon"}, "eventdata": {"ProcessGuid": "{0e7e3ec2-c1f2-4a33-8797-603ad84580cd}", "ProcessId": "1275", "Image": "C:\\Program Files\\Microsoft Office\\root\\Office16\\OUTLOOK.EXE", "User": "CORP\\jsmith", "Protocol": "tcp", "SourceIp": "10.10.5.23", "SourcePort": "60741", "DestinationIp": "13.107.42.13", "DestinationPort": "443", "Initiated": "true", "DestinationHostname": "onedrive.live.com"}}}, "timestamp": "2025-10-08T10:49:00.923738Z", "location": "Sysmon"}
{"index": {"_index": "wazuh-alerts-ctf-v3", "_id": "noise-0072-2750"}}
{"agent": {"name": "VICTIM-HOST-01.corp.local", "id": "vh01", "ip": "10.10.5.23"}, "rule": {"level": 3, "description": "A process was created.", "id": "34012"}, "data": {"win": {"system": {"eventID": "1", "systemTime": "2025-10-08T08:37:34.082629Z", "providerName": "Microsoft-Windows-Sysmon"}, "eventdata": {"ProcessGuid": "{2bb0fec8-bda5-49db-97ac-715950e93936}", "ProcessId": "6027", "Image": "C:\\Program Files\\Zoom\\bin\\Zoom.exe", "CommandLine": "Zoom.exe", "ParentProcessId": "1846", "ParentImage": "C:\\Windows\\explorer.exe", "Hashes": "SHA256=d834a4d9958d4aa0957e90748aab4965412c7ffdb4f14c01877b313a6d125aad", "User": "CORP\\svc-backup"}}}, "timestamp": "2025-10-08T08:37:34.082629Z", "location": "Sysmon"}
{"index": {"_index": "wazuh-alerts-ctf-v3", "_id": "noise-0015-5515"}}
{"agent": {"name": "VICTIM-HOST-01.corp.local", "id": "vh01", "ip": "10.10.5.23"}, "rule": {"level": 3, "description": "A process was created.", "id": "34012"}, "data": {"win": {"system": {"eventID": "1", "systemTime": "2025-10-08T10:57:28.608319Z", "providerName": "Microsoft-Windows-Sysmon"}, "eventdata": {"ProcessGuid": "{15cc2528-f95b-4b84-9f1c-f4b9271ce151}", "ProcessId": "7210", "Image": "C:\\Windows\\System32\\SearchProtocolHost.exe", "CommandLine": "SearchProtocolHost.exe", "ParentProcessId": "7229", "ParentImage": "C:\\Windows\\System32\\SearchIndexer.exe", "Hashes": "SHA256=8869affa57a44078b2ab8c34f2fdf7d867f0309f492a4d30bcd7dcb31795b904", "User": "CORP\\svc-backup"}}}, "timestamp": "2025-10-08T10:57:28.608319Z", "location": "Sysmon"}
{"index": {"_index": "wazuh-alerts-ctf-v3", "_id": "3c70cfcd-085d-4dae-a351-1c8e10678c7a"}}
{"agent": {"name": "FS01.corp.local", "id": "fs01", "ip": "10.10.5.40"}, "rule": {"level": 3, "description": "A process was created.", "id": "67027"}, "data": {"win": {"system": {"eventID": "4688", "systemTime": "2025-10-08T18:14:35.180911Z", "providerName": "Microsoft-Windows-Security-Auditing"}, "eventdata": {"subjectUserName": "Administrator", "newProcessName": "C:\\Program Files\\Notepad++\\notepad++.exe", "parentProcessName": "C:\\Windows\\explorer.exe", "commandLine": "notepad++.exe", "targetLogonId": "0x0", "subjectDomainName": "CORP", "subjectLogonId": "0xf4800"}}}, "timestamp": "2025-10-08T18:14:35.180911Z", "location": "EventChannel"}
{"index": {"_index": "wazuh-alerts-ctf-v3", "_id": "noise-0199-8353"}}
{"agent": {"name": "FS01.corp.local", "id": "fs01", "ip": "10.10.5.40"}, "rule": {"level": 3, "description": "A process has exited.", "id": "67027"}, "data": {"win": {"system": {"eventID": "4689", "systemTime": "2025-10-08T18:49:51.386992Z", "providerName": "Microsoft-Windows-Security-Auditing"}, "eventdata": {"subjectUserName": "Administrator", "newProcessName": "C:\\Program Files\\Veeam\\Backup\\VeeamAgent.exe", "parentProcessName": "C:\\Windows\\System32\\services.exe", "commandLine": "VeeamAgent.exe /job:NightlyBackup", "targetLogonId": "0x0", "subjectDomainName": "CORP", "subjectLogonId": "0xbf926"}}}, "timestamp": "2025-10-08T18:49:51.386992Z", "location": "EventChannel"}
{"index": {"_index": "wazuh-alerts-ctf-v3", "_id": "noise-0146-3322"}}
{"agent": {"name": "SCDC01", "id": "005", "ip": "172.16.200.50"}, "rule": {"level": 3, "description": "A process has exited.", "id": "67027"}, "data": {"win": {"system": {"eventID": "4689", "systemTime": "2025-10-08T19:58:05.660141Z", "providerName": "Microsoft-Windows-Security-Auditing"}, "eventdata": {"subjectUserName": "Administrator", "newProcessName": "C:\\Windows\\System32\\SnippingTool.exe", "parentProcessName": "C:\\Windows\\explorer.exe", "targetLogonId": "0x0", "subjectDomainName": "INSIGHTNEXUS", "subjectLogonId": "0xb4359"}}}, "timestamp": "2025-10-08T19:58:05.660141Z", "location": "EventChannel"}
{"index": {"_index": "wazuh-alerts-ctf-v3", "_id": "noise-0145-4941"}}
{"agent": {"name": "SCDC01", "id": "005", "ip": "172.16.200.50"}, "rule": {"level": 3, "description": "A process has exited.", "id": "67027"}, "data": {"win": {"system": {"eventID": "4689", "systemTime": "2025-10-08T17:30:46.289525Z", "providerName": "Microsoft-Windows-Security-Auditing"}, "eventdata": {"subjectUserName": "Administrator", "newProcessName": "C:\\Program Files (x86)\\Microsoft\\Edge\\Application\\msedge.exe", "parentProcessName": "C:\\Windows\\explorer.exe", "targetLogonId": "0x0", "subjectDomainName": "INSIGHTNEXUS", "subjectLogonId": "0x8601e"}}}, "timestamp": "2025-10-08T17:30:46.289525Z", "location": "EventChannel"}
{"index": {"_index": "wazuh-alerts-ctf-v3", "_id": "ddb6026a-184d-4dda-98d3-83b151cbcfff"}}
{"agent": {"name": "FS01.corp.local", "id": "fs01", "ip": "10.10.5.40"}, "rule": {"level": 3, "description": "A process was created.", "id": "67027"}, "data": {"win": {"system": {"eventID": "4688", "systemTime": "2025-10-08T19:17:02.394591Z", "providerName": "Microsoft-Windows-Security-Auditing"}, "eventdata": {"subjectUserName": "Administrator", "newProcessName": "C:\\Windows\\System32\\robocopy.exe", "parentProcessName": "C:\\Windows\\System32\\cmd.exe", "commandLine": "robocopy.exe \"D:\\Shares\\Public\" \"D:\\Backups\\Public\" /MIR", "targetLogonId": "0x0", "subjectDomainName": "CORP", "subjectLogonId": "0xa4f9c"}}}, "timestamp": "2025-10-08T19:17:02.394591Z", "location": "EventChannel"}
{"index": {"_index": "wazuh-alerts-ctf-v3", "_id": "38adfb69-420a-41e6-9794-6ff867d488f4"}}
{"agent": {"name": "VICTIM-HOST-01.corp.local", "id": "vh01", "ip": "10.10.5.23"}, "rule": {"level": 3, "description": "Network connection detected.", "id": "34013"}, "data": {"win": {"system": {"eventID": "3", "systemTime": "2025-10-08T12:26:33.440042Z", "providerName": "Microsoft-Windows-Sysmon"}, "eventdata": {"ProcessGuid": "{4b42e323-9793-4028-93c3-2d1cc0521c0f}", "ProcessId": "7560", "Image": "C:\\Program Files\\Microsoft Office\\root\\Office16\\EXCEL.EXE", "User": "CORP\\jsmith", "Protocol": "tcp", "SourceIp": "10.10.5.23", "SourcePort": "58121", "DestinationIp": "140.82.121.3", "DestinationPort": "443", "Initiated": "true", "DestinationHostname": "github.com"}}}, "timestamp": "2025-10-08T12:26:33.440042Z", "location": "Sysmon"}
{"index": {"_index": "wazuh-alerts-ctf-v3", "_id": "noise-0094-6986"}}
{"agent": {"name": "VICTIM-HOST-01.corp.local", "id": "vh01", "ip": "10.10.5.23"}, "rule": {"level": 3, "description": "Network connection detected.", "id": "34013"}, "data": {"win": {"system": {"eventID": "3", "systemTime": "2025-10-08T11:33:42.757413Z", "providerName": "Microsoft-Windows-Sysmon"}, "eventdata": {"ProcessGuid": "{1ccdd091-8700-42ec-9b1c-c17363451dd9}", "ProcessId": "2174", "Image": "C:\\Windows\\System32\\WmiPrvSE.exe", "User": "NT AUTHORITY\\SYSTEM", "Protocol": "tcp", "SourceIp": "10.10.5.23", "SourcePort": "60425", "DestinationIp": "140.82.121.3", "DestinationPort": "443", "Initiated": "true", "DestinationHostname": "github.com"}}}, "timestamp": "2025-10-08T11:33:42.757413Z", "location": "Sysmon"}
{"index": {"_index": "wazuh-alerts-ctf-v3", "_id": "noise-0096-8713"}}
{"agent": {"name": "VICTIM-HOST-01.corp.local", "id": "vh01", "ip": "10.10.5.23"}, "rule": {"level": 3, "description": "Network connection detected.", "id": "34013"}, "data": {"win": {"system": {"eventID": "3", "systemTime": "2025-10-08T09:31:09.354522Z", "providerName": "Microsoft-Windows-Sysmon"}, "eventdata": {"ProcessGuid": "{46383588-1e2f-4ba7-99e7-301d48890c84}", "ProcessId": "3820", "Image": "C:\\Program Files\\Microsoft Office\\root\\Office16\\EXCEL.EXE", "User": "NT AUTHORITY\\SYSTEM", "Protocol": "tcp", "SourceIp": "10.10.5.23", "SourcePort": "65437", "DestinationIp": "10.10.5.1", "DestinationPort": "389", "Initiated": "true"}}}, "timestamp": "2025-10-08T09:31:09.354522Z", "location": "Sysmon"}
{"index": {"_index": "wazuh-alerts-ctf-v3", "_id": "226200c9-1029-4b2d-bf11-92f8885fc682"}}
{"agent": {"name": "FS01.corp.local", "id": "fs01", "ip": "10.10.5.40"}, "rule": {"level": 3, "description": "Network connection detected.", "id": "34013"}, "data": {"win": {"system": {"eventID": "3", "systemTime": "2025-10-08T18:52:00.647164Z", "providerName": "Microsoft-Windows-Sysmon"}, "eventdata": {"ProcessGuid": "{c7c7a6b9-4d0f-4fca-a0e2-352c77c197dc}", "ProcessId": "4987", "Image": "C:\\Windows\\System32\\svchost.exe", "User": "CORP\\Administrator", "Protocol": "tcp", "SourceIp": "10.10.5.40", "SourcePort": "61730", "DestinationIp": "13.107.4.50", "DestinationPort": "443", "Initiated": "true", "DestinationHostname": "update.microsoft.com"}}}, "timestamp": "2025-10-08T18:52:00.647164Z", "location": "Sysmon"}
{"index": {"_index": "wazuh-alerts-ctf-v3", "_id": "660007f3-0d7a-4523-a8b8-04ee8d4f7788"}}
{"agent": {"name": "FS01.corp.local", "id": "fs01", "ip": "10.10.5.40"}, "rule": {"level": 3, "description": "A scheduled task was created.", "id": "18107"}, "data": {"win": {"system": {"eventID": "4698", "systemTime": "2025-10-08T18:21:03.000000Z", "providerName": "Microsoft-Windows-Security-Auditing"}, "eventdata": {"subjectUserName": "adm.backup_svc", "subjectDomainName": "CORP", "taskName": "\\WindowsUpdateCheck", "targetLogonId": "0x0", "subjectLogonId": "0x4da14", "actionCommand": "C:\\Windows\\Temp\\update_cache.zip -> powershell.exe -NoProfile -File C:\\Windows\\Temp\\sys_health_check.ps1"}}}, "timestamp": "2025-10-08T18:21:03.000000Z", "location": "EventChannel"}
{"index": {"_index": "wazuh-alerts-ctf-v3", "_id": "noise-0004-6786"}}
{"agent": {"name": "VICTIM-HOST-01.corp.local", "id": "vh01", "ip": "10.10.5.23"}, "rule": {"level": 3, "description": "A process was created.", "id": "34012"}, "data": {"win": {"system": {"eventID": "1", "systemTime": "2025-10-08T12:44:42.365011Z", "providerName": "Microsoft-Windows-Sysmon"}, "eventdata": {"ProcessGuid": "{2fd01cc3-9f33-4650-abbd-7cce4944653b}", "ProcessId": "7612", "Image": "C:\\Program Files\\Microsoft Office\\root\\Office16\\WINWORD.EXE", "CommandLine": "WINWORD.EXE", "ParentProcessId": "7608", "ParentImage": "C:\\Windows\\explorer.exe", "Hashes": "SHA256=284e5f9bdd1e4dab9a9e4f8f8dc079966b79b5bf843c4dcb850d93b4eee033f8", "User": "CORP\\mreyes"}}}, "timestamp": "2025-10-08T12:44:42.365011Z", "location": "Sysmon"}
{"index": {"_index": "wazuh-alerts-ctf-v3", "_id": "noise-0093-5699"}}
{"agent": {"name": "VICTIM-HOST-01.corp.local", "id": "vh01", "ip": "10.10.5.23"}, "rule": {"level": 3, "description": "Network connection detected.", "id": "34013"}, "data": {"win": {"system": {"eventID": "3", "systemTime": "2025-10-08T11:57:54.815691Z", "providerName": "Microsoft-Windows-Sysmon"}, "eventdata": {"ProcessGuid": "{343d25b4-cdb1-4875-a4a4-b65c6adb1c20}", "ProcessId": "2460", "Image": "C:\\Windows\\System32\\spoolsv.exe", "User": "NT AUTHORITY\\SYSTEM", "Protocol": "tcp", "SourceIp": "10.10.5.23", "SourcePort": "58279", "DestinationIp": "52.96.166.2", "DestinationPort": "443", "Initiated": "true", "DestinationHostname": "outlook.office365.com"}}}, "timestamp": "2025-10-08T11:57:54.815691Z", "location": "Sysmon"}
{"index": {"_index": "wazuh-alerts-ctf-v3", "_id": "2e82c07e-a3f6-4682-b6fb-77414ec8129b"}}
{"agent": {"name": "FS01.corp.local", "id": "fs01", "ip": "10.10.5.40"}, "rule": {"level": 3, "description": "A process has exited.", "id": "67027"}, "data": {"win": {"system": {"eventID": "4689", "systemTime": "2025-10-08T19:23:13.381802Z", "providerName": "Microsoft-Windows-Security-Auditing"}, "eventdata": {"subjectUserName": "Administrator", "newProcessName": "C:\\Windows\\System32\\taskmgr.exe", "parentProcessName": "C:\\Windows\\explorer.exe", "commandLine": "taskmgr.exe", "targetLogonId": "0x0", "subjectDomainName": "CORP", "subjectLogonId": "0x9edc4"}}}, "timestamp": "2025-10-08T19:23:13.381802Z", "location": "EventChannel"}
{"index": {"_index": "wazuh-alerts-ctf-v3", "_id": "146a1bc4-2780-4f2b-a6dd-f4ed449673df"}}
{"agent": {"name": "FS01.corp.local", "id": "fs01", "ip": "10.10.5.40"}, "rule": {"level": 3, "description": "A process was created.", "id": "67027"}, "data": {"win": {"system": {"eventID": "4688", "systemTime": "2025-10-08T19:11:39.493354Z", "providerName": "Microsoft-Windows-Security-Auditing"}, "eventdata": {"subjectUserName": "Administrator", "newProcessName": "C:\\Windows\\System32\\taskmgr.exe", "parentProcessName": "C:\\Windows\\explorer.exe", "commandLine": "taskmgr.exe", "targetLogonId": "0x0", "subjectDomainName": "CORP", "subjectLogonId": "0xb950b"}}}, "timestamp": "2025-10-08T19:11:39.493354Z", "location": "EventChannel"}
{"index": {"_index": "wazuh-alerts-ctf-v3", "_id": "noise-0091-5240"}}
{"agent": {"name": "VICTIM-HOST-01.corp.local", "id": "vh01", "ip": "10.10.5.23"}, "rule": {"level": 3, "description": "Network connection detected.", "id": "34013"}, "data": {"win": {"system": {"eventID": "3", "systemTime": "2025-10-08T10:40:35.267857Z", "providerName": "Microsoft-Windows-Sysmon"}, "eventdata": {"ProcessGuid": "{46b43507-0bde-48f2-8b97-95701ade3df9}", "ProcessId": "6852", "Image": "C:\\Program Files (x86)\\Adobe\\Acrobat Reader DC\\Reader\\AcroRd32.exe", "User": "NT AUTHORITY\\SYSTEM", "Protocol": "tcp", "SourceIp": "10.10.5.23", "SourcePort": "58272", "DestinationIp": "13.107.42.13", "DestinationPort": "443", "Initiated": "true", "DestinationHostname": "onedrive.live.com"}}}, "timestamp": "2025-10-08T10:40:35.267857Z", "location": "Sysmon"}
{"index": {"_index": "wazuh-alerts-ctf-v3", "_id": "be3b11cf-d3cc-47ba-9771-424af6ab79df"}}
{"agent": {"name": "SCDC01", "id": "005", "ip": "172.16.200.50"}, "rule": {"level": 3, "description": "A logon was successful.", "id": "67027"}, "data": {"win": {"system": {"eventID": "4624", "systemTime": "2025-10-08T17:31:26.226972Z", "providerName": "Microsoft-Windows-Security-Auditing"}, "eventdata": {"subjectUserName": "Administrator", "newProcessName": "C:\\Program Files\\Windows NT\\Accessories\\wordpad.exe", "parentProcessName": "C:\\Windows\\explorer.exe", "targetLogonId": "0x0", "subjectDomainName": "INSIGHTNEXUS", "subjectLogonId": "0x6fab2"}}}, "timestamp": "2025-10-08T17:31:26.226972Z", "location": "EventChannel"}
{"index": {"_index": "wazuh-alerts-ctf-v3", "_id": "noise-0155-1118"}}
{"agent": {"name": "SCDC01", "id": "005", "ip": "172.16.200.50"}, "rule": {"level": 3, "description": "A process was created.", "id": "67027"}, "data": {"win": {"system": {"eventID": "4688", "systemTime": "2025-10-08T19:53:42.782066Z", "providerName": "Microsoft-Windows-Security-Auditing"}, "eventdata": {"subjectUserName": "Administrator", "newProcessName": "C:\\Windows\\System32\\calc.exe", "parentProcessName": "C:\\Windows\\explorer.exe", "targetLogonId": "0x0", "subjectDomainName": "INSIGHTNEXUS", "subjectLogonId": "0x5eee6"}}}, "timestamp": "2025-10-08T19:53:42.782066Z", "location": "EventChannel"}
{"index": {"_index": "wazuh-alerts-ctf-v3", "_id": "noise-0204-4585"}}
{"agent": {"name": "FS01.corp.local", "id": "fs01", "ip": "10.10.5.40"}, "rule": {"level": 3, "description": "A process has exited.", "id": "67027"}, "data": {"win": {"system": {"eventID": "4689", "systemTime": "2025-10-08T19:42:05.510776Z", "providerName": "Microsoft-Windows-Security-Auditing"}, "eventdata": {"subjectUserName": "Administrator", "newProcessName": "C:\\Windows\\System32\\taskmgr.exe", "parentProcessName": "C:\\Windows\\explorer.exe", "commandLine": "taskmgr.exe", "targetLogonId": "0x0", "subjectDomainName": "CORP", "subjectLogonId": "0xaad6c"}}}, "timestamp": "2025-10-08T19:42:05.510776Z", "location": "EventChannel"}
{"index": {"_index": "wazuh-alerts-ctf-v3", "_id": "6fa3dd31-420b-4c0d-9d71-06b14e49788e"}}
{"agent": {"name": "FS01.corp.local", "id": "fs01", "ip": "10.10.5.40"}, "rule": {"level": 3, "description": "A process was created.", "id": "67027"}, "data": {"win": {"system": {"eventID": "4688", "systemTime": "2025-10-08T18:24:53.044371Z", "providerName": "Microsoft-Windows-Security-Auditing"}, "eventdata": {"subjectUserName": "Administrator", "newProcessName": "C:\\Program Files\\7-Zip\\7zFM.exe", "parentProcessName": "C:\\Windows\\explorer.exe", "commandLine": "7zFM.exe", "targetLogonId": "0x0", "subjectDomainName": "CORP", "subjectLogonId": "0x12f40"}}}, "timestamp": "2025-10-08T18:24:53.044371Z", "location": "EventChannel"}
{"index": {"_index": "wazuh-alerts-ctf-v3", "_id": "d1c3affd-23ea-4320-b01e-b9ddce65b4ab"}}
{"agent": {"name": "SCDC01", "id": "005", "ip": "172.16.200.50"}, "rule": {"level": 3, "description": "A logon was successful.", "id": "67027"}, "data": {"win": {"system": {"eventID": "4624", "systemTime": "2025-10-08T18:26:26.926461Z", "providerName": "Microsoft-Windows-Security-Auditing"}, "eventdata": {"subjectUserName": "Administrator", "newProcessName": "C:\\Program Files\\Mozilla Firefox\\firefox.exe", "parentProcessName": "C:\\Windows\\System32\\svchost.exe", "targetLogonId": "0x0", "subjectDomainName": "INSIGHTNEXUS", "subjectLogonId": "0x8c618"}}}, "timestamp": "2025-10-08T18:26:26.926461Z", "location": "EventChannel"}
{"index": {"_index": "wazuh-alerts-ctf-v3", "_id": "noise-0161-7262"}}
{"agent": {"name": "FS01.corp.local", "id": "fs01", "ip": "10.10.5.40"}, "rule": {"level": 3, "description": "A process was created.", "id": "67027"}, "data": {"win": {"system": {"eventID": "4688", "systemTime": "2025-10-08T19:49:41.084292Z", "providerName": "Microsoft-Windows-Security-Auditing"}, "eventdata": {"subjectUserName": "Administrator", "newProcessName": "C:\\Windows\\System32\\calc.exe", "parentProcessName": "C:\\Windows\\explorer.exe", "commandLine": "calc.exe", "targetLogonId": "0x0", "subjectDomainName": "CORP", "subjectLogonId": "0x2c2f0"}}}, "timestamp": "2025-10-08T19:49:41.084292Z", "location": "EventChannel"}
{"index": {"_index": "wazuh-alerts-ctf-v3", "_id": "noise-0236-4332"}}
{"agent": {"name": "FS01.corp.local", "id": "fs01", "ip": "10.10.5.40"}, "rule": {"level": 3, "description": "Network connection detected.", "id": "34013"}, "data": {"win": {"system": {"eventID": "3", "systemTime": "2025-10-08T19:27:21.047865Z", "providerName": "Microsoft-Windows-Sysmon"}, "eventdata": {"ProcessGuid": "{cf7725fe-f8d6-4e71-978b-b2e7821698ec}", "ProcessId": "9370", "Image": "C:\\Windows\\System32\\svchost.exe", "User": "CORP\\Administrator", "Protocol": "tcp", "SourceIp": "10.10.5.40", "SourcePort": "51528", "DestinationIp": "10.10.5.60", "DestinationPort": "443", "Initiated": "true", "DestinationHostname": "backup-vault.corp.local"}}}, "timestamp": "2025-10-08T19:27:21.047865Z", "location": "Sysmon"}
{"index": {"_index": "wazuh-alerts-ctf-v3", "_id": "noise-0232-5405"}}
{"agent": {"name": "FS01.corp.local", "id": "fs01", "ip": "10.10.5.40"}, "rule": {"level": 3, "description": "Network connection detected.", "id": "34013"}, "data": {"win": {"system": {"eventID": "3", "systemTime": "2025-10-08T19:54:51.443580Z", "providerName": "Microsoft-Windows-Sysmon"}, "eventdata": {"ProcessGuid": "{77d9c594-15c4-4204-a2cc-4356d8802e8b}", "ProcessId": "7061", "Image": "C:\\Windows\\System32\\svchost.exe", "User": "CORP\\Administrator", "Protocol": "tcp", "SourceIp": "10.10.5.40", "SourcePort": "64526", "DestinationIp": "13.107.4.50", "DestinationPort": "443", "Initiated": "true", "DestinationHostname": "update.microsoft.com"}}}, "timestamp": "2025-10-08T19:54:51.443580Z", "location": "Sysmon"}
{"index": {"_index": "wazuh-alerts-ctf-v3", "_id": "noise-0083-3036"}}
{"agent": {"name": "VICTIM-HOST-01.corp.local", "id": "vh01", "ip": "10.10.5.23"}, "rule": {"level": 3, "description": "Network connection detected.", "id": "34013"}, "data": {"win": {"system": {"eventID": "3", "systemTime": "2025-10-08T11:54:59.014135Z", "providerName": "Microsoft-Windows-Sysmon"}, "eventdata": {"ProcessGuid": "{442e1b8b-0d3a-4845-a958-db7f3b9ccd29}", "ProcessId": "4961", "Image": "C:\\Windows\\System32\\dllhost.exe", "User": "CORP\\svc-backup", "Protocol": "tcp", "SourceIp": "10.10.5.23", "SourcePort": "59874", "DestinationIp": "10.10.5.15", "DestinationPort": "80", "Initiated": "true", "DestinationHostname": "intranet.corp.local"}}}, "timestamp": "2025-10-08T11:54:59.014135Z", "location": "Sysmon"}
{"index": {"_index": "wazuh-alerts-ctf-v3", "_id": "d91447dc-8281-4e8c-939b-82162b23e733"}}
{"agent": {"name": "SCDC01", "id": "005", "ip": "172.16.200.50"}, "rule": {"level": 3, "description": "A process has exited.", "id": "67027"}, "data": {"win": {"system": {"eventID": "4689", "systemTime": "2025-10-08T19:34:00.870443Z", "providerName": "Microsoft-Windows-Security-Auditing"}, "eventdata": {"subjectUserName": "Administrator", "newProcessName": "C:\\Program Files (x86)\\Microsoft\\Edge\\Application\\msedge.exe", "parentProcessName": "C:\\Windows\\explorer.exe", "targetLogonId": "0x0", "subjectDomainName": "INSIGHTNEXUS", "subjectLogonId": "0xba35c"}}}, "timestamp": "2025-10-08T19:34:00.870443Z", "location": "EventChannel"}
{"index": {"_index": "wazuh-alerts-ctf-v3", "_id": "noise-0202-1915"}}
{"agent": {"name": "FS01.corp.local", "id": "fs01", "ip": "10.10.5.40"}, "rule": {"level": 3, "description": "A process has exited.", "id": "67027"}, "data": {"win": {"system": {"eventID": "4689", "systemTime": "2025-10-08T19:25:03.383285Z", "providerName": "Microsoft-Windows-Security-Auditing"}, "eventdata": {"subjectUserName": "Administrator", "newProcessName": "C:\\Windows\\System32\\WindowsPowerShell\\v1.0\\powershell.exe", "parentProcessName": "C:\\Windows\\explorer.exe", "commandLine": "powershell.exe Get-ChildItem D:\\Shares", "targetLogonId": "0x0", "subjectDomainName": "CORP", "subjectLogonId": "0x2367e"}}}, "timestamp": "2025-10-08T19:25:03.383285Z", "location": "EventChannel"}
{"index": {"_index": "wazuh-alerts-ctf-v3", "_id": "0620d552-49a6-4dab-96a5-30e1f4c490aa"}}
{"agent": {"name": "FS01.corp.local", "id": "fs01", "ip": "10.10.5.40"}, "rule": {"level": 3, "description": "A process has exited.", "id": "67027"}, "data": {"win": {"system": {"eventID": "4689", "systemTime": "2025-10-08T18:49:31.155281Z", "providerName": "Microsoft-Windows-Security-Auditing"}, "eventdata": {"subjectUserName": "Administrator", "newProcessName": "C:\\Windows\\System32\\xcopy.exe", "parentProcessName": "C:\\Windows\\System32\\cmd.exe", "commandLine": "xcopy.exe \"D:\\Shares\\HR\\Templates\" \"D:\\Shares\\HR\\Templates_bak\" /E", "targetLogonId": "0x0", "subjectDomainName": "CORP", "subjectLogonId": "0x98872"}}}, "timestamp": "2025-10-08T18:49:31.155281Z", "location": "EventChannel"}
{"index": {"_index": "wazuh-alerts-ctf-v3", "_id": "e82e7c2a-b21f-4fdd-9d92-6ff4ac8890f1"}}
{"agent": {"name": "VICTIM-HOST-01.corp.local", "id": "vh01", "ip": "10.10.5.23"}, "rule": {"level": 3, "description": "A process was created.", "id": "34012"}, "data": {"win": {"system": {"eventID": "1", "systemTime": "2025-10-08T11:02:09.356480Z", "providerName": "Microsoft-Windows-Sysmon"}, "eventdata": {"ProcessGuid": "{87005520-353a-4386-ac11-7fe9b28f5528}", "ProcessId": "2789", "Image": "C:\\Windows\\System32\\cmd.exe", "CommandLine": "cmd.exe", "ParentProcessId": "7390", "ParentImage": "C:\\Windows\\explorer.exe", "Hashes": "SHA256=9fed32dc684045148f392bbc2765a0d647f29a1a99b548a8a27603e0e52a9e78", "User": "CORP\\mreyes"}}}, "timestamp": "2025-10-08T11:02:09.356480Z", "location": "Sysmon"}
{"index": {"_index": "wazuh-alerts-ctf-v3", "_id": "noise-0212-4261"}}
{"agent": {"name": "FS01.corp.local", "id": "fs01", "ip": "10.10.5.40"}, "rule": {"level": 3, "description": "Network connection detected.", "id": "34013"}, "data": {"win": {"system": {"eventID": "3", "systemTime": "2025-10-08T19:29:41.276747Z", "providerName": "Microsoft-Windows-Sysmon"}, "eventdata": {"ProcessGuid": "{0536e3e0-cd7f-47d7-aebd-19b96d317e9a}", "ProcessId": "9431", "Image": "C:\\Windows\\System32\\svchost.exe", "User": "CORP\\Administrator", "Protocol": "tcp", "SourceIp": "10.10.5.40", "SourcePort": "53141", "DestinationIp": "10.10.5.60", "DestinationPort": "443", "Initiated": "true", "DestinationHostname": "backup-vault.corp.local"}}}, "timestamp": "2025-10-08T19:29:41.276747Z", "location": "Sysmon"}
{"index": {"_index": "wazuh-alerts-ctf-v3", "_id": "noise-0203-2514"}}
{"agent": {"name": "FS01.corp.local", "id": "fs01", "ip": "10.10.5.40"}, "rule": {"level": 3, "description": "A process has exited.", "id": "67027"}, "data": {"win": {"system": {"eventID": "4689", "systemTime": "2025-10-08T18:25:54.961457Z", "providerName": "Microsoft-Windows-Security-Auditing"}, "eventdata": {"subjectUserName": "Administrator", "newProcessName": "C:\\Windows\\System32\\cmd.exe", "parentProcessName": "C:\\Windows\\explorer.exe", "commandLine": "cmd.exe", "targetLogonId": "0x0", "subjectDomainName": "CORP", "subjectLogonId": "0x7bea7"}}}, "timestamp": "2025-10-08T18:25:54.961457Z", "location": "EventChannel"}
{"index": {"_index": "wazuh-alerts-ctf-v3", "_id": "noise-0123-8614"}}
{"agent": {"name": "SCDC01", "id": "005", "ip": "172.16.200.50"}, "rule": {"level": 3, "description": "A process was created.", "id": "67027"}, "data": {"win": {"system": {"eventID": "4688", "systemTime": "2025-10-08T19:22:22.771097Z", "providerName": "Microsoft-Windows-Security-Auditing"}, "eventdata": {"subjectUserName": "Administrator", "newProcessName": "C:\\Program Files\\Microsoft Office\\root\\Office16\\EXCEL.EXE", "parentProcessName": "C:\\Windows\\explorer.exe", "targetLogonId": "0x0", "subjectDomainName": "INSIGHTNEXUS", "subjectLogonId": "0xf33e3"}}}, "timestamp": "2025-10-08T19:22:22.771097Z", "location": "EventChannel"}
{"index": {"_index": "wazuh-alerts-ctf-v3", "_id": "0d86ba9d-e67c-4db3-a398-656942ea309a"}}
{"agent": {"name": "SCDC01", "id": "005", "ip": "172.16.200.50"}, "rule": {"level": 3, "description": "A logon was successful.", "id": "67027"}, "data": {"win": {"system": {"eventID": "4624", "systemTime": "2025-10-08T17:01:12.751180Z", "providerName": "Microsoft-Windows-Security-Auditing"}, "eventdata": {"subjectUserName": "Administrator", "newProcessName": "C:\\Program Files (x86)\\Microsoft\\Edge\\Application\\msedge.exe", "parentProcessName": "C:\\Windows\\explorer.exe", "targetLogonId": "0x0", "subjectDomainName": "INSIGHTNEXUS", "subjectLogonId": "0x4fe37"}}}, "timestamp": "2025-10-08T17:01:12.751180Z", "location": "EventChannel"}
{"index": {"_index": "wazuh-alerts-ctf-v3", "_id": "noise-0132-6143"}}
{"agent": {"name": "SCDC01", "id": "005", "ip": "172.16.200.50"}, "rule": {"level": 3, "description": "A process has exited.", "id": "67027"}, "data": {"win": {"system": {"eventID": "4689", "systemTime": "2025-10-08T18:36:53.258380Z", "providerName": "Microsoft-Windows-Security-Auditing"}, "eventdata": {"subjectUserName": "Administrator", "newProcessName": "C:\\Windows\\System32\\notepad.exe", "parentProcessName": "C:\\Windows\\explorer.exe", "targetLogonId": "0x0", "subjectDomainName": "INSIGHTNEXUS", "subjectLogonId": "0xd239c"}}}, "timestamp": "2025-10-08T18:36:53.258380Z", "location": "EventChannel"}
{"index": {"_index": "wazuh-alerts-ctf-v3", "_id": "e2ac53b0-0359-483c-a664-8005f562c550"}}
{"agent": {"name": "VICTIM-HOST-01.corp.local", "id": "vh01", "ip": "10.10.5.23"}, "rule": {"level": 3, "description": "Network connection detected.", "id": "34013"}, "data": {"win": {"system": {"eventID": "3", "systemTime": "2025-10-08T10:51:58.200958Z", "providerName": "Microsoft-Windows-Sysmon"}, "eventdata": {"ProcessGuid": "{c94cf89a-d506-4efa-b439-4f3299436a51}", "ProcessId": "2561", "Image": "C:\\Program Files\\Google\\Chrome\\Application\\chrome.exe", "User": "CORP\\svc-backup", "Protocol": "tcp", "SourceIp": "10.10.5.23", "SourcePort": "53361", "DestinationIp": "10.10.5.15", "DestinationPort": "80", "Initiated": "true", "DestinationHostname": "intranet.corp.local"}}}, "timestamp": "2025-10-08T10:51:58.200958Z", "location": "Sysmon"}
{"index": {"_index": "wazuh-alerts-ctf-v3", "_id": "1e3bd749-21f5-4d7a-aa5b-e6033013adc6"}}
{"agent": {"name": "FS01.corp.local", "id": "fs01", "ip": "10.10.5.40"}, "rule": {"level": 3, "description": "Network connection detected.", "id": "34013"}, "data": {"win": {"system": {"eventID": "3", "systemTime": "2025-10-08T18:15:20.951426Z", "providerName": "Microsoft-Windows-Sysmon"}, "eventdata": {"ProcessGuid": "{daba4c37-4334-4239-b8cc-b7a33fe7eb9e}", "ProcessId": "4154", "Image": "C:\\Windows\\System32\\svchost.exe", "User": "CORP\\Administrator", "Protocol": "tcp", "SourceIp": "10.10.5.40", "SourcePort": "56471", "DestinationIp": "10.10.5.15", "DestinationPort": "80", "Initiated": "true", "DestinationHostname": "intranet.corp.local"}}}, "timestamp": "2025-10-08T18:15:20.951426Z", "location": "Sysmon"}
{"index": {"_index": "wazuh-alerts-ctf-v3", "_id": "noise-0071-6134"}}
{"agent": {"name": "VICTIM-HOST-01.corp.local", "id": "vh01", "ip": "10.10.5.23"}, "rule": {"level": 3, "description": "A process was created.", "id": "34012"}, "data": {"win": {"system": {"eventID": "1", "systemTime": "2025-10-08T09:24:09.145497Z", "providerName": "Microsoft-Windows-Sysmon"}, "eventdata": {"ProcessGuid": "{35dda284-4828-4163-bc7e-7ab46a9fb7f8}", "ProcessId": "2114", "Image": "C:\\Program Files\\WindowsApps\\SlackTechnologies.Slack\\slack.exe", "CommandLine": "slack.exe", "ParentProcessId": "4934", "ParentImage": "C:\\Windows\\explorer.exe", "Hashes": "SHA256=10aa45c1d75f464c85d6ef0803e0db9a872161f5f28e4708b4b9dedd23db25ad", "User": "CORP\\jsmith"}}}, "timestamp": "2025-10-08T09:24:09.145497Z", "location": "Sysmon"}
{"index": {"_index": "wazuh-alerts-ctf-v3", "_id": "498fa7b4-4f71-481d-96b2-511c1092e11c"}}
{"agent": {"name": "FS01.corp.local", "id": "fs01", "ip": "10.10.5.40"}, "rule": {"level": 3, "description": "A process was created.", "id": "67027"}, "data": {"win": {"system": {"eventID": "4688", "systemTime": "2025-10-08T19:02:33.109616Z", "providerName": "Microsoft-Windows-Security-Auditing"}, "eventdata": {"subjectUserName": "Administrator", "newProcessName": "C:\\Program Files\\Microsoft Office\\root\\Office16\\WINWORD.EXE", "parentProcessName": "C:\\Windows\\explorer.exe", "commandLine": "WINWORD.EXE", "targetLogonId": "0x0", "subjectDomainName": "CORP", "subjectLogonId": "0xff1f3"}}}, "timestamp": "2025-10-08T19:02:33.109616Z", "location": "EventChannel"}
{"index": {"_index": "wazuh-alerts-ctf-v3", "_id": "5bacc445-0e27-473d-a1d9-78e048d175cb"}}
{"agent": {"name": "VICTIM-HOST-01.corp.local", "id": "vh01", "ip": "10.10.5.23"}, "rule": {"level": 3, "description": "A process was created.", "id": "34012"}, "data": {"win": {"system": {"eventID": "1", "systemTime": "2025-10-08T10:01:57.902328Z", "providerName": "Microsoft-Windows-Sysmon"}, "eventdata": {"ProcessGuid": "{9bc584a1-be5a-488a-84e6-1a5186df08ad}", "ProcessId": "2466", "Image": "C:\\Program Files\\Windows Defender\\MsMpEng.exe", "CommandLine": "MsMpEng.exe", "ParentProcessId": "3167", "ParentImage": "C:\\Windows\\System32\\services.exe", "Hashes": "SHA256=a5cbf371ae6140a48d50d6d09eadb626724d903174814ffa8eebde007eae202c", "User": "CORP\\svc-backup"}}}, "timestamp": "2025-10-08T10:01:57.902328Z", "location": "Sysmon"}
