{"index": {"_index": "wazuh-alerts-ctf-v3", "_id": "dc403c0c-58f8-44a2-9d9b-4f65e44562c8"}}
{"agent": {"name": "SCDC01", "id": "005", "ip": "172.16.200.50"}, "rule": {"level": 3, "description": "A process has exited.", "id": "67027"}, "data": {"win": {"system": {"eventID": "4689", "systemTime": "2025-10-08T18:59:52.244410Z", "providerName": "Microsoft-Windows-Security-Auditing"}, "eventdata": {"subjectUserName": "Administrator", "newProcessName": "C:\\Windows\\System32\\mspaint.exe", "parentProcessName": "C:\\Windows\\explorer.exe", "targetLogonId": "0x0", "subjectDomainName": "INSIGHTNEXUS", "subjectLogonId": "0xa95f1"}}}, "timestamp": "2025-10-08T18:59:52.244410Z", "location": "EventChannel"}
{"index": {"_index": "wazuh-alerts-ctf-v3", "_id": "noise-0008-8457"}}
{"agent": {"name": "VICTIM-HOST-01.corp.local", "id": "vh01", "ip": "10.10.5.23"}, "rule": {"level": 3, "description": "A process was created.", "id": "34012"}, "data": {"win": {"system": {"eventID": "1", "systemTime": "2025-10-08T12:11:33.552299Z", "providerName": "Microsoft-Windows-Sysmon"}, "eventdata": {"ProcessGuid": "{10483eee-be7b-4b39-95b5-57071dfe1c75}", "ProcessId": "9658", "Image": "C:\\Windows\\System32\\SearchIndexer.exe", "CommandLine": "SearchIndexer.exe", "ParentProcessId": "4030", "ParentImage": "C:\\Windows\\System32\\services.exe", "Hashes": "SHA256=b1da6e96d74d4b48b9186c0cf25e5e6371caeddcec4d4e3b9711a24f27e6314e", "User": "CORP\\jsmith"}}}, "timestamp": "2025-10-08T12:11:33.552299Z", "location": "Sysmon"}
{"index": {"_index": "wazuh-alerts-ctf-v3", "_id": "noise-0098-1926"}}
{"agent": {"name": "VICTIM-HOST-01.corp.local", "id": "vh01", "ip": "10.10.5.23"}, "rule": {"level": 3, "description": "Network connection detected.", "id": "34013"}, "data": {"win": {"system": {"eventID": "3", "systemTime": "2025-10-08T10:28:49.127108Z", "providerName": "Microsoft-Windows-Sysmon"}, "eventdata": {"ProcessGuid": "{24dc8ba6-c88d-49a0-b739-6e5e5c36752d}", "ProcessId": "8441", "Image": "C:\\Windows\\System32\\wuauclt.exe", "User": "CORP\\mreyes", "Protocol": "tcp", "SourceIp": "10.10.5.23", "SourcePort": "51019", "DestinationIp": "10.10.5.15", "DestinationPort": "80", "Initiated": "true", "DestinationHostname": "intranet.corp.local"}}}, "timestamp": "2025-10-08T10:28:49.127108Z", "location": "Sysmon"}
{"index": {"_index": "wazuh-alerts-ctf-v3", "_id": "noise-0011-4137"}}
{"agent": {"name": "VICTIM-HOST-01.corp.local", "id": "vh01", "ip": "10.10.5.23"}, "rule": {"level": 3, "description": "A process was created.", "id": "34012"}, "data": {"win": {"system": {"eventID": "1", "systemTime": "2025-10-08T11:22:24.071732Z", "providerName": "Microsoft-Windows-Sysmon"}, "eventdata": {"ProcessGuid": "{861e1547-4826-4e7e-9ed7-57522714f34a}", "ProcessId": "4414", "Image": "C:\\Program Files\\Microsoft Office\\root\\Office16\\OUTLOOK.EXE", "CommandLine": "OUTLOOK.EXE", "ParentProcessId": "6774", "ParentImage": "C:\\Windows\\explorer.exe", "Hashes": "SHA256=b2e9f54a1c294fe4a2435acca78c976619dce07eab5246ad9df92b9009b5a8ed", "User": "CORP\\mreyes"}}}, "timestamp": "2025-10-08T11:22:24.071732Z", "location": "Sysmon"}
{"index": {"_index": "wazuh-alerts-ctf-v3", "_id": "9fb44cb4-5934-4b47-a936-c3a69e9f02af"}}
{"agent": {"name": "FS01.corp.local", "id": "fs01", "ip": "10.10.5.40"}, "rule": {"level": 3, "description": "A process was created.", "id": "67027"}, "data": {"win": {"system": {"eventID": "4688", "systemTime": "2025-10-08T19:52:53.639878Z", "providerName": "Microsoft-Windows-Security-Auditing"}, "eventdata": {"subjectUserName": "Administrator", "newProcessName": "C:\\Program Files\\7-Zip\\7zFM.exe", "parentProcessName": "C:\\Windows\\explorer.exe", "commandLine": "7zFM.exe", "targetLogonId": "0x0", "subjectDomainName": "CORP", "subjectLogonId": "0x34cd"}}}, "timestamp": "2025-10-08T19:52:53.639878Z", "location": "EventChannel"}
{"index": {"_index": "wazuh-alerts-ctf-v3", "_id": "aff7a616-71b3-4a34-9d73-199605293d4f"}}
{"agent": {"name": "FS01.corp.local", "id": "fs01", "ip": "10.10.5.40"}, "rule": {"level": 3, "description": "A process has exited.", "id": "67027"}, "data": {"win": {"system": {"eventID": "4689", "systemTime": "2025-10-08T19:45:49.576863Z", "providerName": "Microsoft-Windows-Security-Auditing"}, "eventdata": {"subjectUserName": "Administrator", "newProcessName": "C:\\Windows\\System32\\WindowsPowerShell\\v1.0\\powershell.exe", "parentProcessName": "C:\\Windows\\explorer.exe", "commandLine": "powershell.exe Get-ChildItem D:\\Shares", "targetLogonId": "0x0", "subjectDomainName": "CORP", "subjectLogonId": "0x236da"}}}, "timestamp": "2025-10-08T19:45:49.576863Z", "location": "EventChannel"}
{"index": {"_index": "wazuh-alerts-ctf-v3", "_id": "b45b7e0b-7e24-4751-921b-6a5350aa1c1d"}}
{"agent": {"name": "FS01.corp.local", "id": "fs01", "ip": "10.10.5.40"}, "rule": {"level": 3, "description": "A process was created.", "id": "67027"}, "data": {"win": {"system": {"eventID": "4688", "systemTime": "2025-10-08T19:45:28.132187Z", "providerName": "Microsoft-Windows-Security-Auditing"}, "eventdata": {"subjectUserName": "Administrator", "newProcessName": "C:\\Windows\\System32\\notepad.exe", "parentProcessName": "C:\\Windows\\explorer.exe", "commandLine": "notepad.exe", "targetLogonId": "0x0", "subjectDomainName": "CORP", "subjectLogonId": "0x2c7bf"}}}, "timestamp": "2025-10-08T19:45:28.132187Z", "location": "EventChannel"}
{"index": {"_index": "wazuh-alerts-ctf-v3", "_id": "noise-0169-3567"}}
{"agent": {"name": "FS01.corp.local", "id": "fs01", "ip": "10.10.5.40"}, "rule": {"level": 3, "description": "A process has exited.", "id": "67027"}, "data": {"win": {"system": {"eventID": "4689", "systemTime": "2025-10-08T19:56:25.234375Z", "providerName": "Microsoft-Windows-Security-Auditing"}, "eventdata": {"subjectUserName": "Administrator", "newProcessName": "C:\\Windows\\System32\\notepad.exe", "parentProcessName": "C:\\Windows\\explorer.exe", "commandLine": "notepad.exe", "targetLogonId": "0x0", "subjectDomainName": "CORP", "subjectLogonId": "0x76278"}}}, "timestamp": "2025-10-08T19:56:25.234375Z", "location": "EventChannel"}
{"index": {"_index": "wazuh-alerts-ctf-v3", "_id": "noise-0166-2276"}}
{"agent": {"name": "FS01.corp.local", "id": "fs01", "ip": "10.10.5.40"}, "rule": {"level": 3, "description": "A process has exited.", "id": "67027"}, "data": {"win": {"system": {"eventID": "4689", "systemTime": "2025-10-08T18:52:07.191533Z", "providerName": "Microsoft-Windows-Security-Auditing"}, "eventdata": {"subjectUserName": "Administrator", "newProcessName": "C:\\Windows\\System32\\notepad.exe", "parentProcessName": "C:\\Windows\\explorer.exe", "commandLine": "notepad.exe", "targetLogonId": "0x0", "subjectDomainName": "CORP", "subjectLogonId": "0xab7d3"}}}, "timestamp": "2025-10-08T18:52:07.191533Z", "location": "EventChannel"}
{"index": {"_index": "wazuh-alerts-ctf-v3", "_id": "noise-0179-5781"}}
{"agent": {"name": "FS01.corp.local", "id": "fs01", "ip": "10.10.5.40"}, "rule": {"level": 3, "description": "A process has exited.", "id": "67027"}, "data": {"win": {"system": {"eventID": "4689", "systemTime": "2025-10-08T19:39:44.228244Z", "providerName": "Microsoft-Windows-Security-Auditing"}, "eventdata": {"subjectUserName": "Administrator", "newProcessName": "C:\\Windows\\System32\\WindowsPowerShell\\v1.0\\powershell.exe", "parentProcessName": "C:\\Windows\\explorer.exe", "commandLine": "powershell.exe Get-ChildItem D:\\Shares", "targetLogonId": "0x0", "subjectDomainName": "CORP", "subjectLogonId": "0xccd4f"}}}, "timestamp": "2025-10-08T19:39:44.228244Z", "location": "EventChannel"}
{"index": {"_index": "wazuh-alerts-ctf-v3", "_id": "c8edc3e7-2289-4f99-91a5-b3167a28214f"}}
{"agent": {"name": "FS01.corp.local", "id": "fs01", "ip": "10.10.5.40"}, "rule": {"level": 3, "description": "A process was created.", "id": "67027"}, "data": {"win": {"system": {"eventID": "4688", "systemTime": "2025-10-08T19:33:11.451806Z", "providerName": "Microsoft-Windows-Security-Auditing"}, "eventdata": {"subjectUserName": "Administrator", "newProcessName": "C:\\Windows\\System32\\cmd.exe", "parentProcessName": "C:\\Windows\\explorer.exe", "commandLine": "cmd.exe", "targetLogonId": "0x0", "subjectDomainName": "CORP", "subjectLogonId": "0xc7a5c"}}}, "timestamp": "2025-10-08T19:33:11.451806Z", "location": "EventChannel"}
{"index": {"_index": "wazuh-alerts-ctf-v3", "_id": "f2d5e95b-b467-472b-a9f5-3e4b8b20623f"}}
{"agent": {"name": "FS01.corp.local", "id": "fs01", "ip": "10.10.5.40"}, "rule": {"level": 3, "description": "A process has exited.", "id": "67027"}, "data": {"win": {"system": {"eventID": "4689", "systemTime": "2025-10-08T18:52:57.275099Z", "providerName": "Microsoft-Windows-Security-Auditing"}, "eventdata": {"subjectUserName": "Administrator", "newProcessName": "C:\\Program Files\\Microsoft Office\\root\\Office16\\WINWORD.EXE", "parentProcessName": "C:\\Windows\\explorer.exe", "commandLine": "WINWORD.EXE", "targetLogonId": "0x0", "subjectDomainName": "CORP", "subjectLogonId": "0xcf787"}}}, "timestamp": "2025-10-08T18:52:57.275099Z", "location": "EventChannel"}
{"index": {"_index": "wazuh-alerts-ctf-v3", "_id": "noise-0211-5277"}}
{"agent": {"name": "FS01.corp.local", "id": "fs01", "ip": "10.10.5.40"}, "rule": {"level": 3, "description": "Network connection detected.", "id": "34013"}, "data": {"win": {"system": {"eventID": "3", "systemTime": "2025-10-08T19:42:48.295592Z", "providerName": "Microsoft-Windows-Sysmon"}, "eventdata": {"ProcessGuid": "{33d731ea-cc48-4bbd-83d5-6650bc190a32}", "ProcessId": "4705", "Image": "C:\\Windows\\System32\\svchost.exe", "User": "CORP\\Administrator", "Protocol": "tcp", "SourceIp": "10.10.5.40", "SourcePort": "54378", "DestinationIp": "13.107.4.50", "DestinationPort": "443", "Initiated": "true", "DestinationHostname": "update.microsoft.com"}}}, "timestamp": "2025-10-08T19:42:48.295592Z", "location": "Sysmon"}
{"index": {"_index": "wazuh-alerts-ctf-v3", "_id": "noise-0151-2803"}}
{"agent": {"name": "SCDC01", "id": "005", "ip": "172.16.200.50"}, "rule": {"level": 3, "description": "A process was created.", "id": "67027"}, "data": {"win": {"system": {"eventID": "4688", "systemTime": "2025-10-08T19:51:16.972556Z", "providerName": "Microsoft-Windows-Security-Auditing"}, "eventdata": {"subjectUserName": "Administrator", "newProcessName": "C:\\Windows\\System32\\notepad.exe", "parentProcessName": "C:\\Windows\\explorer.exe", "targetLogonId": "0x0", "subjectDomainName": "INSIGHTNEXUS", "subjectLogonId": "0x5f8f3"}}}, "timestamp": "2025-10-08T19:51:16.972556Z", "location": "EventChannel"}
{"index": {"_index": "wazuh-alerts-ctf-v3", "_id": "noise-0193-8366"}}
{"agent": {"name": "FS01.corp.local", "id": "fs01", "ip": "10.10.5.40"}, "rule": {"level": 3, "description": "A process has exited.", "id": "67027"}, "data": {"win": {"system": {"eventID": "4689", "systemTime": "2025-10-08T19:31:41.009509Z", "providerName": "Microsoft-Windows-Security-Auditing"}, "eventdata": {"subjectUserName": "Administrator", "newProcessName": "C:\\Windows\\System32\\taskmgr.exe", "parentProcessName": "C:\\Windows\\explorer.exe", "commandLine": "taskmgr.exe", "targetLogonId": "0x0", "subjectDomainName": "CORP", "subjectLogonId": "0xf43ba"}}}, "timestamp": "2025-10-08T19:31:41.009509Z", "location": "EventChannel"}
{"index": {"_index": "wazuh-alerts-ctf-v3", "_id": "9cf79bee-902d-42fc-9060-5574ed54c30b"}}
{"agent": {"name": "VICTIM-HOST-01.corp.local", "id": "vh01", "ip": "10.10.5.23"}, "rule": {"level": 3, "description": "Network connection detected.", "id": "34013"}, "data": {"win": {"system": {"eventID": "3", "systemTime": "2025-10-08T11:37:41.851694Z", "providerName": "Microsoft-Windows-Sysmon"}, "eventdata": {"ProcessGuid": "{4461659c-28ea-448a-a257-853ef52a313f}", "ProcessId": "6449", "Image": "C:\\Windows\\System32\\spoolsv.exe", "User": "CORP\\mreyes", "Protocol": "tcp", "SourceIp": "10.10.5.23", "SourcePort": "57520", "DestinationIp": "10.10.5.9", "DestinationPort": "443", "Initiated": "true", "DestinationHostname": "self-service.corp.local"}}}, "timestamp": "2025-10-08T11:37:41.851694Z", "location": "Sysmon"}
{"index": {"_index": "wazuh-alerts-ctf-v3", "_id": "noise-0190-4922"}}
{"agent": {"name": "FS01.corp.local", "id": "fs01", "ip": "10.10.5.40"}, "rule": {"level": 3, "description": "A process was created.", "id": "67027"}, "data": {"win": {"system": {"eventID": "4688", "systemTime": "2025-10-08T19:15:06.809726Z", "providerName": "Microsoft-Windows-Security-Auditing"}, "eventdata": {"subjectUserName": "Administrator", "newProcessName": "C:\\Windows\\System32\\calc.exe", "parentProcessName": "C:\\Windows\\explorer.exe", "commandLine": "calc.exe", "targetLogonId": "0x0", "subjectDomainName": "CORP", "subjectLogonId": "0x1c61c"}}}, "timestamp": "2025-10-08T19:15:06.809726Z", "location": "EventChannel"}
{"index": {"_index": "wazuh-alerts-ctf-v3", "_id": "91c113a2-b90e-42a3-8513-b7c7865e039d"}}
{"agent": {"name": "VICTIM-HOST-01.corp.local", "id": "vh01", "ip": "10.10.5.23"}, "rule": {"level": 3, "description": "A process was created.", "id": "34012"}, "data": {"win": {"system": {"eventID": "1", "systemTime": "2025-10-08T10:43:35.906634Z", "providerName": "Microsoft-Windows-Sysmon"}, "eventdata": {"ProcessGuid": "{622aeec9-ddc8-47ab-9619-74039caeaa24}", "ProcessId": "8870", "Image": "C:\\Program Files (x86)\\Adobe\\Acrobat Reader DC\\Reader\\AcroRd32.exe", "CommandLine": "AcroRd32.exe", "ParentProcessId": "7637", "ParentImage": "C:\\Windows\\explorer.exe", "Hashes": "SHA256=bad33b82cb8f43afb431a44e800216c0349bd67dbedc40b982f5467e2c391f82", "User": "CORP\\jsmith"}}}, "timestamp": "2025-10-08T10:43:35.906634Z", "location": "Sysmon"}
{"index": {"_index": "wazuh-alerts-ctf-v3", "_id": "noise-0076-1089"}}
{"agent": {"name": "VICTIM-HOST-01.corp.local", "id": "vh01", "ip": "10.10.5.23"}, "rule": {"level": 3, "description": "A process was created.", "id": "34012"}, "data": {"win": {"system": {"eventID": "1", "systemTime": "2025-10-08T08:57:11.045074Z", "providerName": "Microsoft-Windows-Sysmon"}, "eventdata": {"ProcessGuid": "{a4a98e8d-87fa-4880-8c07-e12b3761d2ec}", "ProcessId": "5211", "Image": "C:\\Program Files\\Windows Defender\\MsMpEng.exe", "CommandLine": "MsMpEng.exe", "ParentProcessId": "3049", "ParentImage": "C:\\Windows\\System32\\services.exe", "Hashes": "SHA256=b8055a03a40840678bc8282c58039ec3231aa00ae42d45df885f880c6761a4a5", "User": "CORP\\svc-backup"}}}, "timestamp": "2025-10-08T08:57:11.045074Z", "location": "Sysmon"}
{"index": {"_index": "wazuh-alerts-ctf-v3", "_id": "683b8ad4-c5bf-4d38-b7c0-69894fc96635"}}
{"agent": {"name": "FS01.corp.local", "id": "fs01", "ip": "10.10.5.40"}, "rule": {"level": 3, "description": "A process was created.", "id": "67027"}, "data": {"win": {"system": {"eventID": "4688", "systemTime": "2025-10-08T18:46:37.992187Z", "providerName": "Microsoft-Windows-Security-Auditing"}, "eventdata": {"subjectUserName": "Administrator", "newProcessName": "C:\\Program Files\\7-Zip\\7zFM.exe", "parentProcessName": "C:\\Windows\\explorer.exe", "commandLine": "7zFM.exe", "targetLogonId": "0x0", "subjectDomainName": "CORP", "subjectLogonId": "0x321ca"}}}, "timestamp": "2025-10-08T18:46:37.992187Z", "location": "EventChannel"}
{"index": {"_index": "wazuh-alerts-ctf-v3", "_id": "noise-0061-7358"}}
{"agent": {"name": "VICTIM-HOST-01.corp.local", "id": "vh01", "ip": "10.10.5.23"}, "rule": {"level": 3, "description": "A process was created.", "id": "34012"}, "data": {"win": {"system": {"eventID": "1", "systemTime": "2025-10-08T12:00:58.938540Z", "providerName": "Microsoft-Windows-Sysmon"}, "eventdata": {"ProcessGuid": "{94cbfdd8-4ee5-4549-b941-51f82729ce68}", "ProcessId": "7944", "Image": "C:\\Windows\\System32\\taskhostw.exe", "CommandLine": "taskhostw.exe", "ParentProcessId": "1969", "ParentImage": "C:\\Windows\\System32\\svchost.exe", "Hashes": "SHA256=b89e7c87a63c4a5787316aab14e00fba4e0833e9f5b84bca9e9f077c44395817", "User": "NT AUTHORITY\\SYSTEM"}}}, "timestamp": "2025-10-08T12:00:58.938540Z", "location": "Sysmon"}
{"index": {"_index": "wazuh-alerts-ctf-v3", "_id": "noise-0210-7083"}}
{"agent": {"name": "FS01.corp.local", "id": "fs01", "ip": "10.10.5.40"}, "rule": {"level": 3, "description": "Network connection detected.", "id": "34013"}, "data": {"win": {"system": {"eventID": "3", "systemTime": "2025-10-08T18:38:34.965175Z", "providerName": "Microsoft-Windows-Sysmon"}, "eventdata": {"ProcessGuid": "{536b8b9c-ce07-45ef-bccc-f8a10cd77837}", "ProcessId": "9957", "Image": "C:\\Windows\\System32\\svchost.exe", "User": "CORP\\Administrator", "Protocol": "tcp", "SourceIp": "10.10.5.40", "SourcePort": "56568", "DestinationIp": "13.107.4.50", "DestinationPort": "443", "Initiated": "true", "DestinationHostname": "update.microsoft.com"}}}, "timestamp": "2025-10-08T18:38:34.965175Z", "location": "Sysmon"}
{"index": {"_index": "wazuh-alerts-ctf-v3", "_id": "bc531897-d016-4bee-b74f-37c3ce946a46"}}
{"agent": {"name": "VICTIM-HOST-01.corp.local", "id": "vh01", "ip": "10.10.5.23"}, "rule": {"level": 3, "description": "Network connection detected.", "id": "34013"}, "data": {"win": {"system": {"eventID": "3", "systemTime": "2025-10-08T10:00:03.219479Z", "providerName": "Microsoft-Windows-Sysmon"}, "eventdata": {"ProcessGuid": "{19e62f57-5c19-4022-8a53-5f12af1e9798}", "ProcessId": "9834", "Image": "C:\\Windows\\System32\\WmiPrvSE.exe", "User": "CORP\\jsmith", "Protocol": "tcp", "SourceIp": "10.10.5.23", "SourcePort": "53497", "DestinationIp": "20.190.160.14", "DestinationPort": "443", "Initiated": "true", "DestinationHostname": "login.microsoftonline.com"}}}, "timestamp": "2025-10-08T10:00:03.219479Z", "location": "Sysmon"}
{"index": {"_index": "wazuh-alerts-ctf-v3", "_id": "noise-0012-6468"}}
{"agent": {"name": "VICTIM-HOST-01.corp.local", "id": "vh01", "ip": "10.10.5.23"}, "rule": {"level": 3, "description": "A process was created.", "id": "34012"}, "data": {"win": {"system": {"eventID": "1", "systemTime": "2025-10-08T11:25:39.450463Z", "providerName": "Microsoft-Windows-Sysmon"}, "eventdata": {"ProcessGuid": "{a48c68b0-2aa6-49f9-8dfb-db1e655df84a}", "ProcessId": "5143", "Image": "C:\\Program Files (x86)\\Microsoft\\Teams\\current\\Teams.exe", "CommandLine": "Teams.exe", "ParentProcessId": "3616", "ParentImage": "C:\\Windows\\explorer.exe", "Hashes": "SHA256=280ecbe4ba45415db7a8d482881bc8934f4cd8fb275c4f05b0067b52e8315b65", "User": "CORP\\svc-backup"}}}, "timestamp": "2025-10-08T11:25:39.450463Z", "location": "Sysmon"}
{"index": {"_index": "wazuh-alerts-ctf-v3", "_id": "noise-0106-3164"}}
{"agent": {"name": "VICTIM-HOST-01.corp.local", "id": "vh01", "ip": "10.10.5.23"}, "rule": {"level": 3, "description": "Network connection detected.", "id": "34013"}, "data": {"win": {"system": {"eventID": "3", "systemTime": "2025-10-08T08:54:29.590788Z", "providerName": "Microsoft-Windows-Sysmon"}, "eventdata": {"ProcessGuid": "{89d90f19-c276-4ed3-be86-12b6edbf12a2}", "ProcessId": "7444", "Image": "C:\\Program Files\\Windows Defender\\MsMpEng.exe", "User": "NT AUTHORITY\\SYSTEM", "Protocol": "tcp", "SourceIp": "10.10.5.23", "SourcePort": "54907", "DestinationIp": "3.235.71.2", "DestinationPort": "443", "Initiated": "true", "DestinationHostname": "zoom.us"}}}, "timestamp": "2025-10-08T08:54:29.590788Z", "location": "Sysmon"}
{"index": {"_index": "wazuh-alerts-ctf-v3", "_id": "bb835e90-6193-4ac9-ab70-5475d9a58a45"}}
{"agent": {"name": "VICTIM-HOST-01.corp.local", "id": "vh01", "ip": "10.10.5.23"}, "rule": {"level": 3, "description": "A process was created.", "id": "34012"}, "data": {"win": {"system": {"eventID": "1", "systemTime": "2025-10-08T08:59:08.449013Z", "providerName": "Microsoft-Windows-Sysmon"}, "eventdata": {"ProcessGuid": "{cff68e03-25ef-4ff9-bf7e-8dc8874c4664}", "ProcessId": "9141", "Image": "C:\\Windows\\System32\\RuntimeBroker.exe", "CommandLine": "RuntimeBroker.exe", "ParentProcessId": "9170", "ParentImage": "C:\\Windows\\System32\\svchost.exe", "Hashes": "SHA256=cc94d9723b2044a28bdcdb055059905ffa93324a3058452daf7a1f0a3b3266f1", "User": "CORP\\mreyes"}}}, "timestamp": "2025-10-08T08:59:08.449013Z", "location": "Sysmon"}
{"index": {"_index": "wazuh-alerts-ctf-v3", "_id": "noise-0069-6568"}}
{"agent": {"name": "VICTIM-HOST-01.corp.local", "id": "vh01", "ip": "10.10.5.23"}, "rule": {"level": 3, "description": "A process was created.", "id": "34012"}, "data": {"win": {"system": {"eventID": "1", "systemTime": "2025-10-08T11:58:08.888001Z", "providerName": "Microsoft-Windows-Sysmon"}, "eventdata": {"ProcessGuid": "{5247c02f-710a-4f8d-abdf-21598104bb9f}", "ProcessId": "5424", "Image": "C:\\Program Files\\Zoom\\bin\\Zoom.exe", "CommandLine": "Zoom.exe", "ParentProcessId": "4891", "ParentImage": "C:\\Windows\\explorer.exe", "Hashes": "SHA256=375d8e48a84c4881a1065b4edec3e05ef61c8b5d81794aeca802d0712410b642", "User": "CORP\\svc-backup"}}}, "timestamp": "2025-10-08T11:58:08.888001Z", "location": "Sysmon"}
{"index": {"_index": "wazuh-alerts-ctf-v3", "_id": "noise-0113-5552"}}
{"agent": {"name": "SCDC01", "id": "005", "ip": "172.16.200.50"}, "rule": {"level": 3, "description": "A process was created.", "id": "67027"}, "data": {"win": {"system": {"eventID": "4688", "systemTime": "2025-10-08T17:56:48.786880Z", "providerName": "Microsoft-Windows-Security-Auditing"}, "eventdata": {"subjectUserName": "Administrator", "newProcessName": "C:\\Program Files\\7-Zip\\7zFM.exe", "parentProcessName": "C:\\Windows\\explorer.exe", "targetLogonId": "0x0", "subjectDomainName": "INSIGHTNEXUS", "subjectLogonId": "0x305ef"}}}, "timestamp": "2025-10-08T17:56:48.786880Z", "location": "EventChannel"}
{"index": {"_index": "wazuh-alerts-ctf-v3", "_id": "noise-0047-6472"}}
{"agent": {"name": "VICTIM-HOST-01.corp.local", "id": "vh01", "ip": "10.10.5.23"}, "rule": {"level": 3, "description": "A process was created.", "id": "34012"}, "data": {"win": {"system": {"eventID": "1", "systemTime": "2025-10-08T09:01:36.560110Z", "providerName": "Microsoft-Windows-Sysmon"}, "eventdata": {"ProcessGuid": "{cf0f275a-4ac4-48ae-83e4-31d5e7461d7e}", "ProcessId": "6751", "Image": "C:\\Windows\\System32\\SearchIndexer.exe", "CommandLine": "SearchIndexer.exe", "ParentProcessId": "4061", "ParentImage": "C:\\Windows\\System32\\services.exe", "Hashes": "SHA256=10ea8ce932ca463ca5e6d1ac9100711b50de3866a1da4992aeea782906061a2a", "User": "NT AUTHORITY\\SYSTEM"}}}, "timestamp": "2025-10-08T09:01:36.560110Z", "location": "Sysmon"}
{"index": {"_index": "wazuh-alerts-ctf-v3", "_id": "noise-0054-6984"}}
{"agent": {"name": "VICTIM-HOST-01.corp.local", "id": "vh01", "ip": "10.10.5.23"}, "rule": {"level": 3, "description": "A process was created.", "id": "34012"}, "data": {"win": {"system": {"eventID": "1", "systemTime": "2025-10-08T11:45:28.086219Z", "providerName": "Microsoft-Windows-Sysmon"}, "eventdata": {"ProcessGuid": "{a70b69cf-32a6-4569-90fd-f2b09d51ecba}", "ProcessId": "1418", "Image": "C:\\Program Files\\Microsoft Office\\root\\Office16\\WINWORD.EXE", "CommandLine": "WINWORD.EXE", "ParentProcessId": "9383", "ParentImage": "C:\\Windows\\explorer.exe", "Hashes": "SHA256=186c5cbeb7cd4e1db5ead8b1cbcec92d201aefa582cb4be59a45c1b57ae531c5", "User": "CORP\\jsmith"}}}, "timestamp": "2025-10-08T11:45:28.086219Z", "location": "Sysmon"}
{"index": {"_index": "wazuh-alerts-ctf-v3", "_id": "noise-0049-6108"}}
{"agent": {"name": "VICTIM-HOST-01.corp.local", "id": "vh01", "ip": "10.10.5.23"}, "rule": {"level": 3, "description": "A process was created.", "id": "34012"}, "data": {"win": {"system": {"eventID": "1", "systemTime": "2025-10-08T09:35:11.274150Z", "providerName": "Microsoft-Windows-Sysmon"}, "eventdata": {"ProcessGuid": "{dca3510c-c11b-48dd-b1f7-2a69e0ea3c68}", "ProcessId": "1212", "Image": "C:\\Program Files\\Microsoft OneDrive\\OneDrive.exe", "CommandLine": "OneDrive.exe", "ParentProcessId": "4813", "ParentImage": "C:\\Windows\\explorer.exe", "Hashes": "SHA256=92e230ab86ea4dc793ece998e448d63c2c518dff36ef460bb7f2084804d76416", "User": "NT AUTHORITY\\SYSTEM"}}}, "timestamp": "2025-10-08T09:35:11.274150Z", "location": "Sysmon"}
{"index": {"_index": "wazuh-alerts-ctf-v3", "_id": "761909c0-053c-4bba-b049-1b82829e1ae4"}}
{"agent": {"name": "VICTIM-HOST-01.corp.local", "id": "vh01", "ip": "10.10.5.23"}, "rule": {"level": 3, "description": "A process was created.", "id": "34012"}, "data": {"win": {"system": {"eventID": "1", "systemTime": "2025-10-08T11:40:46.569200Z", "providerName": "Microsoft-Windows-Sysmon"}, "eventdata": {"ProcessGuid": "{946f972d-7b61-47e0-82c0-cd1bed186364}", "ProcessId": "4068", "Image": "C:\\Windows\\System32\\SearchProtocolHost.exe", "CommandLine": "SearchProtocolHost.exe", "ParentProcessId": "8854", "ParentImage": "C:\\Windows\\System32\\SearchIndexer.exe", "Hashes": "SHA256=33247bd7fe70447cac2e01b5042549216495abe389244404a0e402fc8b4391ff", "User": "CORP\\mreyes"}}}, "timestamp": "2025-10-08T11:40:46.569200Z", "location": "Sysmon"}
{"index": {"_index": "wazuh-alerts-ctf-v3", "_id": "noise-0170-2509"}}
{"agent": {"name": "FS01.corp.local", "id": "fs01", "ip": "10.10.5.40"}, "rule": {"level": 3, "description": "A process has exited.", "id": "67027"}, "data": {"win": {"system": {"eventID": "4689", "systemTime": "2025-10-08T18:47:16.444276Z", "providerName": "Microsoft-Windows-Security-Auditing"}, "eventdata": {"subjectUserName": "Administrator", "newProcessName": "C:\\Windows\\System32\\cmd.exe", "parentProcessName": "C:\\Windows\\explorer.exe", "commandLine": "cmd.exe", "targetLogonId": "0x0", "subjectDomainName": "CORP", "subjectLogonId": "0x30387"}}}, "timestamp": "2025-10-08T18:47:16.444276Z", "location": "EventChannel"}
{"index": {"_index": "wazuh-alerts-ctf-v3", "_id": "259901a4-e9ee-4829-aba2-6328d7e7e5da"}}
{"agent": {"name": "SCDC01", "id": "005", "ip": "172.16.200.50"}, "rule": {"level": 3, "description": "A logon was successful.", "id": "67027"}, "data": {"win": {"system": {"eventID": "4624", "systemTime": "2025-10-08T18:30:12.556660Z", "providerName": "Microsoft-Windows-Security-Auditing"}, "eventdata": {"subjectUserName": "Administrator", "newProcessName": "C:\\Windows\\System32\\notepad.exe", "parentProcessName": "C:\\Windows\\explorer.exe", "targetLogonId": "0x0", "subjectDomainName": "INSIGHTNEXUS", "subjectLogonId": "0xce5fb"}}}, "timestamp": "2025-10-08T18:30:12.556660Z", "location": "EventChannel"}
{"index": {"_index": "wazuh-alerts-ctf-v3", "_id": "noise-0150-2725"}}
{"agent": {"name": "SCDC01", "id": "005", "ip": "172.16.200.50"}, "rule": {"level": 3, "description": "A process has exited.", "id": "67027"}, "data": {"win": {"system": {"eventID": "4689", "systemTime": "2025-10-08T17:51:46.281913Z", "providerName": "Microsoft-Windows-Security-Auditing"}, "eventdata": {"subjectUserName": "Administrator", "newProcessName": "C:\\Windows\\System32\\mspaint.exe", "parentProcessName": "C:\\Windows\\explorer.exe", "targetLogonId": "0x0", "subjectDomainName": "INSIGHTNEXUS", "subjectLogonId": "0xd19a"}}}, "timestamp": "2025-10-08T17:51:46.281913Z", "location": "EventChannel"}
{"index": {"_index": "wazuh-alerts-ctf-v3", "_id": "noise-0043-9766"}}
{"agent": {"name": "VICTIM-HOST-01.corp.local", "id": "vh01", "ip": "10.10.5.23"}, "rule": {"level": 3, "description": "A process was created.", "id": "34012"}, "data": {"win": {"system": {"eventID": "1", "systemTime": "2025-10-08T12:46:11.870494Z", "providerName": "Microsoft-Windows-Sysmon"}, "eventdata": {"ProcessGuid": "{28bb1b16-e0f8-4b4f-978d-067dd0c979c9}", "ProcessId": "6476", "Image": "C:\\Windows\\System32\\conhost.exe", "CommandLine": "conhost.exe", "ParentProcessId": "4962", "ParentImage": "C:\\Windows\\System32\\cmd.exe", "Hashes": "SHA256=c2abcc5895c546efb9ae3ab1cddba7963705c2120e6e464b91263c7d2c0242cc", "User": "CORP\\mreyes"}}}, "timestamp": "2025-10-08T12:46:11.870494Z", "location": "Sysmon"}
{"index": {"_index": "wazuh-alerts-ctf-v3", "_id": "noise-0048-7632"}}
{"agent": {"name": "VICTIM-HOST-01.corp.local", "id": "vh01", "ip": "10.10.5.23"}, "rule": {"level": 3, "description": "A process was created.", "id": "34012"}, "data": {"win": {"system": {"eventID": "1", "systemTime": "2025-10-08T09:37:40.283867Z", "providerName": "Microsoft-Windows-Sysmon"}, "eventdata": {"ProcessGuid": "{d750909d-e291-428d-9135-500c8b8f3793}", "ProcessId": "9463", "Image": "C:\\Windows\\System32\\taskhostw.exe", "CommandLine": "taskhostw.exe", "ParentProcessId": "6762", "ParentImage": "C:\\Windows\\System32\\svchost.exe", "Hashes": "SHA256=c842f7be8fff46519134da042e1da4e0972f74d4abdb47b08a5f5721abdce38b", "User": "CORP\\mreyes"}}}, "timestamp": "2025-10-08T09:37:40.283867Z", "location": "Sysmon"}
{"index": {"_index": "wazuh-alerts-ctf-v3", "_id": "noise-0215-5367"}}
{"agent": {"name": "FS01.corp.local", "id": "fs01", "ip": "10.10.5.40"}, "rule": {"level": 3, "description": "Network connection detected.", "id": "34013"}, "data": {"win": {"system": {"eventID": "3", "systemTime": "2025-10-08T19:33:28.488917Z", "providerName": "Microsoft-Windows-Sysmon"}, "eventdata": {"ProcessGuid": "{637ce262-76cb-4397-ade2-b1e5935de981}", "ProcessId": "9035", "Image": "C:\\Windows\\System32\\svchost.exe", "User": "CORP\\Administrator", "Protocol": "tcp", "SourceIp": "10.10.5.40", "SourcePort": "58630", "DestinationIp": "10.10.5.60", "DestinationPort": "443", "Initiated": "true", "DestinationHostname": "backup-vault.corp.local"}}}, "timestamp": "2025-10-08T19:33:28.488917Z", "location": "Sysmon"}
{"index": {"_index": "wazuh-alerts-ctf-v3", "_id": "e49afc65-817f-4e4e-a90b-d6b40e2d7c3f"}}
{"agent": {"name": "VICTIM-HOST-01.corp.local", "id": "vh01", "ip": "10.10.5.23"}, "rule": {"level": 3, "description": "A process was created.", "id": "34012"}, "data": {"win": {"system": {"eventID": "1", "systemTime": "2025-10-08T11:43:19.788887Z", "providerName": "Microsoft-Windows-Sysmon"}, "eventdata": {"ProcessGuid": "{f333e596-f799-477b-969f-8e32beec34a9}", "ProcessId": "6125", "Image": "C:\\Windows\\System32\\WindowsPowerShell\\v1.0\\powershell.exe", "CommandLine": "powershell.exe", "ParentProcessId": "1410", "ParentImage": "C:\\Windows\\explorer.exe", "Hashes": "SHA256=b00f1673678f4df191723fb7a57ab334913909f580414de58d7e911aab4918a8", "User": "NT AUTHORITY\\SYSTEM"}}}, "timestamp": "2025-10-08T11:43:19.788887Z", "location": "Sysmon"}
{"index": {"_index": "wazuh-alerts-ctf-v3", "_id": "noise-0104-8043"}}
{"agent": {"name": "VICTIM-HOST-01.corp.local", "id": "vh01", "ip": "10.10.5.23"}, "rule": {"level": 3, "description": "Network connection detected.", "id": "34013"}, "data": {"win": {"system": {"eventID": "3", "systemTime": "2025-10-08T11:37:00.058728Z", "providerName": "Microsoft-Windows-Sysmon"}, "eventdata": {"ProcessGuid": "{14f75437-59c5-4e76-90f6-97dba3b86514}", "ProcessId": "2670", "Image": "C:\\Windows\\System32\\cmd.exe", "User": "NT AUTHORITY\\SYSTEM", "Protocol": "tcp", "SourceIp": "10.10.5.23", "SourcePort": "65258", "DestinationIp": "140.82.121.3", "DestinationPort": "443", "Initiated": "true", "DestinationHostname": "github.com"}}}, "timestamp": "2025-10-08T11:37:00.058728Z", "location": "Sysmon"}
{"index": {"_index": "wazuh-alerts-ctf-v3", "_id": "noise-0198-1151"}}
{"agent": {"name": "FS01.corp.local", "id": "fs01", "ip": "10.10.5.40"}, "rule": {"level": 3, "description": "A process was created.", "id": "67027"}, "data": {"win": {"system": {"eventID": "4688", "systemTime": "2025-10-08T19:32:42.694434Z", "providerName": "Microsoft-Windows-Security-Auditing"}, "eventdata": {"subjectUserName": "Administrator", "newProcessName": "C:\\Program Files\\Microsoft Office\\root\\Office16\\WINWORD.EXE", "parentProcessName": "C:\\Windows\\explorer.exe", "commandLine": "WINWORD.EXE", "targetLogonId": "0x0", "subjectDomainName": "CORP", "subjectLogonId": "0x168c"}}}, "timestamp": "2025-10-08T19:32:42.694434Z", "location": "EventChannel"}
{"index": {"_index": "wazuh-alerts-ctf-v3", "_id": "7efaf204-7273-47a8-940b-4cd1aa89eb59"}}
{"agent": {"name": "FS01.corp.local", "id": "fs01", "ip": "10.10.5.40"}, "rule": {"level": 3, "description": "A process was created.", "id": "67027"}, "data": {"win": {"system": {"eventID": "4688", "systemTime": "2025-10-08T19:28:19.488579Z", "providerName": "Microsoft-Windows-Security-Auditing"}, "eventdata": {"subjectUserName": "Administrator", "newProcessName": "C:\\Windows\\System32\\WindowsPowerShell\\v1.0\\powershell.exe", "parentProcessName": "C:\\Windows\\explorer.exe", "commandLine": "powershell.exe Get-ChildItem D:\\Shares", "targetLogonId": "0x0", "subjectDomainName": "CORP", "subjectLogonId": "0x28143"}}}, "timestamp": "2025-10-08T19:28:19.488579Z", "location": "EventChannel"}
{"index": {"_index": "wazuh-alerts-ctf-v3", "_id": "fb2f62a7-eae3-43cf-b080-0b1137bb8bff"}}
{"agent": {"name": "FS01.corp.local", "id": "fs01", "ip": "10.10.5.40"}, "rule": {"level": 3, "description": "A process has exited.", "id": "67027"}, "data": {"win": {"system": {"eventID": "4689", "systemTime": "2025-10-08T18:25:37.066554Z", "providerName": "Microsoft-Windows-Security-Auditing"}, "eventdata": {"subjectUserName": "Administrator", "newProcessName": "C:\\Program Files\\7-Zip\\7zFM.exe", "parentProcessName": "C:\\Windows\\explorer.exe", "commandLine": "7zFM.exe", "targetLogonId": "0x0", "subjectDomainName": "CORP", "subjectLogonId": "0x8910c"}}}, "timestamp": "2025-10-08T18:25:37.066554Z", "location": "EventChannel"}
{"index": {"_index": "wazuh-alerts-ctf-v3", "_id": "c639304a-6a38-4f9c-a36c-c62e3ef1e03b"}}
{"agent": {"name": "VICTIM-HOST-01.corp.local", "id": "vh01", "ip": "10.10.5.23"}, "rule": {"level": 3, "description": "A process was created.", "id": "34012"}, "data": {"win": {"system": {"eventID": "1", "systemTime": "2025-10-08T10:07:56.601332Z", "providerName": "Microsoft-Windows-Sysmon"}, "eventdata": {"ProcessGuid": "{65b66042-098c-496c-8916-9d225187dab2}", "ProcessId": "5727", "Image": "C:\\Program Files\\Microsoft Office\\root\\Office16\\EXCEL.EXE", "CommandLine": "EXCEL.EXE", "ParentProcessId": "7496", "ParentImage": "C:\\Windows\\explorer.exe", "Hashes": "SHA256=c0406f2932dc4c049c42f180fddc8f71f7db4fa34ea04b9e9595db430d240091", "User": "CORP\\jsmith"}}}, "timestamp": "2025-10-08T10:07:56.601332Z", "location": "Sysmon"}
{"index": {"_index": "wazuh-alerts-ctf-v3", "_id": "6e1c710f-26dd-43c7-976e-f85245dbddad"}}
{"agent": {"name": "FS01.corp.local", "id": "fs01", "ip": "10.10.5.40"}, "rule": {"level": 3, "description": "A process was created.", "id": "67027"}, "data": {"win": {"system": {"eventID": "4688", "systemTime": "2025-10-08T19:28:42.775731Z", "providerName": "Microsoft-Windows-Security-Auditing"}, "eventdata": {"subjectUserName": "Administrator", "newProcessName": "C:\\Windows\\System32\\cmd.exe", "parentProcessName": "C:\\Windows\\explorer.exe", "commandLine": "cmd.exe", "targetLogonId": "0x0", "subjectDomainName": "CORP", "subjectLogonId": "0x7cb49"}}}, "timestamp": "2025-10-08T19:28:42.775731Z", "location": "EventChannel"}
{"index": {"_index": "wazuh-alerts-ctf-v3", "_id": "noise-0084-9783"}}
{"agent": {"name": "VICTIM-HOST-01.corp.local", "id": "vh01", "ip": "10.10.5.23"}, "rule": {"level": 3, "description": "Network connection detected.", "id": "34013"}, "data": {"win": {"system": {"eventID": "3", "systemTime": "2025-10-08T10:39:29.976560Z", "providerName": "Microsoft-Windows-Sysmon"}, "eventdata": {"ProcessGuid": "{5ebc7a50-5ad9-48af-b02a-8f8910992e71}", "ProcessId": "5457", "Image": "C:\\Windows\\System32\\wuauclt.exe", "User": "CORP\\svc-backup", "Protocol": "tcp", "SourceIp": "10.10.5.23", "SourcePort": "50720", "DestinationIp": "10.10.5.15", "DestinationPort": "80", "Initiated": "true", "DestinationHostname": "intranet.corp.local"}}}, "timestamp": "2025-10-08T10:39:29.976560Z", "location": "Sysmon"}
{"index": {"_index": "wazuh-alerts-ctf-v3", "_id": "24bde944-9aef-4987-bd02-46075715f2a4"}}
{"agent": {"name": "FS01.corp.local", "id": "fs01", "ip": "10.10.5.40"}, "rule": {"level": 3, "description": "A process has exited.", "id": "67027"}, "data": {"win": {"system": {"eventID": "4689", "systemTime": "2025-10-08T18:06:53.556768Z", "providerName": "Microsoft-Windows-Security-Auditing"}, "eventdata": {"subjectUserName": "Administrator", "newProcessName": "C:\\Windows\\System32\\taskmgr.exe", "parentProcessName": "C:\\Windows\\explorer.exe", "commandLine": "taskmgr.exe", "targetLogonId": "0x0", "subjectDomainName": "CORP", "subjectLogonId": "0xcd6fd"}}}, "timestamp": "2025-10-08T18:06:53.556768Z", "location": "EventChannel"}
{"index": {"_index": "wazuh-alerts-ctf-v3", "_id": "35cf78b5-8054-4668-beba-203ba28ed518"}}
{"agent": {"name": "FS01.corp.local", "id": "fs01", "ip": "10.10.5.40"}, "rule": {"level": 3, "description": "A process was created.", "id": "67027"}, "data": {"win": {"system": {"eventID": "4688", "systemTime": "2025-10-08T19:07:21.545882Z", "providerName": "Microsoft-Windows-Security-Auditing"}, "eventdata": {"subjectUserName": "Administrator", "newProcessName": "C:\\Program Files (x86)\\Adobe\\Acrobat Reader DC\\Reader\\AcroRd32.exe", "parentProcessName": "C:\\Windows\\explorer.exe", "commandLine": "AcroRd32.exe", "targetLogonId": "0x0", "subjectDomainName": "CORP", "subjectLogonId": "0x64f09"}}}, "timestamp": "2025-10-08T19:07:21.545882Z", "location": "EventChannel"}
{"index": {"_index": "wazuh-alerts-ctf-v3", "_id": "dadcfce0-83c1-4ec2-9563-b319019dc6fd"}}
{"agent": {"name": "VICTIM-HOST-01.corp.local", "id": "vh01", "ip": "10.10.5.23"}, "rule": {"level": 3, "description": "Network connection detected.", "id": "34013"}, "data": {"win": {"system": {"eventID": "3", "systemTime": "2025-10-08T09:28:24.353491Z", "providerName": "Microsoft-Windows-Sysmon"}, "eventdata": {"ProcessGuid": "{58430c6a-5709-4aaa-837c-53a6c77663cb}", "ProcessId": "9940", "Image": "C:\\Program Files\\Microsoft Office\\root\\Office16\\EXCEL.EXE", "User": "CORP\\jsmith", "Protocol": "tcp", "SourceIp": "10.10.5.23", "SourcePort": "56978", "DestinationIp": "3.235.71.2", "DestinationPort": "443", "Initiated": "true", "DestinationHostname": "zoom.us"}}}, "timestamp": "2025-10-08T09:28:24.353491Z", "location": "Sysmon"}
{"index": {"_index": "wazuh-alerts-ctf-v3", "_id": "dc705a11-a4cb-4406-9ef9-fefc95781e3d"}}
{"agent": {"name": "FS01.corp.local", "id": "fs01", "ip": "10.10.5.40"}, "rule": {"level": 3, "description": "A process has exited.", "id": "67027"}, "data": {"win": {"system": {"eventID": "4689", "systemTime": "2025-10-08T19:53:05.210584Z", "providerName": "Microsoft-Windows-Security-Auditing"}, "eventdata": {"subjectUserName": "Administrator", "newProcessName": "C:\\Windows\\System32\\robocopy.exe", "parentProcessName": "C:\\Windows\\System32\\cmd.exe", "commandLine": "robocopy.exe \"D:\\Shares\\Public\" \"D:\\Backups\\Public\" /MIR", "targetLogonId": "0x0", "subjectDomainName": "CORP", "subjectLogonId": "0xd18eb"}}}, "timestamp": "2025-10-08T19:53:05.210584Z", "location": "EventChannel"}
{"index": {"_index": "wazuh-alerts-ctf-v3", "_id": "noise-0031-5296"}}
{"agent": {"name": "VICTIM-HOST-01.corp.local", "id": "vh01", "ip": "10.10.5.23"}, "rule": {"level": 3, "description": "A process was created.", "id": "34012"}, "data": {"win": {"system": {"eventID": "1", "systemTime": "2025-10-08T12:21:16.473116Z", "providerName": "Microsoft-Windows-Sysmon"}, "eventdata": {"ProcessGuid": "{3ff9fb15-3387-40f1-a6bf-f07150de2182}", "ProcessId": "3896", "Image": "C:\\Program Files\\WindowsApps\\SlackTechnologies.Slack\\slack.exe", "CommandLine": "slack.exe", "ParentProcessId": "2141", "ParentImage": "C:\\Windows\\explorer.exe", "Hashes": "SHA256=8cc03039fa0446239a45b83b24f4a011fb215d74ac41410d8e54d54fde2c4c66", "User": "CORP\\jsmith"}}}, "timestamp": "2025-10-08T12:21:16.473116Z", "location": "Sysmon"}
{"index": {"_index": "wazuh-alerts-ctf-v3", "_id": "noise-0147-3576"}}
{"agent": {"name": "SCDC01", "id": "005", "ip": "172.16.200.50"}, "rule": {"level": 3, "description": "A process has exited.", "id": "67027"}, "data": {"win": {"system": {"eventID": "4689", "systemTime": "2025-10-08T18:57:25.215193Z", "providerName": "Microsoft-Windows-Security-Auditing"}, "eventdata": {"subjectUserName": "Administrator", "newProcessName": "C:\\Windows\\System32\\WerFault.exe", "parentProcessName": "C:\\Windows\\explorer.exe", "targetLogonId": "0x0", "subjectDomainName": "INSIGHTNEXUS", "subjectLogonId": "0x9fbc"}}}, "timestamp": "2025-10-08T18:57:25.215193Z", "location": "EventChannel"}
{"index": {"_index": "wazuh-alerts-ctf-v3", "_id": "9fa01650-1690-42ef-a8fc-08f616b19aeb"}}
{"agent": {"name": "VICTIM-HOST-01.corp.local", "id": "vh01", "ip": "10.10.5.23"}, "rule": {"level": 3, "description": "A process was created.", "id": "34012"}, "data": {"win": {"system": {"eventID": "1", "systemTime": "2025-10-08T10:47:23.033872Z", "providerName": "Microsoft-Windows-Sysmon"}, "eventdata": {"ProcessGuid": "{8a9e2771-8e42-4b04-829f-5f37d343db07}", "ProcessId": "3370", "Image": "C:\\Program Files (x86)\\Microsoft\\Edge\\Application\\msedge.exe", "CommandLine": "msedge.exe", "ParentProcessId": "3394", "ParentImage": "C:\\Windows\\explorer.exe", "Hashes": "SHA256=9617972abd994f158a5ce0787aa27ddfb8ae2548b33542178fd9d83a4cc9cb1f", "User": "CORP\\jsmith"}}}, "timestamp": "2025-10-08T10:47:23.033872Z", "location": "Sysmon"}
{"index": {"_index": "wazuh-alerts-ctf-v3", "_id": "37eeb458-55b7-4ac0-b2a4-18eb0faa1385"}}
{"agent": {"name": "VICTIM-HOST-01.corp.local", "id": "vh01", "ip": "10.10.5.23"}, "rule": {"level": 3, "description": "A process was created.", "id": "34012"}, "data": {"win": {"system": {"eventID": "1", "systemTime": "2025-10-08T11:43:39.648916Z", "providerName": "Microsoft-Windows-Sysmon"}, "eventdata": {"ProcessGuid": "{62a847df-2c38-46a5-a667-7616112b6af3}", "ProcessId": "7681", "Image": "C:\\Program Files\\7-Zip\\7zFM.exe", "CommandLine": "7zFM.exe", "ParentProcessId": "8420", "ParentImage": "C:\\Windows\\explorer.exe", "Hashes": "SHA256=53e0095a10014c818b162d0b2314f6059c415867fa6c4b3abb4c5cfdf3545a02", "User": "CORP\\svc-backup"}}}, "timestamp": "2025-10-08T11:43:39.648916Z", "location": "Sysmon"}
{"index": {"_index": "wazuh-alerts-ctf-v3", "_id": "noise-0070-3245"}}
{"agent": {"name": "VICTIM-HOST-01.corp.local", "id": "vh01", "ip": "10.10.5.23"}, "rule": {"level": 3, "description": "A process was created.", "id": "34012"}, "data": {"win": {"system": {"eventID": "1", "systemTime": "2025-10-08T10:22:16.027477Z", "providerName": "Microsoft-Windows-Sysmon"}, "eventdata": {"ProcessGuid": "{55fe1bec-60a1-445f-9f50-c36b59d0834f}", "ProcessId": "5413", "Image": "C:\\Windows\\System32\\backgroundTaskHost.exe", "CommandLine": "backgroundTaskHost.exe", "ParentProcessId": "6700", "ParentImage": "C:\\Windows\\System32\\svchost.exe", "Hashes": "SHA256=03a2e07446414299b18d9248806627541aea84eacb394a9c9d68097e9946e3a7", "User": "CORP\\mreyes"}}}, "timestamp": "2025-10-08T10:22:16.027477Z", "location": "Sysmon"}
{"index": {"_index": "wazuh-alerts-ctf-v3", "_id": "noise-0036-4771"}}
{"agent": {"name": "VICTIM-HOST-01.corp.local", "id": "vh01", "ip": "10.10.5.23"}, "rule": {"level": 3, "description": "A process was created.", "id": "34012"}, "data": {"win": {"system": {"eventID": "1", "systemTime": "2025-10-08T08:31:19.071802Z", "providerName": "Microsoft-Windows-Sysmon"}, "eventdata": {"ProcessGuid": "{36ed9dd2-4cdf-4144-bed8-025bf2eb3b8f}", "ProcessId": "1550", "Image": "C:\\Windows\\System32\\RuntimeBroker.exe", "CommandLine": "RuntimeBroker.exe", "ParentProcessId": "2824", "ParentImage": "C:\\Windows\\System32\\svchost.exe", "Hashes": "SHA256=ce6059263efd4feb8db5d89f2f63ff0528bbf82588d84910a2bc5793be8e0770", "User": "CORP\\svc-backup"}}}, "timestamp": "2025-10-08T08:31:19.071802Z", "location": "Sysmon"}
{"index": {"_index": "wazuh-alerts-ctf-v3", "_id": "34247bd5-0af9-4065-97bb-242b3b93ae15"}}
{"agent": {"name": "VICTIM-HOST-01.corp.local", "id": "vh01", "ip": "10.10.5.23"}, "rule": {"level": 3, "description": "Network connection detected.", "id": "34013"}, "data": {"win": {"system": {"eventID": "3", "systemTime": "2025-10-08T09:48:04.836856Z", "providerName": "Microsoft-Windows-Sysmon"}, "eventdata": {"ProcessGuid": "{5cc5b785-dde4-4d06-968e-235d9d481e05}", "ProcessId": "2901", "Image": "C:\\Program Files\\Microsoft Office\\root\\Office16\\EXCEL.EXE", "User": "CORP\\mreyes", "Protocol": "tcp", "SourceIp": "10.10.5.23", "SourcePort": "49513", "DestinationIp": "3.235.71.2", "DestinationPort": "443", "Initiated": "true", "DestinationHostname": "zoom.us"}}}, "timestamp": "2025-10-08T09:48:04.836856Z", "location": "Sysmon"}
{"index": {"_index": "wazuh-alerts-ctf-v3", "_id": "c9dfa48f-b26d-4999-a1bd-4c23bbad382c"}}
{"agent": {"name": "VICTIM-HOST-01.corp.local", "id": "vh01", "ip": "10.10.5.23"}, "rule": {"level": 3, "description": "Network connection detected.", "id": "34013"}, "data": {"win": {"system": {"eventID": "3", "systemTime": "2025-10-08T12:01:11.013818Z", "providerName": "Microsoft-Windows-Sysmon"}, "eventdata": {"ProcessGuid": "{a4ca27a3-cac4-4348-af72-3d78a02aa0d5}", "ProcessId": "7085", "Image": "C:\\Windows\\System32\\dllhost.exe", "User": "CORP\\jsmith", "Protocol": "tcp", "SourceIp": "10.10.5.23", "SourcePort": "56935", "DestinationIp": "13.107.42.13", "DestinationPort": "443", "Initiated": "true", "DestinationHostname": "onedrive.live.com"}}}, "timestamp": "2025-10-08T12:01:11.013818Z", "location": "Sysmon"}
{"index": {"_index": "wazuh-alerts-ctf-v3", "_id": "67978eb8-0c23-4694-bafc-c6c82a6b12bf"}}
{"agent": {"name": "VICTIM-HOST-01.corp.local", "id": "vh01", "ip": "10.10.5.23"}, "rule": {"level": 3, "description": "Network connection detected.", "id": "34013"}, "data": {"win": {"system": {"eventID": "3", "systemTime": "2025-10-08T08:39:48.496045Z", "providerName": "Microsoft-Windows-Sysmon"}, "eventdata": {"ProcessGuid": "{c5439a65-6a9e-4c9e-93af-8bc2f6fabb86}", "ProcessId": "3966", "Image": "C:\\Program Files (x86)\\Adobe\\Acrobat Reader DC\\Reader\\AcroRd32.exe", "User": "CORP\\jsmith", "Protocol": "tcp", "SourceIp": "10.10.5.23", "SourcePort": "52581", "DestinationIp": "10.10.5.5", "DestinationPort": "8080", "Initiated": "true"}}}, "timestamp": "2025-10-08T08:39:48.496045Z", "location": "Sysmon"}
{"index": {"_index": "wazuh-alerts-ctf-v3", "_id": "noise-0042-5413"}}
{"agent": {"name": "VICTIM-HOST-01.corp.local", "id": "vh01", "ip": "10.10.5.23"}, "rule": {"level": 3, "description": "A process was created.", "id": "34012"}, "data": {"win": {"system": {"eventID": "1", "systemTime": "2025-10-08T10:35:39.148739Z", "providerName": "Microsoft-Windows-Sysmon"}, "eventdata": {"ProcessGuid": "{ee73f570-88c1-4b74-acb4-0b9961818e0e}", "ProcessId": "6079", "Image": "C:\\Program Files\\Microsoft Office\\root\\Office16\\WINWORD.EXE", "CommandLine": "WINWORD.EXE", "ParentProcessId": "5874", "ParentImage": "C:\\Windows\\explorer.exe", "Hashes": "SHA256=204a1bf799ba4b9cba88e50506bc7e4bc924b66f892f4cbd87f303527275fb82", "User": "CORP\\svc-backup"}}}, "timestamp": "2025-10-08T10:35:39.148739Z", "location": "Sysmon"}
{"index": {"_index": "wazuh-alerts-ctf-v3", "_id": "noise-0117-9837"}}
{"agent": {"name": "SCDC01", "id": "005", "ip": "172.16.200.50"}, "rule": {"level": 3, "description": "A process was created.", "id": "67027"}, "data": {"win": {"system": {"eventID": "4688", "systemTime": "2025-10-08T18:56:40.694575Z", "providerName": "Microsoft-Windows-Security-Auditing"}, "eventdata": {"subjectUserName": "Administrator", "newProcessName": "C:\\Program Files\\Microsoft Office\\root\\Office16\\WINWORD.EXE", "parentProcessName": "C:\\Windows\\explorer.exe", "targetLogonId": "0x0", "subjectDomainName": "INSIGHTNEXUS", "subjectLogonId": "0xf07ec"}}}, "timestamp": "2025-10-08T18:56:40.694575Z", "location": "EventChannel"}
{"index": {"_index": "wazuh-alerts-ctf-v3", "_id": "noise-0167-3386"}}
{"agent": {"name": "FS01.corp.local", "id": "fs01", "ip": "10.10.5.40"}, "rule": {"level": 3, "description": "A process has exited.", "id": "67027"}, "data": {"win": {"system": {"eventID": "4689", "systemTime": "2025-10-08T19:12:36.660561Z", "providerName": "Microsoft-Windows-Security-Auditing"}, "eventdata": {"subjectUserName": "Administrator", "newProcessName": "C:\\Windows\\System32\\robocopy.exe", "parentProcessName": "C:\\Windows\\System32\\cmd.exe", "commandLine": "robocopy.exe \"D:\\Shares\\Public\" \"D:\\Backups\\Public\" /MIR", "targetLogonId": "0x0", "subjectDomainName": "CORP", "subjectLogonId": "0xedf8"}}}, "timestamp": "2025-10-08T19:12:36.660561Z", "location": "EventChannel"}
{"index": {"_index": "wazuh-alerts-ctf-v3", "_id": "noise-0163-6603"}}
{"agent": {"name": "FS01.corp.local", "id": "fs01", "ip": "10.10.5.40"}, "rule": {"level": 3, "description": "A process was created.", "id": "67027"}, "data": {"win": {"system": {"eventID": "4688", "systemTime": "2025-10-08T19:11:59.232977Z", "providerName": "Microsoft-Windows-Security-Auditing"}, "eventdata": {"subjectUserName": "Administrator", "newProcessName": "C:\\Windows\\System32\\xcopy.exe", "parentProcessName": "C:\\Windows\\System32\\cmd.exe", "commandLine": "xcopy.exe \"D:\\Shares\\HR\\Templates\" \"D:\\Shares\\HR\\Templates_bak\" /E", "targetLogonId": "0x0", "subjectDomainName": "CORP", "subjectLogonId": "0xdc92d"}}}, "timestamp": "2025-10-08T19:11:59.232977Z", "location": "EventChannel"}
{"index": {"_index": "wazuh-alerts-ctf-v3", "_id": "cdb04a36-3e87-48e6-a58a-7300d0c607c4"}}
{"agent": {"name": "SCDC01", "id": "005", "ip": "172.16.200.50"}, "rule": {"level": 3, "description": "A process was created.", "id": "67027"}, "data": {"win": {"system": {"eventID": "4688", "systemTime": "2025-10-08T18:58:10.683397Z", "providerName": "Microsoft-Windows-Security-Auditing"}, "eventdata": {"subjectUserName": "Administrator", "newProcessName": "C:\\Windows\\System32\\WerFault.exe", "parentProcessName": "C:\\Windows\\explorer.exe", "targetLogonId": "0x0", "subjectDomainName": "INSIGHTNEXUS", "subjectLogonId": "0xd646d"}}}, "timestamp": "2025-10-08T18:58:10.683397Z", "location": "EventChannel"}
