{"index": {"_index": "wazuh-alerts-ctf-v3", "_id": "d2c50c92-cb33-49c6-b468-8077ec8089d1"}}
{"agent": {"name": "VICTIM-HOST-01.corp.local", "id": "vh01", "ip": "10.10.5.23"}, "rule": {"level": 3, "description": "A process was created.", "id": "34012"}, "data": {"win": {"system": {"eventID": "1", "systemTime": "2025-10-08T12:25:02.537628Z", "providerName": "Microsoft-Windows-Sysmon"}, "eventdata": {"ProcessGuid": "{21640307-66dc-4070-b739-f3a5e2889c28}", "ProcessId": "7382", "Image": "C:\\Windows\\System32\\wuauclt.exe", "CommandLine": "wuauclt.exe", "ParentProcessId": "3157", "ParentImage": "C:\\Windows\\System32\\svchost.exe", "Hashes": "SHA256=4c530babf47d4fd5b32cb159bf95d7102ac9e16343d647cf9e22af23981c5859", "User": "NT AUTHORITY\\SYSTEM"}}}, "timestamp": "2025-10-08T12:25:02.537628Z", "location": "Sysmon"}
{"index": {"_index": "wazuh-alerts-ctf-v3", "_id": "bc1ca470-f52e-4beb-831b-4b9a9b49f24b"}}
{"agent": {"name": "VICTIM-HOST-01.corp.local", "id": "vh01", "ip": "10.10.5.23"}, "rule": {"level": 3, "description": "A process was created.", "id": "34012"}, "data": {"win": {"system": {"eventID": "1", "systemTime": "2025-10-08T11:05:20.626137Z", "providerName": "Microsoft-Windows-Sysmon"}, "eventdata": {"ProcessGuid": "{5731f7aa-14b8-45f2-af7d-c2f0ef5ae3ba}", "ProcessId": "9579", "Image": "C:\\Windows\\System32\\wuauclt.exe", "CommandLine": "wuauclt.exe", "ParentProcessId": "8341", "ParentImage": "C:\\Windows\\System32\\svchost.exe", "Hashes": "SHA256=1e68e159ef274e2b804e207a64a2e9f2c536e3a9303f4b49a3d35e7bb7993342", "User": "CORP\\svc-backup"}}}, "timestamp": "2025-10-08T11:05:20.626137Z", "location": "Sysmon"}
{"index": {"_index": "wazuh-alerts-ctf-v3", "_id": "noise-0095-7027"}}
{"agent": {"name": "VICTIM-HOST-01.corp.local", "id": "vh01", "ip": "10.10.5.23"}, "rule": {"level": 3, "description": "Network connection detected.", "id": "34013"}, "data": {"win": {"system": {"eventID": "3", "systemTime": "2025-10-08T09:07:06.140242Z", "providerName": "Microsoft-Windows-Sysmon"}, "eventdata": {"ProcessGuid": "{53358770-6d9e-4619-9880-02b3f202569e}", "ProcessId": "8340", "Image": "C:\\Program Files\\Microsoft Office\\root\\Office16\\WINWORD.EXE", "User": "CORP\\svc-backup", "Protocol": "tcp", "SourceIp": "10.10.5.23", "SourcePort": "51515", "DestinationIp": "140.82.121.3", "DestinationPort": "443", "Initiated": "true", "DestinationHostname": "github.com"}}}, "timestamp": "2025-10-08T09:07:06.140242Z", "location": "Sysmon"}
{"index": {"_index": "wazuh-alerts-ctf-v3", "_id": "noise-0051-9732"}}
{"agent": {"name": "VICTIM-HOST-01.corp.local", "id": "vh01", "ip": "10.10.5.23"}, "rule": {"level": 3, "description": "A process was created.", "id": "34012"}, "data": {"win": {"system": {"eventID": "1", "systemTime": "2025-10-08T10:12:04.761520Z", "providerName": "Microsoft-Windows-Sysmon"}, "eventdata": {"ProcessGuid": "{47a7f8ef-3072-4545-a65f-7eac133ee767}", "ProcessId": "3981", "Image": "C:\\Program Files\\Microsoft OneDrive\\OneDrive.exe", "CommandLine": "OneDrive.exe", "ParentProcessId": "4820", "ParentImage": "C:\\Windows\\explorer.exe", "Hashes": "SHA256=ef835948894f4161b21038788cde5919a97c9c9d37a542f49b12693625723c29", "User": "CORP\\mreyes"}}}, "timestamp": "2025-10-08T10:12:04.761520Z", "location": "Sysmon"}
{"index": {"_index": "wazuh-alerts-ctf-v3", "_id": "cae6e8d6-211a-4fc4-b419-5bb655e371cd"}}
{"agent": {"name": "SCDC01", "id": "005", "ip": "172.16.200.50"}, "rule": {"level": 3, "description": "A process has exited.", "id": "67027"}, "data": {"win": {"system": {"eventID": "4689", "systemTime": "2025-10-08T17:00:00.477537Z", "providerName": "Microsoft-Windows-Security-Auditing"}, "eventdata": {"subjectUserName": "Administrator", "newProcessName": "C:\\Windows\\System32\\calc.exe", "parentProcessName": "C:\\Windows\\explorer.exe", "targetLogonId": "0x0", "subjectDomainName": "INSIGHTNEXUS", "subjectLogonId": "0x58baf"}}}, "timestamp": "2025-10-08T17:00:00.477537Z", "location": "EventChannel"}
{"index": {"_index": "wazuh-alerts-ctf-v3", "_id": "32633b38-a7cf-40a9-bad9-897989f7037f"}}
{"agent": {"name": "FS01.corp.local", "id": "fs01", "ip": "10.10.5.40"}, "rule": {"level": 3, "description": "Network connection detected.", "id": "34013"}, "data": {"win": {"system": {"eventID": "3", "systemTime": "2025-10-08T19:32:56.284198Z", "providerName": "Microsoft-Windows-Sysmon"}, "eventdata": {"ProcessGuid": "{726532a5-9b55-4e51-89e9-a79b3f558928}", "ProcessId": "2953", "Image": "C:\\Windows\\System32\\svchost.exe", "User": "CORP\\Administrator", "Protocol": "tcp", "SourceIp": "10.10.5.40", "SourcePort": "60678", "DestinationIp": "172.16.200.50", "DestinationPort": "445", "Initiated": "true"}}}, "timestamp": "2025-10-08T19:32:56.284198Z", "location": "Sysmon"}
{"index": {"_index": "wazuh-alerts-ctf-v3", "_id": "adc5db32-946b-4f96-a6fc-fa6ae78e6252"}}
{"agent": {"name": "VICTIM-HOST-01.corp.local", "id": "vh01", "ip": "10.10.5.23"}, "rule": {"level": 3, "description": "A process was created.", "id": "34012"}, "data": {"win": {"system": {"eventID": "1", "systemTime": "2025-10-08T09:51:16.300714Z", "providerName": "Microsoft-Windows-Sysmon"}, "eventdata": {"ProcessGuid": "{fb233b3b-6739-4005-8582-bd5f6ddfea17}", "ProcessId": "3434", "Image": "C:\\Windows\\System32\\wuauclt.exe", "CommandLine": "wuauclt.exe", "ParentProcessId": "4940", "ParentImage": "C:\\Windows\\System32\\svchost.exe", "Hashes": "SHA256=e193b35bd2ad4a4da923cf66e1a5b8ac311a697e6faf4b5a8e08afabafe8340c", "User": "CORP\\mreyes"}}}, "timestamp": "2025-10-08T09:51:16.300714Z", "location": "Sysmon"}
{"index": {"_index": "wazuh-alerts-ctf-v3", "_id": "noise-0120-2195"}}
{"agent": {"name": "SCDC01", "id": "005", "ip": "172.16.200.50"}, "rule": {"level": 3, "description": "A process was created.", "id": "67027"}, "data": {"win": {"system": {"eventID": "4688", "systemTime": "2025-10-08T19:57:29.193018Z", "providerName": "Microsoft-Windows-Security-Auditing"}, "eventdata": {"subjectUserName": "Administrator", "newProcessName": "C:\\Windows\\System32\\cmd.exe", "parentProcessName": "C:\\Windows\\explorer.exe", "targetLogonId": "0x0", "subjectDomainName": "INSIGHTNEXUS", "subjectLogonId": "0xa8eb2"}}}, "timestamp": "2025-10-08T19:57:29.193018Z", "location": "EventChannel"}
{"index": {"_index": "wazuh-alerts-ctf-v3", "_id": "a6350a0e-1677-4766-882b-0e403b3d07a8"}}
{"agent": {"name": "SCDC01", "id": "005", "ip": "172.16.200.50"}, "rule": {"level": 3, "description": "A logon was successful.", "id": "67027"}, "data": {"win": {"system": {"eventID": "4624", "systemTime": "2025-10-08T17:14:52.177113Z", "providerName": "Microsoft-Windows-Security-Auditing"}, "eventdata": {"subjectUserName": "Administrator", "newProcessName": "C:\\Program Files\\Mozilla Firefox\\firefox.exe", "parentProcessName": "C:\\Windows\\System32\\svchost.exe", "targetLogonId": "0x0", "subjectDomainName": "INSIGHTNEXUS", "subjectLogonId": "0x24031"}}}, "timestamp": "2025-10-08T17:14:52.177113Z", "location": "EventChannel"}
{"index": {"_index": "wazuh-alerts-ctf-v3", "_id": "noise-0175-3943"}}
{"agent": {"name": "FS01.corp.local", "id": "fs01", "ip": "10.10.5.40"}, "rule": {"level": 3, "description": "A process was created.", "id": "67027"}, "data": {"win": {"system": {"eventID": "4688", "systemTime": "2025-10-08T19:43:38.674749Z", "providerName": "Microsoft-Windows-Security-Auditing"}, "eventdata": {"subjectUserName": "Administrator", "newProcessName": "C:\\Windows\\System32\\notepad.exe", "parentProcessName": "C:\\Windows\\explorer.exe", "commandLine": "notepad.exe", "targetLogonId": "0x0", "subjectDomainName": "CORP", "subjectLogonId": "0x3a8b6"}}}, "timestamp": "2025-10-08T19:43:38.674749Z", "location": "EventChannel"}
{"index": {"_index": "wazuh-alerts-ctf-v3", "_id": "b66751a6-6984-470b-8632-50779a76ecd3"}}
{"agent": {"name": "SCDC01", "id": "005", "ip": "172.16.200.50"}, "rule": {"level": 3, "description": "A logon was successful.", "id": "67027"}, "data": {"win": {"system": {"eventID": "4624", "systemTime": "2025-10-08T17:11:11.211580Z", "providerName": "Microsoft-Windows-Security-Auditing"}, "eventdata": {"subjectUserName": "Administrator", "newProcessName": "C:\\Program Files\\Mozilla Firefox\\firefox.exe", "parentProcessName": "C:\\Windows\\System32\\svchost.exe", "targetLogonId": "0x0", "subjectDomainName": "INSIGHTNEXUS", "subjectLogonId": "0x84ef6"}}}, "timestamp": "2025-10-08T17:11:11.211580Z", "location": "EventChannel"}
{"index": {"_index": "wazuh-alerts-ctf-v3", "_id": "noise-0222-8983"}}
{"agent": {"name": "FS01.corp.local", "id": "fs01", "ip": "10.10.5.40"}, "rule": {"level": 3, "description": "Network connection detected.", "id": "34013"}, "data": {"win": {"system": {"eventID": "3", "systemTime": "2025-10-08T19:03:14.623728Z", "providerName": "Microsoft-Windows-Sysmon"}, "eventdata": {"ProcessGuid": "{a1f23aa4-4be4-4c8b-be67-4ce2a1b32d6e}", "ProcessId": "7748", "Image": "C:\\Windows\\System32\\svchost.exe", "User": "CORP\\Administrator", "Protocol": "tcp", "SourceIp": "10.10.5.40", "SourcePort": "64567", "DestinationIp": "10.10.5.15", "DestinationPort": "80", "Initiated": "true", "DestinationHostname": "intranet.corp.local"}}}, "timestamp": "2025-10-08T19:03:14.623728Z", "location": "Sysmon"}
{"index": {"_index": "wazuh-alerts-ctf-v3", "_id": "noise-0003-7532"}}
{"agent": {"name": "VICTIM-HOST-01.corp.local", "id": "vh01", "ip": "10.10.5.23"}, "rule": {"level": 3, "description": "A process was created.", "id": "34012"}, "data": {"win": {"system": {"eventID": "1", "systemTime": "2025-10-08T11:44:13.798528Z", "providerName": "Microsoft-Windows-Sysmon"}, "eventdata": {"ProcessGuid": "{63b7aa1a-fbbd-41b1-a408-b0a1223b69af}", "ProcessId": "6978", "Image": "C:\\Windows\\System32\\dllhost.exe", "CommandLine": "dllhost.exe", "ParentProcessId": "2790", "ParentImage": "C:\\Windows\\System32\\svchost.exe", "Hashes": "SHA256=99b4412afcce4215aa822180e7860d4296b0121ec3324ee7859876fa821844a4", "User": "NT AUTHORITY\\SYSTEM"}}}, "timestamp": "2025-10-08T11:44:13.798528Z", "location": "Sysmon"}
{"index": {"_index": "wazuh-alerts-ctf-v3", "_id": "c9d60f8f-d61d-4865-81a4-67bcf22842c7"}}
{"agent": {"name": "FS01.corp.local", "id": "fs01", "ip": "10.10.5.40"}, "rule": {"level": 3, "description": "Network connection detected.", "id": "34013"}, "data": {"win": {"system": {"eventID": "3", "systemTime": "2025-10-08T18:21:01.184134Z", "providerName": "Microsoft-Windows-Sysmon"}, "eventdata": {"ProcessGuid": "{6f2c4907-8173-4234-8a48-cd574767ac57}", "ProcessId": "1191", "Image": "C:\\Windows\\System32\\svchost.exe", "User": "CORP\\Administrator", "Protocol": "tcp", "SourceIp": "10.10.5.40", "SourcePort": "57150", "DestinationIp": "10.10.5.1", "DestinationPort": "389", "Initiated": "true"}}}, "timestamp": "2025-10-08T18:21:01.184134Z", "location": "Sysmon"}
{"index": {"_index": "wazuh-alerts-ctf-v3", "_id": "noise-0159-7558"}}
{"agent": {"name": "FS01.corp.local", "id": "fs01", "ip": "10.10.5.40"}, "rule": {"level": 3, "description": "A process has exited.", "id": "67027"}, "data": {"win": {"system": {"eventID": "4689", "systemTime": "2025-10-08T18:35:17.314174Z", "providerName": "Microsoft-Windows-Security-Auditing"}, "eventdata": {"subjectUserName": "Administrator", "newProcessName": "C:\\Windows\\System32\\notepad.exe", "parentProcessName": "C:\\Windows\\explorer.exe", "commandLine": "notepad.exe", "targetLogonId": "0x0", "subjectDomainName": "CORP", "subjectLogonId": "0x891a6"}}}, "timestamp": "2025-10-08T18:35:17.314174Z", "location": "EventChannel"}
{"index": {"_index": "wazuh-alerts-ctf-v3", "_id": "20260385-999d-49c8-822b-e853b86f13d2"}}
{"agent": {"name": "FS01.corp.local", "id": "fs01", "ip": "10.10.5.40"}, "rule": {"level": 3, "description": "A process has exited.", "id": "67027"}, "data": {"win": {"system": {"eventID": "4689", "systemTime": "2025-10-08T19:38:23.327906Z", "providerName": "Microsoft-Windows-Security-Auditing"}, "eventdata": {"subjectUserName": "Administrator", "newProcessName": "C:\\Program Files\\7-Zip\\7zFM.exe", "parentProcessName": "C:\\Windows\\explorer.exe", "commandLine": "7zFM.exe", "targetLogonId": "0x0", "subjectDomainName": "CORP", "subjectLogonId": "0xd72ea"}}}, "timestamp": "2025-10-08T19:38:23.327906Z", "location": "EventChannel"}
{"index": {"_index": "wazuh-alerts-ctf-v3", "_id": "05734e1e-b17c-46fc-bd5b-61a1af5fe84e"}}
{"agent": {"name": "VICTIM-HOST-01.corp.local", "id": "vh01", "ip": "10.10.5.23"}, "rule": {"level": 3, "description": "Network connection detected.", "id": "34013"}, "data": {"win": {"system": {"eventID": "3", "systemTime": "2025-10-08T10:26:36.767328Z", "providerName": "Microsoft-Windows-Sysmon"}, "eventdata": {"ProcessGuid": "{2377478b-9a39-4a98-b91c-5b4aee2bac26}", "ProcessId": "8373", "Image": "C:\\Windows\\System32\\conhost.exe", "User": "CORP\\mreyes", "Protocol": "tcp", "SourceIp": "10.10.5.23", "SourcePort": "53717", "DestinationIp": "52.112.194.132", "DestinationPort": "443", "Initiated": "true", "DestinationHostname": "teams.microsoft.com"}}}, "timestamp": "2025-10-08T10:26:36.767328Z", "location": "Sysmon"}
{"index": {"_index": "wazuh-alerts-ctf-v3", "_id": "noise-0029-5963"}}
{"agent": {"name": "VICTIM-HOST-01.corp.local", "id": "vh01", "ip": "10.10.5.23"}, "rule": {"level": 3, "description": "A process was created.", "id": "34012"}, "data": {"win": {"system": {"eventID": "1", "systemTime": "2025-10-08T08:41:09.528769Z", "providerName": "Microsoft-Windows-Sysmon"}, "eventdata": {"ProcessGuid": "{bcb3b496-9693-4b14-b3cc-d4518005333a}", "ProcessId": "7347", "Image": "C:\\Program Files\\7-Zip\\7zFM.exe", "CommandLine": "7zFM.exe", "ParentProcessId": "6684", "ParentImage": "C:\\Windows\\explorer.exe", "Hashes": "SHA256=9245738e20004c418b60ab98404f32ac67b081d506db41cfae82c32abeb38354", "User": "NT AUTHORITY\\SYSTEM"}}}, "timestamp": "2025-10-08T08:41:09.528769Z", "location": "Sysmon"}
{"index": {"_index": "wazuh-alerts-ctf-v3", "_id": "c98b017d-65ea-4875-b66d-6cd36adba904"}}
{"agent": {"name": "FS01.corp.local", "id": "fs01", "ip": "10.10.5.40"}, "rule": {"level": 3, "description": "A process was created.", "id": "67027"}, "data": {"win": {"system": {"eventID": "4688", "systemTime": "2025-10-08T19:58:00.175705Z", "providerName": "Microsoft-Windows-Security-Auditing"}, "eventdata": {"subjectUserName": "Administrator", "newProcessName": "C:\\Windows\\System32\\calc.exe", "parentProcessName": "C:\\Windows\\explorer.exe", "commandLine": "calc.exe", "targetLogonId": "0x0", "subjectDomainName": "CORP", "subjectLogonId": "0xdc30a"}}}, "timestamp": "2025-10-08T19:58:00.175705Z", "location": "EventChannel"}
{"index": {"_index": "wazuh-alerts-ctf-v3", "_id": "00d864d2-09c1-4956-99a1-24f7b56d3e1b"}}
{"agent": {"name": "SCDC01", "id": "005", "ip": "172.16.200.50"}, "rule": {"level": 3, "description": "A process was created.", "id": "67027"}, "data": {"win": {"system": {"eventID": "4688", "systemTime": "2025-10-08T18:20:47.680935Z", "providerName": "Microsoft-Windows-Security-Auditing"}, "eventdata": {"subjectUserName": "Administrator", "newProcessName": "C:\\Windows\\System32\\taskmgr.exe", "parentProcessName": "C:\\Windows\\explorer.exe", "targetLogonId": "0x0", "subjectDomainName": "INSIGHTNEXUS", "subjectLogonId": "0x3a5fc"}}}, "timestamp": "2025-10-08T18:20:47.680935Z", "location": "EventChannel"}
{"index": {"_index": "wazuh-alerts-ctf-v3", "_id": "noise-0007-6034"}}
{"agent": {"name": "VICTIM-HOST-01.corp.local", "id": "vh01", "ip": "10.10.5.23"}, "rule": {"level": 3, "description": "A process was created.", "id": "34012"}, "data": {"win": {"system": {"eventID": "1", "systemTime": "2025-10-08T10:00:50.982378Z", "providerName": "Microsoft-Windows-Sysmon"}, "eventdata": {"ProcessGuid": "{6ec605a8-4962-4d18-ad97-dcf455287057}", "ProcessId": "6465", "Image": "C:\\Program Files (x86)\\Microsoft\\Edge\\Application\\msedge.exe", "CommandLine": "msedge.exe", "ParentProcessId": "8080", "ParentImage": "C:\\Windows\\explorer.exe", "Hashes": "SHA256=23b2dde6e06a45879a87c3c200c5b5b7c77f654da176463099dbdbcf4a2c3820", "User": "CORP\\svc-backup"}}}, "timestamp": "2025-10-08T10:00:50.982378Z", "location": "Sysmon"}
{"index": {"_index": "wazuh-alerts-ctf-v3", "_id": "noise-0108-1688"}}
{"agent": {"name": "VICTIM-HOST-01.corp.local", "id": "vh01", "ip": "10.10.5.23"}, "rule": {"level": 3, "description": "Network connection detected.", "id": "34013"}, "data": {"win": {"system": {"eventID": "3", "systemTime": "2025-10-08T09:03:04.438302Z", "providerName": "Microsoft-Windows-Sysmon"}, "eventdata": {"ProcessGuid": "{33ff383a-6632-468b-9fb0-c91409f15c2b}", "ProcessId": "1162", "Image": "C:\\Program Files\\Microsoft Office\\root\\Office16\\OUTLOOK.EXE", "User": "CORP\\jsmith", "Protocol": "tcp", "SourceIp": "10.10.5.23", "SourcePort": "64243", "DestinationIp": "10.10.5.1", "DestinationPort": "389", "Initiated": "true"}}}, "timestamp": "2025-10-08T09:03:04.438302Z", "location": "Sysmon"}
{"index": {"_index": "wazuh-alerts-ctf-v3", "_id": "5695429e-29c3-404e-a5b3-855b3a82384c"}}
{"agent": {"name": "VICTIM-HOST-01.corp.local", "id": "vh01", "ip": "10.10.5.23"}, "rule": {"level": 3, "description": "A process was created.", "id": "34012"}, "data": {"win": {"system": {"eventID": "1", "systemTime": "2025-10-08T10:27:36.374405Z", "providerName": "Microsoft-Windows-Sysmon"}, "eventdata": {"ProcessGuid": "{ff7bb43a-b6ec-496d-98e0-dc0ca84f2b7e}", "ProcessId": "3800", "Image": "C:\\Program Files (x86)\\Microsoft\\Edge\\Application\\msedge.exe", "CommandLine": "msedge.exe", "ParentProcessId": "4388", "ParentImage": "C:\\Windows\\explorer.exe", "Hashes": "SHA256=b7276ac8609041a7acf4cffc51dc37f0e95c3653a44144a7ad2acfa1986da3f8", "User": "CORP\\mreyes"}}}, "timestamp": "2025-10-08T10:27:36.374405Z", "location": "Sysmon"}
{"index": {"_index": "wazuh-alerts-ctf-v3", "_id": "99368a85-8a9d-431e-bd7d-4591fc605a65"}}
{"agent": {"name": "VICTIM-HOST-01.corp.local", "id": "vh01", "ip": "10.10.5.23"}, "rule": {"level": 3, "description": "A process was created.", "id": "34012"}, "data": {"win": {"system": {"eventID": "1", "systemTime": "2025-10-08T11:58:06.458383Z", "providerName": "Microsoft-Windows-Sysmon"}, "eventdata": {"ProcessGuid": "{902f3985-c019-4418-b865-6c418b654428}", "ProcessId": "7936", "Image": "C:\\Program Files\\WindowsApps\\SlackTechnologies.Slack\\slack.exe", "CommandLine": "slack.exe", "ParentProcessId": "7542", "ParentImage": "C:\\Windows\\explorer.exe", "Hashes": "SHA256=2bff1aff671f444f8ef87ea26f3687b9c4100cee3a4e42a9b2a99adf5c2402aa", "User": "CORP\\svc-backup"}}}, "timestamp": "2025-10-08T11:58:06.458383Z", "location": "Sysmon"}
{"index": {"_index": "wazuh-alerts-ctf-v3", "_id": "46a74fb4-e68c-4d37-b4b0-703d821d7897"}}
{"agent": {"name": "SCDC01", "id": "005", "ip": "172.16.200.50"}, "rule": {"level": 3, "description": "A logon was successful.", "id": "67027"}, "data": {"win": {"system": {"eventID": "4624", "systemTime": "2025-10-08T18:27:00.860290Z", "providerName": "Microsoft-Windows-Security-Auditing"}, "eventdata": {"subjectUserName": "Administrator", "newProcessName": "C:\\Program Files\\7-Zip\\7zFM.exe", "parentProcessName": "C:\\Windows\\explorer.exe", "targetLogonId": "0x0", "subjectDomainName": "INSIGHTNEXUS", "subjectLogonId": "0x5fc58"}}}, "timestamp": "2025-10-08T18:27:00.860290Z", "location": "EventChannel"}
{"index": {"_index": "wazuh-alerts-ctf-v3", "_id": "1817bb8a-ed87-4980-946d-2226894d2e51"}}
{"agent": {"name": "VICTIM-HOST-01.corp.local", "id": "vh01", "ip": "10.10.5.23"}, "rule": {"level": 3, "description": "A process was created.", "id": "34012"}, "data": {"win": {"system": {"eventID": "1", "systemTime": "2025-10-08T08:11:46.920956Z", "providerName": "Microsoft-Windows-Sysmon"}, "eventdata": {"ProcessGuid": "{16f7b721-dce9-4a93-89ae-bfa5e9d45d09}", "ProcessId": "9397", "Image": "C:\\Windows\\System32\\WindowsPowerShell\\v1.0\\powershell.exe", "CommandLine": "powershell.exe", "ParentProcessId": "3355", "ParentImage": "C:\\Windows\\explorer.exe", "Hashes": "SHA256=8c1fc28f3f504ffdb8d627802838d90597945a74785e4a5783bc4a6514f97590", "User": "CORP\\mreyes"}}}, "timestamp": "2025-10-08T08:11:46.920956Z", "location": "Sysmon"}
{"index": {"_index": "wazuh-alerts-ctf-v3", "_id": "noise-0045-3356"}}
{"agent": {"name": "VICTIM-HOST-01.corp.local", "id": "vh01", "ip": "10.10.5.23"}, "rule": {"level": 3, "description": "A process was created.", "id": "34012"}, "data": {"win": {"system": {"eventID": "1", "systemTime": "2025-10-08T11:14:08.779367Z", "providerName": "Microsoft-Windows-Sysmon"}, "eventdata": {"ProcessGuid": "{6e761aff-a0ee-4722-a50b-0aa0526a4076}", "ProcessId": "4764", "Image": "C:\\Program Files (x86)\\Microsoft\\Edge\\Application\\msedge.exe", "CommandLine": "msedge.exe", "ParentProcessId": "6842", "ParentImage": "C:\\Windows\\explorer.exe", "Hashes": "SHA256=1a5b1e522d324405b34f2f24b5aab6250a548a4f919c4d6d96d3eebb7ec47839", "User": "CORP\\mreyes"}}}, "timestamp": "2025-10-08T11:14:08.779367Z", "location": "Sysmon"}
{"index": {"_index": "wazuh-alerts-ctf-v3", "_id": "noise-0129-4945"}}
{"agent": {"name": "SCDC01", "id": "005", "ip": "172.16.200.50"}, "rule": {"level": 3, "description": "A logon was successful.", "id": "67027"}, "data": {"win": {"system": {"eventID": "4624", "systemTime": "2025-10-08T17:56:16.947366Z", "providerName": "Microsoft-Windows-Security-Auditing"}, "eventdata": {"subjectUserName": "Administrator", "newProcessName": "C:\\Windows\\System32\\cmd.exe", "parentProcessName": "C:\\Windows\\explorer.exe", "targetLogonId": "0x0", "subjectDomainName": "INSIGHTNEXUS", "subjectLogonId": "0x3a9c1"}}}, "timestamp": "2025-10-08T17:56:16.947366Z", "location": "EventChannel"}
{"index": {"_index": "wazuh-alerts-ctf-v3", "_id": "2c6ec62f-7c2b-4f46-99ec-7c1cca229d84"}}
{"agent": {"name": "VICTIM-HOST-01.corp.local", "id": "vh01", "ip": "10.10.5.23"}, "rule": {"level": 3, "description": "Network connection detected.", "id": "34013"}, "data": {"win": {"system": {"eventID": "3", "systemTime": "2025-10-08T12:21:41.855276Z", "providerName": "Microsoft-Windows-Sysmon"}, "eventdata": {"ProcessGuid": "{3ae32d63-d117-4e48-97fe-2d409f84f288}", "ProcessId": "5725", "Image": "C:\\Program Files\\Microsoft OneDrive\\OneDrive.exe", "User": "CORP\\mreyes", "Protocol": "tcp", "SourceIp": "10.10.5.23", "SourcePort": "59441", "DestinationIp": "140.82.121.3", "DestinationPort": "443", "Initiated": "true", "DestinationHostname": "github.com"}}}, "timestamp": "2025-10-08T12:21:41.855276Z", "location": "Sysmon"}
{"index": {"_index": "wazuh-alerts-ctf-v3", "_id": "noise-0086-7495"}}
{"agent": {"name": "VICTIM-HOST-01.corp.local", "id": "vh01", "ip": "10.10.5.23"}, "rule": {"level": 3, "description": "Network connection detected.", "id": "34013"}, "data": {"win": {"system": {"eventID": "3", "systemTime": "2025-10-08T10:34:54.529106Z", "providerName": "Microsoft-Windows-Sysmon"}, "eventdata": {"ProcessGuid": "{5da6c867-d92e-4aa6-9b4c-492f8feda2c8}", "ProcessId": "1729", "Image": "C:\\Program Files\\Microsoft OneDrive\\OneDrive.exe", "User": "CORP\\svc-backup", "Protocol": "tcp", "SourceIp": "10.10.5.23", "SourcePort": "57253", "DestinationIp": "142.250.80.100", "DestinationPort": "443", "Initiated": "true", "DestinationHostname": "www.google.com"}}}, "timestamp": "2025-10-08T10:34:54.529106Z", "location": "Sysmon"}
{"index": {"_index": "wazuh-alerts-ctf-v3", "_id": "noise-0058-7346"}}
{"agent": {"name": "VICTIM-HOST-01.corp.local", "id": "vh01", "ip": "10.10.5.23"}, "rule": {"level": 3, "description": "A process was created.", "id": "34012"}, "data": {"win": {"system": {"eventID": "1", "systemTime": "2025-10-08T08:04:18.761213Z", "providerName": "Microsoft-Windows-Sysmon"}, "eventdata": {"ProcessGuid": "{61980da2-5f6c-4c99-b221-fdf2739ee8ac}", "ProcessId": "8392", "Image": "C:\\Program Files\\Zoom\\bin\\Zoom.exe", "CommandLine": "Zoom.exe", "ParentProcessId": "5455", "ParentImage": "C:\\Windows\\explorer.exe", "Hashes": "SHA256=79789d36d4734ffcb19dff7f444edfc364abce65a7cf4412aaad642f33b38311", "User": "CORP\\mreyes"}}}, "timestamp": "2025-10-08T08:04:18.761213Z", "location": "Sysmon"}
{"index": {"_index": "wazuh-alerts-ctf-v3", "_id": "6e2ca387-fb35-4bb5-ae1f-c0da28de66ea"}}
{"agent": {"name": "FS01.corp.local", "id": "fs01", "ip": "10.10.5.40"}, "rule": {"level": 3, "description": "A process was created.", "id": "67027"}, "data": {"win": {"system": {"eventID": "4688", "systemTime": "2025-10-08T19:53:54.922548Z", "providerName": "Microsoft-Windows-Security-Auditing"}, "eventdata": {"subjectUserName": "Administrator", "newProcessName": "C:\\Program Files\\Veeam\\Backup\\VeeamAgent.exe", "parentProcessName": "C:\\Windows\\System32\\services.exe", "commandLine": "VeeamAgent.exe /job:NightlyBackup", "targetLogonId": "0x0", "subjectDomainName": "CORP", "subjectLogonId": "0xb043b"}}}, "timestamp": "2025-10-08T19:53:54.922548Z", "location": "EventChannel"}
{"index": {"_index": "wazuh-alerts-ctf-v3", "_id": "noise-0183-6005"}}
{"agent": {"name": "FS01.corp.local", "id": "fs01", "ip": "10.10.5.40"}, "rule": {"level": 3, "description": "A process has exited.", "id": "67027"}, "data": {"win": {"system": {"eventID": "4689", "systemTime": "2025-10-08T19:28:14.622826Z", "providerName": "Microsoft-Windows-Security-Auditing"}, "eventdata": {"subjectUserName": "Administrator", "newProcessName": "C:\\Windows\\System32\\taskmgr.exe", "parentProcessName": "C:\\Windows\\explorer.exe", "commandLine": "taskmgr.exe", "targetLogonId": "0x0", "subjectDomainName": "CORP", "subjectLogonId": "0xfe350"}}}, "timestamp": "2025-10-08T19:28:14.622826Z", "location": "EventChannel"}
{"index": {"_index": "wazuh-alerts-ctf-v3", "_id": "e44599c8-8ed9-4931-8d8f-3586f7d3ebf1"}}
{"agent": {"name": "SCDC01", "id": "005", "ip": "172.16.200.50"}, "rule": {"level": 3, "description": "A process has exited.", "id": "67027"}, "data": {"win": {"system": {"eventID": "4689", "systemTime": "2025-10-08T17:21:32.239302Z", "providerName": "Microsoft-Windows-Security-Auditing"}, "eventdata": {"subjectUserName": "Administrator", "newProcessName": "C:\\Windows\\System32\\mspaint.exe", "parentProcessName": "C:\\Windows\\explorer.exe", "targetLogonId": "0x0", "subjectDomainName": "INSIGHTNEXUS", "subjectLogonId": "0xfa07e"}}}, "timestamp": "2025-10-08T17:21:32.239302Z", "location": "EventChannel"}
{"index": {"_index": "wazuh-alerts-ctf-v3", "_id": "44f97ea5-e384-48f5-b7af-7a15a183fb9a"}}
{"agent": {"name": "VICTIM-HOST-01.corp.local", "id": "vh01", "ip": "10.10.5.23"}, "rule": {"level": 3, "description": "A process was created.", "id": "34012"}, "data": {"win": {"system": {"eventID": "1", "systemTime": "2025-10-08T11:43:54.192683Z", "providerName": "Microsoft-Windows-Sysmon"}, "eventdata": {"ProcessGuid": "{526989cc-db83-4532-9ac3-23b146630834}", "ProcessId": "4105", "Image": "C:\\Program Files\\Google\\Chrome\\Application\\chrome.exe", "CommandLine": "chrome.exe", "ParentProcessId": "2203", "ParentImage": "C:\\Windows\\explorer.exe", "Hashes": "SHA256=8ef178079b254268ac53c2da5ad650dbae8ba22938bd4f0792abb65df81ebc17", "User": "NT AUTHORITY\\SYSTEM"}}}, "timestamp": "2025-10-08T11:43:54.192683Z", "location": "Sysmon"}
{"index": {"_index": "wazuh-alerts-ctf-v3", "_id": "3701b323-d244-485e-9d0f-d452421cf3d1"}}
{"agent": {"name": "FS01.corp.local", "id": "fs01", "ip": "10.10.5.40"}, "rule": {"level": 3, "description": "A process was created.", "id": "67027"}, "data": {"win": {"system": {"eventID": "4688", "systemTime": "2025-10-08T19:02:59.458116Z", "providerName": "Microsoft-Windows-Security-Auditing"}, "eventdata": {"subjectUserName": "Administrator", "newProcessName": "C:\\Program Files\\7-Zip\\7zFM.exe", "parentProcessName": "C:\\Windows\\explorer.exe", "commandLine": "7zFM.exe", "targetLogonId": "0x0", "subjectDomainName": "CORP", "subjectLogonId": "0x68fa9"}}}, "timestamp": "2025-10-08T19:02:59.458116Z", "location": "EventChannel"}
{"index": {"_index": "wazuh-alerts-ctf-v3", "_id": "noise-0052-4664"}}
{"agent": {"name": "VICTIM-HOST-01.corp.local", "id": "vh01", "ip": "10.10.5.23"}, "rule": {"level": 3, "description": "A process was created.", "id": "34012"}, "data": {"win": {"system": {"eventID": "1", "systemTime": "2025-10-08T09:50:58.791676Z", "providerName": "Microsoft-Windows-Sysmon"}, "eventdata": {"ProcessGuid": "{c56e258f-1540-4c0a-b980-956631420bb8}", "ProcessId": "7334", "Image": "C:\\Windows\\System32\\cmd.exe", "CommandLine": "cmd.exe", "ParentProcessId": "2840", "ParentImage": "C:\\Windows\\explorer.exe", "Hashes": "SHA256=3a42b7f7b50c4192950c1eba24832c1142e66355b759490ab7f354c1ced17515", "User": "CORP\\svc-backup"}}}, "timestamp": "2025-10-08T09:50:58.791676Z", "location": "Sysmon"}
{"index": {"_index": "wazuh-alerts-ctf-v3", "_id": "noise-0200-6617"}}
{"agent": {"name": "FS01.corp.local", "id": "fs01", "ip": "10.10.5.40"}, "rule": {"level": 3, "description": "A process has exited.", "id": "67027"}, "data": {"win": {"system": {"eventID": "4689", "systemTime": "2025-10-08T18:33:19.425377Z", "providerName": "Microsoft-Windows-Security-Auditing"}, "eventdata": {"subjectUserName": "Administrator", "newProcessName": "C:\\Windows\\System32\\calc.exe", "parentProcessName": "C:\\Windows\\explorer.exe", "commandLine": "calc.exe", "targetLogonId": "0x0", "subjectDomainName": "CORP", "subjectLogonId": "0xbab3c"}}}, "timestamp": "2025-10-08T18:33:19.425377Z", "location": "EventChannel"}
{"index": {"_index": "wazuh-alerts-ctf-v3", "_id": "noise-0201-4978"}}
{"agent": {"name": "FS01.corp.local", "id": "fs01", "ip": "10.10.5.40"}, "rule": {"level": 3, "description": "A process has exited.", "id": "67027"}, "data": {"win": {"system": {"eventID": "4689", "systemTime": "2025-10-08T18:35:59.811934Z", "providerName": "Microsoft-Windows-Security-Auditing"}, "eventdata": {"subjectUserName": "Administrator", "newProcessName": "C:\\Windows\\System32\\taskmgr.exe", "parentProcessName": "C:\\Windows\\explorer.exe", "commandLine": "taskmgr.exe", "targetLogonId": "0x0", "subjectDomainName": "CORP", "subjectLogonId": "0x262cb"}}}, "timestamp": "2025-10-08T18:35:59.811934Z", "location": "EventChannel"}
{"index": {"_index": "wazuh-alerts-ctf-v3", "_id": "83bb63e2-8c1a-4749-a225-2039c8369196"}}
{"agent": {"name": "SCDC01", "id": "005", "ip": "172.16.200.50"}, "rule": {"level": 3, "description": "A process has exited.", "id": "67027"}, "data": {"win": {"system": {"eventID": "4689", "systemTime": "2025-10-08T18:11:53.411726Z", "providerName": "Microsoft-Windows-Security-Auditing"}, "eventdata": {"subjectUserName": "Administrator", "newProcessName": "C:\\Windows\\System32\\cmd.exe", "parentProcessName": "C:\\Windows\\explorer.exe", "targetLogonId": "0x0", "subjectDomainName": "INSIGHTNEXUS", "subjectLogonId": "0x8e00a"}}}, "timestamp": "2025-10-08T18:11:53.411726Z", "location": "EventChannel"}
{"index": {"_index": "wazuh-alerts-ctf-v3", "_id": "noise-0033-1585"}}
{"agent": {"name": "VICTIM-HOST-01.corp.local", "id": "vh01", "ip": "10.10.5.23"}, "rule": {"level": 3, "description": "A process was created.", "id": "34012"}, "data": {"win": {"system": {"eventID": "1", "systemTime": "2025-10-08T09:33:43.027750Z", "providerName": "Microsoft-Windows-Sysmon"}, "eventdata": {"ProcessGuid": "{3355acf7-b0e3-4408-83de-fdbe7d467584}", "ProcessId": "6149", "Image": "C:\\Windows\\System32\\WindowsPowerShell\\v1.0\\powershell.exe", "CommandLine": "powershell.exe", "ParentProcessId": "8556", "ParentImage": "C:\\Windows\\explorer.exe", "Hashes": "SHA256=e7e987c72e7f4cd88a7d2200949f89dda63bba8b85d64b3e86bbb35df2797c0c", "User": "NT AUTHORITY\\SYSTEM"}}}, "timestamp": "2025-10-08T09:33:43.027750Z", "location": "Sysmon"}
{"index": {"_index": "wazuh-alerts-ctf-v3", "_id": "15529054-363c-4c1f-9115-162208a7ec7b"}}
{"agent": {"name": "SCDC01", "id": "005", "ip": "172.16.200.50"}, "rule": {"level": 3, "description": "A process was created.", "id": "67027"}, "data": {"win": {"system": {"eventID": "4688", "systemTime": "2025-10-08T19:01:04.404703Z", "providerName": "Microsoft-Windows-Security-Auditing"}, "eventdata": {"subjectUserName": "Administrator", "newProcessName": "C:\\Windows\\System32\\calc.exe", "parentProcessName": "C:\\Windows\\explorer.exe", "targetLogonId": "0x0", "subjectDomainName": "INSIGHTNEXUS", "subjectLogonId": "0x62eeb"}}}, "timestamp": "2025-10-08T19:01:04.404703Z", "location": "EventChannel"}
{"index": {"_index": "wazuh-alerts-ctf-v3", "_id": "71eea489-7904-4175-9506-7cabf082bdbb"}}
{"agent": {"name": "SCDC01", "id": "005", "ip": "172.16.200.50"}, "rule": {"level": 3, "description": "A logon was successful.", "id": "67027"}, "data": {"win": {"system": {"eventID": "4624", "systemTime": "2025-10-08T18:45:32.171895Z", "providerName": "Microsoft-Windows-Security-Auditing"}, "eventdata": {"subjectUserName": "Administrator", "newProcessName": "C:\\Program Files\\Windows NT\\Accessories\\wordpad.exe", "parentProcessName": "C:\\Windows\\explorer.exe", "targetLogonId": "0x0", "subjectDomainName": "INSIGHTNEXUS", "subjectLogonId": "0x83a73"}}}, "timestamp": "2025-10-08T18:45:32.171895Z", "location": "EventChannel"}
{"index": {"_index": "wazuh-alerts-ctf-v3", "_id": "1eca4751-1851-4fbd-993d-879fc1ab429e"}}
{"agent": {"name": "SCDC01", "id": "005", "ip": "172.16.200.50"}, "rule": {"level": 3, "description": "A logon was successful.", "id": "67027"}, "data": {"win": {"system": {"eventID": "4624", "systemTime": "2025-10-08T17:45:44.766847Z", "providerName": "Microsoft-Windows-Security-Auditing"}, "eventdata": {"subjectUserName": "Administrator", "newProcessName": "C:\\Program Files\\Windows NT\\Accessories\\wordpad.exe", "parentProcessName": "C:\\Windows\\explorer.exe", "targetLogonId": "0x0", "subjectDomainName": "INSIGHTNEXUS", "subjectLogonId": "0x1ad60"}}}, "timestamp": "2025-10-08T17:45:44.766847Z", "location": "EventChannel"}
{"index": {"_index": "wazuh-alerts-ctf-v3", "_id": "noise-0177-7041"}}
{"agent": {"name": "FS01.corp.local", "id": "fs01", "ip": "10.10.5.40"}, "rule": {"level": 3, "description": "A process was created.", "id": "67027"}, "data": {"win": {"system": {"eventID": "4688", "systemTime": "2025-10-08T18:43:31.864758Z", "providerName": "Microsoft-Windows-Security-Auditing"}, "eventdata": {"subjectUserName": "Administrator", "newProcessName": "C:\\Windows\\System32\\cmd.exe", "parentProcessName": "C:\\Windows\\explorer.exe", "commandLine": "cmd.exe", "targetLogonId": "0x0", "subjectDomainName": "CORP", "subjectLogonId": "0xe8c7f"}}}, "timestamp": "2025-10-08T18:43:31.864758Z", "location": "EventChannel"}
{"index": {"_index": "wazuh-alerts-ctf-v3", "_id": "0706bf86-af26-4bac-a83d-a7b259332fca"}}
{"agent": {"name": "VICTIM-HOST-01.corp.local", "id": "vh01", "ip": "10.10.5.23"}, "rule": {"level": 3, "description": "A process was created.", "id": "34012"}, "data": {"win": {"system": {"eventID": "1", "systemTime": "2025-10-08T12:27:39.550608Z", "providerName": "Microsoft-Windows-Sysmon"}, "eventdata": {"ProcessGuid": "{d45372e8-e988-47e3-afb6-f0dfccc23329}", "ProcessId": "7201", "Image": "C:\\Program Files\\Microsoft Office\\root\\Office16\\WINWORD.EXE", "CommandLine": "WINWORD.EXE", "ParentProcessId": "7613", "ParentImage": "C:\\Windows\\explorer.exe", "Hashes": "SHA256=672fad47d5934bb1a9f7d27c5a560e573a228b8ace9346ae9450670ce4ac4a37", "User": "CORP\\jsmith"}}}, "timestamp": "2025-10-08T12:27:39.550608Z", "location": "Sysmon"}
{"index": {"_index": "wazuh-alerts-ctf-v3", "_id": "eccc262d-d399-4ba3-9c12-5b598de469d3"}}
{"agent": {"name": "SCDC01", "id": "005", "ip": "172.16.200.50"}, "rule": {"level": 3, "description": "A process has exited.", "id": "67027"}, "data": {"win": {"system": {"eventID": "4689", "systemTime": "2025-10-08T17:19:38.478482Z", "providerName": "Microsoft-Windows-Security-Auditing"}, "eventdata": {"subjectUserName": "Administrator", "newProcessName": "C:\\Program Files\\Mozilla Firefox\\firefox.exe", "parentProcessName": "C:\\Windows\\System32\\svchost.exe", "targetLogonId": "0x0", "subjectDomainName": "INSIGHTNEXUS", "subjectLogonId": "0x8e8ca"}}}, "timestamp": "2025-10-08T17:19:38.478482Z", "location": "EventChannel"}
{"index": {"_index": "wazuh-alerts-ctf-v3", "_id": "2f018f2b-2a75-4391-a710-21ded61779df"}}
{"agent": {"name": "FS01.corp.local", "id": "fs01", "ip": "10.10.5.40"}, "rule": {"level": 3, "description": "A process was created.", "id": "67027"}, "data": {"win": {"system": {"eventID": "4688", "systemTime": "2025-10-08T19:33:13.938964Z", "providerName": "Microsoft-Windows-Security-Auditing"}, "eventdata": {"subjectUserName": "Administrator", "newProcessName": "C:\\Program Files\\Microsoft Office\\root\\Office16\\WINWORD.EXE", "parentProcessName": "C:\\Windows\\explorer.exe", "commandLine": "WINWORD.EXE", "targetLogonId": "0x0", "subjectDomainName": "CORP", "subjectLogonId": "0xc870c"}}}, "timestamp": "2025-10-08T19:33:13.938964Z", "location": "EventChannel"}
{"index": {"_index": "wazuh-alerts-ctf-v3", "_id": "noise-0178-3180"}}
{"agent": {"name": "FS01.corp.local", "id": "fs01", "ip": "10.10.5.40"}, "rule": {"level": 3, "description": "A process has exited.", "id": "67027"}, "data": {"win": {"system": {"eventID": "4689", "systemTime": "2025-10-08T18:45:03.695785Z", "providerName": "Microsoft-Windows-Security-Auditing"}, "eventdata": {"subjectUserName": "Administrator", "newProcessName": "C:\\Windows\\System32\\spoolsv.exe", "parentProcessName": "C:\\Windows\\System32\\services.exe", "commandLine": "spoolsv.exe", "targetLogonId": "0x0", "subjectDomainName": "CORP", "subjectLogonId": "0x7c307"}}}, "timestamp": "2025-10-08T18:45:03.695785Z", "location": "EventChannel"}
{"index": {"_index": "wazuh-alerts-ctf-v3", "_id": "c65d68e7-29c8-474f-b28c-445b7ea43f16"}}
{"agent": {"name": "FS01.corp.local", "id": "fs01", "ip": "10.10.5.40"}, "rule": {"level": 3, "description": "A process has exited.", "id": "67027"}, "data": {"win": {"system": {"eventID": "4689", "systemTime": "2025-10-08T18:57:07.955272Z", "providerName": "Microsoft-Windows-Security-Auditing"}, "eventdata": {"subjectUserName": "Administrator", "newProcessName": "C:\\Windows\\System32\\cmd.exe", "parentProcessName": "C:\\Windows\\explorer.exe", "commandLine": "cmd.exe", "targetLogonId": "0x0", "subjectDomainName": "CORP", "subjectLogonId": "0x61d3a"}}}, "timestamp": "2025-10-08T18:57:07.955272Z", "location": "EventChannel"}
{"index": {"_index": "wazuh-alerts-ctf-v3", "_id": "noise-0191-9231"}}
{"agent": {"name": "FS01.corp.local", "id": "fs01", "ip": "10.10.5.40"}, "rule": {"level": 3, "description": "A process has exited.", "id": "67027"}, "data": {"win": {"system": {"eventID": "4689", "systemTime": "2025-10-08T18:10:18.855144Z", "providerName": "Microsoft-Windows-Security-Auditing"}, "eventdata": {"subjectUserName": "Administrator", "newProcessName": "C:\\Windows\\System32\\WindowsPowerShell\\v1.0\\powershell.exe", "parentProcessName": "C:\\Windows\\explorer.exe", "commandLine": "powershell.exe Get-ChildItem D:\\Shares", "targetLogonId": "0x0", "subjectDomainName": "CORP", "subjectLogonId": "0x6b6b5"}}}, "timestamp": "2025-10-08T18:10:18.855144Z", "location": "EventChannel"}
{"index": {"_index": "wazuh-alerts-ctf-v3", "_id": "566b5fc7-7b27-47fe-a196-0776124f8d5d"}}
{"agent": {"name": "VICTIM-HOST-01.corp.local", "id": "vh01", "ip": "10.10.5.23"}, "rule": {"level": 3, "description": "Network connection detected.", "id": "34013"}, "data": {"win": {"system": {"eventID": "3", "systemTime": "2025-10-08T11:29:43.430195Z", "providerName": "Microsoft-Windows-Sysmon"}, "eventdata": {"ProcessGuid": "{cd5b5c7a-6f38-4af2-ac56-9a9c344c1897}", "ProcessId": "6700", "Image": "C:\\Windows\\System32\\spoolsv.exe", "User": "NT AUTHORITY\\SYSTEM", "Protocol": "tcp", "SourceIp": "10.10.5.23", "SourcePort": "51912", "DestinationIp": "52.96.166.2", "DestinationPort": "443", "Initiated": "true", "DestinationHostname": "outlook.office365.com"}}}, "timestamp": "2025-10-08T11:29:43.430195Z", "location": "Sysmon"}
{"index": {"_index": "wazuh-alerts-ctf-v3", "_id": "2460201d-5a7f-4e33-915b-eaef40540a7e"}}
{"agent": {"name": "VICTIM-HOST-01.corp.local", "id": "vh01", "ip": "10.10.5.23"}, "rule": {"level": 3, "description": "A process was created.", "id": "34012"}, "data": {"win": {"system": {"eventID": "1", "systemTime": "2025-10-08T11:21:54.578393Z", "providerName": "Microsoft-Windows-Sysmon"}, "eventdata": {"ProcessGuid": "{4a27390a-190f-4f61-ba24-7b890605f177}", "ProcessId": "8563", "Image": "C:\\Program Files (x86)\\Adobe\\Acrobat Reader DC\\Reader\\AcroRd32.exe", "CommandLine": "AcroRd32.exe", "ParentProcessId": "8751", "ParentImage": "C:\\Windows\\explorer.exe", "Hashes": "SHA256=12b081f4558545e3abcc5c360f71c21df45ee2d4377d4e3db9fadf8b436f3f52", "User": "CORP\\svc-backup"}}}, "timestamp": "2025-10-08T11:21:54.578393Z", "location": "Sysmon"}
{"index": {"_index": "wazuh-alerts-ctf-v3", "_id": "noise-0158-7053"}}
{"agent": {"name": "FS01.corp.local", "id": "fs01", "ip": "10.10.5.40"}, "rule": {"level": 3, "description": "A process was created.", "id": "67027"}, "data": {"win": {"system": {"eventID": "4688", "systemTime": "2025-10-08T18:22:48.997140Z", "providerName": "Microsoft-Windows-Security-Auditing"}, "eventdata": {"subjectUserName": "Administrator", "newProcessName": "C:\\Windows\\System32\\WindowsPowerShell\\v1.0\\powershell.exe", "parentProcessName": "C:\\Windows\\explorer.exe", "commandLine": "powershell.exe Get-ChildItem D:\\Shares", "targetLogonId": "0x0", "subjectDomainName": "CORP", "subjectLogonId": "0x2a961"}}}, "timestamp": "2025-10-08T18:22:48.997140Z", "location": "EventChannel"}
{"index": {"_index": "wazuh-alerts-ctf-v3", "_id": "2af0cdf5-f3d0-4e7f-b68d-eda0148ead6a"}}
{"agent": {"name": "VICTIM-HOST-01.corp.local", "id": "vh01", "ip": "10.10.5.23"}, "rule": {"level": 3, "description": "A process was created.", "id": "34012"}, "data": {"win": {"system": {"eventID": "1", "systemTime": "2025-10-08T11:20:41.542670Z", "providerName": "Microsoft-Windows-Sysmon"}, "eventdata": {"ProcessGuid": "{6616e06b-bf45-4a42-afa1-238fb8c41a90}", "ProcessId": "5243", "Image": "C:\\Windows\\System32\\SearchProtocolHost.exe", "CommandLine": "SearchProtocolHost.exe", "ParentProcessId": "9779", "ParentImage": "C:\\Windows\\System32\\SearchIndexer.exe", "Hashes": "SHA256=a4c143c3d4254d87acd1240c886c344d2a90eb005ad54c73b5e68327179ad5f2", "User": "CORP\\mreyes"}}}, "timestamp": "2025-10-08T11:20:41.542670Z", "location": "Sysmon"}
{"index": {"_index": "wazuh-alerts-ctf-v3", "_id": "noise-0186-4751"}}
{"agent": {"name": "FS01.corp.local", "id": "fs01", "ip": "10.10.5.40"}, "rule": {"level": 3, "description": "A process was created.", "id": "67027"}, "data": {"win": {"system": {"eventID": "4688", "systemTime": "2025-10-08T19:02:11.355228Z", "providerName": "Microsoft-Windows-Security-Auditing"}, "eventdata": {"subjectUserName": "Administrator", "newProcessName": "C:\\Windows\\System32\\spoolsv.exe", "parentProcessName": "C:\\Windows\\System32\\services.exe", "commandLine": "spoolsv.exe", "targetLogonId": "0x0", "subjectDomainName": "CORP", "subjectLogonId": "0xb3b49"}}}, "timestamp": "2025-10-08T19:02:11.355228Z", "location": "EventChannel"}
{"index": {"_index": "wazuh-alerts-ctf-v3", "_id": "noise-0089-2533"}}
{"agent": {"name": "VICTIM-HOST-01.corp.local", "id": "vh01", "ip": "10.10.5.23"}, "rule": {"level": 3, "description": "Network connection detected.", "id": "34013"}, "data": {"win": {"system": {"eventID": "3", "systemTime": "2025-10-08T08:07:14.033882Z", "providerName": "Microsoft-Windows-Sysmon"}, "eventdata": {"ProcessGuid": "{7a6a43a6-cffa-4209-bd3a-2baa4f855385}", "ProcessId": "7314", "Image": "C:\\Windows\\System32\\cmd.exe", "User": "NT AUTHORITY\\SYSTEM", "Protocol": "tcp", "SourceIp": "10.10.5.23", "SourcePort": "64798", "DestinationIp": "10.10.5.1", "DestinationPort": "389", "Initiated": "true"}}}, "timestamp": "2025-10-08T08:07:14.033882Z", "location": "Sysmon"}
{"index": {"_index": "wazuh-alerts-ctf-v3", "_id": "113ba944-719c-4171-ad2e-166f9626c511"}}
{"agent": {"name": "FS01.corp.local", "id": "fs01", "ip": "10.10.5.40"}, "rule": {"level": 3, "description": "Network connection detected.", "id": "34013"}, "data": {"win": {"system": {"eventID": "3", "systemTime": "2025-10-08T19:15:11.421075Z", "providerName": "Microsoft-Windows-Sysmon"}, "eventdata": {"ProcessGuid": "{c834b39b-11ad-4c6c-9718-7d6814dbacb0}", "ProcessId": "4589", "Image": "C:\\Windows\\System32\\svchost.exe", "User": "CORP\\Administrator", "Protocol": "tcp", "SourceIp": "10.10.5.40", "SourcePort": "60512", "DestinationIp": "10.10.5.1", "DestinationPort": "389", "Initiated": "true"}}}, "timestamp": "2025-10-08T19:15:11.421075Z", "location": "Sysmon"}
{"index": {"_index": "wazuh-alerts-ctf-v3", "_id": "ae3924bb-9d4a-48ee-be3d-1aeb8f288280"}}
{"agent": {"name": "FS01.corp.local", "id": "fs01", "ip": "10.10.5.40"}, "rule": {"level": 3, "description": "A logon was successful.", "id": "67027"}, "data": {"win": {"system": {"eventID": "4624", "systemTime": "2025-10-08T18:12:40.010000Z", "providerName": "Microsoft-Windows-Security-Auditing"}, "eventdata": {"subjectUserName": "adm.backup_svc", "newProcessName": "C:\\Windows\\explorer.exe", "parentProcessName": "C:\\Windows\\System32\\services.exe", "targetLogonId": "0x0", "subjectDomainName": "CORP", "subjectLogonId": "0x1684f", "logonType": "3", "ipAddress": "10.10.5.23"}}}, "timestamp": "2025-10-08T18:12:40.010000Z", "location": "EventChannel"}
{"index": {"_index": "wazuh-alerts-ctf-v3", "_id": "f119202a-036a-4b24-9b85-13d4c8dd69db"}}
{"agent": {"name": "VICTIM-HOST-01.corp.local", "id": "vh01", "ip": "10.10.5.23"}, "rule": {"level": 3, "description": "Network connection detected.", "id": "34013"}, "data": {"win": {"system": {"eventID": "3", "systemTime": "2025-10-08T09:38:13.447193Z", "providerName": "Microsoft-Windows-Sysmon"}, "eventdata": {"ProcessGuid": "{ee9f12eb-a065-492a-b932-cc30b4aefaa1}", "ProcessId": "6227", "Image": "C:\\Program Files\\Microsoft Office\\root\\Office16\\EXCEL.EXE", "User": "CORP\\mreyes", "Protocol": "tcp", "SourceIp": "10.10.5.23", "SourcePort": "56350", "DestinationIp": "10.10.5.2", "DestinationPort": "53", "Initiated": "true"}}}, "timestamp": "2025-10-08T09:38:13.447193Z", "location": "Sysmon"}
{"index": {"_index": "wazuh-alerts-ctf-v3", "_id": "noise-0224-4653"}}
{"agent": {"name": "FS01.corp.local", "id": "fs01", "ip": "10.10.5.40"}, "rule": {"level": 3, "description": "Network connection detected.", "id": "34013"}, "data": {"win": {"system": {"eventID": "3", "systemTime": "2025-10-08T18:39:10.646090Z", "providerName": "Microsoft-Windows-Sysmon"}, "eventdata": {"ProcessGuid": "{db78e5d5-a4de-43f7-baad-93ad36ba4024}", "ProcessId": "8884", "Image": "C:\\Windows\\System32\\svchost.exe", "User": "CORP\\Administrator", "Protocol": "tcp", "SourceIp": "10.10.5.40", "SourcePort": "65021", "DestinationIp": "172.16.200.50", "DestinationPort": "445", "Initiated": "true"}}}, "timestamp": "2025-10-08T18:39:10.646090Z", "location": "Sysmon"}
{"index": {"_index": "wazuh-alerts-ctf-v3", "_id": "58995b26-6b49-41fc-887e-43bd9e144718"}}
{"agent": {"name": "FS01.corp.local", "id": "fs01", "ip": "10.10.5.40"}, "rule": {"level": 3, "description": "A process has exited.", "id": "67027"}, "data": {"win": {"system": {"eventID": "4689", "systemTime": "2025-10-08T19:00:08.413939Z", "providerName": "Microsoft-Windows-Security-Auditing"}, "eventdata": {"subjectUserName": "Administrator", "newProcessName": "C:\\Windows\\System32\\xcopy.exe", "parentProcessName": "C:\\Windows\\System32\\cmd.exe", "commandLine": "xcopy.exe \"D:\\Shares\\HR\\Templates\" \"D:\\Shares\\HR\\Templates_bak\" /E", "targetLogonId": "0x0", "subjectDomainName": "CORP", "subjectLogonId": "0x9e6bb"}}}, "timestamp": "2025-10-08T19:00:08.413939Z", "location": "EventChannel"}
{"index": {"_index": "wazuh-alerts-ctf-v3", "_id": "noise-0205-5144"}}
{"agent": {"name": "FS01.corp.local", "id": "fs01", "ip": "10.10.5.40"}, "rule": {"level": 3, "description": "A process has exited.", "id": "67027"}, "data": {"win": {"system": {"eventID": "4689", "systemTime": "2025-10-08T18:16:10.309589Z", "providerName": "Microsoft-Windows-Security-Auditing"}, "eventdata": {"subjectUserName": "Administrator", "newProcessName": "C:\\Program Files\\7-Zip\\7zFM.exe", "parentProcessName": "C:\\Windows\\explorer.exe", "commandLine": "7zFM.exe", "targetLogonId": "0x0", "subjectDomainName": "CORP", "subjectLogonId": "0x8caa7"}}}, "timestamp": "2025-10-08T18:16:10.309589Z", "location": "EventChannel"}
{"index": {"_index": "wazuh-alerts-ctf-v3", "_id": "e8947a32-4be9-49d0-8607-7a18a1dd09f1"}}
{"agent": {"name": "VICTIM-HOST-01.corp.local", "id": "vh01", "ip": "10.10.5.23"}, "rule": {"level": 3, "description": "A process was created.", "id": "34012"}, "data": {"win": {"system": {"eventID": "1", "systemTime": "2025-10-08T08:14:00.740796Z", "providerName": "Microsoft-Windows-Sysmon"}, "eventdata": {"ProcessGuid": "{b25a68e3-3f7a-4494-a6b3-2e81216479ea}", "ProcessId": "9481", "Image": "C:\\Program Files\\Zoom\\bin\\Zoom.exe", "CommandLine": "Zoom.exe", "ParentProcessId": "4007", "ParentImage": "C:\\Windows\\explorer.exe", "Hashes": "SHA256=39ec0bb6c15242cd9890faa6e1dc5d47998e2ec11d3644109332d7ab9f12f067", "User": "NT AUTHORITY\\SYSTEM"}}}, "timestamp": "2025-10-08T08:14:00.740796Z", "location": "Sysmon"}
{"index": {"_index": "wazuh-alerts-ctf-v3", "_id": "noise-0053-1620"}}
{"agent": {"name": "VICTIM-HOST-01.corp.local", "id": "vh01", "ip": "10.10.5.23"}, "rule": {"level": 3, "description": "A process was created.", "id": "34012"}, "data": {"win": {"system": {"eventID": "1", "systemTime": "2025-10-08T10:47:23.318180Z", "providerName": "Microsoft-Windows-Sysmon"}, "eventdata": {"ProcessGuid": "{4eaaa711-27bf-470b-b052-ff7d918b3500}", "ProcessId": "4895", "Image": "C:\\Program Files\\WindowsApps\\SlackTechnologies.Slack\\slack.exe", "CommandLine": "slack.exe", "ParentProcessId": "8797", "ParentImage": "C:\\Windows\\explorer.exe", "Hashes": "SHA256=731b048433e54985a0aac300a1a8fb1f2586ed514ae84f05be40b188f4ad6c27", "User": "CORP\\mreyes"}}}, "timestamp": "2025-10-08T10:47:23.318180Z", "location": "Sysmon"}
