{"index": {"_index": "wazuh-alerts-ctf-v3", "_id": "noise-0019-8219"}}
{"agent": {"name": "VICTIM-HOST-01.corp.local", "id": "vh01", "ip": "10.10.5.23"}, "rule": {"level": 3, "description": "A process was created.", "id": "34012"}, "data": {"win": {"system": {"eventID": "1", "systemTime": "2025-10-08T08:11:50.202170Z", "providerName": "Microsoft-Windows-Sysmon"}, "eventdata": {"ProcessGuid": "{00f35ec6-cf24-48c4-9451-530ce62da62c}", "ProcessId": "3659", "Image": "C:\\Windows\\System32\\WindowsPowerShell\\v1.0\\powershell.exe", "CommandLine": "powershell.exe", "ParentProcessId": "4883", "ParentImage": "C:\\Windows\\explorer.exe", "Hashes": "SHA256=ffc69a633d5045f08248430930912a50a5c1c5ec18d449a680faf5f868ca48b4", "User": "CORP\\svc-backup"}}}, "timestamp": "2025-10-08T08:11:50.202170Z", "location": "Sysmon"}
{"index": {"_index": "wazuh-alerts-ctf-v3", "_id": "noise-0125-7095"}}
{"agent": {"name": "SCDC01", "id": "005", "ip": "172.16.200.50"}, "rule": {"level": 3, "description": "A process was created.", "id": "67027"}, "data": {"win": {"system": {"eventID": "4688", "systemTime": "2025-10-08T19:42:06.816856Z", "providerName": "Microsoft-Windows-Security-Auditing"}, "eventdata": {"subjectUserName": "Administrator", "newProcessName": "C:\\Windows\\System32\\taskmgr.exe", "parentProcessName": "C:\\Windows\\explorer.exe", "targetLogonId": "0x0", "subjectDomainName": "INSIGHTNEXUS", "subjectLogonId": "0xdae55"}}}, "timestamp": "2025-10-08T19:42:06.816856Z", "location": "EventChannel"}
{"index": {"_index": "wazuh-alerts-ctf-v3", "_id": "0eda0968-d41e-45b6-a03c-8074e4f049f1"}}
{"agent": {"name": "VICTIM-HOST-01.corp.local", "id": "vh01", "ip": "10.10.5.23"}, "rule": {"level": 3, "description": "Network connection detected.", "id": "34013"}, "data": {"win": {"system": {"eventID": "3", "systemTime": "2025-10-08T08:17:44.394849Z", "providerName": "Microsoft-Windows-Sysmon"}, "eventdata": {"ProcessGuid": "{04d89cf5-ed3a-4f91-b3f7-872229929b5f}", "ProcessId": "5121", "Image": "C:\\Program Files\\Microsoft Office\\root\\Office16\\OUTLOOK.EXE", "User": "CORP\\svc-backup", "Protocol": "tcp", "SourceIp": "10.10.5.23", "SourcePort": "52519", "DestinationIp": "142.250.80.100", "DestinationPort": "443", "Initiated": "true", "DestinationHostname": "www.google.com"}}}, "timestamp": "2025-10-08T08:17:44.394849Z", "location": "Sysmon"}
{"index": {"_index": "wazuh-alerts-ctf-v3", "_id": "noise-0133-1136"}}
{"agent": {"name": "SCDC01", "id": "005", "ip": "172.16.200.50"}, "rule": {"level": 3, "description": "A process has exited.", "id": "67027"}, "data": {"win": {"system": {"eventID": "4689", "systemTime": "2025-10-08T18:30:11.321109Z", "providerName": "Microsoft-Windows-Security-Auditing"}, "eventdata": {"subjectUserName": "Administrator", "newProcessName": "C:\\Program Files\\Windows NT\\Accessories\\wordpad.exe", "parentProcessName": "C:\\Windows\\explorer.exe", "targetLogonId": "0x0", "subjectDomainName": "INSIGHTNEXUS", "subjectLogonId": "0x2f6c3"}}}, "timestamp": "2025-10-08T18:30:11.321109Z", "location": "EventChannel"}
{"index": {"_index": "wazuh-alerts-ctf-v3", "_id": "927da082-86e4-473b-8a0e-90a8b858d6b9"}}
{"agent": {"name": "FS01.corp.local", "id": "fs01", "ip": "10.10.5.40"}, "rule": {"level": 3, "description": "Network connection detected.", "id": "34013"}, "data": {"win": {"system": {"eventID": "3", "systemTime": "2025-10-08T19:00:18.090428Z", "providerName": "Microsoft-Windows-Sysmon"}, "eventdata": {"ProcessGuid": "{52225b9a-6d0d-4bac-8a4e-ef29b6840807}", "ProcessId": "5072", "Image": "C:\\Windows\\System32\\svchost.exe", "User": "CORP\\Administrator", "Protocol": "tcp", "SourceIp": "10.10.5.40", "SourcePort": "58794", "DestinationIp": "10.10.5.2", "DestinationPort": "53", "Initiated": "true"}}}, "timestamp": "2025-10-08T19:00:18.090428Z", "location": "Sysmon"}
{"index": {"_index": "wazuh-alerts-ctf-v3", "_id": "noise-0144-7000"}}
{"agent": {"name": "SCDC01", "id": "005", "ip": "172.16.200.50"}, "rule": {"level": 3, "description": "A process has exited.", "id": "67027"}, "data": {"win": {"system": {"eventID": "4689", "systemTime": "2025-10-08T19:54:20.093812Z", "providerName": "Microsoft-Windows-Security-Auditing"}, "eventdata": {"subjectUserName": "Administrator", "newProcessName": "C:\\Program Files\\Microsoft Office\\root\\Office16\\EXCEL.EXE", "parentProcessName": "C:\\Windows\\explorer.exe", "targetLogonId": "0x0", "subjectDomainName": "INSIGHTNEXUS", "subjectLogonId": "0xf5d23"}}}, "timestamp": "2025-10-08T19:54:20.093812Z", "location": "EventChannel"}
{"index": {"_index": "wazuh-alerts-ctf-v3", "_id": "f3ebea1a-cdbd-4551-b0a6-ca49074137e9"}}
{"agent": {"name": "SCDC01", "id": "005", "ip": "172.16.200.50"}, "rule": {"level": 3, "description": "A process has exited.", "id": "67027"}, "data": {"win": {"system": {"eventID": "4689", "systemTime": "2025-10-08T17:19:11.981701Z", "providerName": "Microsoft-Windows-Security-Auditing"}, "eventdata": {"subjectUserName": "Administrator", "newProcessName": "C:\\Program Files\\Windows NT\\Accessories\\wordpad.exe", "parentProcessName": "C:\\Windows\\explorer.exe", "targetLogonId": "0x0", "subjectDomainName": "INSIGHTNEXUS", "subjectLogonId": "0x561ed"}}}, "timestamp": "2025-10-08T17:19:11.981701Z", "location": "EventChannel"}
{"index": {"_index": "wazuh-alerts-ctf-v3", "_id": "817adabe-9a5f-4f76-9d6d-418ecb7e86af"}}
{"agent": {"name": "VICTIM-HOST-01.corp.local", "id": "vh01", "ip": "10.10.5.23"}, "rule": {"level": 3, "description": "A process was created.", "id": "34012"}, "data": {"win": {"system": {"eventID": "1", "systemTime": "2025-10-08T12:08:32.300831Z", "providerName": "Microsoft-Windows-Sysmon"}, "eventdata": {"ProcessGuid": "{a2ae828e-a089-4963-ae80-6c240e8306ec}", "ProcessId": "7021", "Image": "C:\\Program Files (x86)\\Adobe\\Acrobat Reader DC\\Reader\\AcroRd32.exe", "CommandLine": "AcroRd32.exe", "ParentProcessId": "1865", "ParentImage": "C:\\Windows\\explorer.exe", "Hashes": "SHA256=b61a6963543a4c2bb37ef29c05c32ba8116c988e604641bb84b43728d40b620f", "User": "CORP\\mreyes"}}}, "timestamp": "2025-10-08T12:08:32.300831Z", "location": "Sysmon"}
{"index": {"_index": "wazuh-alerts-ctf-v3", "_id": "be3227b4-7c79-4f4d-a02b-f1535512d085"}}
{"agent": {"name": "VICTIM-HOST-01.corp.local", "id": "vh01", "ip": "10.10.5.23"}, "rule": {"level": 3, "description": "Network connection detected.", "id": "34013"}, "data": {"win": {"system": {"eventID": "3", "systemTime": "2025-10-08T09:00:01.542261Z", "providerName": "Microsoft-Windows-Sysmon"}, "eventdata": {"ProcessGuid": "{392a04c3-e545-4652-bea7-c4b7f0e8913d}", "ProcessId": "9412", "Image": "C:\\Program Files\\Microsoft Office\\root\\Office16\\OUTLOOK.EXE", "User": "NT AUTHORITY\\SYSTEM", "Protocol": "tcp", "SourceIp": "10.10.5.23", "SourcePort": "49434", "DestinationIp": "3.233.20.11", "DestinationPort": "443", "Initiated": "true", "DestinationHostname": "slack.com"}}}, "timestamp": "2025-10-08T09:00:01.542261Z", "location": "Sysmon"}
{"index": {"_index": "wazuh-alerts-ctf-v3", "_id": "noise-0172-4776"}}
{"agent": {"name": "FS01.corp.local", "id": "fs01", "ip": "10.10.5.40"}, "rule": {"level": 3, "description": "A process was created.", "id": "67027"}, "data": {"win": {"system": {"eventID": "4688", "systemTime": "2025-10-08T19:35:34.161239Z", "providerName": "Microsoft-Windows-Security-Auditing"}, "eventdata": {"subjectUserName": "Administrator", "newProcessName": "C:\\Windows\\System32\\spoolsv.exe", "parentProcessName": "C:\\Windows\\System32\\services.exe", "commandLine": "spoolsv.exe", "targetLogonId": "0x0", "subjectDomainName": "CORP", "subjectLogonId": "0x916e"}}}, "timestamp": "2025-10-08T19:35:34.161239Z", "location": "EventChannel"}
{"index": {"_index": "wazuh-alerts-ctf-v3", "_id": "7694dbb3-a1ae-4574-a32e-5bfad10f36dc"}}
{"agent": {"name": "VICTIM-HOST-01.corp.local", "id": "vh01", "ip": "10.10.5.23"}, "rule": {"level": 3, "description": "A process was created.", "id": "34012"}, "data": {"win": {"system": {"eventID": "1", "systemTime": "2025-10-08T12:05:20.503753Z", "providerName": "Microsoft-Windows-Sysmon"}, "eventdata": {"ProcessGuid": "{8073d94b-1353-4e21-a656-8c0ba167ac32}", "ProcessId": "4709", "Image": "C:\\Windows\\System32\\dllhost.exe", "CommandLine": "dllhost.exe", "ParentProcessId": "1511", "ParentImage": "C:\\Windows\\System32\\svchost.exe", "Hashes": "SHA256=8eac2fda9a224165a9687324baf73161c49a5d492f264cb39aea7a3637752f8a", "User": "CORP\\jsmith"}}}, "timestamp": "2025-10-08T12:05:20.503753Z", "location": "Sysmon"}
{"index": {"_index": "wazuh-alerts-ctf-v3", "_id": "noise-0143-9563"}}
{"agent": {"name": "SCDC01", "id": "005", "ip": "172.16.200.50"}, "rule": {"level": 3, "description": "A process has exited.", "id": "67027"}, "data": {"win": {"system": {"eventID": "4689", "systemTime": "2025-10-08T17:17:41.125821Z", "providerName": "Microsoft-Windows-Security-Auditing"}, "eventdata": {"subjectUserName": "Administrator", "newProcessName": "C:\\Program Files\\Mozilla Firefox\\firefox.exe", "parentProcessName": "C:\\Windows\\System32\\svchost.exe", "targetLogonId": "0x0", "subjectDomainName": "INSIGHTNEXUS", "subjectLogonId": "0xb6569"}}}, "timestamp": "2025-10-08T17:17:41.125821Z", "location": "EventChannel"}
{"index": {"_index": "wazuh-alerts-ctf-v3", "_id": "cb8c3f73-d987-4cda-9aaa-77794a5a182e"}}
{"agent": {"name": "VICTIM-HOST-01.corp.local", "id": "vh01", "ip": "10.10.5.23"}, "rule": {"level": 3, "description": "A process was created.", "id": "34012"}, "data": {"win": {"system": {"eventID": "1", "systemTime": "2025-10-08T12:01:28.994398Z", "providerName": "Microsoft-Windows-Sysmon"}, "eventdata": {"ProcessGuid": "{948c8997-3821-4b7c-ad93-3cdc75c5cb08}", "ProcessId": "6555", "Image": "C:\\Windows\\System32\\cmd.exe", "CommandLine": "cmd.exe", "ParentProcessId": "7675", "ParentImage": "C:\\Windows\\explorer.exe", "Hashes": "SHA256=589a76a833e540cba6e5705e36d1aac65e7eb438c7d34316a1eb618a68a73fa4", "User": "NT AUTHORITY\\SYSTEM"}}}, "timestamp": "2025-10-08T12:01:28.994398Z", "location": "Sysmon"}
{"index": {"_index": "wazuh-alerts-ctf-v3", "_id": "noise-0168-3351"}}
{"agent": {"name": "FS01.corp.local", "id": "fs01", "ip": "10.10.5.40"}, "rule": {"level": 3, "description": "A process has exited.", "id": "67027"}, "data": {"win": {"system": {"eventID": "4689", "systemTime": "2025-10-08T18:16:36.171949Z", "providerName": "Microsoft-Windows-Security-Auditing"}, "eventdata": {"subjectUserName": "Administrator", "newProcessName": "C:\\Windows\\System32\\cmd.exe", "parentProcessName": "C:\\Windows\\explorer.exe", "commandLine": "cmd.exe", "targetLogonId": "0x0", "subjectDomainName": "CORP", "subjectLogonId": "0xdcf70"}}}, "timestamp": "2025-10-08T18:16:36.171949Z", "location": "EventChannel"}
{"index": {"_index": "wazuh-alerts-ctf-v3", "_id": "b8f21082-bfd7-48e5-8437-99f486870bd5"}}
{"agent": {"name": "VICTIM-HOST-01.corp.local", "id": "vh01", "ip": "10.10.5.23"}, "rule": {"level": 3, "description": "A process was created.", "id": "34012"}, "data": {"win": {"system": {"eventID": "1", "systemTime": "2025-10-08T08:41:57.567303Z", "providerName": "Microsoft-Windows-Sysmon"}, "eventdata": {"ProcessGuid": "{1498130f-a4fb-4bde-a5a5-9c3a3b3c4c78}", "ProcessId": "5404", "Image": "C:\\Windows\\System32\\RuntimeBroker.exe", "CommandLine": "RuntimeBroker.exe", "ParentProcessId": "9781", "ParentImage": "C:\\Windows\\System32\\svchost.exe", "Hashes": "SHA256=0ce696c6c49c43f5aa9780074c62a8a28c6c3bbcd47747d3be40eb67d275bede", "User": "CORP\\mreyes"}}}, "timestamp": "2025-10-08T08:41:57.567303Z", "location": "Sysmon"}
{"index": {"_index": "wazuh-alerts-ctf-v3", "_id": "1f83cc76-d4a5-4204-a176-c751e4f04475"}}
{"agent": {"name": "VICTIM-HOST-01.corp.local", "id": "vh01", "ip": "10.10.5.23"}, "rule": {"level": 3, "description": "A process was created.", "id": "34012"}, "data": {"win": {"system": {"eventID": "1", "systemTime": "2025-10-08T10:53:32.138786Z", "providerName": "Microsoft-Windows-Sysmon"}, "eventdata": {"ProcessGuid": "{2165c843-d7b0-48b1-a31b-a82947add765}", "ProcessId": "6547", "Image": "C:\\Program Files\\7-Zip\\7zFM.exe", "CommandLine": "7zFM.exe", "ParentProcessId": "9815", "ParentImage": "C:\\Windows\\explorer.exe", "Hashes": "SHA256=632424e2a6534f8a82c7ff0dd4e10791f392e5affed247b3b0d13c8a3a29d703", "User": "CORP\\mreyes"}}}, "timestamp": "2025-10-08T10:53:32.138786Z", "location": "Sysmon"}
{"index": {"_index": "wazuh-alerts-ctf-v3", "_id": "8d390734-3d5a-4fb9-a75d-3a41406b415e"}}
{"agent": {"name": "VICTIM-HOST-01.corp.local", "id": "vh01", "ip": "10.10.5.23"}, "rule": {"level": 3, "description": "A process was created.", "id": "34012"}, "data": {"win": {"system": {"eventID": "1", "systemTime": "2025-10-08T08:52:48.392258Z", "providerName": "Microsoft-Windows-Sysmon"}, "eventdata": {"ProcessGuid": "{629596e2-f688-4f5a-88aa-83bd8a3e2335}", "ProcessId": "8144", "Image": "C:\\Program Files\\Microsoft Office\\root\\Office16\\WINWORD.EXE", "CommandLine": "WINWORD.EXE", "ParentProcessId": "7909", "ParentImage": "C:\\Windows\\explorer.exe", "Hashes": "SHA256=29fbdb6b52af43f4a8928ec25effaa0e1dde913105a94285938c6c2e5ba180b2", "User": "NT AUTHORITY\\SYSTEM"}}}, "timestamp": "2025-10-08T08:52:48.392258Z", "location": "Sysmon"}
{"index": {"_index": "wazuh-alerts-ctf-v3", "_id": "noise-0138-8775"}}
{"agent": {"name": "SCDC01", "id": "005", "ip": "172.16.200.50"}, "rule": {"level": 3, "description": "A logon was successful.", "id": "67027"}, "data": {"win": {"system": {"eventID": "4624", "systemTime": "2025-10-08T19:27:31.726215Z", "providerName": "Microsoft-Windows-Security-Auditing"}, "eventdata": {"subjectUserName": "Administrator", "newProcessName": "C:\\Program Files\\Mozilla Firefox\\firefox.exe", "parentProcessName": "C:\\Windows\\System32\\svchost.exe", "targetLogonId": "0x0", "subjectDomainName": "INSIGHTNEXUS", "subjectLogonId": "0xf5f08"}}}, "timestamp": "2025-10-08T19:27:31.726215Z", "location": "EventChannel"}
{"index": {"_index": "wazuh-alerts-ctf-v3", "_id": "noise-0216-1532"}}
{"agent": {"name": "FS01.corp.local", "id": "fs01", "ip": "10.10.5.40"}, "rule": {"level": 3, "description": "Network connection detected.", "id": "34013"}, "data": {"win": {"system": {"eventID": "3", "systemTime": "2025-10-08T18:46:14.353460Z", "providerName": "Microsoft-Windows-Sysmon"}, "eventdata": {"ProcessGuid": "{82022856-18cd-441a-ad65-745e650bd067}", "ProcessId": "4751", "Image": "C:\\Windows\\System32\\svchost.exe", "User": "CORP\\Administrator", "Protocol": "tcp", "SourceIp": "10.10.5.40", "SourcePort": "60713", "DestinationIp": "10.10.5.20", "DestinationPort": "9100", "Initiated": "true"}}}, "timestamp": "2025-10-08T18:46:14.353460Z", "location": "Sysmon"}
{"index": {"_index": "wazuh-alerts-ctf-v3", "_id": "cef8986e-1591-46c5-8301-5dc7ab7f3474"}}
{"agent": {"name": "VICTIM-HOST-01.corp.local", "id": "vh01", "ip": "10.10.5.23"}, "rule": {"level": 3, "description": "Network connection detected.", "id": "34013"}, "data": {"win": {"system": {"eventID": "3", "systemTime": "2025-10-08T10:37:15.862521Z", "providerName": "Microsoft-Windows-Sysmon"}, "eventdata": {"ProcessGuid": "{46ed962f-8d87-4bdb-a217-db62a6316f78}", "ProcessId": "2170", "Image": "C:\\Windows\\System32\\notepad.exe", "User": "CORP\\jsmith", "Protocol": "tcp", "SourceIp": "10.10.5.23", "SourcePort": "49461", "DestinationIp": "10.10.5.2", "DestinationPort": "53", "Initiated": "true"}}}, "timestamp": "2025-10-08T10:37:15.862521Z", "location": "Sysmon"}
{"index": {"_index": "wazuh-alerts-ctf-v3", "_id": "noise-0214-8183"}}
{"agent": {"name": "FS01.corp.local", "id": "fs01", "ip": "10.10.5.40"}, "rule": {"level": 3, "description": "Network connection detected.", "id": "34013"}, "data": {"win": {"system": {"eventID": "3", "systemTime": "2025-10-08T18:01:32.760388Z", "providerName": "Microsoft-Windows-Sysmon"}, "eventdata": {"ProcessGuid": "{2c44ca06-c553-405b-8735-4afba032c159}", "ProcessId": "7712", "Image": "C:\\Windows\\System32\\svchost.exe", "User": "CORP\\Administrator", "Protocol": "tcp", "SourceIp": "10.10.5.40", "SourcePort": "57845", "DestinationIp": "10.10.5.2", "DestinationPort": "53", "Initiated": "true"}}}, "timestamp": "2025-10-08T18:01:32.760388Z", "location": "Sysmon"}
{"index": {"_index": "wazuh-alerts-ctf-v3", "_id": "9c80188f-d50f-4c71-ab80-f1c985daa811"}}
{"agent": {"name": "FS01.corp.local", "id": "fs01", "ip": "10.10.5.40"}, "rule": {"level": 3, "description": "Network connection detected.", "id": "34013"}, "data": {"win": {"system": {"eventID": "3", "systemTime": "2025-10-08T18:24:56.502000Z", "providerName": "Microsoft-Windows-Sysmon"}, "eventdata": {"ProcessGuid": "{1fc9d9cc-06ea-4dfe-b60f-8b2c6cf8c1da}", "ProcessId": "7356", "Image": "C:\\Windows\\System32\\WindowsPowerShell\\v1.0\\powershell.exe", "User": "CORP\\adm.backup_svc", "Protocol": "tcp", "SourceIp": "10.10.5.40", "SourcePort": "52918", "DestinationIp": "203.0.113.77", "DestinationPort": "8443", "Initiated": "true"}}}, "timestamp": "2025-10-08T18:24:56.502000Z", "location": "Sysmon"}
{"index": {"_index": "wazuh-alerts-ctf-v3", "_id": "35641439-3061-4d26-88e6-a4c4477bb32d"}}
{"agent": {"name": "VICTIM-HOST-01.corp.local", "id": "vh01", "ip": "10.10.5.23"}, "rule": {"level": 3, "description": "A process was created.", "id": "34012"}, "data": {"win": {"system": {"eventID": "1", "systemTime": "2025-10-08T10:09:46.113813Z", "providerName": "Microsoft-Windows-Sysmon"}, "eventdata": {"ProcessGuid": "{2a65ed30-1546-4349-b63a-4f87d4825a52}", "ProcessId": "4355", "Image": "C:\\Program Files\\Windows Defender\\MsMpEng.exe", "CommandLine": "MsMpEng.exe", "ParentProcessId": "3378", "ParentImage": "C:\\Windows\\System32\\services.exe", "Hashes": "SHA256=0bbc79b75f25431d83dc1b1e32846e224f93cad2c694462bb84a8049e6dddb75", "User": "CORP\\svc-backup"}}}, "timestamp": "2025-10-08T10:09:46.113813Z", "location": "Sysmon"}
{"index": {"_index": "wazuh-alerts-ctf-v3", "_id": "noise-0060-3210"}}
{"agent": {"name": "VICTIM-HOST-01.corp.local", "id": "vh01", "ip": "10.10.5.23"}, "rule": {"level": 3, "description": "A process was created.", "id": "34012"}, "data": {"win": {"system": {"eventID": "1", "systemTime": "2025-10-08T10:21:11.907880Z", "providerName": "Microsoft-Windows-Sysmon"}, "eventdata": {"ProcessGuid": "{331578f9-3a25-42e7-976f-a909349719e6}", "ProcessId": "4302", "Image": "C:\\Windows\\System32\\WmiPrvSE.exe", "CommandLine": "WmiPrvSE.exe", "ParentProcessId": "8256", "ParentImage": "C:\\Windows\\System32\\svchost.exe", "Hashes": "SHA256=551db1d55cb945969a0bead31fab7c7883ba60d615924d7ab3eba964a299a721", "User": "NT AUTHORITY\\SYSTEM"}}}, "timestamp": "2025-10-08T10:21:11.907880Z", "location": "Sysmon"}
{"index": {"_index": "wazuh-alerts-ctf-v3", "_id": "noise-0220-4868"}}
{"agent": {"name": "FS01.corp.local", "id": "fs01", "ip": "10.10.5.40"}, "rule": {"level": 3, "description": "Network connection detected.", "id": "34013"}, "data": {"win": {"system": {"eventID": "3", "systemTime": "2025-10-08T19:24:16.568662Z", "providerName": "Microsoft-Windows-Sysmon"}, "eventdata": {"ProcessGuid": "{f59ead2d-3c46-4ba8-87a3-7fd82441110c}", "ProcessId": "5259", "Image": "C:\\Windows\\System32\\svchost.exe", "User": "CORP\\Administrator", "Protocol": "tcp", "SourceIp": "10.10.5.40", "SourcePort": "59138", "DestinationIp": "10.10.5.60", "DestinationPort": "443", "Initiated": "true", "DestinationHostname": "backup-vault.corp.local"}}}, "timestamp": "2025-10-08T19:24:16.568662Z", "location": "Sysmon"}
{"index": {"_index": "wazuh-alerts-ctf-v3", "_id": "8bd9d695-5fff-4c66-a1b5-aaf859acf479"}}
{"agent": {"name": "VICTIM-HOST-01.corp.local", "id": "vh01", "ip": "10.10.5.23"}, "rule": {"level": 3, "description": "A process was created.", "id": "34012"}, "data": {"win": {"system": {"eventID": "1", "systemTime": "2025-10-08T12:13:51.523891Z", "providerName": "Microsoft-Windows-Sysmon"}, "eventdata": {"ProcessGuid": "{28ca4b94-0d36-4b19-b9ac-a018d8277ba3}", "ProcessId": "4115", "Image": "C:\\Program Files\\Microsoft Office\\root\\Office16\\WINWORD.EXE", "CommandLine": "WINWORD.EXE", "ParentProcessId": "7112", "ParentImage": "C:\\Windows\\explorer.exe", "Hashes": "SHA256=f48d8da92f5c40d9b9101de7002f5186c4af1a0f72c54ef4b6a98e5b86fca1bb", "User": "NT AUTHORITY\\SYSTEM"}}}, "timestamp": "2025-10-08T12:13:51.523891Z", "location": "Sysmon"}
{"index": {"_index": "wazuh-alerts-ctf-v3", "_id": "noise-0105-2365"}}
{"agent": {"name": "VICTIM-HOST-01.corp.local", "id": "vh01", "ip": "10.10.5.23"}, "rule": {"level": 3, "description": "Network connection detected.", "id": "34013"}, "data": {"win": {"system": {"eventID": "3", "systemTime": "2025-10-08T08:50:45.614710Z", "providerName": "Microsoft-Windows-Sysmon"}, "eventdata": {"ProcessGuid": "{edb4fd1f-4f37-4560-a235-6b61da7a7549}", "ProcessId": "3684", "Image": "C:\\Windows\\System32\\taskhostw.exe", "User": "CORP\\jsmith", "Protocol": "tcp", "SourceIp": "10.10.5.23", "SourcePort": "62020", "DestinationIp": "13.107.4.50", "DestinationPort": "443", "Initiated": "true", "DestinationHostname": "update.microsoft.com"}}}, "timestamp": "2025-10-08T08:50:45.614710Z", "location": "Sysmon"}
{"index": {"_index": "wazuh-alerts-ctf-v3", "_id": "9c8586dd-e8a3-4abf-b2a8-477d9d48997e"}}
{"agent": {"name": "FS01.corp.local", "id": "fs01", "ip": "10.10.5.40"}, "rule": {"level": 3, "description": "A scheduled task was created.", "id": "18107"}, "data": {"win": {"system": {"eventID": "4698", "systemTime": "2025-10-08T09:02:46Z", "providerName": "Microsoft-Windows-Security-Auditing"}, "eventdata": {"subjectUserName": "Administrator", "subjectDomainName": "CORP", "taskName": "\\AdobeAAMUpdater-1.0-Administrator", "targetLogonId": "0x0", "subjectLogonId": "0xf5ddc"}}}, "timestamp": "2025-10-08T09:02:46Z", "location": "EventChannel"}
{"index": {"_index": "wazuh-alerts-ctf-v3", "_id": "b2e24da8-a9cc-474e-a998-77f66f46d1b5"}}
{"agent": {"name": "SCDC01", "id": "005", "ip": "172.16.200.50"}, "rule": {"level": 3, "description": "A logon was successful.", "id": "67027"}, "data": {"win": {"system": {"eventID": "4624", "systemTime": "2025-10-08T19:44:18.746823Z", "providerName": "Microsoft-Windows-Security-Auditing"}, "eventdata": {"subjectUserName": "Administrator", "newProcessName": "C:\\Program Files\\Microsoft Office\\root\\Office16\\WINWORD.EXE", "parentProcessName": "C:\\Windows\\explorer.exe", "targetLogonId": "0x0", "subjectDomainName": "INSIGHTNEXUS", "subjectLogonId": "0x9eeb9"}}}, "timestamp": "2025-10-08T19:44:18.746823Z", "location": "EventChannel"}
{"index": {"_index": "wazuh-alerts-ctf-v3", "_id": "02400894-3173-4af9-96b7-849bc8a8b1fa"}}
{"agent": {"name": "VICTIM-HOST-01.corp.local", "id": "vh01", "ip": "10.10.5.23"}, "rule": {"level": 3, "description": "A process was created.", "id": "34012"}, "data": {"win": {"system": {"eventID": "1", "systemTime": "2025-10-08T11:01:40.299662Z", "providerName": "Microsoft-Windows-Sysmon"}, "eventdata": {"ProcessGuid": "{c3525479-3fd1-437a-9702-0786419a32f2}", "ProcessId": "4646", "Image": "C:\\Windows\\System32\\RuntimeBroker.exe", "CommandLine": "RuntimeBroker.exe", "ParentProcessId": "9601", "ParentImage": "C:\\Windows\\System32\\svchost.exe", "Hashes": "SHA256=84bb924bbed041e894e7fd4ef123e0e227dd5e7d3aea4a9eba8426b19c3fe00f", "User": "NT AUTHORITY\\SYSTEM"}}}, "timestamp": "2025-10-08T11:01:40.299662Z", "location": "Sysmon"}
{"index": {"_index": "wazuh-alerts-ctf-v3", "_id": "8613bc6c-33e8-470d-ba6d-8fad0c645b6c"}}
{"agent": {"name": "FS01.corp.local", "id": "fs01", "ip": "10.10.5.40"}, "rule": {"level": 3, "description": "A process was created.", "id": "67027"}, "data": {"win": {"system": {"eventID": "4688", "systemTime": "2025-10-08T19:40:23.514572Z", "providerName": "Microsoft-Windows-Security-Auditing"}, "eventdata": {"subjectUserName": "Administrator", "newProcessName": "C:\\Windows\\System32\\spoolsv.exe", "parentProcessName": "C:\\Windows\\System32\\services.exe", "commandLine": "spoolsv.exe", "targetLogonId": "0x0", "subjectDomainName": "CORP", "subjectLogonId": "0xd5e83"}}}, "timestamp": "2025-10-08T19:40:23.514572Z", "location": "EventChannel"}
{"index": {"_index": "wazuh-alerts-ctf-v3", "_id": "noise-0010-3548"}}
{"agent": {"name": "VICTIM-HOST-01.corp.local", "id": "vh01", "ip": "10.10.5.23"}, "rule": {"level": 3, "description": "A process was created.", "id": "34012"}, "data": {"win": {"system": {"eventID": "1", "systemTime": "2025-10-08T12:09:27.366183Z", "providerName": "Microsoft-Windows-Sysmon"}, "eventdata": {"ProcessGuid": "{a2153804-8ad2-47b0-9320-a1d56784af46}", "ProcessId": "1702", "Image": "C:\\Program Files\\Microsoft Office\\root\\Office16\\OUTLOOK.EXE", "CommandLine": "OUTLOOK.EXE", "ParentProcessId": "8044", "ParentImage": "C:\\Windows\\explorer.exe", "Hashes": "SHA256=c899fe8be6e44711b2178d49bc74f60cad817f1586ee4c7ab54ff5d3c48e71f7", "User": "CORP\\mreyes"}}}, "timestamp": "2025-10-08T12:09:27.366183Z", "location": "Sysmon"}
{"index": {"_index": "wazuh-alerts-ctf-v3", "_id": "d53bc288-83f4-4f65-a7f7-508d16ca9d5b"}}
{"agent": {"name": "SCDC01", "id": "005", "ip": "172.16.200.50"}, "rule": {"level": 3, "description": "A process has exited.", "id": "67027"}, "data": {"win": {"system": {"eventID": "4689", "systemTime": "2025-10-08T17:18:22.041436Z", "providerName": "Microsoft-Windows-Security-Auditing"}, "eventdata": {"subjectUserName": "Administrator", "newProcessName": "C:\\Windows\\System32\\notepad.exe", "parentProcessName": "C:\\Windows\\explorer.exe", "targetLogonId": "0x0", "subjectDomainName": "INSIGHTNEXUS", "subjectLogonId": "0x65db9"}}}, "timestamp": "2025-10-08T17:18:22.041436Z", "location": "EventChannel"}
{"index": {"_index": "wazuh-alerts-ctf-v3", "_id": "610d2151-081c-40fa-8481-f46c3dea8494"}}
{"agent": {"name": "FS01.corp.local", "id": "fs01", "ip": "10.10.5.40"}, "rule": {"level": 3, "description": "A process was created.", "id": "67027"}, "data": {"win": {"system": {"eventID": "4688", "systemTime": "2025-10-08T19:18:47.493738Z", "providerName": "Microsoft-Windows-Security-Auditing"}, "eventdata": {"subjectUserName": "Administrator", "newProcessName": "C:\\Program Files\\Notepad++\\notepad++.exe", "parentProcessName": "C:\\Windows\\explorer.exe", "commandLine": "notepad++.exe", "targetLogonId": "0x0", "subjectDomainName": "CORP", "subjectLogonId": "0xa4c1b"}}}, "timestamp": "2025-10-08T19:18:47.493738Z", "location": "EventChannel"}
{"index": {"_index": "wazuh-alerts-ctf-v3", "_id": "noise-0137-9835"}}
{"agent": {"name": "SCDC01", "id": "005", "ip": "172.16.200.50"}, "rule": {"level": 3, "description": "A process was created.", "id": "67027"}, "data": {"win": {"system": {"eventID": "4688", "systemTime": "2025-10-08T18:30:33.595546Z", "providerName": "Microsoft-Windows-Security-Auditing"}, "eventdata": {"subjectUserName": "Administrator", "newProcessName": "C:\\Windows\\System32\\taskmgr.exe", "parentProcessName": "C:\\Windows\\explorer.exe", "targetLogonId": "0x0", "subjectDomainName": "INSIGHTNEXUS", "subjectLogonId": "0x4eb95"}}}, "timestamp": "2025-10-08T18:30:33.595546Z", "location": "EventChannel"}
{"index": {"_index": "wazuh-alerts-ctf-v3", "_id": "noise-0189-7662"}}
{"agent": {"name": "FS01.corp.local", "id": "fs01", "ip": "10.10.5.40"}, "rule": {"level": 3, "description": "A process was created.", "id": "67027"}, "data": {"win": {"system": {"eventID": "4688", "systemTime": "2025-10-08T18:30:52.581223Z", "providerName": "Microsoft-Windows-Security-Auditing"}, "eventdata": {"subjectUserName": "Administrator", "newProcessName": "C:\\Windows\\System32\\taskmgr.exe", "parentProcessName": "C:\\Windows\\explorer.exe", "commandLine": "taskmgr.exe", "targetLogonId": "0x0", "subjectDomainName": "CORP", "subjectLogonId": "0xab2c4"}}}, "timestamp": "2025-10-08T18:30:52.581223Z", "location": "EventChannel"}
{"index": {"_index": "wazuh-alerts-ctf-v3", "_id": "noise-0121-9316"}}
{"agent": {"name": "SCDC01", "id": "005", "ip": "172.16.200.50"}, "rule": {"level": 3, "description": "A process has exited.", "id": "67027"}, "data": {"win": {"system": {"eventID": "4689", "systemTime": "2025-10-08T17:29:26.320639Z", "providerName": "Microsoft-Windows-Security-Auditing"}, "eventdata": {"subjectUserName": "Administrator", "newProcessName": "C:\\Windows\\System32\\SnippingTool.exe", "parentProcessName": "C:\\Windows\\explorer.exe", "targetLogonId": "0x0", "subjectDomainName": "INSIGHTNEXUS", "subjectLogonId": "0x6f94d"}}}, "timestamp": "2025-10-08T17:29:26.320639Z", "location": "EventChannel"}
{"index": {"_index": "wazuh-alerts-ctf-v3", "_id": "0e6d854d-424d-496e-a6e6-f408be0e591a"}}
{"agent": {"name": "FS01.corp.local", "id": "fs01", "ip": "10.10.5.40"}, "rule": {"level": 3, "description": "A process was created.", "id": "67027"}, "data": {"win": {"system": {"eventID": "4688", "systemTime": "2025-10-08T18:03:59.489666Z", "providerName": "Microsoft-Windows-Security-Auditing"}, "eventdata": {"subjectUserName": "Administrator", "newProcessName": "C:\\Windows\\System32\\cmd.exe", "parentProcessName": "C:\\Windows\\explorer.exe", "commandLine": "cmd.exe", "targetLogonId": "0x0", "subjectDomainName": "CORP", "subjectLogonId": "0xc08c5"}}}, "timestamp": "2025-10-08T18:03:59.489666Z", "location": "EventChannel"}
{"index": {"_index": "wazuh-alerts-ctf-v3", "_id": "bb2b2f41-f4fd-43d5-9c35-45c4d08e8079"}}
{"agent": {"name": "VICTIM-HOST-01.corp.local", "id": "vh01", "ip": "10.10.5.23"}, "rule": {"level": 3, "description": "A process was created.", "id": "34012"}, "data": {"win": {"system": {"eventID": "1", "systemTime": "2025-10-08T12:18:21.659681Z", "providerName": "Microsoft-Windows-Sysmon"}, "eventdata": {"ProcessGuid": "{5affba58-b6bf-4bd8-9dc0-d87155dbaef4}", "ProcessId": "9886", "Image": "C:\\Program Files\\Windows Defender\\MsMpEng.exe", "CommandLine": "MsMpEng.exe", "ParentProcessId": "4188", "ParentImage": "C:\\Windows\\System32\\services.exe", "Hashes": "SHA256=1a70792a578e4046b198c74c536ac8cfe72a163cdc60472993e2c0ece16db502", "User": "CORP\\svc-backup"}}}, "timestamp": "2025-10-08T12:18:21.659681Z", "location": "Sysmon"}
{"index": {"_index": "wazuh-alerts-ctf-v3", "_id": "noise-0228-3731"}}
{"agent": {"name": "FS01.corp.local", "id": "fs01", "ip": "10.10.5.40"}, "rule": {"level": 3, "description": "Network connection detected.", "id": "34013"}, "data": {"win": {"system": {"eventID": "3", "systemTime": "2025-10-08T19:07:17.245929Z", "providerName": "Microsoft-Windows-Sysmon"}, "eventdata": {"ProcessGuid": "{8508e448-4511-435b-bdf4-0a3f94de3892}", "ProcessId": "1252", "Image": "C:\\Windows\\System32\\svchost.exe", "User": "CORP\\Administrator", "Protocol": "tcp", "SourceIp": "10.10.5.40", "SourcePort": "64868", "DestinationIp": "10.10.5.60", "DestinationPort": "443", "Initiated": "true", "DestinationHostname": "backup-vault.corp.local"}}}, "timestamp": "2025-10-08T19:07:17.245929Z", "location": "Sysmon"}
{"index": {"_index": "wazuh-alerts-ctf-v3", "_id": "91ea6036-5f6e-4c1d-a1af-4c35ed1949cf"}}
{"agent": {"name": "SCDC01", "id": "005", "ip": "172.16.200.50"}, "rule": {"level": 3, "description": "A process has exited.", "id": "67027"}, "data": {"win": {"system": {"eventID": "4689", "systemTime": "2025-10-08T18:45:17.645072Z", "providerName": "Microsoft-Windows-Security-Auditing"}, "eventdata": {"subjectUserName": "Administrator", "newProcessName": "C:\\Windows\\System32\\calc.exe", "parentProcessName": "C:\\Windows\\explorer.exe", "targetLogonId": "0x0", "subjectDomainName": "INSIGHTNEXUS", "subjectLogonId": "0x4d410"}}}, "timestamp": "2025-10-08T18:45:17.645072Z", "location": "EventChannel"}
{"index": {"_index": "wazuh-alerts-ctf-v3", "_id": "noise-0064-3348"}}
{"agent": {"name": "VICTIM-HOST-01.corp.local", "id": "vh01", "ip": "10.10.5.23"}, "rule": {"level": 3, "description": "A process was created.", "id": "34012"}, "data": {"win": {"system": {"eventID": "1", "systemTime": "2025-10-08T12:54:19.398255Z", "providerName": "Microsoft-Windows-Sysmon"}, "eventdata": {"ProcessGuid": "{a697670d-7e73-4963-8898-08ad337c7d5c}", "ProcessId": "4006", "Image": "C:\\Windows\\System32\\cmd.exe", "CommandLine": "cmd.exe", "ParentProcessId": "4908", "ParentImage": "C:\\Windows\\explorer.exe", "Hashes": "SHA256=3681b12c8cec4ebe8eafe2433a7e2886e9317f3f61bd478daac68c5147be728c", "User": "CORP\\mreyes"}}}, "timestamp": "2025-10-08T12:54:19.398255Z", "location": "Sysmon"}
{"index": {"_index": "wazuh-alerts-ctf-v3", "_id": "39317f0a-432f-43ec-b82c-c7e0be52069f"}}
{"agent": {"name": "SCDC01", "id": "005", "ip": "172.16.200.50"}, "rule": {"level": 3, "description": "A process has exited.", "id": "67027"}, "data": {"win": {"system": {"eventID": "4689", "systemTime": "2025-10-08T19:40:15.050793Z", "providerName": "Microsoft-Windows-Security-Auditing"}, "eventdata": {"subjectUserName": "Administrator", "newProcessName": "C:\\Windows\\System32\\notepad.exe", "parentProcessName": "C:\\Windows\\explorer.exe", "targetLogonId": "0x0", "subjectDomainName": "INSIGHTNEXUS", "subjectLogonId": "0xb062b"}}}, "timestamp": "2025-10-08T19:40:15.050793Z", "location": "EventChannel"}
{"index": {"_index": "wazuh-alerts-ctf-v3", "_id": "noise-0140-3460"}}
{"agent": {"name": "SCDC01", "id": "005", "ip": "172.16.200.50"}, "rule": {"level": 3, "description": "A logon was successful.", "id": "67027"}, "data": {"win": {"system": {"eventID": "4624", "systemTime": "2025-10-08T17:09:23.302384Z", "providerName": "Microsoft-Windows-Security-Auditing"}, "eventdata": {"subjectUserName": "Administrator", "newProcessName": "C:\\Program Files\\Microsoft Office\\root\\Office16\\EXCEL.EXE", "parentProcessName": "C:\\Windows\\explorer.exe", "targetLogonId": "0x0", "subjectDomainName": "INSIGHTNEXUS", "subjectLogonId": "0xb1acc"}}}, "timestamp": "2025-10-08T17:09:23.302384Z", "location": "EventChannel"}
{"index": {"_index": "wazuh-alerts-ctf-v3", "_id": "noise-0040-9553"}}
{"agent": {"name": "VICTIM-HOST-01.corp.local", "id": "vh01", "ip": "10.10.5.23"}, "rule": {"level": 3, "description": "A process was created.", "id": "34012"}, "data": {"win": {"system": {"eventID": "1", "systemTime": "2025-10-08T12:08:23.756255Z", "providerName": "Microsoft-Windows-Sysmon"}, "eventdata": {"ProcessGuid": "{7002e8f7-71b1-4f1b-8b9d-f4a06d24fb41}", "ProcessId": "5385", "Image": "C:\\Program Files\\Microsoft Office\\root\\Office16\\EXCEL.EXE", "CommandLine": "EXCEL.EXE", "ParentProcessId": "2247", "ParentImage": "C:\\Windows\\explorer.exe", "Hashes": "SHA256=845a1d2e1c6f4724b0bd1ad871d6a421c9a5146347f5475cbf41930bb682021c", "User": "CORP\\svc-backup"}}}, "timestamp": "2025-10-08T12:08:23.756255Z", "location": "Sysmon"}
{"index": {"_index": "wazuh-alerts-ctf-v3", "_id": "5d03a539-cf78-435c-8197-94390bc25a2d"}}
{"agent": {"name": "SCDC01", "id": "005", "ip": "172.16.200.50"}, "rule": {"level": 3, "description": "A process was created.", "id": "67027"}, "data": {"win": {"system": {"eventID": "4688", "systemTime": "2025-10-08T17:27:47.500116Z", "providerName": "Microsoft-Windows-Security-Auditing"}, "eventdata": {"subjectUserName": "Administrator", "newProcessName": "C:\\Program Files\\Mozilla Firefox\\firefox.exe", "parentProcessName": "C:\\Windows\\System32\\svchost.exe", "targetLogonId": "0x0", "subjectDomainName": "INSIGHTNEXUS", "subjectLogonId": "0x8d02e"}}}, "timestamp": "2025-10-08T17:27:47.500116Z", "location": "EventChannel"}
{"index": {"_index": "wazuh-alerts-ctf-v3", "_id": "noise-0174-8826"}}
{"agent": {"name": "FS01.corp.local", "id": "fs01", "ip": "10.10.5.40"}, "rule": {"level": 3, "description": "A process was created.", "id": "67027"}, "data": {"win": {"system": {"eventID": "4688", "systemTime": "2025-10-08T19:59:46.325484Z", "providerName": "Microsoft-Windows-Security-Auditing"}, "eventdata": {"subjectUserName": "Administrator", "newProcessName": "C:\\Windows\\System32\\xcopy.exe", "parentProcessName": "C:\\Windows\\System32\\cmd.exe", "commandLine": "xcopy.exe \"D:\\Shares\\HR\\Templates\" \"D:\\Shares\\HR\\Templates_bak\" /E", "targetLogonId": "0x0", "subjectDomainName": "CORP", "subjectLogonId": "0x3d386"}}}, "timestamp": "2025-10-08T19:59:46.325484Z", "location": "EventChannel"}
{"index": {"_index": "wazuh-alerts-ctf-v3", "_id": "noise-0100-6121"}}
{"agent": {"name": "VICTIM-HOST-01.corp.local", "id": "vh01", "ip": "10.10.5.23"}, "rule": {"level": 3, "description": "Network connection detected.", "id": "34013"}, "data": {"win": {"system": {"eventID": "3", "systemTime": "2025-10-08T10:28:03.127132Z", "providerName": "Microsoft-Windows-Sysmon"}, "eventdata": {"ProcessGuid": "{14d42676-ae3f-4f2f-b06d-c731d9692cc8}", "ProcessId": "7562", "Image": "C:\\Program Files (x86)\\Microsoft\\Teams\\current\\Teams.exe", "User": "CORP\\mreyes", "Protocol": "tcp", "SourceIp": "10.10.5.23", "SourcePort": "55230", "DestinationIp": "52.96.166.2", "DestinationPort": "443", "Initiated": "true", "DestinationHostname": "outlook.office365.com"}}}, "timestamp": "2025-10-08T10:28:03.127132Z", "location": "Sysmon"}
{"index": {"_index": "wazuh-alerts-ctf-v3", "_id": "09271c88-6bd0-4691-801c-bf78686857d3"}}
{"agent": {"name": "VICTIM-HOST-01.corp.local", "id": "vh01", "ip": "10.10.5.23"}, "rule": {"level": 3, "description": "A process was created.", "id": "34012"}, "data": {"win": {"system": {"eventID": "1", "systemTime": "2025-10-08T09:06:06.455578Z", "providerName": "Microsoft-Windows-Sysmon"}, "eventdata": {"ProcessGuid": "{15f1856a-11a9-4084-aa84-7da236d3081a}", "ProcessId": "8637", "Image": "C:\\Program Files\\Microsoft Office\\root\\Office16\\WINWORD.EXE", "CommandLine": "WINWORD.EXE", "ParentProcessId": "1888", "ParentImage": "C:\\Windows\\explorer.exe", "Hashes": "SHA256=c1a156706f104671af3a947c75482e53b299bceb655a41629a665a4046426af4", "User": "NT AUTHORITY\\SYSTEM"}}}, "timestamp": "2025-10-08T09:06:06.455578Z", "location": "Sysmon"}
{"index": {"_index": "wazuh-alerts-ctf-v3", "_id": "noise-0026-4403"}}
{"agent": {"name": "VICTIM-HOST-01.corp.local", "id": "vh01", "ip": "10.10.5.23"}, "rule": {"level": 3, "description": "A process was created.", "id": "34012"}, "data": {"win": {"system": {"eventID": "1", "systemTime": "2025-10-08T12:42:01.461335Z", "providerName": "Microsoft-Windows-Sysmon"}, "eventdata": {"ProcessGuid": "{253eb330-4df7-413c-9fd4-56769d7eeebd}", "ProcessId": "2206", "Image": "C:\\Windows\\System32\\conhost.exe", "CommandLine": "conhost.exe", "ParentProcessId": "4106", "ParentImage": "C:\\Windows\\System32\\cmd.exe", "Hashes": "SHA256=5e1d578fcc1049bbb70532a0323e263bbf47f6091633486398b7226f37c9c520", "User": "NT AUTHORITY\\SYSTEM"}}}, "timestamp": "2025-10-08T12:42:01.461335Z", "location": "Sysmon"}
{"index": {"_index": "wazuh-alerts-ctf-v3", "_id": "noise-0030-1750"}}
{"agent": {"name": "VICTIM-HOST-01.corp.local", "id": "vh01", "ip": "10.10.5.23"}, "rule": {"level": 3, "description": "A process was created.", "id": "34012"}, "data": {"win": {"system": {"eventID": "1", "systemTime": "2025-10-08T09:49:09.242809Z", "providerName": "Microsoft-Windows-Sysmon"}, "eventdata": {"ProcessGuid": "{0d612e10-60dd-4e89-b38e-3a5f62977ce8}", "ProcessId": "2110", "Image": "C:\\Program Files (x86)\\Microsoft\\Edge\\Application\\msedge.exe", "CommandLine": "msedge.exe", "ParentProcessId": "1446", "ParentImage": "C:\\Windows\\explorer.exe", "Hashes": "SHA256=df2383c77c274bcfac7d27c8c727f6c141c78b80b09a4fd7a7e0630bb36effb4", "User": "CORP\\jsmith"}}}, "timestamp": "2025-10-08T09:49:09.242809Z", "location": "Sysmon"}
{"index": {"_index": "wazuh-alerts-ctf-v3", "_id": "038dead0-565e-472b-a132-0544ce5a350f"}}
{"agent": {"name": "VICTIM-HOST-01.corp.local", "id": "vh01", "ip": "10.10.5.23"}, "rule": {"level": 3, "description": "Network connection detected.", "id": "34013"}, "data": {"win": {"system": {"eventID": "3", "systemTime": "2025-10-08T09:47:48.920883Z", "providerName": "Microsoft-Windows-Sysmon"}, "eventdata": {"ProcessGuid": "{76052713-31e5-4915-9bfa-d23d6e970885}", "ProcessId": "8888", "Image": "C:\\Windows\\System32\\wuauclt.exe", "User": "NT AUTHORITY\\SYSTEM", "Protocol": "tcp", "SourceIp": "10.10.5.23", "SourcePort": "59086", "DestinationIp": "52.112.194.132", "DestinationPort": "443", "Initiated": "true", "DestinationHostname": "teams.microsoft.com"}}}, "timestamp": "2025-10-08T09:47:48.920883Z", "location": "Sysmon"}
{"index": {"_index": "wazuh-alerts-ctf-v3", "_id": "fb7c7e24-2044-4018-ba35-47dad0717533"}}
{"agent": {"name": "SCDC01", "id": "005", "ip": "172.16.200.50"}, "rule": {"level": 3, "description": "A process was created.", "id": "92111"}, "data": {"win": {"system": {"eventID": "4688", "systemTime": "2025-10-08T18:02:53.024615Z", "providerName": "Microsoft-Windows-Security-Auditing"}, "eventdata": {"subjectUserName": "Administrator", "newProcessName": "C:\\\\Users\\\\Administrator\\\\Downloads\\\\mimikatz.exe", "parentProcessName": "C:\\\\Program Files\\\\Mozilla Firefox\\\\firefox.exe", "subjectDomainName": "INSIGHTNEXUS", "subjectLogonId": "0x457a5240"}}}, "timestamp": "2025-10-08T18:25:36.024629Z", "location": "EventChannel"}
{"index": {"_index": "wazuh-alerts-ctf-v3", "_id": "noise-0056-8742"}}
{"agent": {"name": "VICTIM-HOST-01.corp.local", "id": "vh01", "ip": "10.10.5.23"}, "rule": {"level": 3, "description": "A process was created.", "id": "34012"}, "data": {"win": {"system": {"eventID": "1", "systemTime": "2025-10-08T11:13:34.053772Z", "providerName": "Microsoft-Windows-Sysmon"}, "eventdata": {"ProcessGuid": "{7e35b245-09dc-46ab-9181-f31f45af73e7}", "ProcessId": "5423", "Image": "C:\\Windows\\System32\\WmiPrvSE.exe", "CommandLine": "WmiPrvSE.exe", "ParentProcessId": "6126", "ParentImage": "C:\\Windows\\System32\\svchost.exe", "Hashes": "SHA256=95782fb8fa1641efb46d22035c4ef365da040b10a9a9485d97ab2de30c73f6dc", "User": "NT AUTHORITY\\SYSTEM"}}}, "timestamp": "2025-10-08T11:13:34.053772Z", "location": "Sysmon"}
{"index": {"_index": "wazuh-alerts-ctf-v3", "_id": "noise-0176-9069"}}
{"agent": {"name": "FS01.corp.local", "id": "fs01", "ip": "10.10.5.40"}, "rule": {"level": 3, "description": "A process was created.", "id": "67027"}, "data": {"win": {"system": {"eventID": "4688", "systemTime": "2025-10-08T18:28:24.346344Z", "providerName": "Microsoft-Windows-Security-Auditing"}, "eventdata": {"subjectUserName": "Administrator", "newProcessName": "C:\\Program Files (x86)\\Adobe\\Acrobat Reader DC\\Reader\\AcroRd32.exe", "parentProcessName": "C:\\Windows\\explorer.exe", "commandLine": "AcroRd32.exe", "targetLogonId": "0x0", "subjectDomainName": "CORP", "subjectLogonId": "0x14b16"}}}, "timestamp": "2025-10-08T18:28:24.346344Z", "location": "EventChannel"}
{"index": {"_index": "wazuh-alerts-ctf-v3", "_id": "noise-0192-3042"}}
{"agent": {"name": "FS01.corp.local", "id": "fs01", "ip": "10.10.5.40"}, "rule": {"level": 3, "description": "A process was created.", "id": "67027"}, "data": {"win": {"system": {"eventID": "4688", "systemTime": "2025-10-08T18:44:28.574279Z", "providerName": "Microsoft-Windows-Security-Auditing"}, "eventdata": {"subjectUserName": "Administrator", "newProcessName": "C:\\Program Files\\Veeam\\Backup\\VeeamAgent.exe", "parentProcessName": "C:\\Windows\\System32\\services.exe", "commandLine": "VeeamAgent.exe /job:NightlyBackup", "targetLogonId": "0x0", "subjectDomainName": "CORP", "subjectLogonId": "0x7fc9a"}}}, "timestamp": "2025-10-08T18:44:28.574279Z", "location": "EventChannel"}
{"index": {"_index": "wazuh-alerts-ctf-v3", "_id": "1eb5ca6a-a7be-47f4-9fb8-96cac33ee76b"}}
{"agent": {"name": "FS01.corp.local", "id": "fs01", "ip": "10.10.5.40"}, "rule": {"level": 3, "description": "A process was created.", "id": "67027"}, "data": {"win": {"system": {"eventID": "4688", "systemTime": "2025-10-08T19:10:09.903439Z", "providerName": "Microsoft-Windows-Security-Auditing"}, "eventdata": {"subjectUserName": "Administrator", "newProcessName": "C:\\Windows\\System32\\taskmgr.exe", "parentProcessName": "C:\\Windows\\explorer.exe", "commandLine": "taskmgr.exe", "targetLogonId": "0x0", "subjectDomainName": "CORP", "subjectLogonId": "0xc12e2"}}}, "timestamp": "2025-10-08T19:10:09.903439Z", "location": "EventChannel"}
{"index": {"_index": "wazuh-alerts-ctf-v3", "_id": "noise-0080-4430"}}
{"agent": {"name": "VICTIM-HOST-01.corp.local", "id": "vh01", "ip": "10.10.5.23"}, "rule": {"level": 3, "description": "Network connection detected.", "id": "34013"}, "data": {"win": {"system": {"eventID": "3", "systemTime": "2025-10-08T08:01:04.401599Z", "providerName": "Microsoft-Windows-Sysmon"}, "eventdata": {"ProcessGuid": "{0ce13249-af15-49f7-8e9b-25de672e55a4}", "ProcessId": "4323", "Image": "C:\\Program Files\\Microsoft Office\\root\\Office16\\EXCEL.EXE", "User": "CORP\\jsmith", "Protocol": "tcp", "SourceIp": "10.10.5.23", "SourcePort": "51040", "DestinationIp": "142.250.80.100", "DestinationPort": "443", "Initiated": "true", "DestinationHostname": "www.google.com"}}}, "timestamp": "2025-10-08T08:01:04.401599Z", "location": "Sysmon"}
{"index": {"_index": "wazuh-alerts-ctf-v3", "_id": "cf56823b-00db-4c15-aa96-8c95bd4c4065"}}
{"agent": {"name": "SCDC01", "id": "005", "ip": "172.16.200.50"}, "rule": {"level": 3, "description": "A logon was successful.", "id": "67027"}, "data": {"win": {"system": {"eventID": "4624", "systemTime": "2025-10-08T19:32:40.188075Z", "providerName": "Microsoft-Windows-Security-Auditing"}, "eventdata": {"subjectUserName": "Administrator", "newProcessName": "C:\\Program Files (x86)\\Microsoft\\Edge\\Application\\msedge.exe", "parentProcessName": "C:\\Windows\\explorer.exe", "targetLogonId": "0x0", "subjectDomainName": "INSIGHTNEXUS", "subjectLogonId": "0x5fd25"}}}, "timestamp": "2025-10-08T19:32:40.188075Z", "location": "EventChannel"}
{"index": {"_index": "wazuh-alerts-ctf-v3", "_id": "noise-0078-6216"}}
{"agent": {"name": "VICTIM-HOST-01.corp.local", "id": "vh01", "ip": "10.10.5.23"}, "rule": {"level": 3, "description": "Network connection detected.", "id": "34013"}, "data": {"win": {"system": {"eventID": "3", "systemTime": "2025-10-08T09:26:04.875577Z", "providerName": "Microsoft-Windows-Sysmon"}, "eventdata": {"ProcessGuid": "{be28e02f-119d-47e0-b378-8ce4a45ea292}", "ProcessId": "7147", "Image": "C:\\Windows\\System32\\conhost.exe", "User": "CORP\\svc-backup", "Protocol": "tcp", "SourceIp": "10.10.5.23", "SourcePort": "55478", "DestinationIp": "3.235.71.2", "DestinationPort": "443", "Initiated": "true", "DestinationHostname": "zoom.us"}}}, "timestamp": "2025-10-08T09:26:04.875577Z", "location": "Sysmon"}
{"index": {"_index": "wazuh-alerts-ctf-v3", "_id": "e510d3c8-16c6-4f90-a3b6-14a1200dd84f"}}
{"agent": {"name": "FS01.corp.local", "id": "fs01", "ip": "10.10.5.40"}, "rule": {"level": 3, "description": "A process was created.", "id": "67027"}, "data": {"win": {"system": {"eventID": "4688", "systemTime": "2025-10-08T18:49:03.988428Z", "providerName": "Microsoft-Windows-Security-Auditing"}, "eventdata": {"subjectUserName": "Administrator", "newProcessName": "C:\\Windows\\System32\\notepad.exe", "parentProcessName": "C:\\Windows\\explorer.exe", "commandLine": "notepad.exe", "targetLogonId": "0x0", "subjectDomainName": "CORP", "subjectLogonId": "0x7df36"}}}, "timestamp": "2025-10-08T18:49:03.988428Z", "location": "EventChannel"}
{"index": {"_index": "wazuh-alerts-ctf-v3", "_id": "984c24cb-6f51-420d-8487-689d22121309"}}
{"agent": {"name": "VICTIM-HOST-01.corp.local", "id": "vh01", "ip": "10.10.5.23"}, "rule": {"level": 3, "description": "A process was created.", "id": "34012"}, "data": {"win": {"system": {"eventID": "1", "systemTime": "2025-10-08T10:18:03.744031Z", "providerName": "Microsoft-Windows-Sysmon"}, "eventdata": {"ProcessGuid": "{fd03e10a-a694-4f77-83e7-47210b4f36a0}", "ProcessId": "9037", "Image": "C:\\Program Files\\Zoom\\bin\\Zoom.exe", "CommandLine": "Zoom.exe", "ParentProcessId": "7009", "ParentImage": "C:\\Windows\\explorer.exe", "Hashes": "SHA256=dc74cd3fc473433ab3c66a5709f67b109b21e6d08a2941eaaf796839f57273c0", "User": "CORP\\mreyes"}}}, "timestamp": "2025-10-08T10:18:03.744031Z", "location": "Sysmon"}
{"index": {"_index": "wazuh-alerts-ctf-v3", "_id": "noise-0067-8295"}}
{"agent": {"name": "VICTIM-HOST-01.corp.local", "id": "vh01", "ip": "10.10.5.23"}, "rule": {"level": 3, "description": "A process was created.", "id": "34012"}, "data": {"win": {"system": {"eventID": "1", "systemTime": "2025-10-08T09:26:49.798913Z", "providerName": "Microsoft-Windows-Sysmon"}, "eventdata": {"ProcessGuid": "{a9465df0-2d49-4ec7-87ce-28bc2b76df85}", "ProcessId": "2088", "Image": "C:\\Windows\\System32\\cmd.exe", "CommandLine": "cmd.exe", "ParentProcessId": "8108", "ParentImage": "C:\\Windows\\explorer.exe", "Hashes": "SHA256=78903584883945baa401d1be1a4c93937f7bc327bbf140a79632a688a99fe4ed", "User": "CORP\\svc-backup"}}}, "timestamp": "2025-10-08T09:26:49.798913Z", "location": "Sysmon"}
{"index": {"_index": "wazuh-alerts-ctf-v3", "_id": "noise-0223-8489"}}
{"agent": {"name": "FS01.corp.local", "id": "fs01", "ip": "10.10.5.40"}, "rule": {"level": 3, "description": "Network connection detected.", "id": "34013"}, "data": {"win": {"system": {"eventID": "3", "systemTime": "2025-10-08T19:42:53.778512Z", "providerName": "Microsoft-Windows-Sysmon"}, "eventdata": {"ProcessGuid": "{a424cda2-2a79-4198-abf1-13a28a4fa8f7}", "ProcessId": "7582", "Image": "C:\\Windows\\System32\\svchost.exe", "User": "CORP\\Administrator", "Protocol": "tcp", "SourceIp": "10.10.5.40", "SourcePort": "53948", "DestinationIp": "10.10.5.2", "DestinationPort": "53", "Initiated": "true"}}}, "timestamp": "2025-10-08T19:42:53.778512Z", "location": "Sysmon"}
