{"index": {"_index": "wazuh-alerts-ctf-v3", "_id": "8301a471-37d4-438c-8890-f0a3229c3605"}}
{"agent": {"name": "VICTIM-HOST-01.corp.local", "id": "vh01", "ip": "10.10.5.23"}, "rule": {"level": 3, "description": "A process was created.", "id": "34012"}, "data": {"win": {"system": {"eventID": "1", "systemTime": "2025-10-08T12:39:01.600189Z", "providerName": "Microsoft-Windows-Sysmon"}, "eventdata": {"ProcessGuid": "{f712c335-1e95-40ab-9901-e3cf4810b851}", "ProcessId": "6203", "Image": "C:\\Program Files (x86)\\Microsoft\\Edge\\Application\\msedge.exe", "CommandLine": "msedge.exe", "ParentProcessId": "3527", "ParentImage": "C:\\Windows\\explorer.exe", "Hashes": "SHA256=1e046610e496489aba0847889dc53d38b7c3901878124023b93e9e5052e0e218", "User": "CORP\\mreyes"}}}, "timestamp": "2025-10-08T12:39:01.600189Z", "location": "Sysmon"}
{"index": {"_index": "wazuh-alerts-ctf-v3", "_id": "af9a68b9-2c45-45bb-9559-ec3ae0ed8c6c"}}
{"agent": {"name": "FS01.corp.local", "id": "fs01", "ip": "10.10.5.40"}, "rule": {"level": 3, "description": "A process was created.", "id": "67027"}, "data": {"win": {"system": {"eventID": "4688", "systemTime": "2025-10-08T19:59:29.173884Z", "providerName": "Microsoft-Windows-Security-Auditing"}, "eventdata": {"subjectUserName": "Administrator", "newProcessName": "C:\\Windows\\System32\\xcopy.exe", "parentProcessName": "C:\\Windows\\System32\\cmd.exe", "commandLine": "xcopy.exe \"D:\\Shares\\HR\\Templates\" \"D:\\Shares\\HR\\Templates_bak\" /E", "targetLogonId": "0x0", "subjectDomainName": "CORP", "subjectLogonId": "0xf953e"}}}, "timestamp": "2025-10-08T19:59:29.173884Z", "location": "EventChannel"}
{"index": {"_index": "wazuh-alerts-ctf-v3", "_id": "noise-0066-3053"}}
{"agent": {"name": "VICTIM-HOST-01.corp.local", "id": "vh01", "ip": "10.10.5.23"}, "rule": {"level": 3, "description": "A process was created.", "id": "34012"}, "data": {"win": {"system": {"eventID": "1", "systemTime": "2025-10-08T10:11:25.292498Z", "providerName": "Microsoft-Windows-Sysmon"}, "eventdata": {"ProcessGuid": "{76aa7bb5-8e40-4dc9-96c7-dacaefdddc54}", "ProcessId": "4501", "Image": "C:\\Program Files\\Microsoft OneDrive\\OneDrive.exe", "CommandLine": "OneDrive.exe", "ParentProcessId": "6889", "ParentImage": "C:\\Windows\\explorer.exe", "Hashes": "SHA256=4d60e2d887c543c8b2cc1671035fbf9461b93bd5f54742d1b529f6eaa0827192", "User": "CORP\\svc-backup"}}}, "timestamp": "2025-10-08T10:11:25.292498Z", "location": "Sysmon"}
{"index": {"_index": "wazuh-alerts-ctf-v3", "_id": "noise-0107-3146"}}
{"agent": {"name": "VICTIM-HOST-01.corp.local", "id": "vh01", "ip": "10.10.5.23"}, "rule": {"level": 3, "description": "Network connection detected.", "id": "34013"}, "data": {"win": {"system": {"eventID": "3", "systemTime": "2025-10-08T10:05:00.339830Z", "providerName": "Microsoft-Windows-Sysmon"}, "eventdata": {"ProcessGuid": "{1861a962-cee1-4c38-9b2e-247b669214e1}", "ProcessId": "2405", "Image": "C:\\Program Files\\Microsoft Office\\root\\Office16\\WINWORD.EXE", "User": "CORP\\svc-backup", "Protocol": "tcp", "SourceIp": "10.10.5.23", "SourcePort": "59225", "DestinationIp": "10.10.5.1", "DestinationPort": "389", "Initiated": "true"}}}, "timestamp": "2025-10-08T10:05:00.339830Z", "location": "Sysmon"}
{"index": {"_index": "wazuh-alerts-ctf-v3", "_id": "noise-0164-2104"}}
{"agent": {"name": "FS01.corp.local", "id": "fs01", "ip": "10.10.5.40"}, "rule": {"level": 3, "description": "A process has exited.", "id": "67027"}, "data": {"win": {"system": {"eventID": "4689", "systemTime": "2025-10-08T19:12:45.037759Z", "providerName": "Microsoft-Windows-Security-Auditing"}, "eventdata": {"subjectUserName": "Administrator", "newProcessName": "C:\\Program Files\\Microsoft Office\\root\\Office16\\WINWORD.EXE", "parentProcessName": "C:\\Windows\\explorer.exe", "commandLine": "WINWORD.EXE", "targetLogonId": "0x0", "subjectDomainName": "CORP", "subjectLogonId": "0xe11db"}}}, "timestamp": "2025-10-08T19:12:45.037759Z", "location": "EventChannel"}
{"index": {"_index": "wazuh-alerts-ctf-v3", "_id": "8ea57bd6-b330-42dd-99fd-893b088b5974"}}
{"agent": {"name": "SCDC01", "id": "005", "ip": "172.16.200.50"}, "rule": {"level": 3, "description": "A process has exited.", "id": "67027"}, "data": {"win": {"system": {"eventID": "4689", "systemTime": "2025-10-08T19:16:26.680910Z", "providerName": "Microsoft-Windows-Security-Auditing"}, "eventdata": {"subjectUserName": "Administrator", "newProcessName": "C:\\Windows\\System32\\notepad.exe", "parentProcessName": "C:\\Windows\\explorer.exe", "targetLogonId": "0x0", "subjectDomainName": "INSIGHTNEXUS", "subjectLogonId": "0x908a2"}}}, "timestamp": "2025-10-08T19:16:26.680910Z", "location": "EventChannel"}
{"index": {"_index": "wazuh-alerts-ctf-v3", "_id": "80a9ee19-98a0-49b8-a6d6-3ce26df62ecc"}}
{"agent": {"name": "SCDC01", "id": "005", "ip": "172.16.200.50"}, "rule": {"level": 3, "description": "A process was created.", "id": "67027"}, "data": {"win": {"system": {"eventID": "4688", "systemTime": "2025-10-08T18:57:14.153214Z", "providerName": "Microsoft-Windows-Security-Auditing"}, "eventdata": {"subjectUserName": "Administrator", "newProcessName": "C:\\Windows\\System32\\SnippingTool.exe", "parentProcessName": "C:\\Windows\\explorer.exe", "targetLogonId": "0x0", "subjectDomainName": "INSIGHTNEXUS", "subjectLogonId": "0xa343d"}}}, "timestamp": "2025-10-08T18:57:14.153214Z", "location": "EventChannel"}
{"index": {"_index": "wazuh-alerts-ctf-v3", "_id": "noise-0099-3193"}}
{"agent": {"name": "VICTIM-HOST-01.corp.local", "id": "vh01", "ip": "10.10.5.23"}, "rule": {"level": 3, "description": "Network connection detected.", "id": "34013"}, "data": {"win": {"system": {"eventID": "3", "systemTime": "2025-10-08T09:45:02.489703Z", "providerName": "Microsoft-Windows-Sysmon"}, "eventdata": {"ProcessGuid": "{53e69699-ea7f-432c-bc2c-c62f5875b36f}", "ProcessId": "6263", "Image": "C:\\Program Files\\Microsoft Office\\root\\Office16\\OUTLOOK.EXE", "User": "CORP\\jsmith", "Protocol": "tcp", "SourceIp": "10.10.5.23", "SourcePort": "62373", "DestinationIp": "142.250.80.100", "DestinationPort": "443", "Initiated": "true", "DestinationHostname": "www.google.com"}}}, "timestamp": "2025-10-08T09:45:02.489703Z", "location": "Sysmon"}
{"index": {"_index": "wazuh-alerts-ctf-v3", "_id": "noise-0022-9215"}}
{"agent": {"name": "VICTIM-HOST-01.corp.local", "id": "vh01", "ip": "10.10.5.23"}, "rule": {"level": 3, "description": "A process was created.", "id": "34012"}, "data": {"win": {"system": {"eventID": "1", "systemTime": "2025-10-08T12:50:51.165639Z", "providerName": "Microsoft-Windows-Sysmon"}, "eventdata": {"ProcessGuid": "{f706d886-0f4a-4d53-9c83-e928b6961c34}", "ProcessId": "7846", "Image": "C:\\Program Files\\Microsoft OneDrive\\OneDrive.exe", "CommandLine": "OneDrive.exe", "ParentProcessId": "4638", "ParentImage": "C:\\Windows\\explorer.exe", "Hashes": "SHA256=3deceb2c39954b8bb877fa391341f4b832b71c1928c64c32a31e7fe7d51b7416", "User": "CORP\\jsmith"}}}, "timestamp": "2025-10-08T12:50:51.165639Z", "location": "Sysmon"}
{"index": {"_index": "wazuh-alerts-ctf-v3", "_id": "48f4478a-c683-4380-b5ec-f17d16d7d866"}}
{"agent": {"name": "FS01.corp.local", "id": "fs01", "ip": "10.10.5.40"}, "rule": {"level": 3, "description": "A process was created.", "id": "67027"}, "data": {"win": {"system": {"eventID": "4688", "systemTime": "2025-10-08T19:06:28.223158Z", "providerName": "Microsoft-Windows-Security-Auditing"}, "eventdata": {"subjectUserName": "Administrator", "newProcessName": "C:\\Windows\\System32\\robocopy.exe", "parentProcessName": "C:\\Windows\\System32\\cmd.exe", "commandLine": "robocopy.exe \"D:\\Shares\\Public\" \"D:\\Backups\\Public\" /MIR", "targetLogonId": "0x0", "subjectDomainName": "CORP", "subjectLogonId": "0xe2baf"}}}, "timestamp": "2025-10-08T19:06:28.223158Z", "location": "EventChannel"}
{"index": {"_index": "wazuh-alerts-ctf-v3", "_id": "48e6e02a-a797-4f41-a92a-97776b1ee3a9"}}
{"agent": {"name": "FS01.corp.local", "id": "fs01", "ip": "10.10.5.40"}, "rule": {"level": 3, "description": "A process has exited.", "id": "67027"}, "data": {"win": {"system": {"eventID": "4689", "systemTime": "2025-10-08T19:37:41.290893Z", "providerName": "Microsoft-Windows-Security-Auditing"}, "eventdata": {"subjectUserName": "Administrator", "newProcessName": "C:\\Windows\\System32\\robocopy.exe", "parentProcessName": "C:\\Windows\\System32\\cmd.exe", "commandLine": "robocopy.exe \"D:\\Shares\\Public\" \"D:\\Backups\\Public\" /MIR", "targetLogonId": "0x0", "subjectDomainName": "CORP", "subjectLogonId": "0xcbff1"}}}, "timestamp": "2025-10-08T19:37:41.290893Z", "location": "EventChannel"}
{"index": {"_index": "wazuh-alerts-ctf-v3", "_id": "77b51484-b059-4551-9633-365c8d0dc6d6"}}
{"agent": {"name": "VICTIM-HOST-01.corp.local", "id": "vh01", "ip": "10.10.5.23"}, "rule": {"level": 3, "description": "A process was created.", "id": "34012"}, "data": {"win": {"system": {"eventID": "1", "systemTime": "2025-10-08T11:07:39.584849Z", "providerName": "Microsoft-Windows-Sysmon"}, "eventdata": {"ProcessGuid": "{4d676238-8d11-4c12-8231-f313e8354b3d}", "ProcessId": "9604", "Image": "C:\\Windows\\System32\\WmiPrvSE.exe", "CommandLine": "WmiPrvSE.exe", "ParentProcessId": "5222", "ParentImage": "C:\\Windows\\System32\\svchost.exe", "Hashes": "SHA256=4bab815289f34b35b777ed042f2283b85bb3f7355ce1443ab3bd46837e3accca", "User": "CORP\\svc-backup"}}}, "timestamp": "2025-10-08T11:07:39.584849Z", "location": "Sysmon"}
{"index": {"_index": "wazuh-alerts-ctf-v3", "_id": "noise-0208-6731"}}
{"agent": {"name": "FS01.corp.local", "id": "fs01", "ip": "10.10.5.40"}, "rule": {"level": 3, "description": "Network connection detected.", "id": "34013"}, "data": {"win": {"system": {"eventID": "3", "systemTime": "2025-10-08T18:21:01.040524Z", "providerName": "Microsoft-Windows-Sysmon"}, "eventdata": {"ProcessGuid": "{9e89f435-12a6-4976-b5d4-f1b3c3bfd16a}", "ProcessId": "4172", "Image": "C:\\Windows\\System32\\svchost.exe", "User": "CORP\\Administrator", "Protocol": "tcp", "SourceIp": "10.10.5.40", "SourcePort": "63499", "DestinationIp": "10.10.5.15", "DestinationPort": "80", "Initiated": "true", "DestinationHostname": "intranet.corp.local"}}}, "timestamp": "2025-10-08T18:21:01.040524Z", "location": "Sysmon"}
{"index": {"_index": "wazuh-alerts-ctf-v3", "_id": "3100df2d-c62b-4e5f-ae51-3ce8b6e3f681"}}
{"agent": {"name": "FS01.corp.local", "id": "fs01", "ip": "10.10.5.40"}, "rule": {"level": 3, "description": "Network connection detected.", "id": "34013"}, "data": {"win": {"system": {"eventID": "3", "systemTime": "2025-10-08T19:38:14.400323Z", "providerName": "Microsoft-Windows-Sysmon"}, "eventdata": {"ProcessGuid": "{9e850f0f-d3de-42f1-bc8f-ae6a5fba8109}", "ProcessId": "8139", "Image": "C:\\Windows\\System32\\svchost.exe", "User": "CORP\\Administrator", "Protocol": "tcp", "SourceIp": "10.10.5.40", "SourcePort": "62830", "DestinationIp": "172.16.200.50", "DestinationPort": "445", "Initiated": "true"}}}, "timestamp": "2025-10-08T19:38:14.400323Z", "location": "Sysmon"}
{"index": {"_index": "wazuh-alerts-ctf-v3", "_id": "1d31fa7c-1bef-4483-af44-8c52bc39a824"}}
{"agent": {"name": "SCDC01", "id": "005", "ip": "172.16.200.50"}, "rule": {"level": 3, "description": "A process has exited.", "id": "67027"}, "data": {"win": {"system": {"eventID": "4689", "systemTime": "2025-10-08T18:04:00.380354Z", "providerName": "Microsoft-Windows-Security-Auditing"}, "eventdata": {"subjectUserName": "Administrator", "newProcessName": "C:\\Windows\\System32\\mspaint.exe", "parentProcessName": "C:\\Windows\\explorer.exe", "targetLogonId": "0x0", "subjectDomainName": "INSIGHTNEXUS", "subjectLogonId": "0x13be1"}}}, "timestamp": "2025-10-08T18:04:00.380354Z", "location": "EventChannel"}
{"index": {"_index": "wazuh-alerts-ctf-v3", "_id": "9a0ee6e3-d2d9-468c-9ccd-25adfb634cb3"}}
{"agent": {"name": "SCDC01", "id": "005", "ip": "172.16.200.50"}, "rule": {"level": 3, "description": "A process was created.", "id": "67027"}, "data": {"win": {"system": {"eventID": "4688", "systemTime": "2025-10-08T19:06:23.906577Z", "providerName": "Microsoft-Windows-Security-Auditing"}, "eventdata": {"subjectUserName": "Administrator", "newProcessName": "C:\\Program Files (x86)\\Microsoft\\Edge\\Application\\msedge.exe", "parentProcessName": "C:\\Windows\\explorer.exe", "targetLogonId": "0x0", "subjectDomainName": "INSIGHTNEXUS", "subjectLogonId": "0x5445c"}}}, "timestamp": "2025-10-08T19:06:23.906577Z", "location": "EventChannel"}
{"index": {"_index": "wazuh-alerts-ctf-v3", "_id": "fee32111-0bb3-463e-8592-bb116379911d"}}
{"agent": {"name": "SCDC01", "id": "005", "ip": "172.16.200.50"}, "rule": {"level": 3, "description": "A logon was successful.", "id": "67027"}, "data": {"win": {"system": {"eventID": "4624", "systemTime": "2025-10-08T17:34:49.248644Z", "providerName": "Microsoft-Windows-Security-Auditing"}, "eventdata": {"subjectUserName": "Administrator", "newProcessName": "C:\\Windows\\System32\\SnippingTool.exe", "parentProcessName": "C:\\Windows\\explorer.exe", "targetLogonId": "0x0", "subjectDomainName": "INSIGHTNEXUS", "subjectLogonId": "0xf292b"}}}, "timestamp": "2025-10-08T17:34:49.248644Z", "location": "EventChannel"}
{"index": {"_index": "wazuh-alerts-ctf-v3", "_id": "ecc82894-422d-4222-8892-4a418fad3666"}}
{"agent": {"name": "FS01.corp.local", "id": "fs01", "ip": "10.10.5.40"}, "rule": {"level": 3, "description": "A process has exited.", "id": "67027"}, "data": {"win": {"system": {"eventID": "4689", "systemTime": "2025-10-08T18:10:48.737982Z", "providerName": "Microsoft-Windows-Security-Auditing"}, "eventdata": {"subjectUserName": "Administrator", "newProcessName": "C:\\Program Files\\7-Zip\\7zFM.exe", "parentProcessName": "C:\\Windows\\explorer.exe", "commandLine": "7zFM.exe", "targetLogonId": "0x0", "subjectDomainName": "CORP", "subjectLogonId": "0x8958c"}}}, "timestamp": "2025-10-08T18:10:48.737982Z", "location": "EventChannel"}
{"index": {"_index": "wazuh-alerts-ctf-v3", "_id": "noise-0221-8410"}}
{"agent": {"name": "FS01.corp.local", "id": "fs01", "ip": "10.10.5.40"}, "rule": {"level": 3, "description": "Network connection detected.", "id": "34013"}, "data": {"win": {"system": {"eventID": "3", "systemTime": "2025-10-08T19:39:01.489641Z", "providerName": "Microsoft-Windows-Sysmon"}, "eventdata": {"ProcessGuid": "{fdc2d28f-7eba-4687-bb13-079d61740b4e}", "ProcessId": "4552", "Image": "C:\\Windows\\System32\\svchost.exe", "User": "CORP\\Administrator", "Protocol": "tcp", "SourceIp": "10.10.5.40", "SourcePort": "57916", "DestinationIp": "13.107.4.50", "DestinationPort": "443", "Initiated": "true", "DestinationHostname": "update.microsoft.com"}}}, "timestamp": "2025-10-08T19:39:01.489641Z", "location": "Sysmon"}
{"index": {"_index": "wazuh-alerts-ctf-v3", "_id": "noise-0124-4273"}}
{"agent": {"name": "SCDC01", "id": "005", "ip": "172.16.200.50"}, "rule": {"level": 3, "description": "A process has exited.", "id": "67027"}, "data": {"win": {"system": {"eventID": "4689", "systemTime": "2025-10-08T18:09:24.209108Z", "providerName": "Microsoft-Windows-Security-Auditing"}, "eventdata": {"subjectUserName": "Administrator", "newProcessName": "C:\\Program Files\\Windows NT\\Accessories\\wordpad.exe", "parentProcessName": "C:\\Windows\\explorer.exe", "targetLogonId": "0x0", "subjectDomainName": "INSIGHTNEXUS", "subjectLogonId": "0xa0081"}}}, "timestamp": "2025-10-08T18:09:24.209108Z", "location": "EventChannel"}
{"index": {"_index": "wazuh-alerts-ctf-v3", "_id": "noise-0057-5715"}}
{"agent": {"name": "VICTIM-HOST-01.corp.local", "id": "vh01", "ip": "10.10.5.23"}, "rule": {"level": 3, "description": "A process was created.", "id": "34012"}, "data": {"win": {"system": {"eventID": "1", "systemTime": "2025-10-08T12:38:25.459110Z", "providerName": "Microsoft-Windows-Sysmon"}, "eventdata": {"ProcessGuid": "{b30de131-c720-4c75-a9ae-ac75747caaa5}", "ProcessId": "6235", "Image": "C:\\Program Files\\Google\\Chrome\\Application\\chrome.exe", "CommandLine": "chrome.exe", "ParentProcessId": "2583", "ParentImage": "C:\\Windows\\explorer.exe", "Hashes": "SHA256=3248a756f34e42949b17a60286ea971a540839e6692d479eafafeb016a796a16", "User": "CORP\\mreyes"}}}, "timestamp": "2025-10-08T12:38:25.459110Z", "location": "Sysmon"}
{"index": {"_index": "wazuh-alerts-ctf-v3", "_id": "noise-0046-3471"}}
{"agent": {"name": "VICTIM-HOST-01.corp.local", "id": "vh01", "ip": "10.10.5.23"}, "rule": {"level": 3, "description": "A process was created.", "id": "34012"}, "data": {"win": {"system": {"eventID": "1", "systemTime": "2025-10-08T10:01:10.542775Z", "providerName": "Microsoft-Windows-Sysmon"}, "eventdata": {"ProcessGuid": "{5d9cd8af-c05f-443c-a18f-e93a0b6f4dd4}", "ProcessId": "6240", "Image": "C:\\Windows\\System32\\dllhost.exe", "CommandLine": "dllhost.exe", "ParentProcessId": "2974", "ParentImage": "C:\\Windows\\System32\\svchost.exe", "Hashes": "SHA256=e5aa2907e57b44738b69f3d78009fadd7add8b1aec6b49068a6d3a82c4060bdc", "User": "CORP\\mreyes"}}}, "timestamp": "2025-10-08T10:01:10.542775Z", "location": "Sysmon"}
{"index": {"_index": "wazuh-alerts-ctf-v3", "_id": "noise-0074-3327"}}
{"agent": {"name": "VICTIM-HOST-01.corp.local", "id": "vh01", "ip": "10.10.5.23"}, "rule": {"level": 3, "description": "A process was created.", "id": "34012"}, "data": {"win": {"system": {"eventID": "1", "systemTime": "2025-10-08T10:49:07.499855Z", "providerName": "Microsoft-Windows-Sysmon"}, "eventdata": {"ProcessGuid": "{45d6a195-4600-45d3-9b40-00766bb38f22}", "ProcessId": "4017", "Image": "C:\\Program Files\\Microsoft OneDrive\\OneDrive.exe", "CommandLine": "OneDrive.exe", "ParentProcessId": "8715", "ParentImage": "C:\\Windows\\explorer.exe", "Hashes": "SHA256=781ff10f6dcf4137960031a01b3ea0882cd4cbd9ecd44b64b5b5bf22e885fdb7", "User": "CORP\\svc-backup"}}}, "timestamp": "2025-10-08T10:49:07.499855Z", "location": "Sysmon"}
{"index": {"_index": "wazuh-alerts-ctf-v3", "_id": "5993df5a-b027-47a3-a6af-08419089e6ea"}}
{"agent": {"name": "SCDC01", "id": "005", "ip": "172.16.200.50"}, "rule": {"level": 3, "description": "A process has exited.", "id": "67027"}, "data": {"win": {"system": {"eventID": "4689", "systemTime": "2025-10-08T19:59:06.400668Z", "providerName": "Microsoft-Windows-Security-Auditing"}, "eventdata": {"subjectUserName": "Administrator", "newProcessName": "C:\\Windows\\System32\\cmd.exe", "parentProcessName": "C:\\Windows\\explorer.exe", "targetLogonId": "0x0", "subjectDomainName": "INSIGHTNEXUS", "subjectLogonId": "0xe125c"}}}, "timestamp": "2025-10-08T19:59:06.400668Z", "location": "EventChannel"}
{"index": {"_index": "wazuh-alerts-ctf-v3", "_id": "noise-0005-9974"}}
{"agent": {"name": "VICTIM-HOST-01.corp.local", "id": "vh01", "ip": "10.10.5.23"}, "rule": {"level": 3, "description": "A process was created.", "id": "34012"}, "data": {"win": {"system": {"eventID": "1", "systemTime": "2025-10-08T08:29:15.179534Z", "providerName": "Microsoft-Windows-Sysmon"}, "eventdata": {"ProcessGuid": "{67cea9e9-e52a-4bcd-ae75-ab5dc2ee50de}", "ProcessId": "6140", "Image": "C:\\Program Files\\WindowsApps\\SlackTechnologies.Slack\\slack.exe", "CommandLine": "slack.exe", "ParentProcessId": "8490", "ParentImage": "C:\\Windows\\explorer.exe", "Hashes": "SHA256=ba31ef29a54f4be2b33d14b07e126beaf79d6101c0fc49129f4105a414198e4b", "User": "CORP\\mreyes"}}}, "timestamp": "2025-10-08T08:29:15.179534Z", "location": "Sysmon"}
{"index": {"_index": "wazuh-alerts-ctf-v3", "_id": "noise-0013-6270"}}
{"agent": {"name": "VICTIM-HOST-01.corp.local", "id": "vh01", "ip": "10.10.5.23"}, "rule": {"level": 3, "description": "A process was created.", "id": "34012"}, "data": {"win": {"system": {"eventID": "1", "systemTime": "2025-10-08T12:12:51.799780Z", "providerName": "Microsoft-Windows-Sysmon"}, "eventdata": {"ProcessGuid": "{ad11955a-6e5c-467c-8cfe-0e9f834e4f52}", "ProcessId": "7840", "Image": "C:\\Windows\\System32\\conhost.exe", "CommandLine": "conhost.exe", "ParentProcessId": "3606", "ParentImage": "C:\\Windows\\System32\\cmd.exe", "Hashes": "SHA256=47e7be1084114095925d2cf8f29dc63a8a275848d1eb4d41ad9db9ccf042ee4b", "User": "NT AUTHORITY\\SYSTEM"}}}, "timestamp": "2025-10-08T12:12:51.799780Z", "location": "Sysmon"}
{"index": {"_index": "wazuh-alerts-ctf-v3", "_id": "7516206d-f1be-4d0a-8050-aa5989dffe80"}}
{"agent": {"name": "VICTIM-HOST-01.corp.local", "id": "vh01", "ip": "10.10.5.23"}, "rule": {"level": 3, "description": "A process was created.", "id": "34012"}, "data": {"win": {"system": {"eventID": "1", "systemTime": "2025-10-08T11:46:24.654045Z", "providerName": "Microsoft-Windows-Sysmon"}, "eventdata": {"ProcessGuid": "{62416bdf-565a-4cbc-ab12-2e7bcdc86238}", "ProcessId": "9412", "Image": "C:\\Program Files\\Microsoft Office\\root\\Office16\\WINWORD.EXE", "CommandLine": "WINWORD.EXE", "ParentProcessId": "8500", "ParentImage": "C:\\Windows\\explorer.exe", "Hashes": "SHA256=50863224695b4fb69398dcd6b6e126ed5e12b2ee2c96457c8f8138aa5dc92a5f", "User": "CORP\\jsmith"}}}, "timestamp": "2025-10-08T11:46:24.654045Z", "location": "Sysmon"}
{"index": {"_index": "wazuh-alerts-ctf-v3", "_id": "2090d10c-de9d-4118-8cf0-ad76bb9155df"}}
{"agent": {"name": "VICTIM-HOST-01.corp.local", "id": "vh01", "ip": "10.10.5.23"}, "rule": {"level": 3, "description": "A process was created.", "id": "34012"}, "data": {"win": {"system": {"eventID": "1", "systemTime": "2025-10-08T09:36:46.011520Z", "providerName": "Microsoft-Windows-Sysmon"}, "eventdata": {"ProcessGuid": "{8147820d-7f72-4226-ae43-4be9d5449e41}", "ProcessId": "6868", "Image": "C:\\Program Files (x86)\\Adobe\\Acrobat Reader DC\\Reader\\AcroRd32.exe", "CommandLine": "AcroRd32.exe", "ParentProcessId": "9003", "ParentImage": "C:\\Windows\\explorer.exe", "Hashes": "SHA256=8fe8f3e4d9a945a29b57199ecf8e845072e1315daf36462ba430c5133df4b185", "User": "CORP\\jsmith"}}}, "timestamp": "2025-10-08T09:36:46.011520Z", "location": "Sysmon"}
{"index": {"_index": "wazuh-alerts-ctf-v3", "_id": "b155ca11-a93f-4570-8ad8-77096e878354"}}
{"agent": {"name": "SCDC01", "id": "005", "ip": "172.16.200.50"}, "rule": {"level": 3, "description": "A process has exited.", "id": "67027"}, "data": {"win": {"system": {"eventID": "4689", "systemTime": "2025-10-08T19:49:31.865472Z", "providerName": "Microsoft-Windows-Security-Auditing"}, "eventdata": {"subjectUserName": "Administrator", "newProcessName": "C:\\Windows\\System32\\WerFault.exe", "parentProcessName": "C:\\Windows\\explorer.exe", "targetLogonId": "0x0", "subjectDomainName": "INSIGHTNEXUS", "subjectLogonId": "0xeb1d0"}}}, "timestamp": "2025-10-08T19:49:31.865472Z", "location": "EventChannel"}
{"index": {"_index": "wazuh-alerts-ctf-v3", "_id": "noise-0127-1999"}}
{"agent": {"name": "SCDC01", "id": "005", "ip": "172.16.200.50"}, "rule": {"level": 3, "description": "A process has exited.", "id": "67027"}, "data": {"win": {"system": {"eventID": "4689", "systemTime": "2025-10-08T18:34:54.356090Z", "providerName": "Microsoft-Windows-Security-Auditing"}, "eventdata": {"subjectUserName": "Administrator", "newProcessName": "C:\\Windows\\System32\\SnippingTool.exe", "parentProcessName": "C:\\Windows\\explorer.exe", "targetLogonId": "0x0", "subjectDomainName": "INSIGHTNEXUS", "subjectLogonId": "0xc7f82"}}}, "timestamp": "2025-10-08T18:34:54.356090Z", "location": "EventChannel"}
{"index": {"_index": "wazuh-alerts-ctf-v3", "_id": "noise-0154-2023"}}
{"agent": {"name": "SCDC01", "id": "005", "ip": "172.16.200.50"}, "rule": {"level": 3, "description": "A process was created.", "id": "67027"}, "data": {"win": {"system": {"eventID": "4688", "systemTime": "2025-10-08T17:51:02.484612Z", "providerName": "Microsoft-Windows-Security-Auditing"}, "eventdata": {"subjectUserName": "Administrator", "newProcessName": "C:\\Windows\\System32\\cmd.exe", "parentProcessName": "C:\\Windows\\explorer.exe", "targetLogonId": "0x0", "subjectDomainName": "INSIGHTNEXUS", "subjectLogonId": "0xcbdef"}}}, "timestamp": "2025-10-08T17:51:02.484612Z", "location": "EventChannel"}
{"index": {"_index": "wazuh-alerts-ctf-v3", "_id": "7ba9232a-ed72-41a0-a2e4-e608f0ec16cb"}}
{"agent": {"name": "VICTIM-HOST-01.corp.local", "id": "vh01", "ip": "10.10.5.23"}, "rule": {"level": 3, "description": "A process was created.", "id": "34012"}, "data": {"win": {"system": {"eventID": "1", "systemTime": "2025-10-08T09:43:45.046077Z", "providerName": "Microsoft-Windows-Sysmon"}, "eventdata": {"ProcessGuid": "{d56480bc-8a29-43c5-8c05-f540e0596351}", "ProcessId": "4878", "Image": "C:\\Windows\\System32\\wuauclt.exe", "CommandLine": "wuauclt.exe", "ParentProcessId": "6762", "ParentImage": "C:\\Windows\\System32\\svchost.exe", "Hashes": "SHA256=08f636a3660f4b0cbe6485bde1ab5136c982a51879d2417283ae2e90a28ec567", "User": "CORP\\svc-backup"}}}, "timestamp": "2025-10-08T09:43:45.046077Z", "location": "Sysmon"}
{"index": {"_index": "wazuh-alerts-ctf-v3", "_id": "noise-0027-5434"}}
{"agent": {"name": "VICTIM-HOST-01.corp.local", "id": "vh01", "ip": "10.10.5.23"}, "rule": {"level": 3, "description": "A process was created.", "id": "34012"}, "data": {"win": {"system": {"eventID": "1", "systemTime": "2025-10-08T11:11:04.274273Z", "providerName": "Microsoft-Windows-Sysmon"}, "eventdata": {"ProcessGuid": "{6aab992c-a552-4e43-90ca-53de7f920ed2}", "ProcessId": "6418", "Image": "C:\\Windows\\System32\\wuauclt.exe", "CommandLine": "wuauclt.exe", "ParentProcessId": "3117", "ParentImage": "C:\\Windows\\System32\\svchost.exe", "Hashes": "SHA256=a234b8f9cc4845cca85a53786c84950eda022df7b52d43b089d71ead2cf5c2c6", "User": "CORP\\mreyes"}}}, "timestamp": "2025-10-08T11:11:04.274273Z", "location": "Sysmon"}
{"index": {"_index": "wazuh-alerts-ctf-v3", "_id": "noise-0213-7842"}}
{"agent": {"name": "FS01.corp.local", "id": "fs01", "ip": "10.10.5.40"}, "rule": {"level": 3, "description": "Network connection detected.", "id": "34013"}, "data": {"win": {"system": {"eventID": "3", "systemTime": "2025-10-08T18:11:08.649097Z", "providerName": "Microsoft-Windows-Sysmon"}, "eventdata": {"ProcessGuid": "{17b92b7a-0a16-4a11-a123-05a65597fe96}", "ProcessId": "5947", "Image": "C:\\Windows\\System32\\svchost.exe", "User": "CORP\\Administrator", "Protocol": "tcp", "SourceIp": "10.10.5.40", "SourcePort": "55221", "DestinationIp": "10.10.5.2", "DestinationPort": "53", "Initiated": "true"}}}, "timestamp": "2025-10-08T18:11:08.649097Z", "location": "Sysmon"}
{"index": {"_index": "wazuh-alerts-ctf-v3", "_id": "noise-0006-1881"}}
{"agent": {"name": "VICTIM-HOST-01.corp.local", "id": "vh01", "ip": "10.10.5.23"}, "rule": {"level": 3, "description": "A process was created.", "id": "34012"}, "data": {"win": {"system": {"eventID": "1", "systemTime": "2025-10-08T12:39:36.811079Z", "providerName": "Microsoft-Windows-Sysmon"}, "eventdata": {"ProcessGuid": "{e36c90cc-ea79-45e5-86fb-b6f5fb311012}", "ProcessId": "1718", "Image": "C:\\Program Files\\Microsoft Office\\root\\Office16\\WINWORD.EXE", "CommandLine": "WINWORD.EXE", "ParentProcessId": "2183", "ParentImage": "C:\\Windows\\explorer.exe", "Hashes": "SHA256=5942023b7e974843b9b427d81a719b65f22f016e93f04592bf6823a2b0cd250c", "User": "NT AUTHORITY\\SYSTEM"}}}, "timestamp": "2025-10-08T12:39:36.811079Z", "location": "Sysmon"}
{"index": {"_index": "wazuh-alerts-ctf-v3", "_id": "noise-0050-4808"}}
{"agent": {"name": "VICTIM-HOST-01.corp.local", "id": "vh01", "ip": "10.10.5.23"}, "rule": {"level": 3, "description": "A process was created.", "id": "34012"}, "data": {"win": {"system": {"eventID": "1", "systemTime": "2025-10-08T08:59:31.456131Z", "providerName": "Microsoft-Windows-Sysmon"}, "eventdata": {"ProcessGuid": "{3a0e9f03-0a51-460a-987d-b46802214cef}", "ProcessId": "5026", "Image": "C:\\Program Files\\Google\\Chrome\\Application\\chrome.exe", "CommandLine": "chrome.exe", "ParentProcessId": "6752", "ParentImage": "C:\\Windows\\explorer.exe", "Hashes": "SHA256=7c0bcd40a4ae417a8853e9417a547192c82dc260f8594e53800e4a8741949d40", "User": "NT AUTHORITY\\SYSTEM"}}}, "timestamp": "2025-10-08T08:59:31.456131Z", "location": "Sysmon"}
{"index": {"_index": "wazuh-alerts-ctf-v3", "_id": "noise-0038-5598"}}
{"agent": {"name": "VICTIM-HOST-01.corp.local", "id": "vh01", "ip": "10.10.5.23"}, "rule": {"level": 3, "description": "A process was created.", "id": "34012"}, "data": {"win": {"system": {"eventID": "1", "systemTime": "2025-10-08T10:06:28.299577Z", "providerName": "Microsoft-Windows-Sysmon"}, "eventdata": {"ProcessGuid": "{cceab528-8e6b-4e81-aa88-9ebd1507b1d5}", "ProcessId": "2875", "Image": "C:\\Windows\\System32\\WindowsPowerShell\\v1.0\\powershell.exe", "CommandLine": "powershell.exe", "ParentProcessId": "1662", "ParentImage": "C:\\Windows\\explorer.exe", "Hashes": "SHA256=d06f0a524f124e3898e271e0a92745ddb5b23482563f421db46435c6e55318e3", "User": "CORP\\jsmith"}}}, "timestamp": "2025-10-08T10:06:28.299577Z", "location": "Sysmon"}
{"index": {"_index": "wazuh-alerts-ctf-v3", "_id": "32c6ddcb-a174-436a-9bb6-a338e2fdfae6"}}
{"agent": {"name": "SCDC01", "id": "005", "ip": "172.16.200.50"}, "rule": {"level": 3, "description": "A process has exited.", "id": "67027"}, "data": {"win": {"system": {"eventID": "4689", "systemTime": "2025-10-08T17:50:03.662080Z", "providerName": "Microsoft-Windows-Security-Auditing"}, "eventdata": {"subjectUserName": "Administrator", "newProcessName": "C:\\Program Files (x86)\\Microsoft\\Edge\\Application\\msedge.exe", "parentProcessName": "C:\\Windows\\explorer.exe", "targetLogonId": "0x0", "subjectDomainName": "INSIGHTNEXUS", "subjectLogonId": "0xe5d03"}}}, "timestamp": "2025-10-08T17:50:03.662080Z", "location": "EventChannel"}
{"index": {"_index": "wazuh-alerts-ctf-v3", "_id": "2f8c3c56-4f8f-47ae-b6dc-39e6ef72efc6"}}
{"agent": {"name": "VICTIM-HOST-01.corp.local", "id": "vh01", "ip": "10.10.5.23"}, "rule": {"level": 3, "description": "A process was created.", "id": "34012"}, "data": {"win": {"system": {"eventID": "1", "systemTime": "2025-10-08T12:25:21.183346Z", "providerName": "Microsoft-Windows-Sysmon"}, "eventdata": {"ProcessGuid": "{3310bc3b-8446-4072-a0ea-0b91ee9a53d7}", "ProcessId": "7636", "Image": "C:\\Windows\\System32\\WindowsPowerShell\\v1.0\\powershell.exe", "CommandLine": "powershell.exe", "ParentProcessId": "4593", "ParentImage": "C:\\Windows\\explorer.exe", "Hashes": "SHA256=9ad9270792f44d3491a8a50bf5d03fb2c85dd3b226764edf9387a626c6f66a63", "User": "CORP\\jsmith"}}}, "timestamp": "2025-10-08T12:25:21.183346Z", "location": "Sysmon"}
{"index": {"_index": "wazuh-alerts-ctf-v3", "_id": "noise-0114-6952"}}
{"agent": {"name": "SCDC01", "id": "005", "ip": "172.16.200.50"}, "rule": {"level": 3, "description": "A process was created.", "id": "67027"}, "data": {"win": {"system": {"eventID": "4688", "systemTime": "2025-10-08T18:27:40.243923Z", "providerName": "Microsoft-Windows-Security-Auditing"}, "eventdata": {"subjectUserName": "Administrator", "newProcessName": "C:\\Windows\\System32\\cmd.exe", "parentProcessName": "C:\\Windows\\explorer.exe", "targetLogonId": "0x0", "subjectDomainName": "INSIGHTNEXUS", "subjectLogonId": "0xf5a0"}}}, "timestamp": "2025-10-08T18:27:40.243923Z", "location": "EventChannel"}
{"index": {"_index": "wazuh-alerts-ctf-v3", "_id": "6f84e93c-4f4a-4523-9795-c27be5f6e226"}}
{"agent": {"name": "VICTIM-HOST-01.corp.local", "id": "vh01", "ip": "10.10.5.23"}, "rule": {"level": 3, "description": "A process was created.", "id": "34012"}, "data": {"win": {"system": {"eventID": "1", "systemTime": "2025-10-08T11:42:05.136707Z", "providerName": "Microsoft-Windows-Sysmon"}, "eventdata": {"ProcessGuid": "{3d8e7fd2-dadd-4e21-9369-249fc7e94318}", "ProcessId": "3576", "Image": "C:\\Program Files\\Microsoft Office\\root\\Office16\\EXCEL.EXE", "CommandLine": "EXCEL.EXE", "ParentProcessId": "6218", "ParentImage": "C:\\Windows\\explorer.exe", "Hashes": "SHA256=67fba3c43d9e4e608f64a04f0ad60ec43ca92a4ebd744066b0e98a7a9f0539eb", "User": "CORP\\jsmith"}}}, "timestamp": "2025-10-08T11:42:05.136707Z", "location": "Sysmon"}
{"index": {"_index": "wazuh-alerts-ctf-v3", "_id": "noise-0141-5802"}}
{"agent": {"name": "SCDC01", "id": "005", "ip": "172.16.200.50"}, "rule": {"level": 3, "description": "A process was created.", "id": "67027"}, "data": {"win": {"system": {"eventID": "4688", "systemTime": "2025-10-08T18:49:24.836052Z", "providerName": "Microsoft-Windows-Security-Auditing"}, "eventdata": {"subjectUserName": "Administrator", "newProcessName": "C:\\Windows\\System32\\notepad.exe", "parentProcessName": "C:\\Windows\\explorer.exe", "targetLogonId": "0x0", "subjectDomainName": "INSIGHTNEXUS", "subjectLogonId": "0x2b4ae"}}}, "timestamp": "2025-10-08T18:49:24.836052Z", "location": "EventChannel"}
{"index": {"_index": "wazuh-alerts-ctf-v3", "_id": "d80388ab-c5d5-498b-b5e0-c8cb5a6eeb1c"}}
{"agent": {"name": "SCDC01", "id": "005", "ip": "172.16.200.50"}, "rule": {"level": 3, "description": "A logon was successful.", "id": "67027"}, "data": {"win": {"system": {"eventID": "4624", "systemTime": "2025-10-08T17:39:27.169079Z", "providerName": "Microsoft-Windows-Security-Auditing"}, "eventdata": {"subjectUserName": "Administrator", "newProcessName": "C:\\Program Files\\Windows NT\\Accessories\\wordpad.exe", "parentProcessName": "C:\\Windows\\explorer.exe", "targetLogonId": "0x0", "subjectDomainName": "INSIGHTNEXUS", "subjectLogonId": "0xa57df"}}}, "timestamp": "2025-10-08T17:39:27.169079Z", "location": "EventChannel"}
{"index": {"_index": "wazuh-alerts-ctf-v3", "_id": "noise-0110-1181"}}
{"agent": {"name": "VICTIM-HOST-01.corp.local", "id": "vh01", "ip": "10.10.5.23"}, "rule": {"level": 3, "description": "Network connection detected.", "id": "34013"}, "data": {"win": {"system": {"eventID": "3", "systemTime": "2025-10-08T11:41:11.448422Z", "providerName": "Microsoft-Windows-Sysmon"}, "eventdata": {"ProcessGuid": "{f47f92b0-5c9a-42c5-a45c-b64e29af3338}", "ProcessId": "1389", "Image": "C:\\Windows\\System32\\notepad.exe", "User": "CORP\\jsmith", "Protocol": "tcp", "SourceIp": "10.10.5.23", "SourcePort": "64669", "DestinationIp": "3.233.20.11", "DestinationPort": "443", "Initiated": "true", "DestinationHostname": "slack.com"}}}, "timestamp": "2025-10-08T11:41:11.448422Z", "location": "Sysmon"}
{"index": {"_index": "wazuh-alerts-ctf-v3", "_id": "noise-0149-2755"}}
{"agent": {"name": "SCDC01", "id": "005", "ip": "172.16.200.50"}, "rule": {"level": 3, "description": "A process was created.", "id": "67027"}, "data": {"win": {"system": {"eventID": "4688", "systemTime": "2025-10-08T18:28:51.092284Z", "providerName": "Microsoft-Windows-Security-Auditing"}, "eventdata": {"subjectUserName": "Administrator", "newProcessName": "C:\\Program Files\\Microsoft Office\\root\\Office16\\EXCEL.EXE", "parentProcessName": "C:\\Windows\\explorer.exe", "targetLogonId": "0x0", "subjectDomainName": "INSIGHTNEXUS", "subjectLogonId": "0x42365"}}}, "timestamp": "2025-10-08T18:28:51.092284Z", "location": "EventChannel"}
{"index": {"_index": "wazuh-alerts-ctf-v3", "_id": "f218e101-5e9c-41a1-b6f9-e829be55a267"}}
{"agent": {"name": "SCDC01", "id": "005", "ip": "172.16.200.50"}, "rule": {"level": 3, "description": "A process has exited.", "id": "67027"}, "data": {"win": {"system": {"eventID": "4689", "systemTime": "2025-10-08T18:40:25.687870Z", "providerName": "Microsoft-Windows-Security-Auditing"}, "eventdata": {"subjectUserName": "Administrator", "newProcessName": "C:\\Program Files (x86)\\Microsoft\\Edge\\Application\\msedge.exe", "parentProcessName": "C:\\Windows\\explorer.exe", "targetLogonId": "0x0", "subjectDomainName": "INSIGHTNEXUS", "subjectLogonId": "0x4ba67"}}}, "timestamp": "2025-10-08T18:40:25.687870Z", "location": "EventChannel"}
{"index": {"_index": "wazuh-alerts-ctf-v3", "_id": "736876f4-c4c7-4a6f-81db-8bdbf7fd452a"}}
{"agent": {"name": "VICTIM-HOST-01.corp.local", "id": "vh01", "ip": "10.10.5.23"}, "rule": {"level": 3, "description": "A process was created.", "id": "34012"}, "data": {"win": {"system": {"eventID": "1", "systemTime": "2025-10-08T12:42:54.761166Z", "providerName": "Microsoft-Windows-Sysmon"}, "eventdata": {"ProcessGuid": "{ad203a79-092c-40d3-b096-eb9a24561474}", "ProcessId": "6123", "Image": "C:\\Program Files (x86)\\Microsoft\\Teams\\current\\Teams.exe", "CommandLine": "Teams.exe", "ParentProcessId": "5843", "ParentImage": "C:\\Windows\\explorer.exe", "Hashes": "SHA256=48f3f9b6be1245e680001b68f312d87968e96a1b3aab407098c0d42267980a9f", "User": "CORP\\mreyes"}}}, "timestamp": "2025-10-08T12:42:54.761166Z", "location": "Sysmon"}
{"index": {"_index": "wazuh-alerts-ctf-v3", "_id": "669e5491-57cc-4065-82a2-61ffa30ee0c4"}}
{"agent": {"name": "VICTIM-HOST-01.corp.local", "id": "vh01", "ip": "10.10.5.23"}, "rule": {"level": 3, "description": "A process was created.", "id": "34012"}, "data": {"win": {"system": {"eventID": "1", "systemTime": "2025-10-08T08:40:12.206592Z", "providerName": "Microsoft-Windows-Sysmon"}, "eventdata": {"ProcessGuid": "{b5366942-9172-48e2-ac85-538833fc48ae}", "ProcessId": "2713", "Image": "C:\\Program Files (x86)\\Adobe\\Acrobat Reader DC\\Reader\\AcroRd32.exe", "CommandLine": "AcroRd32.exe", "ParentProcessId": "5668", "ParentImage": "C:\\Windows\\explorer.exe", "Hashes": "SHA256=fd82b78b619b479798a69fd97da648da1821667875e64451a778195a6f7a3463", "User": "CORP\\svc-backup"}}}, "timestamp": "2025-10-08T08:40:12.206592Z", "location": "Sysmon"}
{"index": {"_index": "wazuh-alerts-ctf-v3", "_id": "noise-0207-2634"}}
{"agent": {"name": "FS01.corp.local", "id": "fs01", "ip": "10.10.5.40"}, "rule": {"level": 3, "description": "Network connection detected.", "id": "34013"}, "data": {"win": {"system": {"eventID": "3", "systemTime": "2025-10-08T19:37:06.979982Z", "providerName": "Microsoft-Windows-Sysmon"}, "eventdata": {"ProcessGuid": "{28a28697-d2d8-46d6-8faf-d6277ec79f88}", "ProcessId": "5172", "Image": "C:\\Windows\\System32\\svchost.exe", "User": "CORP\\Administrator", "Protocol": "tcp", "SourceIp": "10.10.5.40", "SourcePort": "61984", "DestinationIp": "10.10.5.2", "DestinationPort": "53", "Initiated": "true"}}}, "timestamp": "2025-10-08T19:37:06.979982Z", "location": "Sysmon"}
{"index": {"_index": "wazuh-alerts-ctf-v3", "_id": "0e3a0d23-3782-430b-a24a-fb9b9dbf45cf"}}
{"agent": {"name": "FS01.corp.local", "id": "fs01", "ip": "10.10.5.40"}, "rule": {"level": 3, "description": "Network connection detected.", "id": "34013"}, "data": {"win": {"system": {"eventID": "3", "systemTime": "2025-10-08T19:21:58.679636Z", "providerName": "Microsoft-Windows-Sysmon"}, "eventdata": {"ProcessGuid": "{8ab72c0e-1e2c-4e13-ba5b-9f1153957c8a}", "ProcessId": "4105", "Image": "C:\\Windows\\System32\\svchost.exe", "User": "CORP\\Administrator", "Protocol": "tcp", "SourceIp": "10.10.5.40", "SourcePort": "59635", "DestinationIp": "10.10.5.60", "DestinationPort": "443", "Initiated": "true", "DestinationHostname": "backup-vault.corp.local"}}}, "timestamp": "2025-10-08T19:21:58.679636Z", "location": "Sysmon"}
{"index": {"_index": "wazuh-alerts-ctf-v3", "_id": "noise-0235-6057"}}
{"agent": {"name": "FS01.corp.local", "id": "fs01", "ip": "10.10.5.40"}, "rule": {"level": 3, "description": "Network connection detected.", "id": "34013"}, "data": {"win": {"system": {"eventID": "3", "systemTime": "2025-10-08T19:29:46.079636Z", "providerName": "Microsoft-Windows-Sysmon"}, "eventdata": {"ProcessGuid": "{2ae9ba2a-f3c5-4d9f-bb61-e7a10a0f06e8}", "ProcessId": "2217", "Image": "C:\\Windows\\System32\\svchost.exe", "User": "CORP\\Administrator", "Protocol": "tcp", "SourceIp": "10.10.5.40", "SourcePort": "49520", "DestinationIp": "10.10.5.1", "DestinationPort": "389", "Initiated": "true"}}}, "timestamp": "2025-10-08T19:29:46.079636Z", "location": "Sysmon"}
{"index": {"_index": "wazuh-alerts-ctf-v3", "_id": "noise-0079-7339"}}
{"agent": {"name": "VICTIM-HOST-01.corp.local", "id": "vh01", "ip": "10.10.5.23"}, "rule": {"level": 3, "description": "Network connection detected.", "id": "34013"}, "data": {"win": {"system": {"eventID": "3", "systemTime": "2025-10-08T12:49:48.749734Z", "providerName": "Microsoft-Windows-Sysmon"}, "eventdata": {"ProcessGuid": "{7e90560d-1d44-4731-8fde-a486584b4ffd}", "ProcessId": "4049", "Image": "C:\\Program Files\\Zoom\\bin\\Zoom.exe", "User": "CORP\\mreyes", "Protocol": "tcp", "SourceIp": "10.10.5.23", "SourcePort": "55546", "DestinationIp": "13.107.4.50", "DestinationPort": "443", "Initiated": "true", "DestinationHostname": "update.microsoft.com"}}}, "timestamp": "2025-10-08T12:49:48.749734Z", "location": "Sysmon"}
{"index": {"_index": "wazuh-alerts-ctf-v3", "_id": "noise-0116-2063"}}
{"agent": {"name": "SCDC01", "id": "005", "ip": "172.16.200.50"}, "rule": {"level": 3, "description": "A logon was successful.", "id": "67027"}, "data": {"win": {"system": {"eventID": "4624", "systemTime": "2025-10-08T19:55:14.340238Z", "providerName": "Microsoft-Windows-Security-Auditing"}, "eventdata": {"subjectUserName": "Administrator", "newProcessName": "C:\\Windows\\System32\\SnippingTool.exe", "parentProcessName": "C:\\Windows\\explorer.exe", "targetLogonId": "0x0", "subjectDomainName": "INSIGHTNEXUS", "subjectLogonId": "0x45d7f"}}}, "timestamp": "2025-10-08T19:55:14.340238Z", "location": "EventChannel"}
{"index": {"_index": "wazuh-alerts-ctf-v3", "_id": "3e26b469-cb31-4dd1-9d71-4296879644ec"}}
{"agent": {"name": "SCDC01", "id": "005", "ip": "172.16.200.50"}, "rule": {"level": 3, "description": "A process was created.", "id": "67027"}, "data": {"win": {"system": {"eventID": "4688", "systemTime": "2025-10-08T18:40:34.096790Z", "providerName": "Microsoft-Windows-Security-Auditing"}, "eventdata": {"subjectUserName": "Administrator", "newProcessName": "C:\\Program Files\\Microsoft Office\\root\\Office16\\EXCEL.EXE", "parentProcessName": "C:\\Windows\\explorer.exe", "targetLogonId": "0x0", "subjectDomainName": "INSIGHTNEXUS", "subjectLogonId": "0xc4b02"}}}, "timestamp": "2025-10-08T18:40:34.096790Z", "location": "EventChannel"}
{"index": {"_index": "wazuh-alerts-ctf-v3", "_id": "d4642b60-cda0-43eb-9bed-94a567c1298a"}}
{"agent": {"name": "FS01.corp.local", "id": "fs01", "ip": "10.10.5.40"}, "rule": {"level": 3, "description": "A process was created.", "id": "67027"}, "data": {"win": {"system": {"eventID": "4688", "systemTime": "2025-10-08T19:21:11.691036Z", "providerName": "Microsoft-Windows-Security-Auditing"}, "eventdata": {"subjectUserName": "Administrator", "newProcessName": "C:\\Windows\\System32\\cmd.exe", "parentProcessName": "C:\\Windows\\explorer.exe", "commandLine": "cmd.exe", "targetLogonId": "0x0", "subjectDomainName": "CORP", "subjectLogonId": "0xc629e"}}}, "timestamp": "2025-10-08T19:21:11.691036Z", "location": "EventChannel"}
{"index": {"_index": "wazuh-alerts-ctf-v3", "_id": "ef6ed71d-96ae-4607-ba6a-4a0c05ad17ae"}}
{"agent": {"name": "SCDC01", "id": "005", "ip": "172.16.200.50"}, "rule": {"level": 3, "description": "A process has exited.", "id": "67027"}, "data": {"win": {"system": {"eventID": "4689", "systemTime": "2025-10-08T17:08:01.596073Z", "providerName": "Microsoft-Windows-Security-Auditing"}, "eventdata": {"subjectUserName": "Administrator", "newProcessName": "C:\\Windows\\System32\\taskmgr.exe", "parentProcessName": "C:\\Windows\\explorer.exe", "targetLogonId": "0x0", "subjectDomainName": "INSIGHTNEXUS", "subjectLogonId": "0x4be4e"}}}, "timestamp": "2025-10-08T17:08:01.596073Z", "location": "EventChannel"}
{"index": {"_index": "wazuh-alerts-ctf-v3", "_id": "12c92d4c-b194-41d8-bc0e-b82ab420a3f3"}}
{"agent": {"name": "FS01.corp.local", "id": "fs01", "ip": "10.10.5.40"}, "rule": {"level": 3, "description": "A process was created.", "id": "67027"}, "data": {"win": {"system": {"eventID": "4688", "systemTime": "2025-10-08T19:30:33.153608Z", "providerName": "Microsoft-Windows-Security-Auditing"}, "eventdata": {"subjectUserName": "Administrator", "newProcessName": "C:\\Windows\\System32\\calc.exe", "parentProcessName": "C:\\Windows\\explorer.exe", "commandLine": "calc.exe", "targetLogonId": "0x0", "subjectDomainName": "CORP", "subjectLogonId": "0xf8dc6"}}}, "timestamp": "2025-10-08T19:30:33.153608Z", "location": "EventChannel"}
{"index": {"_index": "wazuh-alerts-ctf-v3", "_id": "796965ca-c29e-449d-bf46-6d7a1d56221e"}}
{"agent": {"name": "VICTIM-HOST-01.corp.local", "id": "vh01", "ip": "10.10.5.23"}, "rule": {"level": 3, "description": "A process was created.", "id": "34012"}, "data": {"win": {"system": {"eventID": "1", "systemTime": "2025-10-08T10:21:58.322835Z", "providerName": "Microsoft-Windows-Sysmon"}, "eventdata": {"ProcessGuid": "{88e530d5-60c7-4a05-a3a1-f08172bd8c62}", "ProcessId": "7471", "Image": "C:\\Program Files\\WindowsApps\\SlackTechnologies.Slack\\slack.exe", "CommandLine": "slack.exe", "ParentProcessId": "6545", "ParentImage": "C:\\Windows\\explorer.exe", "Hashes": "SHA256=03f8329cc5b947d4af2a4a962c4b3f56e3fd98c5f3be4c2aaaf863ad987d8b80", "User": "CORP\\svc-backup"}}}, "timestamp": "2025-10-08T10:21:58.322835Z", "location": "Sysmon"}
{"index": {"_index": "wazuh-alerts-ctf-v3", "_id": "noise-0219-8367"}}
{"agent": {"name": "FS01.corp.local", "id": "fs01", "ip": "10.10.5.40"}, "rule": {"level": 3, "description": "Network connection detected.", "id": "34013"}, "data": {"win": {"system": {"eventID": "3", "systemTime": "2025-10-08T19:53:28.626417Z", "providerName": "Microsoft-Windows-Sysmon"}, "eventdata": {"ProcessGuid": "{ebc8d14d-6c93-482d-9c48-e03096d6cbb4}", "ProcessId": "8877", "Image": "C:\\Windows\\System32\\svchost.exe", "User": "CORP\\Administrator", "Protocol": "tcp", "SourceIp": "10.10.5.40", "SourcePort": "54989", "DestinationIp": "10.10.5.1", "DestinationPort": "389", "Initiated": "true"}}}, "timestamp": "2025-10-08T19:53:28.626417Z", "location": "Sysmon"}
{"index": {"_index": "wazuh-alerts-ctf-v3", "_id": "871b7645-49e4-4f1c-8aea-e3538a7c27d8"}}
{"agent": {"name": "SCDC01", "id": "005", "ip": "172.16.200.50"}, "rule": {"level": 3, "description": "A logon was successful.", "id": "67027"}, "data": {"win": {"system": {"eventID": "4624", "systemTime": "2025-10-08T18:27:47.801864Z", "providerName": "Microsoft-Windows-Security-Auditing"}, "eventdata": {"subjectUserName": "Administrator", "newProcessName": "C:\\Program Files\\7-Zip\\7zFM.exe", "parentProcessName": "C:\\Windows\\explorer.exe", "targetLogonId": "0x0", "subjectDomainName": "INSIGHTNEXUS", "subjectLogonId": "0x51784"}}}, "timestamp": "2025-10-08T18:27:47.801864Z", "location": "EventChannel"}
{"index": {"_index": "wazuh-alerts-ctf-v3", "_id": "2e17caf0-84f5-4b2f-a14f-94cae2f54f26"}}
{"agent": {"name": "FS01.corp.local", "id": "fs01", "ip": "10.10.5.40"}, "rule": {"level": 3, "description": "A process was created.", "id": "67027"}, "data": {"win": {"system": {"eventID": "4688", "systemTime": "2025-10-08T19:57:47.006855Z", "providerName": "Microsoft-Windows-Security-Auditing"}, "eventdata": {"subjectUserName": "Administrator", "newProcessName": "C:\\Windows\\System32\\WindowsPowerShell\\v1.0\\powershell.exe", "parentProcessName": "C:\\Windows\\explorer.exe", "commandLine": "powershell.exe Get-ChildItem D:\\Shares", "targetLogonId": "0x0", "subjectDomainName": "CORP", "subjectLogonId": "0x7f498"}}}, "timestamp": "2025-10-08T19:57:47.006855Z", "location": "EventChannel"}
{"index": {"_index": "wazuh-alerts-ctf-v3", "_id": "noise-0122-4425"}}
{"agent": {"name": "SCDC01", "id": "005", "ip": "172.16.200.50"}, "rule": {"level": 3, "description": "A logon was successful.", "id": "67027"}, "data": {"win": {"system": {"eventID": "4624", "systemTime": "2025-10-08T19:31:47.438685Z", "providerName": "Microsoft-Windows-Security-Auditing"}, "eventdata": {"subjectUserName": "Administrator", "newProcessName": "C:\\Program Files\\Microsoft Office\\root\\Office16\\EXCEL.EXE", "parentProcessName": "C:\\Windows\\explorer.exe", "targetLogonId": "0x0", "subjectDomainName": "INSIGHTNEXUS", "subjectLogonId": "0x8d494"}}}, "timestamp": "2025-10-08T19:31:47.438685Z", "location": "EventChannel"}
{"index": {"_index": "wazuh-alerts-ctf-v3", "_id": "d1f7157e-0e4c-45e5-9135-d3fe9985a49a"}}
{"agent": {"name": "SCDC01", "id": "005", "ip": "172.16.200.50"}, "rule": {"level": 3, "description": "A process was created.", "id": "67027"}, "data": {"win": {"system": {"eventID": "4688", "systemTime": "2025-10-08T18:02:12.790340Z", "providerName": "Microsoft-Windows-Security-Auditing"}, "eventdata": {"subjectUserName": "Administrator", "newProcessName": "C:\\Program Files\\Microsoft Office\\root\\Office16\\EXCEL.EXE", "parentProcessName": "C:\\Windows\\explorer.exe", "targetLogonId": "0x0", "subjectDomainName": "INSIGHTNEXUS", "subjectLogonId": "0x4aea4"}}}, "timestamp": "2025-10-08T18:02:12.790340Z", "location": "EventChannel"}
{"index": {"_index": "wazuh-alerts-ctf-v3", "_id": "noise-0234-7670"}}
{"agent": {"name": "FS01.corp.local", "id": "fs01", "ip": "10.10.5.40"}, "rule": {"level": 3, "description": "Network connection detected.", "id": "34013"}, "data": {"win": {"system": {"eventID": "3", "systemTime": "2025-10-08T19:50:30.055467Z", "providerName": "Microsoft-Windows-Sysmon"}, "eventdata": {"ProcessGuid": "{3b0172a2-7e2c-4297-a775-9c5d910a771e}", "ProcessId": "9191", "Image": "C:\\Windows\\System32\\svchost.exe", "User": "CORP\\Administrator", "Protocol": "tcp", "SourceIp": "10.10.5.40", "SourcePort": "49762", "DestinationIp": "10.10.5.60", "DestinationPort": "443", "Initiated": "true", "DestinationHostname": "backup-vault.corp.local"}}}, "timestamp": "2025-10-08T19:50:30.055467Z", "location": "Sysmon"}
{"index": {"_index": "wazuh-alerts-ctf-v3", "_id": "noise-0233-7557"}}
{"agent": {"name": "FS01.corp.local", "id": "fs01", "ip": "10.10.5.40"}, "rule": {"level": 3, "description": "Network connection detected.", "id": "34013"}, "data": {"win": {"system": {"eventID": "3", "systemTime": "2025-10-08T19:51:40.931370Z", "providerName": "Microsoft-Windows-Sysmon"}, "eventdata": {"ProcessGuid": "{841bb4ff-ca6d-4271-b5df-f92a261eb159}", "ProcessId": "7493", "Image": "C:\\Windows\\System32\\svchost.exe", "User": "CORP\\Administrator", "Protocol": "tcp", "SourceIp": "10.10.5.40", "SourcePort": "61715", "DestinationIp": "10.10.5.20", "DestinationPort": "9100", "Initiated": "true"}}}, "timestamp": "2025-10-08T19:51:40.931370Z", "location": "Sysmon"}
