{"index": {"_index": "wazuh-alerts-ctf-v3", "_id": "noise-0231-7333"}}
{"agent": {"name": "FS01.corp.local", "id": "fs01", "ip": "10.10.5.40"}, "rule": {"level": 3, "description": "Network connection detected.", "id": "34013"}, "data": {"win": {"system": {"eventID": "3", "systemTime": "2025-10-08T19:49:31.714007Z", "providerName": "Microsoft-Windows-Sysmon"}, "eventdata": {"ProcessGuid": "{cf831742-57bc-4ef8-91ac-21d50ee42a79}", "ProcessId": "5510", "Image": "C:\\Windows\\System32\\svchost.exe", "User": "CORP\\Administrator", "Protocol": "tcp", "SourceIp": "10.10.5.40", "SourcePort": "61510", "DestinationIp": "10.10.5.1", "DestinationPort": "389", "Initiated": "true"}}}, "timestamp": "2025-10-08T19:49:31.714007Z", "location": "Sysmon"}
{"index": {"_index": "wazuh-alerts-ctf-v3", "_id": "noise-0077-4746"}}
{"agent": {"name": "VICTIM-HOST-01.corp.local", "id": "vh01", "ip": "10.10.5.23"}, "rule": {"level": 3, "description": "A process was created.", "id": "34012"}, "data": {"win": {"system": {"eventID": "1", "systemTime": "2025-10-08T08:52:15.168970Z", "providerName": "Microsoft-Windows-Sysmon"}, "eventdata": {"ProcessGuid": "{ff87b067-5ebc-43ba-bfc6-ec1e132631c8}", "ProcessId": "2709", "Image": "C:\\Program Files\\Google\\Chrome\\Application\\chrome.exe", "CommandLine": "chrome.exe", "ParentProcessId": "9323", "ParentImage": "C:\\Windows\\explorer.exe", "Hashes": "SHA256=401a202291c8454f91a96bd277992e5603da1f46ad9244759e1769399299539e", "User": "NT AUTHORITY\\SYSTEM"}}}, "timestamp": "2025-10-08T08:52:15.168970Z", "location": "Sysmon"}
{"index": {"_index": "wazuh-alerts-ctf-v3", "_id": "noise-0119-8474"}}
{"agent": {"name": "SCDC01", "id": "005", "ip": "172.16.200.50"}, "rule": {"level": 3, "description": "A process has exited.", "id": "67027"}, "data": {"win": {"system": {"eventID": "4689", "systemTime": "2025-10-08T17:22:25.246643Z", "providerName": "Microsoft-Windows-Security-Auditing"}, "eventdata": {"subjectUserName": "Administrator", "newProcessName": "C:\\Program Files\\Microsoft Office\\root\\Office16\\WINWORD.EXE", "parentProcessName": "C:\\Windows\\explorer.exe", "targetLogonId": "0x0", "subjectDomainName": "INSIGHTNEXUS", "subjectLogonId": "0x1dae4"}}}, "timestamp": "2025-10-08T17:22:25.246643Z", "location": "EventChannel"}
{"index": {"_index": "wazuh-alerts-ctf-v3", "_id": "noise-0111-6874"}}
{"agent": {"name": "SCDC01", "id": "005", "ip": "172.16.200.50"}, "rule": {"level": 3, "description": "A logon was successful.", "id": "67027"}, "data": {"win": {"system": {"eventID": "4624", "systemTime": "2025-10-08T18:31:44.765932Z", "providerName": "Microsoft-Windows-Security-Auditing"}, "eventdata": {"subjectUserName": "Administrator", "newProcessName": "C:\\Program Files (x86)\\Microsoft\\Edge\\Application\\msedge.exe", "parentProcessName": "C:\\Windows\\explorer.exe", "targetLogonId": "0x0", "subjectDomainName": "INSIGHTNEXUS", "subjectLogonId": "0x47d4d"}}}, "timestamp": "2025-10-08T18:31:44.765932Z", "location": "EventChannel"}
{"index": {"_index": "wazuh-alerts-ctf-v3", "_id": "noise-0130-3540"}}
{"agent": {"name": "SCDC01", "id": "005", "ip": "172.16.200.50"}, "rule": {"level": 3, "description": "A process has exited.", "id": "67027"}, "data": {"win": {"system": {"eventID": "4689", "systemTime": "2025-10-08T18:12:03.471367Z", "providerName": "Microsoft-Windows-Security-Auditing"}, "eventdata": {"subjectUserName": "Administrator", "newProcessName": "C:\\Program Files\\Microsoft Office\\root\\Office16\\WINWORD.EXE", "parentProcessName": "C:\\Windows\\explorer.exe", "targetLogonId": "0x0", "subjectDomainName": "INSIGHTNEXUS", "subjectLogonId": "0x22079"}}}, "timestamp": "2025-10-08T18:12:03.471367Z", "location": "EventChannel"}
{"index": {"_index": "wazuh-alerts-ctf-v3", "_id": "noise-0103-8978"}}
{"agent": {"name": "VICTIM-HOST-01.corp.local", "id": "vh01", "ip": "10.10.5.23"}, "rule": {"level": 3, "description": "Network connection detected.", "id": "34013"}, "data": {"win": {"system": {"eventID": "3", "systemTime": "2025-10-08T11:43:47.295253Z", "providerName": "Microsoft-Windows-Sysmon"}, "eventdata": {"ProcessGuid": "{d66ddb96-4f2b-4da9-885c-8998436aea72}", "ProcessId": "3284", "Image": "C:\\Program Files\\Zoom\\bin\\Zoom.exe", "User": "NT AUTHORITY\\SYSTEM", "Protocol": "tcp", "SourceIp": "10.10.5.23", "SourcePort": "63172", "DestinationIp": "13.107.42.13", "DestinationPort": "443", "Initiated": "true", "DestinationHostname": "onedrive.live.com"}}}, "timestamp": "2025-10-08T11:43:47.295253Z", "location": "Sysmon"}
{"index": {"_index": "wazuh-alerts-ctf-v3", "_id": "noise-0194-7552"}}
{"agent": {"name": "FS01.corp.local", "id": "fs01", "ip": "10.10.5.40"}, "rule": {"level": 3, "description": "A process was created.", "id": "67027"}, "data": {"win": {"system": {"eventID": "4688", "systemTime": "2025-10-08T19:06:58.409543Z", "providerName": "Microsoft-Windows-Security-Auditing"}, "eventdata": {"subjectUserName": "Administrator", "newProcessName": "C:\\Windows\\System32\\xcopy.exe", "parentProcessName": "C:\\Windows\\System32\\cmd.exe", "commandLine": "xcopy.exe \"D:\\Shares\\HR\\Templates\" \"D:\\Shares\\HR\\Templates_bak\" /E", "targetLogonId": "0x0", "subjectDomainName": "CORP", "subjectLogonId": "0xdd34"}}}, "timestamp": "2025-10-08T19:06:58.409543Z", "location": "EventChannel"}
{"index": {"_index": "wazuh-alerts-ctf-v3", "_id": "fadac58f-3d54-4b5e-8cec-34f6a7d76bb8"}}
{"agent": {"name": "SCDC01", "id": "005", "ip": "172.16.200.50"}, "rule": {"level": 3, "description": "A process has exited.", "id": "67027"}, "data": {"win": {"system": {"eventID": "4689", "systemTime": "2025-10-08T18:00:15.349196Z", "providerName": "Microsoft-Windows-Security-Auditing"}, "eventdata": {"subjectUserName": "Administrator", "newProcessName": "C:\\Windows\\System32\\cmd.exe", "parentProcessName": "C:\\Windows\\explorer.exe", "targetLogonId": "0x0", "subjectDomainName": "INSIGHTNEXUS", "subjectLogonId": "0x84d47"}}}, "timestamp": "2025-10-08T18:00:15.349196Z", "location": "EventChannel"}
{"index": {"_index": "wazuh-alerts-ctf-v3", "_id": "noise-0055-4994"}}
{"agent": {"name": "VICTIM-HOST-01.corp.local", "id": "vh01", "ip": "10.10.5.23"}, "rule": {"level": 3, "description": "A process was created.", "id": "34012"}, "data": {"win": {"system": {"eventID": "1", "systemTime": "2025-10-08T08:14:44.170942Z", "providerName": "Microsoft-Windows-Sysmon"}, "eventdata": {"ProcessGuid": "{e3796f0f-3d89-4bc0-b4f0-d1f5bb4e1097}", "ProcessId": "5283", "Image": "C:\\Windows\\System32\\conhost.exe", "CommandLine": "conhost.exe", "ParentProcessId": "9995", "ParentImage": "C:\\Windows\\System32\\cmd.exe", "Hashes": "SHA256=ae64ea805d87472ca3f27939ebb083aa07bac9f71147445d8ddfa62a61d7bcf3", "User": "CORP\\svc-backup"}}}, "timestamp": "2025-10-08T08:14:44.170942Z", "location": "Sysmon"}
{"index": {"_index": "wazuh-alerts-ctf-v3", "_id": "f55993b1-38fb-43f1-acef-0bfebb837698"}}
{"agent": {"name": "VICTIM-HOST-01.corp.local", "id": "vh01", "ip": "10.10.5.23"}, "rule": {"level": 3, "description": "A process was created.", "id": "34012"}, "data": {"win": {"system": {"eventID": "1", "systemTime": "2025-10-08T09:24:52.742766Z", "providerName": "Microsoft-Windows-Sysmon"}, "eventdata": {"ProcessGuid": "{d59a2cbc-9019-43cf-ae75-acf6f15ad42d}", "ProcessId": "2406", "Image": "C:\\Windows\\System32\\backgroundTaskHost.exe", "CommandLine": "backgroundTaskHost.exe", "ParentProcessId": "8549", "ParentImage": "C:\\Windows\\System32\\svchost.exe", "Hashes": "SHA256=981c3aa760d74cf58110adc6df910dd92cbf48a2dacd45d1964cbe4020c9560b", "User": "CORP\\jsmith"}}}, "timestamp": "2025-10-08T09:24:52.742766Z", "location": "Sysmon"}
{"index": {"_index": "wazuh-alerts-ctf-v3", "_id": "e856c62b-4425-460c-97c8-e7cbfd58e606"}}
{"agent": {"name": "FS01.corp.local", "id": "fs01", "ip": "10.10.5.40"}, "rule": {"level": 3, "description": "Network connection detected.", "id": "34013"}, "data": {"win": {"system": {"eventID": "3", "systemTime": "2025-10-08T18:47:12.772906Z", "providerName": "Microsoft-Windows-Sysmon"}, "eventdata": {"ProcessGuid": "{5d7cb06a-969e-467a-87c7-eae11d2868e9}", "ProcessId": "4694", "Image": "C:\\Windows\\System32\\svchost.exe", "User": "CORP\\Administrator", "Protocol": "tcp", "SourceIp": "10.10.5.40", "SourcePort": "51738", "DestinationIp": "10.10.5.1", "DestinationPort": "389", "Initiated": "true"}}}, "timestamp": "2025-10-08T18:47:12.772906Z", "location": "Sysmon"}
{"index": {"_index": "wazuh-alerts-ctf-v3", "_id": "noise-0062-3248"}}
{"agent": {"name": "VICTIM-HOST-01.corp.local", "id": "vh01", "ip": "10.10.5.23"}, "rule": {"level": 3, "description": "A process was created.", "id": "34012"}, "data": {"win": {"system": {"eventID": "1", "systemTime": "2025-10-08T08:04:34.763527Z", "providerName": "Microsoft-Windows-Sysmon"}, "eventdata": {"ProcessGuid": "{cdb491ee-54f4-4779-9b1f-8bd4192f9bdf}", "ProcessId": "2935", "Image": "C:\\Windows\\System32\\SearchProtocolHost.exe", "CommandLine": "SearchProtocolHost.exe", "ParentProcessId": "1537", "ParentImage": "C:\\Windows\\System32\\SearchIndexer.exe", "Hashes": "SHA256=3f38b7f7f71940e28d913561ed92279d8035e256850c4083a8dc040fbfa6fa7d", "User": "CORP\\svc-backup"}}}, "timestamp": "2025-10-08T08:04:34.763527Z", "location": "Sysmon"}
{"index": {"_index": "wazuh-alerts-ctf-v3", "_id": "01d8cfe4-2bca-4b57-ba99-478dbe9b8711"}}
{"agent": {"name": "VICTIM-HOST-01.corp.local", "id": "vh01", "ip": "10.10.5.23"}, "rule": {"level": 3, "description": "A process was created.", "id": "34012"}, "data": {"win": {"system": {"eventID": "1", "systemTime": "2025-10-08T12:13:30.857060Z", "providerName": "Microsoft-Windows-Sysmon"}, "eventdata": {"ProcessGuid": "{b0d6b681-b361-4f93-8d63-a0b7921f9083}", "ProcessId": "7518", "Image": "C:\\Program Files\\Microsoft Office\\root\\Office16\\EXCEL.EXE", "CommandLine": "EXCEL.EXE", "ParentProcessId": "8400", "ParentImage": "C:\\Windows\\explorer.exe", "Hashes": "SHA256=4ec0b51cca5047038ea06ae02e8b2c35470a178c56a14dc8b92c053d2f9d5227", "User": "CORP\\mreyes"}}}, "timestamp": "2025-10-08T12:13:30.857060Z", "location": "Sysmon"}
{"index": {"_index": "wazuh-alerts-ctf-v3", "_id": "f6389668-2b10-423f-801d-de5a122748da"}}
{"agent": {"name": "VICTIM-HOST-01.corp.local", "id": "vh01", "ip": "10.10.5.23"}, "rule": {"level": 3, "description": "A process was created.", "id": "34012"}, "data": {"win": {"system": {"eventID": "1", "systemTime": "2025-10-08T12:59:29.451537Z", "providerName": "Microsoft-Windows-Sysmon"}, "eventdata": {"ProcessGuid": "{16de8b64-bd39-49f1-ae83-86890e140d62}", "ProcessId": "2136", "Image": "C:\\Program Files\\Zoom\\bin\\Zoom.exe", "CommandLine": "Zoom.exe", "ParentProcessId": "9291", "ParentImage": "C:\\Windows\\explorer.exe", "Hashes": "SHA256=96fe258cfb704ecea6e4b663ddbaac273cb5a51b2e9141428c0bbb8c4be84b2d", "User": "CORP\\svc-backup"}}}, "timestamp": "2025-10-08T12:59:29.451537Z", "location": "Sysmon"}
{"index": {"_index": "wazuh-alerts-ctf-v3", "_id": "9aa675c8-cb85-4e1d-982c-59a9b3b6b579"}}
{"agent": {"name": "VICTIM-HOST-01.corp.local", "id": "vh01", "ip": "10.10.5.23"}, "rule": {"level": 3, "description": "A process was created.", "id": "34012"}, "data": {"win": {"system": {"eventID": "1", "systemTime": "2025-10-08T11:10:08.211127Z", "providerName": "Microsoft-Windows-Sysmon"}, "eventdata": {"ProcessGuid": "{68e50c83-d462-46f9-87a3-2a7b9db6ee27}", "ProcessId": "5346", "Image": "C:\\Program Files\\WindowsApps\\SlackTechnologies.Slack\\slack.exe", "CommandLine": "slack.exe", "ParentProcessId": "7331", "ParentImage": "C:\\Windows\\explorer.exe", "Hashes": "SHA256=ecc7fd4caa1f4252afc21cc6f0a62c1822880c6336594818a8226182c2dfa118", "User": "NT AUTHORITY\\SYSTEM"}}}, "timestamp": "2025-10-08T11:10:08.211127Z", "location": "Sysmon"}
{"index": {"_index": "wazuh-alerts-ctf-v3", "_id": "noise-0101-9285"}}
{"agent": {"name": "VICTIM-HOST-01.corp.local", "id": "vh01", "ip": "10.10.5.23"}, "rule": {"level": 3, "description": "Network connection detected.", "id": "34013"}, "data": {"win": {"system": {"eventID": "3", "systemTime": "2025-10-08T12:57:58.276884Z", "providerName": "Microsoft-Windows-Sysmon"}, "eventdata": {"ProcessGuid": "{9e69f7af-ed6c-44c6-a7de-d910aaabeff6}", "ProcessId": "1055", "Image": "C:\\Windows\\System32\\cmd.exe", "User": "NT AUTHORITY\\SYSTEM", "Protocol": "tcp", "SourceIp": "10.10.5.23", "SourcePort": "53788", "DestinationIp": "52.112.194.132", "DestinationPort": "443", "Initiated": "true", "DestinationHostname": "teams.microsoft.com"}}}, "timestamp": "2025-10-08T12:57:58.276884Z", "location": "Sysmon"}
{"index": {"_index": "wazuh-alerts-ctf-v3", "_id": "913665c4-e815-4981-b2d5-b91266622ea5"}}
{"agent": {"name": "FS01.corp.local", "id": "fs01", "ip": "10.10.5.40"}, "rule": {"level": 3, "description": "A process has exited.", "id": "67027"}, "data": {"win": {"system": {"eventID": "4689", "systemTime": "2025-10-08T19:56:08.311854Z", "providerName": "Microsoft-Windows-Security-Auditing"}, "eventdata": {"subjectUserName": "Administrator", "newProcessName": "C:\\Windows\\System32\\cmd.exe", "parentProcessName": "C:\\Windows\\explorer.exe", "commandLine": "cmd.exe", "targetLogonId": "0x0", "subjectDomainName": "CORP", "subjectLogonId": "0xb126b"}}}, "timestamp": "2025-10-08T19:56:08.311854Z", "location": "EventChannel"}
{"index": {"_index": "wazuh-alerts-ctf-v3", "_id": "noise-0153-3328"}}
{"agent": {"name": "SCDC01", "id": "005", "ip": "172.16.200.50"}, "rule": {"level": 3, "description": "A process has exited.", "id": "67027"}, "data": {"win": {"system": {"eventID": "4689", "systemTime": "2025-10-08T19:29:08.046050Z", "providerName": "Microsoft-Windows-Security-Auditing"}, "eventdata": {"subjectUserName": "Administrator", "newProcessName": "C:\\Windows\\System32\\taskmgr.exe", "parentProcessName": "C:\\Windows\\explorer.exe", "targetLogonId": "0x0", "subjectDomainName": "INSIGHTNEXUS", "subjectLogonId": "0xe482c"}}}, "timestamp": "2025-10-08T19:29:08.046050Z", "location": "EventChannel"}
{"index": {"_index": "wazuh-alerts-ctf-v3", "_id": "noise-0068-5470"}}
{"agent": {"name": "VICTIM-HOST-01.corp.local", "id": "vh01", "ip": "10.10.5.23"}, "rule": {"level": 3, "description": "A process was created.", "id": "34012"}, "data": {"win": {"system": {"eventID": "1", "systemTime": "2025-10-08T09:29:03.897227Z", "providerName": "Microsoft-Windows-Sysmon"}, "eventdata": {"ProcessGuid": "{ab6af6e2-506f-4bb8-94ec-3970a652e9dd}", "ProcessId": "1115", "Image": "C:\\Program Files\\Zoom\\bin\\Zoom.exe", "CommandLine": "Zoom.exe", "ParentProcessId": "1378", "ParentImage": "C:\\Windows\\explorer.exe", "Hashes": "SHA256=58211b74fb5d4857a105565a07e7f771ebc3fbf1e6634e9ca7a48b37037b6239", "User": "NT AUTHORITY\\SYSTEM"}}}, "timestamp": "2025-10-08T09:29:03.897227Z", "location": "Sysmon"}
{"index": {"_index": "wazuh-alerts-ctf-v3", "_id": "99cd04ec-58ce-478b-a57e-ece1584817e1"}}
{"agent": {"name": "FS01.corp.local", "id": "fs01", "ip": "10.10.5.40"}, "rule": {"level": 3, "description": "Network connection detected.", "id": "34013"}, "data": {"win": {"system": {"eventID": "3", "systemTime": "2025-10-08T18:59:52.200730Z", "providerName": "Microsoft-Windows-Sysmon"}, "eventdata": {"ProcessGuid": "{bbd58590-5568-413d-a204-3f282a1c1019}", "ProcessId": "1308", "Image": "C:\\Windows\\System32\\svchost.exe", "User": "CORP\\Administrator", "Protocol": "tcp", "SourceIp": "10.10.5.40", "SourcePort": "52345", "DestinationIp": "13.107.4.50", "DestinationPort": "443", "Initiated": "true", "DestinationHostname": "update.microsoft.com"}}}, "timestamp": "2025-10-08T18:59:52.200730Z", "location": "Sysmon"}
{"index": {"_index": "wazuh-alerts-ctf-v3", "_id": "616cf281-df07-43f6-8134-aacd66d2eec1"}}
{"agent": {"name": "FS01.corp.local", "id": "fs01", "ip": "10.10.5.40"}, "rule": {"level": 3, "description": "A process was created.", "id": "67027"}, "data": {"win": {"system": {"eventID": "4688", "systemTime": "2025-10-08T18:45:29.365039Z", "providerName": "Microsoft-Windows-Security-Auditing"}, "eventdata": {"subjectUserName": "Administrator", "newProcessName": "C:\\Windows\\System32\\robocopy.exe", "parentProcessName": "C:\\Windows\\System32\\cmd.exe", "commandLine": "robocopy.exe \"D:\\Shares\\Public\" \"D:\\Backups\\Public\" /MIR", "targetLogonId": "0x0", "subjectDomainName": "CORP", "subjectLogonId": "0x42a4"}}}, "timestamp": "2025-10-08T18:45:29.365039Z", "location": "EventChannel"}
{"index": {"_index": "wazuh-alerts-ctf-v3", "_id": "bde7be1b-940e-4cfe-acf4-efc866dcc497"}}
{"agent": {"name": "FS01.corp.local", "id": "fs01", "ip": "10.10.5.40"}, "rule": {"level": 3, "description": "A process was created.", "id": "67027"}, "data": {"win": {"system": {"eventID": "4688", "systemTime": "2025-10-08T19:16:17.774881Z", "providerName": "Microsoft-Windows-Security-Auditing"}, "eventdata": {"subjectUserName": "Administrator", "newProcessName": "C:\\Program Files\\7-Zip\\7zFM.exe", "parentProcessName": "C:\\Windows\\explorer.exe", "commandLine": "7zFM.exe", "targetLogonId": "0x0", "subjectDomainName": "CORP", "subjectLogonId": "0xce0f6"}}}, "timestamp": "2025-10-08T19:16:17.774881Z", "location": "EventChannel"}
{"index": {"_index": "wazuh-alerts-ctf-v3", "_id": "0be90fca-ee69-478a-a4f0-86d164ab8b4f"}}
{"agent": {"name": "VICTIM-HOST-01.corp.local", "id": "vh01", "ip": "10.10.5.23"}, "rule": {"level": 3, "description": "A process was created.", "id": "34012"}, "data": {"win": {"system": {"eventID": "1", "systemTime": "2025-10-08T10:16:54.492325Z", "providerName": "Microsoft-Windows-Sysmon"}, "eventdata": {"ProcessGuid": "{28b0c8c5-1954-4ac9-8462-b53be64744bf}", "ProcessId": "1618", "Image": "C:\\Windows\\System32\\spoolsv.exe", "CommandLine": "spoolsv.exe", "ParentProcessId": "6776", "ParentImage": "C:\\Windows\\System32\\services.exe", "Hashes": "SHA256=b6fb8057c2b04bf1ae0da6ea06cf81ec25f2c383c7d5488b93d0b1ded1dd92e0", "User": "CORP\\svc-backup"}}}, "timestamp": "2025-10-08T10:16:54.492325Z", "location": "Sysmon"}
{"index": {"_index": "wazuh-alerts-ctf-v3", "_id": "noise-0092-9849"}}
{"agent": {"name": "VICTIM-HOST-01.corp.local", "id": "vh01", "ip": "10.10.5.23"}, "rule": {"level": 3, "description": "Network connection detected.", "id": "34013"}, "data": {"win": {"system": {"eventID": "3", "systemTime": "2025-10-08T08:04:41.407923Z", "providerName": "Microsoft-Windows-Sysmon"}, "eventdata": {"ProcessGuid": "{75dcb447-2c1c-4b14-aa2a-483f65125f69}", "ProcessId": "9936", "Image": "C:\\Windows\\System32\\SearchIndexer.exe", "User": "CORP\\svc-backup", "Protocol": "tcp", "SourceIp": "10.10.5.23", "SourcePort": "60735", "DestinationIp": "10.10.5.9", "DestinationPort": "443", "Initiated": "true", "DestinationHostname": "self-service.corp.local"}}}, "timestamp": "2025-10-08T08:04:41.407923Z", "location": "Sysmon"}
{"index": {"_index": "wazuh-alerts-ctf-v3", "_id": "noise-0097-2093"}}
{"agent": {"name": "VICTIM-HOST-01.corp.local", "id": "vh01", "ip": "10.10.5.23"}, "rule": {"level": 3, "description": "Network connection detected.", "id": "34013"}, "data": {"win": {"system": {"eventID": "3", "systemTime": "2025-10-08T12:39:01.270791Z", "providerName": "Microsoft-Windows-Sysmon"}, "eventdata": {"ProcessGuid": "{62c0558d-138a-4ce5-b93e-06c1c97f8353}", "ProcessId": "8593", "Image": "C:\\Windows\\System32\\wuauclt.exe", "User": "NT AUTHORITY\\SYSTEM", "Protocol": "tcp", "SourceIp": "10.10.5.23", "SourcePort": "60414", "DestinationIp": "10.10.5.9", "DestinationPort": "443", "Initiated": "true", "DestinationHostname": "self-service.corp.local"}}}, "timestamp": "2025-10-08T12:39:01.270791Z", "location": "Sysmon"}
{"index": {"_index": "wazuh-alerts-ctf-v3", "_id": "b3a025ff-660c-47f8-b32c-dd102d0e3331"}}
{"agent": {"name": "SCDC01", "id": "005", "ip": "172.16.200.50"}, "rule": {"level": 3, "description": "A logon was successful.", "id": "67027"}, "data": {"win": {"system": {"eventID": "4624", "systemTime": "2025-10-08T19:49:42.410856Z", "providerName": "Microsoft-Windows-Security-Auditing"}, "eventdata": {"subjectUserName": "Administrator", "newProcessName": "C:\\Windows\\System32\\mspaint.exe", "parentProcessName": "C:\\Windows\\explorer.exe", "targetLogonId": "0x0", "subjectDomainName": "INSIGHTNEXUS", "subjectLogonId": "0x7b85d"}}}, "timestamp": "2025-10-08T19:49:42.410856Z", "location": "EventChannel"}
{"index": {"_index": "wazuh-alerts-ctf-v3", "_id": "noise-0185-2797"}}
{"agent": {"name": "FS01.corp.local", "id": "fs01", "ip": "10.10.5.40"}, "rule": {"level": 3, "description": "A process has exited.", "id": "67027"}, "data": {"win": {"system": {"eventID": "4689", "systemTime": "2025-10-08T19:17:42.299034Z", "providerName": "Microsoft-Windows-Security-Auditing"}, "eventdata": {"subjectUserName": "Administrator", "newProcessName": "C:\\Program Files\\Veeam\\Backup\\VeeamAgent.exe", "parentProcessName": "C:\\Windows\\System32\\services.exe", "commandLine": "VeeamAgent.exe /job:NightlyBackup", "targetLogonId": "0x0", "subjectDomainName": "CORP", "subjectLogonId": "0x5c96"}}}, "timestamp": "2025-10-08T19:17:42.299034Z", "location": "EventChannel"}
{"index": {"_index": "wazuh-alerts-ctf-v3", "_id": "noise-0025-5603"}}
{"agent": {"name": "VICTIM-HOST-01.corp.local", "id": "vh01", "ip": "10.10.5.23"}, "rule": {"level": 3, "description": "A process was created.", "id": "34012"}, "data": {"win": {"system": {"eventID": "1", "systemTime": "2025-10-08T12:13:10.864333Z", "providerName": "Microsoft-Windows-Sysmon"}, "eventdata": {"ProcessGuid": "{d3a93136-ec9c-4ecb-9a75-28c707746196}", "ProcessId": "8738", "Image": "C:\\Windows\\System32\\taskhostw.exe", "CommandLine": "taskhostw.exe", "ParentProcessId": "5402", "ParentImage": "C:\\Windows\\System32\\svchost.exe", "Hashes": "SHA256=5bc89b6662884d7a9d97a62e850a9d6e95b847806808443aa10246feee6d310e", "User": "CORP\\jsmith"}}}, "timestamp": "2025-10-08T12:13:10.864333Z", "location": "Sysmon"}
{"index": {"_index": "wazuh-alerts-ctf-v3", "_id": "noise-0034-9637"}}
{"agent": {"name": "VICTIM-HOST-01.corp.local", "id": "vh01", "ip": "10.10.5.23"}, "rule": {"level": 3, "description": "A process was created.", "id": "34012"}, "data": {"win": {"system": {"eventID": "1", "systemTime": "2025-10-08T11:34:55.323032Z", "providerName": "Microsoft-Windows-Sysmon"}, "eventdata": {"ProcessGuid": "{a0da6ac6-b612-484c-8820-60f39be7e5b4}", "ProcessId": "7492", "Image": "C:\\Windows\\System32\\notepad.exe", "CommandLine": "notepad.exe", "ParentProcessId": "9849", "ParentImage": "C:\\Windows\\explorer.exe", "Hashes": "SHA256=746c37b39a1d4edfa5c6a05fc05cbeaf0a37cfb899f94617b7f42003c9ff463d", "User": "NT AUTHORITY\\SYSTEM"}}}, "timestamp": "2025-10-08T11:34:55.323032Z", "location": "Sysmon"}
{"index": {"_index": "wazuh-alerts-ctf-v3", "_id": "noise-0001-9737"}}
{"agent": {"name": "VICTIM-HOST-01.corp.local", "id": "vh01", "ip": "10.10.5.23"}, "rule": {"level": 3, "description": "Network connection detected.", "id": "34013"}, "data": {"win": {"system": {"eventID": "3", "systemTime": "2025-10-08T10:12:31.456Z", "providerName": "Microsoft-Windows-Sysmon"}, "eventdata": {"ProcessGuid": "{e9b2a6d2-9f0c-4b3d-91a4-1f2d3e5a6b7c}", "ProcessId": "5420", "Image": "C:\\Windows\\System32\\WindowsPowerShell\\v1.0\\powershell.exe", "User": "CORP\\svc-update", "Protocol": "tcp", "SourceIp": "10.10.5.23", "SourcePort": "51322", "DestinationIp": "198.51.100.24", "DestinationPort": "443", "Initiated": "true"}}}, "timestamp": "2025-10-08T10:12:31.456Z", "location": "Sysmon"}
{"index": {"_index": "wazuh-alerts-ctf-v3", "_id": "b6e35d20-ba98-4fe3-98ee-7facadb219d5"}}
{"agent": {"name": "VICTIM-HOST-01.corp.local", "id": "vh01", "ip": "10.10.5.23"}, "rule": {"level": 3, "description": "Network connection detected.", "id": "34013"}, "data": {"win": {"system": {"eventID": "3", "systemTime": "2025-10-08T09:59:41.984653Z", "providerName": "Microsoft-Windows-Sysmon"}, "eventdata": {"ProcessGuid": "{43a1b30c-e742-4e77-8380-443b88d44ace}", "ProcessId": "9086", "Image": "C:\\Windows\\System32\\RuntimeBroker.exe", "User": "CORP\\mreyes", "Protocol": "tcp", "SourceIp": "10.10.5.23", "SourcePort": "62338", "DestinationIp": "52.96.166.2", "DestinationPort": "443", "Initiated": "true", "DestinationHostname": "outlook.office365.com"}}}, "timestamp": "2025-10-08T09:59:41.984653Z", "location": "Sysmon"}
{"index": {"_index": "wazuh-alerts-ctf-v3", "_id": "acb45113-ad6b-4697-8029-5032065174aa"}}
{"agent": {"name": "SCDC01", "id": "005", "ip": "172.16.200.50"}, "rule": {"level": 3, "description": "A process has exited.", "id": "67027"}, "data": {"win": {"system": {"eventID": "4689", "systemTime": "2025-10-08T17:40:03.252973Z", "providerName": "Microsoft-Windows-Security-Auditing"}, "eventdata": {"subjectUserName": "Administrator", "newProcessName": "C:\\Windows\\System32\\cmd.exe", "parentProcessName": "C:\\Windows\\explorer.exe", "targetLogonId": "0x0", "subjectDomainName": "INSIGHTNEXUS", "subjectLogonId": "0x71499"}}}, "timestamp": "2025-10-08T17:40:03.252973Z", "location": "EventChannel"}
{"index": {"_index": "wazuh-alerts-ctf-v3", "_id": "noise-0087-5942"}}
{"agent": {"name": "VICTIM-HOST-01.corp.local", "id": "vh01", "ip": "10.10.5.23"}, "rule": {"level": 3, "description": "Network connection detected.", "id": "34013"}, "data": {"win": {"system": {"eventID": "3", "systemTime": "2025-10-08T08:22:33.300198Z", "providerName": "Microsoft-Windows-Sysmon"}, "eventdata": {"ProcessGuid": "{337d7d56-1f79-4640-84b2-43fccd636985}", "ProcessId": "4357", "Image": "C:\\Program Files\\WindowsApps\\SlackTechnologies.Slack\\slack.exe", "User": "NT AUTHORITY\\SYSTEM", "Protocol": "tcp", "SourceIp": "10.10.5.23", "SourcePort": "54649", "DestinationIp": "3.233.20.11", "DestinationPort": "443", "Initiated": "true", "DestinationHostname": "slack.com"}}}, "timestamp": "2025-10-08T08:22:33.300198Z", "location": "Sysmon"}
{"index": {"_index": "wazuh-alerts-ctf-v3", "_id": "f9b1eb54-bd7d-4ef8-84fe-74f40890b353"}}
{"agent": {"name": "VICTIM-HOST-01.corp.local", "id": "vh01", "ip": "10.10.5.23"}, "rule": {"level": 3, "description": "Network connection detected.", "id": "34013"}, "data": {"win": {"system": {"eventID": "3", "systemTime": "2025-10-08T09:33:16.671771Z", "providerName": "Microsoft-Windows-Sysmon"}, "eventdata": {"ProcessGuid": "{f1fc58a1-8f44-4a57-9ba7-21ca27b884b8}", "ProcessId": "8827", "Image": "C:\\Windows\\System32\\conhost.exe", "User": "CORP\\svc-backup", "Protocol": "tcp", "SourceIp": "10.10.5.23", "SourcePort": "50897", "DestinationIp": "3.233.20.11", "DestinationPort": "443", "Initiated": "true", "DestinationHostname": "slack.com"}}}, "timestamp": "2025-10-08T09:33:16.671771Z", "location": "Sysmon"}
{"index": {"_index": "wazuh-alerts-ctf-v3", "_id": "noise-0039-3804"}}
{"agent": {"name": "VICTIM-HOST-01.corp.local", "id": "vh01", "ip": "10.10.5.23"}, "rule": {"level": 3, "description": "A process was created.", "id": "34012"}, "data": {"win": {"system": {"eventID": "1", "systemTime": "2025-10-08T10:05:56.701735Z", "providerName": "Microsoft-Windows-Sysmon"}, "eventdata": {"ProcessGuid": "{cd0f8fef-af9e-4fd3-baf1-0ae9ba9674bb}", "ProcessId": "3067", "Image": "C:\\Windows\\System32\\wuauclt.exe", "CommandLine": "wuauclt.exe", "ParentProcessId": "4723", "ParentImage": "C:\\Windows\\System32\\svchost.exe", "Hashes": "SHA256=ca6c7b6f3c6a4386af1e1577e248d2c59523895032c9407da99b4f7db0d30703", "User": "CORP\\svc-backup"}}}, "timestamp": "2025-10-08T10:05:56.701735Z", "location": "Sysmon"}
{"index": {"_index": "wazuh-alerts-ctf-v3", "_id": "1f838d65-05c7-4644-b58a-4503352478bc"}}
{"agent": {"name": "VICTIM-HOST-01.corp.local", "id": "vh01", "ip": "10.10.5.23"}, "rule": {"level": 3, "description": "A process was created.", "id": "34012"}, "data": {"win": {"system": {"eventID": "1", "systemTime": "2025-10-08T10:45:13.988961Z", "providerName": "Microsoft-Windows-Sysmon"}, "eventdata": {"ProcessGuid": "{827be3f5-98e2-4f73-b8d0-b115f3a0a976}", "ProcessId": "9688", "Image": "C:\\Windows\\System32\\notepad.exe", "CommandLine": "notepad.exe", "ParentProcessId": "1930", "ParentImage": "C:\\Windows\\explorer.exe", "Hashes": "SHA256=e8bc50786b48414f959b48aa9828759367962a75a7e945a786bc4012eff22975", "User": "CORP\\svc-backup"}}}, "timestamp": "2025-10-08T10:45:13.988961Z", "location": "Sysmon"}
{"index": {"_index": "wazuh-alerts-ctf-v3", "_id": "noise-0196-8009"}}
{"agent": {"name": "FS01.corp.local", "id": "fs01", "ip": "10.10.5.40"}, "rule": {"level": 3, "description": "A process was created.", "id": "67027"}, "data": {"win": {"system": {"eventID": "4688", "systemTime": "2025-10-08T19:11:40.930599Z", "providerName": "Microsoft-Windows-Security-Auditing"}, "eventdata": {"subjectUserName": "Administrator", "newProcessName": "C:\\Program Files\\7-Zip\\7zFM.exe", "parentProcessName": "C:\\Windows\\explorer.exe", "commandLine": "7zFM.exe", "targetLogonId": "0x0", "subjectDomainName": "CORP", "subjectLogonId": "0x4c19f"}}}, "timestamp": "2025-10-08T19:11:40.930599Z", "location": "EventChannel"}
{"index": {"_index": "wazuh-alerts-ctf-v3", "_id": "noise-0085-7374"}}
{"agent": {"name": "VICTIM-HOST-01.corp.local", "id": "vh01", "ip": "10.10.5.23"}, "rule": {"level": 3, "description": "Network connection detected.", "id": "34013"}, "data": {"win": {"system": {"eventID": "3", "systemTime": "2025-10-08T11:48:39.661291Z", "providerName": "Microsoft-Windows-Sysmon"}, "eventdata": {"ProcessGuid": "{fbc386a2-584e-4609-9fba-df2ba83a3acd}", "ProcessId": "5928", "Image": "C:\\Program Files\\Microsoft Office\\root\\Office16\\OUTLOOK.EXE", "User": "CORP\\jsmith", "Protocol": "tcp", "SourceIp": "10.10.5.23", "SourcePort": "59592", "DestinationIp": "10.10.5.20", "DestinationPort": "9100", "Initiated": "true"}}}, "timestamp": "2025-10-08T11:48:39.661291Z", "location": "Sysmon"}
{"index": {"_index": "wazuh-alerts-ctf-v3", "_id": "noise-0112-3494"}}
{"agent": {"name": "SCDC01", "id": "005", "ip": "172.16.200.50"}, "rule": {"level": 3, "description": "A logon was successful.", "id": "67027"}, "data": {"win": {"system": {"eventID": "4624", "systemTime": "2025-10-08T17:27:47.577719Z", "providerName": "Microsoft-Windows-Security-Auditing"}, "eventdata": {"subjectUserName": "Administrator", "newProcessName": "C:\\Windows\\System32\\SnippingTool.exe", "parentProcessName": "C:\\Windows\\explorer.exe", "targetLogonId": "0x0", "subjectDomainName": "INSIGHTNEXUS", "subjectLogonId": "0xddfc"}}}, "timestamp": "2025-10-08T17:27:47.577719Z", "location": "EventChannel"}
{"index": {"_index": "wazuh-alerts-ctf-v3", "_id": "noise-0218-2256"}}
{"agent": {"name": "FS01.corp.local", "id": "fs01", "ip": "10.10.5.40"}, "rule": {"level": 3, "description": "Network connection detected.", "id": "34013"}, "data": {"win": {"system": {"eventID": "3", "systemTime": "2025-10-08T18:22:48.349332Z", "providerName": "Microsoft-Windows-Sysmon"}, "eventdata": {"ProcessGuid": "{61929de3-71d5-43f9-8863-1f9df6baae6d}", "ProcessId": "9689", "Image": "C:\\Windows\\System32\\svchost.exe", "User": "CORP\\Administrator", "Protocol": "tcp", "SourceIp": "10.10.5.40", "SourcePort": "51595", "DestinationIp": "13.107.4.50", "DestinationPort": "443", "Initiated": "true", "DestinationHostname": "update.microsoft.com"}}}, "timestamp": "2025-10-08T18:22:48.349332Z", "location": "Sysmon"}
{"index": {"_index": "wazuh-alerts-ctf-v3", "_id": "noise-0165-3483"}}
{"agent": {"name": "FS01.corp.local", "id": "fs01", "ip": "10.10.5.40"}, "rule": {"level": 3, "description": "A process has exited.", "id": "67027"}, "data": {"win": {"system": {"eventID": "4689", "systemTime": "2025-10-08T19:08:46.338510Z", "providerName": "Microsoft-Windows-Security-Auditing"}, "eventdata": {"subjectUserName": "Administrator", "newProcessName": "C:\\Windows\\System32\\robocopy.exe", "parentProcessName": "C:\\Windows\\System32\\cmd.exe", "commandLine": "robocopy.exe \"D:\\Shares\\Public\" \"D:\\Backups\\Public\" /MIR", "targetLogonId": "0x0", "subjectDomainName": "CORP", "subjectLogonId": "0x282ea"}}}, "timestamp": "2025-10-08T19:08:46.338510Z", "location": "EventChannel"}
{"index": {"_index": "wazuh-alerts-ctf-v3", "_id": "noise-0227-6359"}}
{"agent": {"name": "FS01.corp.local", "id": "fs01", "ip": "10.10.5.40"}, "rule": {"level": 3, "description": "Network connection detected.", "id": "34013"}, "data": {"win": {"system": {"eventID": "3", "systemTime": "2025-10-08T19:56:04.144383Z", "providerName": "Microsoft-Windows-Sysmon"}, "eventdata": {"ProcessGuid": "{86b44283-9344-495e-a443-813d7e2aaa9c}", "ProcessId": "6166", "Image": "C:\\Windows\\System32\\svchost.exe", "User": "CORP\\Administrator", "Protocol": "tcp", "SourceIp": "10.10.5.40", "SourcePort": "59248", "DestinationIp": "10.10.5.1", "DestinationPort": "389", "Initiated": "true"}}}, "timestamp": "2025-10-08T19:56:04.144383Z", "location": "Sysmon"}
{"index": {"_index": "wazuh-alerts-ctf-v3", "_id": "noise-0109-2778"}}
{"agent": {"name": "VICTIM-HOST-01.corp.local", "id": "vh01", "ip": "10.10.5.23"}, "rule": {"level": 3, "description": "Network connection detected.", "id": "34013"}, "data": {"win": {"system": {"eventID": "3", "systemTime": "2025-10-08T12:35:38.519474Z", "providerName": "Microsoft-Windows-Sysmon"}, "eventdata": {"ProcessGuid": "{0f8bf2c6-2082-47cb-a4df-04526e25bdd1}", "ProcessId": "4167", "Image": "C:\\Program Files\\7-Zip\\7zFM.exe", "User": "CORP\\svc-backup", "Protocol": "tcp", "SourceIp": "10.10.5.23", "SourcePort": "52096", "DestinationIp": "10.10.5.2", "DestinationPort": "53", "Initiated": "true"}}}, "timestamp": "2025-10-08T12:35:38.519474Z", "location": "Sysmon"}
{"index": {"_index": "wazuh-alerts-ctf-v3", "_id": "noise-0195-3712"}}
{"agent": {"name": "FS01.corp.local", "id": "fs01", "ip": "10.10.5.40"}, "rule": {"level": 3, "description": "A process has exited.", "id": "67027"}, "data": {"win": {"system": {"eventID": "4689", "systemTime": "2025-10-08T18:12:43.622112Z", "providerName": "Microsoft-Windows-Security-Auditing"}, "eventdata": {"subjectUserName": "Administrator", "newProcessName": "C:\\Program Files\\7-Zip\\7zFM.exe", "parentProcessName": "C:\\Windows\\explorer.exe", "commandLine": "7zFM.exe", "targetLogonId": "0x0", "subjectDomainName": "CORP", "subjectLogonId": "0x8a189"}}}, "timestamp": "2025-10-08T18:12:43.622112Z", "location": "EventChannel"}
{"index": {"_index": "wazuh-alerts-ctf-v3", "_id": "noise-0188-8853"}}
{"agent": {"name": "FS01.corp.local", "id": "fs01", "ip": "10.10.5.40"}, "rule": {"level": 3, "description": "A process was created.", "id": "67027"}, "data": {"win": {"system": {"eventID": "4688", "systemTime": "2025-10-08T19:15:20.665446Z", "providerName": "Microsoft-Windows-Security-Auditing"}, "eventdata": {"subjectUserName": "Administrator", "newProcessName": "C:\\Windows\\System32\\calc.exe", "parentProcessName": "C:\\Windows\\explorer.exe", "commandLine": "calc.exe", "targetLogonId": "0x0", "subjectDomainName": "CORP", "subjectLogonId": "0xf8b8f"}}}, "timestamp": "2025-10-08T19:15:20.665446Z", "location": "EventChannel"}
{"index": {"_index": "wazuh-alerts-ctf-v3", "_id": "noise-0059-5289"}}
{"agent": {"name": "VICTIM-HOST-01.corp.local", "id": "vh01", "ip": "10.10.5.23"}, "rule": {"level": 3, "description": "A process was created.", "id": "34012"}, "data": {"win": {"system": {"eventID": "1", "systemTime": "2025-10-08T12:12:12.699845Z", "providerName": "Microsoft-Windows-Sysmon"}, "eventdata": {"ProcessGuid": "{13f62d1d-4029-4b06-b5fc-edfb20a36bd1}", "ProcessId": "1587", "Image": "C:\\Windows\\System32\\SearchIndexer.exe", "CommandLine": "SearchIndexer.exe", "ParentProcessId": "2907", "ParentImage": "C:\\Windows\\System32\\services.exe", "Hashes": "SHA256=d22fb269913843c3bfb92daf77b8435c2ff8ab9c9fab4e3e84e90f27db848ffb", "User": "CORP\\svc-backup"}}}, "timestamp": "2025-10-08T12:12:12.699845Z", "location": "Sysmon"}
{"index": {"_index": "wazuh-alerts-ctf-v3", "_id": "noise-0082-3574"}}
{"agent": {"name": "VICTIM-HOST-01.corp.local", "id": "vh01", "ip": "10.10.5.23"}, "rule": {"level": 3, "description": "Network connection detected.", "id": "34013"}, "data": {"win": {"system": {"eventID": "3", "systemTime": "2025-10-08T09:36:24.042165Z", "providerName": "Microsoft-Windows-Sysmon"}, "eventdata": {"ProcessGuid": "{4ef493f9-f7bb-4c63-96ec-7a84d553c695}", "ProcessId": "2213", "Image": "C:\\Windows\\System32\\WindowsPowerShell\\v1.0\\powershell.exe", "User": "CORP\\svc-backup", "Protocol": "tcp", "SourceIp": "10.10.5.23", "SourcePort": "57430", "DestinationIp": "142.250.80.100", "DestinationPort": "443", "Initiated": "true", "DestinationHostname": "www.google.com"}}}, "timestamp": "2025-10-08T09:36:24.042165Z", "location": "Sysmon"}
{"index": {"_index": "wazuh-alerts-ctf-v3", "_id": "noise-0014-6876"}}
{"agent": {"name": "VICTIM-HOST-01.corp.local", "id": "vh01", "ip": "10.10.5.23"}, "rule": {"level": 3, "description": "A process was created.", "id": "34012"}, "data": {"win": {"system": {"eventID": "1", "systemTime": "2025-10-08T08:34:38.201452Z", "providerName": "Microsoft-Windows-Sysmon"}, "eventdata": {"ProcessGuid": "{82a5f1f0-de1a-4135-a4e9-822b7e070556}", "ProcessId": "8167", "Image": "C:\\Program Files\\Microsoft Office\\root\\Office16\\OUTLOOK.EXE", "CommandLine": "OUTLOOK.EXE", "ParentProcessId": "6028", "ParentImage": "C:\\Windows\\explorer.exe", "Hashes": "SHA256=28731d1a0bc74daf88ab2c6bb4691ea227db500c894f4be2b5793873a50fdcd0", "User": "CORP\\mreyes"}}}, "timestamp": "2025-10-08T08:34:38.201452Z", "location": "Sysmon"}
{"index": {"_index": "wazuh-alerts-ctf-v3", "_id": "noise-0063-8081"}}
{"agent": {"name": "VICTIM-HOST-01.corp.local", "id": "vh01", "ip": "10.10.5.23"}, "rule": {"level": 3, "description": "A process was created.", "id": "34012"}, "data": {"win": {"system": {"eventID": "1", "systemTime": "2025-10-08T10:35:22.533847Z", "providerName": "Microsoft-Windows-Sysmon"}, "eventdata": {"ProcessGuid": "{c437726e-7489-4104-97a6-912e661699cc}", "ProcessId": "2896", "Image": "C:\\Windows\\System32\\conhost.exe", "CommandLine": "conhost.exe", "ParentProcessId": "4730", "ParentImage": "C:\\Windows\\System32\\cmd.exe", "Hashes": "SHA256=373ea6a8cb3942459ab2f34798ce1bf516684405b8b24cc7998065cc721fabf8", "User": "NT AUTHORITY\\SYSTEM"}}}, "timestamp": "2025-10-08T10:35:22.533847Z", "location": "Sysmon"}
{"index": {"_index": "wazuh-alerts-ctf-v3", "_id": "noise-0182-5930"}}
{"agent": {"name": "FS01.corp.local", "id": "fs01", "ip": "10.10.5.40"}, "rule": {"level": 3, "description": "A process has exited.", "id": "67027"}, "data": {"win": {"system": {"eventID": "4689", "systemTime": "2025-10-08T18:35:03.218490Z", "providerName": "Microsoft-Windows-Security-Auditing"}, "eventdata": {"subjectUserName": "Administrator", "newProcessName": "C:\\Windows\\System32\\spoolsv.exe", "parentProcessName": "C:\\Windows\\System32\\services.exe", "commandLine": "spoolsv.exe", "targetLogonId": "0x0", "subjectDomainName": "CORP", "subjectLogonId": "0xd04fa"}}}, "timestamp": "2025-10-08T18:35:03.218490Z", "location": "EventChannel"}
{"index": {"_index": "wazuh-alerts-ctf-v3", "_id": "noise-0023-2014"}}
{"agent": {"name": "VICTIM-HOST-01.corp.local", "id": "vh01", "ip": "10.10.5.23"}, "rule": {"level": 3, "description": "A process was created.", "id": "34012"}, "data": {"win": {"system": {"eventID": "1", "systemTime": "2025-10-08T12:37:21.957946Z", "providerName": "Microsoft-Windows-Sysmon"}, "eventdata": {"ProcessGuid": "{3c3b567a-3f3d-4950-9f18-d95ca24c150b}", "ProcessId": "4540", "Image": "C:\\Windows\\System32\\taskhostw.exe", "CommandLine": "taskhostw.exe", "ParentProcessId": "2695", "ParentImage": "C:\\Windows\\System32\\svchost.exe", "Hashes": "SHA256=21038ae2433e4de281019192120a95b907b981d0c5624320bff73cb9caf886d3", "User": "CORP\\jsmith"}}}, "timestamp": "2025-10-08T12:37:21.957946Z", "location": "Sysmon"}
{"index": {"_index": "wazuh-alerts-ctf-v3", "_id": "noise-0171-6895"}}
{"agent": {"name": "FS01.corp.local", "id": "fs01", "ip": "10.10.5.40"}, "rule": {"level": 3, "description": "A process was created.", "id": "67027"}, "data": {"win": {"system": {"eventID": "4688", "systemTime": "2025-10-08T19:20:00.644103Z", "providerName": "Microsoft-Windows-Security-Auditing"}, "eventdata": {"subjectUserName": "Administrator", "newProcessName": "C:\\Windows\\System32\\WindowsPowerShell\\v1.0\\powershell.exe", "parentProcessName": "C:\\Windows\\explorer.exe", "commandLine": "powershell.exe Get-ChildItem D:\\Shares", "targetLogonId": "0x0", "subjectDomainName": "CORP", "subjectLogonId": "0xc5b65"}}}, "timestamp": "2025-10-08T19:20:00.644103Z", "location": "EventChannel"}
{"index": {"_index": "wazuh-alerts-ctf-v3", "_id": "b1d8c6a1-a1c8-439f-a9fd-ec77ab76f450"}}
{"agent": {"name": "VICTIM-HOST-01.corp.local", "id": "vh01", "ip": "10.10.5.23"}, "rule": {"level": 3, "description": "A process was created.", "id": "34012"}, "data": {"win": {"system": {"eventID": "1", "systemTime": "2025-10-08T08:03:15.825644Z", "providerName": "Microsoft-Windows-Sysmon"}, "eventdata": {"ProcessGuid": "{6dbebbce-a8ca-4900-8256-1f61cc953e06}", "ProcessId": "6762", "Image": "C:\\Program Files (x86)\\Adobe\\Acrobat Reader DC\\Reader\\AcroRd32.exe", "CommandLine": "AcroRd32.exe", "ParentProcessId": "3025", "ParentImage": "C:\\Windows\\explorer.exe", "Hashes": "SHA256=d4143fd3905d40baaafe03ff8b98275bea1d03fe4d074bec9bbaf45474904157", "User": "CORP\\mreyes"}}}, "timestamp": "2025-10-08T08:03:15.825644Z", "location": "Sysmon"}
{"index": {"_index": "wazuh-alerts-ctf-v3", "_id": "noise-0032-5625"}}
{"agent": {"name": "VICTIM-HOST-01.corp.local", "id": "vh01", "ip": "10.10.5.23"}, "rule": {"level": 3, "description": "A process was created.", "id": "34012"}, "data": {"win": {"system": {"eventID": "1", "systemTime": "2025-10-08T08:49:00.817071Z", "providerName": "Microsoft-Windows-Sysmon"}, "eventdata": {"ProcessGuid": "{ea645eae-bd94-4136-aee0-5d949146319f}", "ProcessId": "4807", "Image": "C:\\Windows\\System32\\taskhostw.exe", "CommandLine": "taskhostw.exe", "ParentProcessId": "9285", "ParentImage": "C:\\Windows\\System32\\svchost.exe", "Hashes": "SHA256=3913a5ca3e05417db470e2f6b151c2fe38bcca409a4b43f5a623df90b1637332", "User": "CORP\\mreyes"}}}, "timestamp": "2025-10-08T08:49:00.817071Z", "location": "Sysmon"}
{"index": {"_index": "wazuh-alerts-ctf-v3", "_id": "d8a39a5d-0960-4eba-8d6f-ec447fb3cfb2"}}
{"agent": {"name": "FS01.corp.local", "id": "fs01", "ip": "10.10.5.40"}, "rule": {"level": 3, "description": "A process has exited.", "id": "67027"}, "data": {"win": {"system": {"eventID": "4689", "systemTime": "2025-10-08T19:22:49.272236Z", "providerName": "Microsoft-Windows-Security-Auditing"}, "eventdata": {"subjectUserName": "Administrator", "newProcessName": "C:\\Windows\\System32\\calc.exe", "parentProcessName": "C:\\Windows\\explorer.exe", "commandLine": "calc.exe", "targetLogonId": "0x0", "subjectDomainName": "CORP", "subjectLogonId": "0xee824"}}}, "timestamp": "2025-10-08T19:22:49.272236Z", "location": "EventChannel"}
{"index": {"_index": "wazuh-alerts-ctf-v3", "_id": "4bda80f0-9621-4832-903c-6db9174c9596"}}
{"agent": {"name": "FS01.corp.local", "id": "fs01", "ip": "10.10.5.40"}, "rule": {"level": 3, "description": "A process has exited.", "id": "67027"}, "data": {"win": {"system": {"eventID": "4689", "systemTime": "2025-10-08T19:47:38.091308Z", "providerName": "Microsoft-Windows-Security-Auditing"}, "eventdata": {"subjectUserName": "Administrator", "newProcessName": "C:\\Windows\\System32\\cmd.exe", "parentProcessName": "C:\\Windows\\explorer.exe", "commandLine": "cmd.exe", "targetLogonId": "0x0", "subjectDomainName": "CORP", "subjectLogonId": "0x9191e"}}}, "timestamp": "2025-10-08T19:47:38.091308Z", "location": "EventChannel"}
{"index": {"_index": "wazuh-alerts-ctf-v3", "_id": "183c3d74-8fa6-4d46-8b24-18aea122e095"}}
{"agent": {"name": "VICTIM-HOST-01.corp.local", "id": "vh01", "ip": "10.10.5.23"}, "rule": {"level": 3, "description": "A process was created.", "id": "34012"}, "data": {"win": {"system": {"eventID": "1", "systemTime": "2025-10-08T10:18:20.918070Z", "providerName": "Microsoft-Windows-Sysmon"}, "eventdata": {"ProcessGuid": "{ea5fdeb0-e267-458d-9d96-f08c301a9a81}", "ProcessId": "5765", "Image": "C:\\Program Files\\Microsoft OneDrive\\OneDrive.exe", "CommandLine": "OneDrive.exe", "ParentProcessId": "1709", "ParentImage": "C:\\Windows\\explorer.exe", "Hashes": "SHA256=d8d1eff8888e41ae9ca34a3208dffa24d36c39ff7819445e87c3160e077a7c7e", "User": "CORP\\mreyes"}}}, "timestamp": "2025-10-08T10:18:20.918070Z", "location": "Sysmon"}
{"index": {"_index": "wazuh-alerts-ctf-v3", "_id": "0c89cbce-04aa-4093-ba20-053d1157e01a"}}
{"agent": {"name": "VICTIM-HOST-01.corp.local", "id": "vh01", "ip": "10.10.5.23"}, "rule": {"level": 3, "description": "Network connection detected.", "id": "34013"}, "data": {"win": {"system": {"eventID": "3", "systemTime": "2025-10-08T08:18:32.093762Z", "providerName": "Microsoft-Windows-Sysmon"}, "eventdata": {"ProcessGuid": "{3a93c13b-c8de-47be-baf3-bff196a2203f}", "ProcessId": "5993", "Image": "C:\\Windows\\System32\\notepad.exe", "User": "CORP\\mreyes", "Protocol": "tcp", "SourceIp": "10.10.5.23", "SourcePort": "56373", "DestinationIp": "140.82.121.3", "DestinationPort": "443", "Initiated": "true", "DestinationHostname": "github.com"}}}, "timestamp": "2025-10-08T08:18:32.093762Z", "location": "Sysmon"}
{"index": {"_index": "wazuh-alerts-ctf-v3", "_id": "noise-0156-7623"}}
{"agent": {"name": "SCDC01", "id": "005", "ip": "172.16.200.50"}, "rule": {"level": 3, "description": "A logon was successful.", "id": "67027"}, "data": {"win": {"system": {"eventID": "4624", "systemTime": "2025-10-08T18:51:20.302565Z", "providerName": "Microsoft-Windows-Security-Auditing"}, "eventdata": {"subjectUserName": "Administrator", "newProcessName": "C:\\Windows\\System32\\WerFault.exe", "parentProcessName": "C:\\Windows\\explorer.exe", "targetLogonId": "0x0", "subjectDomainName": "INSIGHTNEXUS", "subjectLogonId": "0x8b171"}}}, "timestamp": "2025-10-08T18:51:20.302565Z", "location": "EventChannel"}
{"index": {"_index": "wazuh-alerts-ctf-v3", "_id": "763627be-72e9-472e-b4d5-ddfcbfcd4048"}}
{"agent": {"name": "FS01.corp.local", "id": "fs01", "ip": "10.10.5.40"}, "rule": {"level": 3, "description": "A process has exited.", "id": "67027"}, "data": {"win": {"system": {"eventID": "4689", "systemTime": "2025-10-08T19:50:22.080014Z", "providerName": "Microsoft-Windows-Security-Auditing"}, "eventdata": {"subjectUserName": "Administrator", "newProcessName": "C:\\Windows\\System32\\robocopy.exe", "parentProcessName": "C:\\Windows\\System32\\cmd.exe", "commandLine": "robocopy.exe \"D:\\Shares\\Public\" \"D:\\Backups\\Public\" /MIR", "targetLogonId": "0x0", "subjectDomainName": "CORP", "subjectLogonId": "0xc7b00"}}}, "timestamp": "2025-10-08T19:50:22.080014Z", "location": "EventChannel"}
{"index": {"_index": "wazuh-alerts-ctf-v3", "_id": "cc26db82-4005-46c8-b95e-f07c37070c7f"}}
{"agent": {"name": "VICTIM-HOST-01.corp.local", "id": "vh01", "ip": "10.10.5.23"}, "rule": {"level": 3, "description": "A process was created.", "id": "34012"}, "data": {"win": {"system": {"eventID": "1", "systemTime": "2025-10-08T10:20:23.023001Z", "providerName": "Microsoft-Windows-Sysmon"}, "eventdata": {"ProcessGuid": "{3335954c-496d-4138-87a2-11bdf696ca2e}", "ProcessId": "5505", "Image": "C:\\Program Files (x86)\\Microsoft\\Edge\\Application\\msedge.exe", "CommandLine": "msedge.exe", "ParentProcessId": "2038", "ParentImage": "C:\\Windows\\explorer.exe", "Hashes": "SHA256=c09eb975ed144ef98b053fd15fe88d9c534720f8139040f9b95ab877b4aa3f1f", "User": "CORP\\mreyes"}}}, "timestamp": "2025-10-08T10:20:23.023001Z", "location": "Sysmon"}
{"index": {"_index": "wazuh-alerts-ctf-v3", "_id": "c81c7be4-7015-4fc3-be5b-7f63df89cac8"}}
{"agent": {"name": "VICTIM-HOST-01.corp.local", "id": "vh01", "ip": "10.10.5.23"}, "rule": {"level": 3, "description": "A scheduled task was created.", "id": "18107"}, "data": {"win": {"system": {"eventID": "4698", "systemTime": "2025-10-08T14:48:39Z", "providerName": "Microsoft-Windows-Security-Auditing"}, "eventdata": {"subjectUserName": "CORP\\jsmith", "subjectDomainName": "CORP", "taskName": "\\OneDrive Standalone Update Task-S-1-5-21", "targetLogonId": "0x0", "subjectLogonId": "0xd37ef"}}}, "timestamp": "2025-10-08T14:48:39Z", "location": "EventChannel"}
{"index": {"_index": "wazuh-alerts-ctf-v3", "_id": "noise-0229-6376"}}
{"agent": {"name": "FS01.corp.local", "id": "fs01", "ip": "10.10.5.40"}, "rule": {"level": 3, "description": "Network connection detected.", "id": "34013"}, "data": {"win": {"system": {"eventID": "3", "systemTime": "2025-10-08T19:41:57.777028Z", "providerName": "Microsoft-Windows-Sysmon"}, "eventdata": {"ProcessGuid": "{f1fd65d8-d25f-47ae-83a9-1edcb3f70963}", "ProcessId": "5000", "Image": "C:\\Windows\\System32\\svchost.exe", "User": "CORP\\Administrator", "Protocol": "tcp", "SourceIp": "10.10.5.40", "SourcePort": "56860", "DestinationIp": "172.16.200.50", "DestinationPort": "445", "Initiated": "true"}}}, "timestamp": "2025-10-08T19:41:57.777028Z", "location": "Sysmon"}
{"index": {"_index": "wazuh-alerts-ctf-v3", "_id": "38ad1f2d-6b97-4fd5-b342-a200c588392d"}}
{"agent": {"name": "VICTIM-HOST-01.corp.local", "id": "vh01", "ip": "10.10.5.23"}, "rule": {"level": 3, "description": "A process was created.", "id": "34012"}, "data": {"win": {"system": {"eventID": "1", "systemTime": "2025-10-08T12:31:34.788718Z", "providerName": "Microsoft-Windows-Sysmon"}, "eventdata": {"ProcessGuid": "{87221673-2aa2-4888-abfb-f149ac4c3a6b}", "ProcessId": "6777", "Image": "C:\\Program Files\\Google\\Chrome\\Application\\chrome.exe", "CommandLine": "chrome.exe", "ParentProcessId": "5215", "ParentImage": "C:\\Windows\\explorer.exe", "Hashes": "SHA256=939daf40159142c19399890e66a86bdfd23782d69868441485e553f57aff853c", "User": "CORP\\mreyes"}}}, "timestamp": "2025-10-08T12:31:34.788718Z", "location": "Sysmon"}
